15:18:31.567 [main                     ] DEBUG Logger               - Configured Logger
15:18:31.582 [main                     ] DEBUG GameApplication      - Logging settings
Title: demo
Version: 0.0
Width: 1080
Height: 720
Fullscreen: false
Intro: false
Profiling: false
Single step:false
App Mode: DEVELOPER
Menu Key: ESCAPE
Stage Style: DECORATED
Scene Factory: class com.almasb.fxgl.app.scene.SceneFactory

15:18:32.665 [JavaFX Application Thread] DEBUG FXGLApplication      - Initializing FXGL
15:18:32.670 [JavaFX Application Thread] INFO  Engine               - FXGL-11.17 (16.07.2021 15.46) on WINDOWS (J:16.0.2 FX:16)
15:18:32.671 [JavaFX Application Thread] DEBUG Engine               - JRE Vendor Name: Oracle Corporation
15:18:32.671 [JavaFX Application Thread] DEBUG Engine               - Running on OS: Windows 10 version 10.0
15:18:32.672 [JavaFX Application Thread] DEBUG Engine               - Architecture: amd64
15:18:32.672 [JavaFX Application Thread] INFO  Engine               - Source code and latest versions at: https://github.com/AlmasB/FXGL
15:18:32.673 [JavaFX Application Thread] INFO  Engine               -              Join the FXGL chat at: https://gitter.im/AlmasB/FXGL
15:18:33.024 [JavaFX Application Thread] DEBUG PrimaryStageWindow   - Creating a JavaFX scene
15:18:33.132 [JavaFX Application Thread] DEBUG PrimaryStageWindow   - Target settings size: 1080.0 x 720.0
15:18:33.133 [JavaFX Application Thread] DEBUG PrimaryStageWindow   - Scaled scene size:    1080.0 x 720.0
15:18:33.133 [JavaFX Application Thread] DEBUG PrimaryStageWindow   - Scaled ratio: (1.0, 1.0)
15:18:33.134 [JavaFX Application Thread] DEBUG PrimaryStageWindow   - Set initial scene to FXGLStartupScene
15:18:33.153 [JavaFX Application Thread] DEBUG PrimaryStageWindow   - Opening main window
15:18:33.471 [JavaFX Application Thread] DEBUG PrimaryStageWindow   - Window border size: (14.4000244140625, 37.5999755859375)
15:18:33.471 [JavaFX Application Thread] DEBUG PrimaryStageWindow   - Scaled size: 1080.0 x 720.0
15:18:33.471 [JavaFX Application Thread] DEBUG PrimaryStageWindow   - Scaled ratio: (1.0, 1.0)
15:18:33.472 [JavaFX Application Thread] DEBUG PrimaryStageWindow   - Scene size: 1080.0 x 720.0
15:18:33.472 [JavaFX Application Thread] DEBUG PrimaryStageWindow   - Stage size: 1094.4000244140625 x 757.5999755859375
15:18:33.489 [FXGL Background Thread 1 ] DEBUG Engine               - Initializing environment variables
15:18:33.613 [FXGL Background Thread 1 ] DEBUG FXGLAssetLoaderServi - User app class for loading assets: class com.dam.wonder.GameApp
15:18:33.613 [FXGL Background Thread 1 ] DEBUG GameApplicationServi - Applying CSS: fxgl_dark.css
15:18:33.615 [FXGL Background Thread 1 ] DEBUG FXGLAssetLoaderServi - Loading from file system: jar:file:/C:/Users/24771/.m2/repository/com/github/almasb/fxgl/11.17/fxgl-11.17.jar!/fxglassets/ui/css/fxgl_dark.css
15:18:33.719 [FXGL Background Thread 1 ] DEBUG GameApplicationServi - Initializing application scenes
15:18:33.886 [FXGL Background Thread 1 ] DEBUG GameWorld            - Game world initialized
15:18:34.008 [FXGL Background Thread 1 ] DEBUG PhysicsWorld         - Physics world initialized: appHeight=720, physics.ppm=50.0
15:18:34.009 [FXGL Background Thread 1 ] DEBUG PhysicsWorld         - Using strategy: BRUTE_FORCE
15:18:34.025 [FXGL Background Thread 1 ] DEBUG GameScene            - Game scene initialized: 1080x720
15:18:34.050 [FXGL Background Thread 1 ] DEBUG FXGL.DefaultMenu     - createMenuBodyGameMenu()
15:18:34.083 [FXGL Background Thread 1 ] DEBUG FXGL.DefaultMenu     - createOptionsMenu()
15:18:34.099 [FXGL Background Thread 1 ] DEBUG FXGLAssetLoaderServi - Loading from file system: jar:file:/C:/Users/24771/.m2/repository/com/github/almasb/fxgl/11.17/fxgl-11.17.jar!/fxglassets/textures/particles/smoke.png
15:18:34.286 [FXGL Background Thread 1 ] DEBUG FXGLAssetLoaderServi - Loading from file system: jar:file:/C:/Users/24771/.m2/repository/com/github/almasb/fxgl/11.17/fxgl-11.17.jar!/fxglassets/textures/particles/trace_horizontal.png
15:18:34.342 [FXGL Background Thread 1 ] DEBUG GameApplicationServi - Application scenes initialized
15:18:34.363 [FXGL Background Thread 1 ] DEBUG SystemBundleService  - Loading FXGL system data
15:18:34.371 [FXGL Background Thread 1 ] DEBUG FileSystemAccess     - Reading from: C:\project\wonderfulStory\system\fxgl.bundle
15:18:34.382 [FXGL Background Thread 1 ] DEBUG SystemBundleService  - Bundle FXGL: {}
15:18:34.383 [FXGL Background Thread 1 ] DEBUG UpdaterService       - Checking for updates
15:18:34.443 [FXGL Background Thread 4 ] DEBUG FXGLApplication      - Loading fonts
15:18:34.445 [FXGL Background Thread 4 ] DEBUG FXGLAssetLoaderServi - Loading from file system: jar:file:/C:/Users/24771/.m2/repository/com/github/almasb/fxgl/11.17/fxgl-11.17.jar!/fxglassets/ui/fonts/VarelaRound-Regular.ttf
15:18:34.445 [FXGL Background Thread 1 ] DEBUG FXGLApplication      - Loading default localization
15:18:34.446 [FXGL Background Thread 1 ] DEBUG FXGLAssetLoaderServi - Loading from file system: jar:file:/C:/Users/24771/.m2/repository/com/github/almasb/fxgl/11.17/fxgl-11.17.jar!/fxglassets/languages/english.lang
15:18:34.477 [FXGL Background Thread 1 ] INFO  FXGLApplication      - FXGL initialization took: 0.988 sec
15:18:34.499 [JavaFX Application Thread] DEBUG Input                - Registered new binding: up - W
15:18:34.500 [JavaFX Application Thread] DEBUG Input                - Registered new binding: down - S
15:18:34.501 [JavaFX Application Thread] DEBUG Input                - Registered new binding: left - A
15:18:34.502 [JavaFX Application Thread] DEBUG Input                - Registered new binding: right - D
15:18:34.503 [JavaFX Application Thread] DEBUG FXGLAssetLoaderServi - Loading from file system: jar:file:/C:/Users/24771/.m2/repository/com/github/almasb/fxgl/11.17/fxgl-11.17.jar!/fxglassets/textures/fxgl_icon.png
15:18:34.548 [JavaFX Application Thread] DEBUG FXGLAssetLoaderServi - Loading from file system: jar:file:/C:/Users/24771/.m2/repository/com/github/almasb/fxgl/11.17/fxgl-11.17.jar!/fxglassets/textures/fxgl_default_cursor.png
15:18:34.552 [JavaFX Application Thread] DEBUG Input                - Registered new binding: Screenshot - CTRL+8
15:18:34.554 [JavaFX Application Thread] DEBUG Input                - Registered new binding: Dev Options - 1
15:18:34.556 [JavaFX Application Thread] DEBUG Input                - Registered new binding: Dev Console - 2
15:18:34.556 [JavaFX Application Thread] DEBUG Input                - Registered new binding: System info dump - CTRL+9
15:18:34.558 [JavaFX Application Thread] DEBUG Input                - Registered new binding: Restart - CTRL+R
15:18:34.560 [JavaFX Application Thread] DEBUG Input                - Registered new binding: Toggle Debug Camera - CTRL+C
15:18:34.567 [JavaFX Application Thread] DEBUG LoopRunner           - Starting loop
15:18:34.608 [JavaFX Application Thread] DEBUG LoopRunner           - Initializing JavaFX AnimationTimerLoop
15:18:34.613 [JavaFX Application Thread] DEBUG GameApplicationServi - Starting new game
15:18:34.614 [JavaFX Application Thread] DEBUG Input                - Clearing active input actions
15:18:34.642 [JavaFX Application Thread] DEBUG GameApplicationServi - Removing overlay from FXGLStartupScene and adding to FXGLLoadingScene
15:18:34.652 [JavaFX Application Thread] DEBUG PrimaryStageWindow   - FXGLStartupScene -> FXGLLoadingScene
15:18:34.652 [JavaFX Application Thread] DEBUG GameApplicationServi - Clearing previous game
15:18:34.653 [JavaFX Application Thread] DEBUG GameScene            - Clearing game scene
15:18:34.654 [JavaFX Application Thread] DEBUG GameWorld            - Clearing game world
15:18:34.654 [JavaFX Application Thread] DEBUG PhysicsWorld         - Clearing physics world
15:18:34.658 [FXGL Background Thread 1 ] DEBUG FXGLApplication      - Initializing game
15:18:34.701 [FXGL Background Thread 4 ] DEBUG FXGLAssetLoaderServi - Loading from file system: jar:file:/C:/Users/24771/.m2/repository/com/github/almasb/fxgl/11.17/fxgl-11.17.jar!/fxglassets/ui/fonts/Abel-Regular.ttf
15:18:34.724 [FXGL Background Thread 4 ] DEBUG FXGLAssetLoaderServi - Loading from file system: jar:file:/C:/Users/24771/.m2/repository/com/github/almasb/fxgl/11.17/fxgl-11.17.jar!/fxglassets/ui/fonts/lucida_console.ttf
15:18:34.749 [FXGL Background Thread 4 ] DEBUG FXGLAssetLoaderServi - Loading from file system: jar:file:/C:/Users/24771/.m2/repository/com/github/almasb/fxgl/11.17/fxgl-11.17.jar!/fxglassets/ui/fonts/Courier-Prime.ttf
15:18:34.772 [FXGL Background Thread 1 ] WARN  TMXLevelLoader       - TiledMap generated from 1.7.1. Supported version: 1.2.3. Some features may not be parsed fully.
15:18:34.856 [FXGL Background Thread 2 ] WARN  UpdaterService       - Failed to find updates: java.net.UnknownHostException: raw.githubusercontent.com
15:18:34.860 [FXGL Background Thread 1 ] DEBUG TMXLevelLoader       - Parsed TiledMap: file:/C:/project/wonderfulStory/wonder/target/classes/assets/levels/tmx/obj_test.tmx
15:18:34.863 [FXGL Background Thread 1 ] DEBUG TMXLevelLoader       - Creating tile layer entities
15:18:34.865 [FXGL Background Thread 1 ] DEBUG TilesetLoader        - Loading view for layer ground
15:18:34.901 [FXGL Background Thread 1 ] DEBUG TilesetLoader        - Created buffer with size 3200.0x3200.0
15:18:35.022 [FXGL Background Thread 1 ] DEBUG TilesetLoader        - Loading view for layer items
15:18:35.067 [FXGL Background Thread 1 ] DEBUG TilesetLoader        - Created buffer with size 3200.0x3200.0
15:18:35.113 [FXGL Background Thread 1 ] DEBUG TMXLevelLoader       - Creating object layer entities
15:18:35.156 [FXGL Background Thread 1 ] DEBUG GameWorld            - Clearing removable entities
15:18:35.157 [FXGL Background Thread 1 ] DEBUG GameWorld            - Setting level: com.almasb.fxgl.entity.level.Level@35b278ba
15:18:35.230 [FXGL Background Thread 1 ] INFO  FXGLApplication      - Game initialization took: 0.571 sec
15:18:35.247 [JavaFX Application Thread] DEBUG FXGLApplication      - Registering font factories with UI factory
15:18:35.268 [JavaFX Application Thread] DEBUG Input                - Clearing active input actions
15:18:35.287 [JavaFX Application Thread] DEBUG GameApplicationServi - Removing overlay from FXGLLoadingScene and adding to GameScene
15:18:35.297 [JavaFX Application Thread] DEBUG PrimaryStageWindow   - FXGLLoadingScene -> GameScene
15:18:37.440 [FXGL Background Thread 3 ] DEBUG Engine               - Logging environment variables
15:18:37.441 [FXGL Background Thread 3 ] DEBUG Engine               - achievements: []
15:18:37.441 [FXGL Background Thread 3 ] DEBUG Engine               - actualHeight: 720.0
15:18:37.441 [FXGL Background Thread 3 ] DEBUG Engine               - actualHeightProperty: ReadOnlyDoubleProperty [value: 720.0]
15:18:37.442 [FXGL Background Thread 3 ] DEBUG Engine               - actualWidth: 1080.0
15:18:37.442 [FXGL Background Thread 3 ] DEBUG Engine               - actualWidthProperty: ReadOnlyDoubleProperty [value: 1080.0]
15:18:37.442 [FXGL Background Thread 3 ] DEBUG Engine               - appIcon: fxgl_icon.png
15:18:37.442 [FXGL Background Thread 3 ] DEBUG Engine               - applicationMode: DEVELOPER
15:18:37.442 [FXGL Background Thread 3 ] DEBUG Engine               - cSSList: [fxgl_dark.css]
15:18:37.442 [FXGL Background Thread 3 ] DEBUG Engine               - collisionDetectionStrategy: BRUTE_FORCE
15:18:37.443 [FXGL Background Thread 3 ] DEBUG Engine               - configClass: Optional.empty
15:18:37.443 [FXGL Background Thread 3 ] DEBUG Engine               - credits: []
15:18:37.443 [FXGL Background Thread 3 ] DEBUG Engine               - defaultCursor: CursorInfo(imageName=fxgl_default_cursor.png, hotspotX=7.0, hotspotY=6.0)
15:18:37.443 [FXGL Background Thread 3 ] DEBUG Engine               - devBBoxColorProperty: ObjectProperty [value: 0xff0000ff]
15:18:37.443 [FXGL Background Thread 3 ] DEBUG Engine               - devEnableDebugCameraProperty: BooleanProperty [value: false]
15:18:37.444 [FXGL Background Thread 3 ] DEBUG Engine               - devSensorColorProperty: ObjectProperty [value: 0xffff00ff]
15:18:37.444 [FXGL Background Thread 3 ] DEBUG Engine               - devShowBBoxProperty: BooleanProperty [value: false]
15:18:37.444 [FXGL Background Thread 3 ] DEBUG Engine               - devShowPositionProperty: BooleanProperty [value: false]
15:18:37.445 [FXGL Background Thread 3 ] DEBUG Engine               - enabledMenuItems: []
15:18:37.446 [FXGL Background Thread 3 ] DEBUG Engine               - engineServices: [class com.almasb.fxgl.app.services.FXGLAssetLoaderService, class com.almasb.fxgl.app.FXGLApplication$GameApplicationService, class com.almasb.fxgl.app.services.FXGLDialogService, class com.almasb.fxgl.app.services.IOTaskExecutorService, class com.almasb.fxgl.io.FileSystemService, class com.almasb.fxgl.localization.LocalizationService, class com.almasb.fxgl.app.services.SystemBundleService, class com.almasb.fxgl.profile.SaveLoadService, class com.almasb.fxgl.ui.FXGLUIFactoryServiceProvider, class com.almasb.fxgl.ui.FXGLDialogFactoryServiceProvider, class com.almasb.fxgl.audio.AudioPlayer, class com.almasb.fxgl.notification.impl.NotificationServiceProvider, class com.almasb.fxgl.achievement.AchievementService, class com.almasb.fxgl.cutscene.CutsceneService, class com.almasb.fxgl.minigames.MiniGameService, class com.almasb.fxgl.net.NetService, class com.almasb.fxgl.app.services.UpdaterService, class com.almasb.fxgl.dev.DevService]
15:18:37.446 [FXGL Background Thread 3 ] DEBUG Engine               - fontGame: Abel-Regular.ttf
15:18:37.446 [FXGL Background Thread 3 ] DEBUG Engine               - fontMono: lucida_console.ttf
15:18:37.446 [FXGL Background Thread 3 ] DEBUG Engine               - fontText: Courier-Prime.ttf
15:18:37.447 [FXGL Background Thread 3 ] DEBUG Engine               - fontUI: VarelaRound-Regular.ttf
15:18:37.447 [FXGL Background Thread 3 ] DEBUG Engine               - fullScreen: BooleanProperty [value: false]
15:18:37.447 [FXGL Background Thread 3 ] DEBUG Engine               - gameDifficulty: MEDIUM
15:18:37.447 [FXGL Background Thread 3 ] DEBUG Engine               - gameDifficultyProperty: ObjectProperty [value: MEDIUM]
15:18:37.447 [FXGL Background Thread 3 ] DEBUG Engine               - globalMusicVolume: 0.5
15:18:37.448 [FXGL Background Thread 3 ] DEBUG Engine               - globalMusicVolumeProperty: DoubleProperty [value: 0.5]
15:18:37.448 [FXGL Background Thread 3 ] DEBUG Engine               - globalSoundVolume: 0.5
15:18:37.448 [FXGL Background Thread 3 ] DEBUG Engine               - globalSoundVolumeProperty: DoubleProperty [value: 0.5]
15:18:37.448 [FXGL Background Thread 3 ] DEBUG Engine               - height: 720
15:18:37.449 [FXGL Background Thread 3 ] DEBUG Engine               - is3D: true
15:18:37.449 [FXGL Background Thread 3 ] DEBUG Engine               - isAndroid: false
15:18:37.449 [FXGL Background Thread 3 ] DEBUG Engine               - isBrowser: false
15:18:37.449 [FXGL Background Thread 3 ] DEBUG Engine               - isClickFeedbackEnabled: false
15:18:37.449 [FXGL Background Thread 3 ] DEBUG Engine               - isCloseConfirmation: false
15:18:37.449 [FXGL Background Thread 3 ] DEBUG Engine               - isDesktop: true
15:18:37.450 [FXGL Background Thread 3 ] DEBUG Engine               - isDeveloperMenuEnabled: true
15:18:37.450 [FXGL Background Thread 3 ] DEBUG Engine               - isEntityPreloadEnabled: true
15:18:37.450 [FXGL Background Thread 3 ] DEBUG Engine               - isExperimentalTiledLargeMap: false
15:18:37.450 [FXGL Background Thread 3 ] DEBUG Engine               - isFileSystemWriteAllowed: true
15:18:37.450 [FXGL Background Thread 3 ] DEBUG Engine               - isFullScreenAllowed: false
15:18:37.450 [FXGL Background Thread 3 ] DEBUG Engine               - isFullScreenFromStart: false
15:18:37.450 [FXGL Background Thread 3 ] DEBUG Engine               - isGameMenuEnabled: true
15:18:37.451 [FXGL Background Thread 3 ] DEBUG Engine               - isIOS: false
15:18:37.451 [FXGL Background Thread 3 ] DEBUG Engine               - isIntroEnabled: false
15:18:37.451 [FXGL Background Thread 3 ] DEBUG Engine               - isLinux: false
15:18:37.451 [FXGL Background Thread 3 ] DEBUG Engine               - isMac: false
15:18:37.451 [FXGL Background Thread 3 ] DEBUG Engine               - isMainMenuEnabled: false
15:18:37.451 [FXGL Background Thread 3 ] DEBUG Engine               - isManualResizeEnabled: false
15:18:37.451 [FXGL Background Thread 3 ] DEBUG Engine               - isMobile: false
15:18:37.452 [FXGL Background Thread 3 ] DEBUG Engine               - isNative: false
15:18:37.452 [FXGL Background Thread 3 ] DEBUG Engine               - isPauseMusicWhenMinimized: true
15:18:37.453 [FXGL Background Thread 3 ] DEBUG Engine               - isPreserveResizeRatio: false
15:18:37.453 [FXGL Background Thread 3 ] DEBUG Engine               - isProfilingEnabled: false
15:18:37.453 [FXGL Background Thread 3 ] DEBUG Engine               - isScaleAffectedOnResize: true
15:18:37.453 [FXGL Background Thread 3 ] DEBUG Engine               - isSingleStep: false
15:18:37.453 [FXGL Background Thread 3 ] DEBUG Engine               - isUserProfileEnabled: false
15:18:37.454 [FXGL Background Thread 3 ] DEBUG Engine               - isWindows: true
15:18:37.454 [FXGL Background Thread 3 ] DEBUG Engine               - language: ObjectProperty [value: ENGLISH]
15:18:37.454 [FXGL Background Thread 3 ] DEBUG Engine               - menuKey: ESCAPE
15:18:37.455 [FXGL Background Thread 3 ] DEBUG Engine               - mouseSensitivity: 0.2
15:18:37.455 [FXGL Background Thread 3 ] DEBUG Engine               - notificationViewClass: class com.almasb.fxgl.notification.view.XboxNotificationView
15:18:37.455 [FXGL Background Thread 3 ] DEBUG Engine               - pixelsPerMeter: 50.0
15:18:37.455 [FXGL Background Thread 3 ] DEBUG Engine               - platform: WINDOWS
15:18:37.455 [FXGL Background Thread 3 ] DEBUG Engine               - prefHeightProperty: ReadOnlyDoubleProperty [value: 720.0]
15:18:37.455 [FXGL Background Thread 3 ] DEBUG Engine               - prefWidthProperty: ReadOnlyDoubleProperty [value: 1080.0]
15:18:37.455 [FXGL Background Thread 3 ] DEBUG Engine               - profileDir: profiles/
15:18:37.456 [FXGL Background Thread 3 ] DEBUG Engine               - profileName: StringProperty [value: DEFAULT]
15:18:37.456 [FXGL Background Thread 3 ] DEBUG Engine               - randomSeed: -1
15:18:37.456 [FXGL Background Thread 3 ] DEBUG Engine               - runtimeInfo: RuntimeInfo(platform=WINDOWS, version=11.17, build=16.07.2021 15.46)
15:18:37.456 [FXGL Background Thread 3 ] DEBUG Engine               - saveFileExt: sav
15:18:37.456 [FXGL Background Thread 3 ] DEBUG Engine               - scaledHeightProp$fxgl: DoubleProperty [bound, value: 720.0]
15:18:37.456 [FXGL Background Thread 3 ] DEBUG Engine               - scaledWidthProp$fxgl: DoubleProperty [bound, value: 1080.0]
15:18:37.456 [FXGL Background Thread 3 ] DEBUG Engine               - sceneFactory: com.almasb.fxgl.app.scene.SceneFactory@43f10557
15:18:37.457 [FXGL Background Thread 3 ] DEBUG Engine               - secondsIn24h: 60
15:18:37.457 [FXGL Background Thread 3 ] DEBUG Engine               - soundMenuBack: menu/back.wav
15:18:37.457 [FXGL Background Thread 3 ] DEBUG Engine               - soundMenuPress: menu/press.wav
15:18:37.457 [FXGL Background Thread 3 ] DEBUG Engine               - soundMenuSelect: menu/select.wav
15:18:37.457 [FXGL Background Thread 3 ] DEBUG Engine               - soundNotification: core/notification.wav
15:18:37.458 [FXGL Background Thread 3 ] DEBUG Engine               - stageStyle: DECORATED
15:18:37.458 [FXGL Background Thread 3 ] DEBUG Engine               - supportedLanguages: [ENGLISH, FRENCH, GERMAN, HUNGARIAN, RUSSIAN]
15:18:37.458 [FXGL Background Thread 3 ] DEBUG Engine               - ticksPerSecond: -1
15:18:37.458 [FXGL Background Thread 3 ] DEBUG Engine               - title: demo
15:18:37.458 [FXGL Background Thread 3 ] DEBUG Engine               - urlGithub: https://github.com/AlmasB/FXGL
15:18:37.458 [FXGL Background Thread 3 ] DEBUG Engine               - urlLeaderboard: http://fxgl-top.herokuapp.com/
15:18:37.459 [FXGL Background Thread 3 ] DEBUG Engine               - urlPOM: https://raw.githubusercontent.com/AlmasB/FXGL/release/README.md
15:18:37.459 [FXGL Background Thread 3 ] DEBUG Engine               - userAppClass: class com.dam.wonder.GameApp
15:18:37.459 [FXGL Background Thread 3 ] DEBUG Engine               - version: 0.0
15:18:37.459 [FXGL Background Thread 3 ] DEBUG Engine               - versionCheckDays: 7
15:18:37.459 [FXGL Background Thread 3 ] DEBUG Engine               - width: 1080
15:18:37.460 [FXGL Background Thread 3 ] DEBUG Engine               - Logging services
15:18:37.460 [FXGL Background Thread 3 ] DEBUG Engine               - class com.almasb.fxgl.app.services.FXGLAssetLoaderService
15:18:37.460 [FXGL Background Thread 3 ] DEBUG Engine               - class com.almasb.fxgl.app.FXGLApplication$GameApplicationService
15:18:37.460 [FXGL Background Thread 3 ] DEBUG Engine               - class com.almasb.fxgl.app.services.FXGLDialogService
15:18:37.460 [FXGL Background Thread 3 ] DEBUG Engine               - class com.almasb.fxgl.app.services.IOTaskExecutorService
15:18:37.460 [FXGL Background Thread 3 ] DEBUG Engine               - class com.almasb.fxgl.io.FileSystemService
15:18:37.460 [FXGL Background Thread 3 ] DEBUG Engine               - class com.almasb.fxgl.localization.LocalizationService
15:18:37.461 [FXGL Background Thread 3 ] DEBUG Engine               - class com.almasb.fxgl.app.services.SystemBundleService
15:18:37.461 [FXGL Background Thread 3 ] DEBUG Engine               - class com.almasb.fxgl.profile.SaveLoadService
15:18:37.461 [FXGL Background Thread 3 ] DEBUG Engine               - class com.almasb.fxgl.ui.FXGLUIFactoryServiceProvider
15:18:37.461 [FXGL Background Thread 3 ] DEBUG Engine               - class com.almasb.fxgl.ui.FXGLDialogFactoryServiceProvider
15:18:37.462 [FXGL Background Thread 3 ] DEBUG Engine               - class com.almasb.fxgl.audio.AudioPlayer
15:18:37.462 [FXGL Background Thread 3 ] DEBUG Engine               - class com.almasb.fxgl.notification.impl.NotificationServiceProvider
15:18:37.462 [FXGL Background Thread 3 ] DEBUG Engine               - class com.almasb.fxgl.achievement.AchievementService
15:18:37.462 [FXGL Background Thread 3 ] DEBUG Engine               - class com.almasb.fxgl.cutscene.CutsceneService
15:18:37.463 [FXGL Background Thread 3 ] DEBUG Engine               - class com.almasb.fxgl.minigames.MiniGameService
15:18:37.463 [FXGL Background Thread 3 ] DEBUG Engine               - class com.almasb.fxgl.net.NetService
15:18:37.463 [FXGL Background Thread 3 ] DEBUG Engine               - class com.almasb.fxgl.app.services.UpdaterService
15:18:37.463 [FXGL Background Thread 3 ] DEBUG Engine               - class com.almasb.fxgl.dev.DevService
15:18:41.251 [JavaFX Application Thread] DEBUG FXGLApplication      - Exiting FXGL
15:18:41.251 [JavaFX Application Thread] DEBUG LoopRunner           - Stopping loop
15:18:41.251 [JavaFX Application Thread] DEBUG SystemBundleService  - Saving FXGL system data
15:18:41.253 [JavaFX Application Thread] DEBUG FileSystemAccess     - Writing to: C:\project\wonderfulStory\system\fxgl.bundle
15:18:41.255 [JavaFX Application Thread] DEBUG Async                - Shutting down background threads
15:18:41.255 [JavaFX Application Thread] DEBUG PrimaryStageWindow   - Closing main window
15:18:41.286 [JavaFX Application Thread] DEBUG Logger               - Closing Logger
