17:26:35.490 [main                     ] DEBUG Logger               - Configured Logger
17:26:35.530 [main                     ] DEBUG GameApplication      - Logging settings
Title: FXGL RTS Game
Version: 0.0
Width: 1280
Height: 720
Fullscreen: false
Intro: false
Profiling: false
Single step:false
App Mode: DEVELOPER
Menu Key: ESCAPE
Stage Style: DECORATED
Scene Factory: class com.almasb.fxgl.app.scene.SceneFactory

17:26:36.205 [JavaFX Application Thread] DEBUG FXGLApplication      - Initializing FXGL
17:26:36.208 [JavaFX Application Thread] INFO  Engine               - FXGL-11.16 (25.05.2021 08.16) on WINDOWS (J:16.0.1 FX:16)
17:26:36.208 [JavaFX Application Thread] DEBUG Engine               - JRE Vendor Name: Oracle Corporation
17:26:36.209 [JavaFX Application Thread] DEBUG Engine               - Running on OS: Windows 10 version 10.0
17:26:36.209 [JavaFX Application Thread] DEBUG Engine               - Architecture: amd64
17:26:36.209 [JavaFX Application Thread] INFO  Engine               - Source code and latest versions at: https://github.com/AlmasB/FXGL
17:26:36.209 [JavaFX Application Thread] INFO  Engine               -              Join the FXGL chat at: https://gitter.im/AlmasB/FXGL
17:26:36.488 [JavaFX Application Thread] DEBUG PrimaryStageWindow   - Creating a JavaFX scene
17:26:36.591 [JavaFX Application Thread] DEBUG PrimaryStageWindow   - Target settings size: 1280.0 x 720.0
17:26:36.591 [JavaFX Application Thread] DEBUG PrimaryStageWindow   - Scaled scene size:    1280.0 x 720.0
17:26:36.591 [JavaFX Application Thread] DEBUG PrimaryStageWindow   - Scaled ratio: (1.0, 1.0)
17:26:36.594 [JavaFX Application Thread] DEBUG PrimaryStageWindow   - Set initial scene to FXGLStartupScene
17:26:36.610 [JavaFX Application Thread] DEBUG PrimaryStageWindow   - Opening main window
17:26:36.932 [JavaFX Application Thread] DEBUG PrimaryStageWindow   - Window border size: (14.4000244140625, 37.5999755859375)
17:26:36.932 [JavaFX Application Thread] DEBUG PrimaryStageWindow   - Scaled size: 1280.0 x 720.0
17:26:36.933 [JavaFX Application Thread] DEBUG PrimaryStageWindow   - Scaled ratio: (1.0, 1.0)
17:26:36.933 [JavaFX Application Thread] DEBUG PrimaryStageWindow   - Scene size: 1280.0 x 720.0
17:26:36.934 [JavaFX Application Thread] DEBUG PrimaryStageWindow   - Stage size: 1294.4000244140625 x 757.5999755859375
17:26:36.951 [FXGL Background Thread 1 ] DEBUG Engine               - Initializing environment variables
17:26:37.058 [FXGL Background Thread 1 ] DEBUG FXGLAssetLoaderServi - User app class for loading assets: class com.dam.wonder.view.rts.RTSApp
17:26:37.059 [FXGL Background Thread 1 ] DEBUG GameApplicationServi - Applying CSS: fxgl_dark.css
17:26:37.060 [FXGL Background Thread 1 ] DEBUG FXGLAssetLoaderServi - Loading from file system: jar:file:/C:/Users/24771/.m2/repository/com/github/almasb/fxgl/11.16/fxgl-11.16.jar!/fxglassets/ui/css/fxgl_dark.css
17:26:37.205 [FXGL Background Thread 1 ] DEBUG GameApplicationServi - Initializing application scenes
17:26:37.396 [FXGL Background Thread 1 ] DEBUG GameWorld            - Game world initialized
17:26:37.547 [FXGL Background Thread 1 ] DEBUG PhysicsWorld         - Physics world initialized: appHeight=720, physics.ppm=50.0
17:26:37.548 [FXGL Background Thread 1 ] DEBUG PhysicsWorld         - Using strategy: BRUTE_FORCE
17:26:37.555 [FXGL Background Thread 1 ] DEBUG GameScene            - Game scene initialized: 1280x720
17:26:37.582 [FXGL Background Thread 1 ] DEBUG FXGL.DefaultMenu     - createMenuBodyGameMenu()
17:26:37.626 [FXGL Background Thread 1 ] DEBUG FXGL.DefaultMenu     - createOptionsMenu()
17:26:37.658 [FXGL Background Thread 1 ] DEBUG FXGLAssetLoaderServi - Loading from file system: jar:file:/C:/Users/24771/.m2/repository/com/github/almasb/fxgl/11.16/fxgl-11.16.jar!/fxglassets/textures/particles/smoke.png
17:26:37.949 [FXGL Background Thread 1 ] DEBUG FXGLAssetLoaderServi - Loading from file system: jar:file:/C:/Users/24771/.m2/repository/com/github/almasb/fxgl/11.16/fxgl-11.16.jar!/fxglassets/textures/particles/trace_horizontal.png
17:26:38.033 [FXGL Background Thread 1 ] DEBUG GameApplicationServi - Application scenes initialized
17:26:38.059 [FXGL Background Thread 1 ] DEBUG SystemBundleService  - Loading FXGL system data
17:26:38.067 [FXGL Background Thread 1 ] DEBUG FileSystemAccess     - Reading from: C:\project\wonderfulStory\system\fxgl.bundle
17:26:38.080 [FXGL Background Thread 1 ] DEBUG SystemBundleService  - Bundle FXGL: {}
17:26:38.080 [FXGL Background Thread 1 ] DEBUG UpdaterService       - Checking for updates
17:26:38.091 [FXGL Background Thread 4 ] DEBUG FXGLApplication      - Loading fonts
17:26:38.091 [FXGL Background Thread 1 ] DEBUG FXGLApplication      - Loading default localization
17:26:38.092 [FXGL Background Thread 4 ] DEBUG FXGLAssetLoaderServi - Loading from file system: jar:file:/C:/Users/24771/.m2/repository/com/github/almasb/fxgl/11.16/fxgl-11.16.jar!/fxglassets/ui/fonts/VarelaRound-Regular.ttf
17:26:38.093 [FXGL Background Thread 1 ] DEBUG FXGLAssetLoaderServi - Loading from file system: jar:file:/C:/Users/24771/.m2/repository/com/github/almasb/fxgl/11.16/fxgl-11.16.jar!/fxglassets/languages/english.lang
17:26:38.152 [FXGL Background Thread 1 ] INFO  FXGLApplication      - FXGL initialization took: 1.201 sec
17:26:38.161 [JavaFX Application Thread] DEBUG Input                - Registered new binding: action0 - LMB
17:26:38.162 [JavaFX Application Thread] DEBUG FXGLAssetLoaderServi - Loading from file system: jar:file:/C:/Users/24771/.m2/repository/com/github/almasb/fxgl/11.16/fxgl-11.16.jar!/fxglassets/textures/fxgl_icon.png
17:26:38.208 [JavaFX Application Thread] DEBUG FXGLAssetLoaderServi - Loading from file system: jar:file:/C:/Users/24771/.m2/repository/com/github/almasb/fxgl/11.16/fxgl-11.16.jar!/fxglassets/textures/fxgl_default_cursor.png
17:26:38.230 [JavaFX Application Thread] DEBUG Input                - Registered new binding: Screenshot - CTRL+8
17:26:38.232 [JavaFX Application Thread] DEBUG Input                - Registered new binding: System info dump - CTRL+9
17:26:38.234 [JavaFX Application Thread] DEBUG Input                - Registered new binding: Restart - CTRL+R
17:26:38.236 [JavaFX Application Thread] DEBUG Input                - Registered new binding: Toggle Debug Camera - CTRL+C
17:26:38.243 [JavaFX Application Thread] DEBUG LoopRunner           - Starting loop
17:26:38.243 [JavaFX Application Thread] DEBUG LoopRunner           - Initializing JavaFX AnimationTimerLoop
17:26:38.249 [JavaFX Application Thread] DEBUG GameApplicationServi - Starting new game
17:26:38.250 [JavaFX Application Thread] DEBUG Input                - Clearing active input actions
17:26:38.278 [JavaFX Application Thread] DEBUG GameApplicationServi - Removing overlay from FXGLStartupScene and adding to FXGLLoadingScene
17:26:38.279 [JavaFX Application Thread] DEBUG PrimaryStageWindow   - FXGLStartupScene -> FXGLLoadingScene
17:26:38.281 [JavaFX Application Thread] DEBUG GameApplicationServi - Clearing previous game
17:26:38.281 [JavaFX Application Thread] DEBUG GameScene            - Clearing game scene
17:26:38.282 [JavaFX Application Thread] DEBUG GameWorld            - Clearing game world
17:26:38.282 [JavaFX Application Thread] DEBUG PhysicsWorld         - Clearing physics world
17:26:38.286 [FXGL Background Thread 1 ] DEBUG FXGLApplication      - Initializing game
17:26:38.360 [FXGL Background Thread 1 ] WARN  FXGLAssetLoaderServi - Asset "/assets/textures/tree.png" was not found!
17:26:38.362 [FXGL Background Thread 1 ] WARN  FXGLAssetLoaderServi - Failed to load IMAGE
17:26:38.383 [FXGL Background Thread 4 ] DEBUG FXGLAssetLoaderServi - Loading from file system: jar:file:/C:/Users/24771/.m2/repository/com/github/almasb/fxgl/11.16/fxgl-11.16.jar!/fxglassets/ui/fonts/Abel-Regular.ttf
17:26:38.412 [FXGL Background Thread 4 ] DEBUG FXGLAssetLoaderServi - Loading from file system: jar:file:/C:/Users/24771/.m2/repository/com/github/almasb/fxgl/11.16/fxgl-11.16.jar!/fxglassets/ui/fonts/lucida_console.ttf
17:26:38.442 [FXGL Background Thread 4 ] DEBUG FXGLAssetLoaderServi - Loading from file system: jar:file:/C:/Users/24771/.m2/repository/com/github/almasb/fxgl/11.16/fxgl-11.16.jar!/fxglassets/ui/fonts/Courier-Prime.ttf
17:26:38.628 [JavaFX Application Thread] DEBUG FXGLApplication      - Registering font factories with UI factory
17:26:38.674 [FXGL Background Thread 1 ] WARN  FXGLAssetLoaderServi - Asset "/assets/textures/tree.png" was not found!
17:26:38.675 [FXGL Background Thread 1 ] WARN  FXGLAssetLoaderServi - Failed to load IMAGE
17:26:38.678 [FXGL Background Thread 1 ] WARN  FXGLAssetLoaderServi - Asset "/assets/textures/tree.png" was not found!
17:26:38.678 [FXGL Background Thread 1 ] WARN  FXGLAssetLoaderServi - Failed to load IMAGE
17:26:38.682 [FXGL Background Thread 1 ] WARN  FXGLAssetLoaderServi - Asset "/assets/textures/stone.png" was not found!
17:26:38.683 [FXGL Background Thread 1 ] WARN  FXGLAssetLoaderServi - Failed to load IMAGE
17:26:38.685 [FXGL Background Thread 1 ] WARN  FXGLAssetLoaderServi - Asset "/assets/textures/stone.png" was not found!
17:26:38.686 [FXGL Background Thread 1 ] WARN  FXGLAssetLoaderServi - Failed to load IMAGE
17:26:38.688 [FXGL Background Thread 1 ] WARN  FXGLAssetLoaderServi - Asset "/assets/textures/stone.png" was not found!
17:26:38.689 [FXGL Background Thread 1 ] WARN  FXGLAssetLoaderServi - Failed to load IMAGE
17:26:38.775 [FXGL Background Thread 1 ] INFO  FXGLApplication      - Game initialization took: 0.488 sec
17:26:38.782 [JavaFX Application Thread] DEBUG Input                - Clearing active input actions
17:26:38.806 [JavaFX Application Thread] DEBUG GameApplicationServi - Removing overlay from FXGLLoadingScene and adding to GameScene
17:26:38.807 [JavaFX Application Thread] DEBUG PrimaryStageWindow   - FXGLLoadingScene -> GameScene
17:26:38.917 [FXGL Background Thread 2 ] WARN  UpdaterService       - Failed to find updates: java.net.UnknownHostException: raw.githubusercontent.com
17:26:41.088 [FXGL Background Thread 3 ] DEBUG Engine               - Logging environment variables
17:26:41.089 [FXGL Background Thread 3 ] DEBUG Engine               - achievements: []
17:26:41.089 [FXGL Background Thread 3 ] DEBUG Engine               - actualHeight: 720.0
17:26:41.090 [FXGL Background Thread 3 ] DEBUG Engine               - actualHeightProperty: ReadOnlyDoubleProperty [value: 720.0]
17:26:41.090 [FXGL Background Thread 3 ] DEBUG Engine               - actualWidth: 1280.0
17:26:41.090 [FXGL Background Thread 3 ] DEBUG Engine               - actualWidthProperty: ReadOnlyDoubleProperty [value: 1280.0]
17:26:41.091 [FXGL Background Thread 3 ] DEBUG Engine               - appIcon: fxgl_icon.png
17:26:41.091 [FXGL Background Thread 3 ] DEBUG Engine               - applicationMode: DEVELOPER
17:26:41.092 [FXGL Background Thread 3 ] DEBUG Engine               - cSSList: [fxgl_dark.css]
17:26:41.092 [FXGL Background Thread 3 ] DEBUG Engine               - collisionDetectionStrategy: BRUTE_FORCE
17:26:41.092 [FXGL Background Thread 3 ] DEBUG Engine               - configClass: Optional.empty
17:26:41.092 [FXGL Background Thread 3 ] DEBUG Engine               - credits: []
17:26:41.093 [FXGL Background Thread 3 ] DEBUG Engine               - defaultCursor: CursorInfo(imageName=fxgl_default_cursor.png, hotspotX=7.0, hotspotY=6.0)
17:26:41.093 [FXGL Background Thread 3 ] DEBUG Engine               - devBBoxColorProperty: ObjectProperty [value: 0xff0000ff]
17:26:41.093 [FXGL Background Thread 3 ] DEBUG Engine               - devEnableDebugCameraProperty: BooleanProperty [value: false]
17:26:41.094 [FXGL Background Thread 3 ] DEBUG Engine               - devSensorColorProperty: ObjectProperty [value: 0xffff00ff]
17:26:41.095 [FXGL Background Thread 3 ] DEBUG Engine               - devShowBBoxProperty: BooleanProperty [value: false]
17:26:41.095 [FXGL Background Thread 3 ] DEBUG Engine               - devShowPositionProperty: BooleanProperty [value: false]
17:26:41.096 [FXGL Background Thread 3 ] DEBUG Engine               - enabledMenuItems: []
17:26:41.096 [FXGL Background Thread 3 ] DEBUG Engine               - engineServices: [class com.almasb.fxgl.app.services.FXGLAssetLoaderService, class com.almasb.fxgl.app.FXGLApplication$GameApplicationService, class com.almasb.fxgl.app.services.FXGLDialogService, class com.almasb.fxgl.app.services.IOTaskExecutorService, class com.almasb.fxgl.io.FileSystemService, class com.almasb.fxgl.localization.LocalizationService, class com.almasb.fxgl.app.services.SystemBundleService, class com.almasb.fxgl.profile.SaveLoadService, class com.almasb.fxgl.ui.FXGLUIFactoryServiceProvider, class com.almasb.fxgl.ui.FXGLDialogFactoryServiceProvider, class com.almasb.fxgl.audio.AudioPlayer, class com.almasb.fxgl.notification.impl.NotificationServiceProvider, class com.almasb.fxgl.achievement.AchievementService, class com.almasb.fxgl.cutscene.CutsceneService, class com.almasb.fxgl.minigames.MiniGameService, class com.almasb.fxgl.net.NetService, class com.almasb.fxgl.app.services.UpdaterService, class com.almasb.fxgl.dev.DevService]
17:26:41.097 [FXGL Background Thread 3 ] DEBUG Engine               - fontGame: Abel-Regular.ttf
17:26:41.097 [FXGL Background Thread 3 ] DEBUG Engine               - fontMono: lucida_console.ttf
17:26:41.098 [FXGL Background Thread 3 ] DEBUG Engine               - fontText: Courier-Prime.ttf
17:26:41.098 [FXGL Background Thread 3 ] DEBUG Engine               - fontUI: VarelaRound-Regular.ttf
17:26:41.098 [FXGL Background Thread 3 ] DEBUG Engine               - fullScreen: BooleanProperty [value: false]
17:26:41.099 [FXGL Background Thread 3 ] DEBUG Engine               - gameDifficulty: MEDIUM
17:26:41.099 [FXGL Background Thread 3 ] DEBUG Engine               - gameDifficultyProperty: ObjectProperty [value: MEDIUM]
17:26:41.100 [FXGL Background Thread 3 ] DEBUG Engine               - globalMusicVolume: 0.5
17:26:41.101 [FXGL Background Thread 3 ] DEBUG Engine               - globalMusicVolumeProperty: DoubleProperty [value: 0.5]
17:26:41.101 [FXGL Background Thread 3 ] DEBUG Engine               - globalSoundVolume: 0.5
17:26:41.102 [FXGL Background Thread 3 ] DEBUG Engine               - globalSoundVolumeProperty: DoubleProperty [value: 0.5]
17:26:41.102 [FXGL Background Thread 3 ] DEBUG Engine               - height: 720
17:26:41.102 [FXGL Background Thread 3 ] DEBUG Engine               - is3D: false
17:26:41.103 [FXGL Background Thread 3 ] DEBUG Engine               - isAndroid: false
17:26:41.103 [FXGL Background Thread 3 ] DEBUG Engine               - isBrowser: false
17:26:41.103 [FXGL Background Thread 3 ] DEBUG Engine               - isClickFeedbackEnabled: false
17:26:41.104 [FXGL Background Thread 3 ] DEBUG Engine               - isCloseConfirmation: false
17:26:41.104 [FXGL Background Thread 3 ] DEBUG Engine               - isDesktop: true
17:26:41.105 [FXGL Background Thread 3 ] DEBUG Engine               - isDeveloperMenuEnabled: false
17:26:41.105 [FXGL Background Thread 3 ] DEBUG Engine               - isEntityPreloadEnabled: true
17:26:41.105 [FXGL Background Thread 3 ] DEBUG Engine               - isExperimentalTiledLargeMap: false
17:26:41.105 [FXGL Background Thread 3 ] DEBUG Engine               - isFileSystemWriteAllowed: true
17:26:41.105 [FXGL Background Thread 3 ] DEBUG Engine               - isFullScreenAllowed: false
17:26:41.105 [FXGL Background Thread 3 ] DEBUG Engine               - isFullScreenFromStart: false
17:26:41.105 [FXGL Background Thread 3 ] DEBUG Engine               - isGameMenuEnabled: true
17:26:41.107 [FXGL Background Thread 3 ] DEBUG Engine               - isIOS: false
17:26:41.107 [FXGL Background Thread 3 ] DEBUG Engine               - isIntroEnabled: false
17:26:41.107 [FXGL Background Thread 3 ] DEBUG Engine               - isLinux: false
17:26:41.107 [FXGL Background Thread 3 ] DEBUG Engine               - isMac: false
17:26:41.108 [FXGL Background Thread 3 ] DEBUG Engine               - isMainMenuEnabled: false
17:26:41.108 [FXGL Background Thread 3 ] DEBUG Engine               - isManualResizeEnabled: false
17:26:41.108 [FXGL Background Thread 3 ] DEBUG Engine               - isMobile: false
17:26:41.108 [FXGL Background Thread 3 ] DEBUG Engine               - isNative: false
17:26:41.108 [FXGL Background Thread 3 ] DEBUG Engine               - isPreserveResizeRatio: false
17:26:41.108 [FXGL Background Thread 3 ] DEBUG Engine               - isProfilingEnabled: false
17:26:41.108 [FXGL Background Thread 3 ] DEBUG Engine               - isScaleAffectedOnResize: true
17:26:41.109 [FXGL Background Thread 3 ] DEBUG Engine               - isSingleStep: false
17:26:41.109 [FXGL Background Thread 3 ] DEBUG Engine               - isUserProfileEnabled: false
17:26:41.109 [FXGL Background Thread 3 ] DEBUG Engine               - isWindows: true
17:26:41.109 [FXGL Background Thread 3 ] DEBUG Engine               - language: ObjectProperty [value: ENGLISH]
17:26:41.110 [FXGL Background Thread 3 ] DEBUG Engine               - menuKey: ESCAPE
17:26:41.110 [FXGL Background Thread 3 ] DEBUG Engine               - mouseSensitivity: 0.2
17:26:41.110 [FXGL Background Thread 3 ] DEBUG Engine               - notificationViewClass: class com.almasb.fxgl.notification.view.XboxNotificationView
17:26:41.110 [FXGL Background Thread 3 ] DEBUG Engine               - pixelsPerMeter: 50.0
17:26:41.111 [FXGL Background Thread 3 ] DEBUG Engine               - platform: WINDOWS
17:26:41.111 [FXGL Background Thread 3 ] DEBUG Engine               - prefHeightProperty: ReadOnlyDoubleProperty [value: 720.0]
17:26:41.111 [FXGL Background Thread 3 ] DEBUG Engine               - prefWidthProperty: ReadOnlyDoubleProperty [value: 1280.0]
17:26:41.111 [FXGL Background Thread 3 ] DEBUG Engine               - profileDir: profiles/
17:26:41.112 [FXGL Background Thread 3 ] DEBUG Engine               - profileName: StringProperty [value: DEFAULT]
17:26:41.112 [FXGL Background Thread 3 ] DEBUG Engine               - randomSeed: -1
17:26:41.112 [FXGL Background Thread 3 ] DEBUG Engine               - runtimeInfo: RuntimeInfo(platform=WINDOWS, version=11.16, build=25.05.2021 08.16)
17:26:41.112 [FXGL Background Thread 3 ] DEBUG Engine               - saveFileExt: sav
17:26:41.113 [FXGL Background Thread 3 ] DEBUG Engine               - scaledHeightProp$fxgl: DoubleProperty [bound, value: 720.0]
17:26:41.113 [FXGL Background Thread 3 ] DEBUG Engine               - scaledWidthProp$fxgl: DoubleProperty [bound, value: 1280.0]
17:26:41.114 [FXGL Background Thread 3 ] DEBUG Engine               - sceneFactory: com.almasb.fxgl.app.scene.SceneFactory@1256f58e
17:26:41.115 [FXGL Background Thread 3 ] DEBUG Engine               - secondsIn24h: 60
17:26:41.115 [FXGL Background Thread 3 ] DEBUG Engine               - soundMenuBack: menu/back.wav
17:26:41.115 [FXGL Background Thread 3 ] DEBUG Engine               - soundMenuPress: menu/press.wav
17:26:41.124 [FXGL Background Thread 3 ] DEBUG Engine               - soundMenuSelect: menu/select.wav
17:26:41.124 [FXGL Background Thread 3 ] DEBUG Engine               - soundNotification: core/notification.wav
17:26:41.125 [FXGL Background Thread 3 ] DEBUG Engine               - stageStyle: DECORATED
17:26:41.125 [FXGL Background Thread 3 ] DEBUG Engine               - supportedLanguages: [ENGLISH, FRENCH, GERMAN, HUNGARIAN, RUSSIAN]
17:26:41.126 [FXGL Background Thread 3 ] DEBUG Engine               - ticksPerSecond: -1
17:26:41.126 [FXGL Background Thread 3 ] DEBUG Engine               - title: FXGL RTS Game
17:26:41.127 [FXGL Background Thread 3 ] DEBUG Engine               - urlGithub: https://github.com/AlmasB/FXGL
17:26:41.127 [FXGL Background Thread 3 ] DEBUG Engine               - urlLeaderboard: http://fxgl-top.herokuapp.com/
17:26:41.127 [FXGL Background Thread 3 ] DEBUG Engine               - urlPOM: https://raw.githubusercontent.com/AlmasB/FXGL/release/README.md
17:26:41.128 [FXGL Background Thread 3 ] DEBUG Engine               - userAppClass: class com.dam.wonder.view.rts.RTSApp
17:26:41.128 [FXGL Background Thread 3 ] DEBUG Engine               - version: 0.0
17:26:41.129 [FXGL Background Thread 3 ] DEBUG Engine               - versionCheckDays: 7
17:26:41.129 [FXGL Background Thread 3 ] DEBUG Engine               - width: 1280
17:26:41.129 [FXGL Background Thread 3 ] DEBUG Engine               - Logging services
17:26:41.130 [FXGL Background Thread 3 ] DEBUG Engine               - class com.almasb.fxgl.app.services.FXGLAssetLoaderService
17:26:41.130 [FXGL Background Thread 3 ] DEBUG Engine               - class com.almasb.fxgl.app.FXGLApplication$GameApplicationService
17:26:41.132 [FXGL Background Thread 3 ] DEBUG Engine               - class com.almasb.fxgl.app.services.FXGLDialogService
17:26:41.133 [FXGL Background Thread 3 ] DEBUG Engine               - class com.almasb.fxgl.app.services.IOTaskExecutorService
17:26:41.134 [FXGL Background Thread 3 ] DEBUG Engine               - class com.almasb.fxgl.io.FileSystemService
17:26:41.134 [FXGL Background Thread 3 ] DEBUG Engine               - class com.almasb.fxgl.localization.LocalizationService
17:26:41.134 [FXGL Background Thread 3 ] DEBUG Engine               - class com.almasb.fxgl.app.services.SystemBundleService
17:26:41.134 [FXGL Background Thread 3 ] DEBUG Engine               - class com.almasb.fxgl.profile.SaveLoadService
17:26:41.135 [FXGL Background Thread 3 ] DEBUG Engine               - class com.almasb.fxgl.ui.FXGLUIFactoryServiceProvider
17:26:41.135 [FXGL Background Thread 3 ] DEBUG Engine               - class com.almasb.fxgl.ui.FXGLDialogFactoryServiceProvider
17:26:41.135 [FXGL Background Thread 3 ] DEBUG Engine               - class com.almasb.fxgl.audio.AudioPlayer
17:26:41.135 [FXGL Background Thread 3 ] DEBUG Engine               - class com.almasb.fxgl.notification.impl.NotificationServiceProvider
17:26:41.136 [FXGL Background Thread 3 ] DEBUG Engine               - class com.almasb.fxgl.achievement.AchievementService
17:26:41.136 [FXGL Background Thread 3 ] DEBUG Engine               - class com.almasb.fxgl.cutscene.CutsceneService
17:26:41.136 [FXGL Background Thread 3 ] DEBUG Engine               - class com.almasb.fxgl.minigames.MiniGameService
17:26:41.136 [FXGL Background Thread 3 ] DEBUG Engine               - class com.almasb.fxgl.net.NetService
17:26:41.137 [FXGL Background Thread 3 ] DEBUG Engine               - class com.almasb.fxgl.app.services.UpdaterService
17:26:41.137 [FXGL Background Thread 3 ] DEBUG Engine               - class com.almasb.fxgl.dev.DevService
17:29:46.695 [JavaFX Application Thread] DEBUG FXGLApplication      - Exiting FXGL
17:29:46.696 [JavaFX Application Thread] DEBUG LoopRunner           - Stopping loop
17:29:46.697 [JavaFX Application Thread] DEBUG SystemBundleService  - Saving FXGL system data
17:29:46.701 [JavaFX Application Thread] DEBUG FileSystemAccess     - Writing to: C:\project\wonderfulStory\system\fxgl.bundle
17:29:46.704 [JavaFX Application Thread] DEBUG Async                - Shutting down background threads
17:29:46.704 [JavaFX Application Thread] DEBUG PrimaryStageWindow   - Closing main window
17:29:46.736 [JavaFX Application Thread] DEBUG Logger               - Closing Logger
