17:59:45.150 [main                     ] DEBUG Logger               - Configured Logger
17:59:45.165 [main                     ] DEBUG GameApplication      - Logging settings
Title: demo
Version: 0.0
Width: 1080
Height: 720
Fullscreen: false
Intro: false
Profiling: false
Single step:false
App Mode: DEVELOPER
Menu Key: ESCAPE
Stage Style: DECORATED
Scene Factory: class com.almasb.fxgl.app.scene.SceneFactory

17:59:46.052 [JavaFX Application Thread] DEBUG FXGLApplication      - Initializing FXGL
17:59:46.058 [JavaFX Application Thread] INFO  Engine               - FXGL-11.17 (16.07.2021 15.46) on WINDOWS (J:16.0.1 FX:16)
17:59:46.059 [JavaFX Application Thread] DEBUG Engine               - JRE Vendor Name: Oracle Corporation
17:59:46.060 [JavaFX Application Thread] DEBUG Engine               - Running on OS: Windows 10 version 10.0
17:59:46.060 [JavaFX Application Thread] DEBUG Engine               - Architecture: amd64
17:59:46.060 [JavaFX Application Thread] INFO  Engine               - Source code and latest versions at: https://github.com/AlmasB/FXGL
17:59:46.061 [JavaFX Application Thread] INFO  Engine               -              Join the FXGL chat at: https://gitter.im/AlmasB/FXGL
17:59:46.353 [JavaFX Application Thread] DEBUG PrimaryStageWindow   - Creating a JavaFX scene
17:59:46.456 [JavaFX Application Thread] DEBUG PrimaryStageWindow   - Target settings size: 1080.0 x 720.0
17:59:46.457 [JavaFX Application Thread] DEBUG PrimaryStageWindow   - Scaled scene size:    1080.0 x 720.0
17:59:46.457 [JavaFX Application Thread] DEBUG PrimaryStageWindow   - Scaled ratio: (1.0, 1.0)
17:59:46.461 [JavaFX Application Thread] DEBUG PrimaryStageWindow   - Set initial scene to FXGLStartupScene
17:59:46.480 [JavaFX Application Thread] DEBUG PrimaryStageWindow   - Opening main window
17:59:46.760 [JavaFX Application Thread] DEBUG PrimaryStageWindow   - Window border size: (14.4000244140625, 37.5999755859375)
17:59:46.760 [JavaFX Application Thread] DEBUG PrimaryStageWindow   - Scaled size: 1080.0 x 720.0
17:59:46.760 [JavaFX Application Thread] DEBUG PrimaryStageWindow   - Scaled ratio: (1.0, 1.0)
17:59:46.761 [JavaFX Application Thread] DEBUG PrimaryStageWindow   - Scene size: 1080.0 x 720.0
17:59:46.761 [JavaFX Application Thread] DEBUG PrimaryStageWindow   - Stage size: 1094.4000244140625 x 757.5999755859375
17:59:46.775 [FXGL Background Thread 1 ] DEBUG Engine               - Initializing environment variables
17:59:46.886 [FXGL Background Thread 1 ] DEBUG FXGLAssetLoaderServi - User app class for loading assets: class com.dam.wonder.GameApp
17:59:46.887 [FXGL Background Thread 1 ] DEBUG GameApplicationServi - Applying CSS: fxgl_dark.css
17:59:46.888 [FXGL Background Thread 1 ] DEBUG FXGLAssetLoaderServi - Loading from file system: jar:file:/C:/Users/24771/.m2/repository/com/github/almasb/fxgl/11.17/fxgl-11.17.jar!/fxglassets/ui/css/fxgl_dark.css
17:59:46.977 [FXGL Background Thread 1 ] DEBUG GameApplicationServi - Initializing application scenes
17:59:47.113 [FXGL Background Thread 1 ] DEBUG GameWorld            - Game world initialized
17:59:47.226 [FXGL Background Thread 1 ] DEBUG PhysicsWorld         - Physics world initialized: appHeight=720, physics.ppm=50.0
17:59:47.227 [FXGL Background Thread 1 ] DEBUG PhysicsWorld         - Using strategy: BRUTE_FORCE
17:59:47.231 [FXGL Background Thread 1 ] DEBUG GameScene            - Game scene initialized: 1080x720
17:59:47.254 [FXGL Background Thread 1 ] DEBUG FXGL.DefaultMenu     - createMenuBodyGameMenu()
17:59:47.284 [FXGL Background Thread 1 ] DEBUG FXGL.DefaultMenu     - createOptionsMenu()
17:59:47.303 [FXGL Background Thread 1 ] DEBUG FXGLAssetLoaderServi - Loading from file system: jar:file:/C:/Users/24771/.m2/repository/com/github/almasb/fxgl/11.17/fxgl-11.17.jar!/fxglassets/textures/particles/smoke.png
17:59:47.469 [FXGL Background Thread 1 ] DEBUG FXGLAssetLoaderServi - Loading from file system: jar:file:/C:/Users/24771/.m2/repository/com/github/almasb/fxgl/11.17/fxgl-11.17.jar!/fxglassets/textures/particles/trace_horizontal.png
17:59:47.526 [FXGL Background Thread 1 ] DEBUG GameApplicationServi - Application scenes initialized
17:59:47.549 [FXGL Background Thread 1 ] DEBUG SystemBundleService  - Loading FXGL system data
17:59:47.557 [FXGL Background Thread 1 ] DEBUG FileSystemAccess     - Reading from: C:\project\wonderfulStory\system\fxgl.bundle
17:59:47.567 [FXGL Background Thread 1 ] DEBUG SystemBundleService  - Bundle FXGL: {}
17:59:47.568 [FXGL Background Thread 1 ] DEBUG UpdaterService       - Checking for updates
17:59:47.628 [FXGL Background Thread 4 ] DEBUG FXGLApplication      - Loading fonts
17:59:47.629 [FXGL Background Thread 1 ] DEBUG FXGLApplication      - Loading default localization
17:59:47.629 [FXGL Background Thread 4 ] DEBUG FXGLAssetLoaderServi - Loading from file system: jar:file:/C:/Users/24771/.m2/repository/com/github/almasb/fxgl/11.17/fxgl-11.17.jar!/fxglassets/ui/fonts/VarelaRound-Regular.ttf
17:59:47.631 [FXGL Background Thread 1 ] DEBUG FXGLAssetLoaderServi - Loading from file system: jar:file:/C:/Users/24771/.m2/repository/com/github/almasb/fxgl/11.17/fxgl-11.17.jar!/fxglassets/languages/english.lang
17:59:47.662 [FXGL Background Thread 1 ] INFO  FXGLApplication      - FXGL initialization took: 0.887 sec
17:59:47.685 [JavaFX Application Thread] DEBUG Input                - Registered new binding: up - W
17:59:47.686 [JavaFX Application Thread] DEBUG Input                - Registered new binding: down - S
17:59:47.687 [JavaFX Application Thread] DEBUG Input                - Registered new binding: left - A
17:59:47.688 [JavaFX Application Thread] DEBUG Input                - Registered new binding: right - D
17:59:47.689 [JavaFX Application Thread] DEBUG Input                - Registered new binding: show talk - P
17:59:47.690 [JavaFX Application Thread] DEBUG FXGLAssetLoaderServi - Loading from file system: jar:file:/C:/Users/24771/.m2/repository/com/github/almasb/fxgl/11.17/fxgl-11.17.jar!/fxglassets/textures/fxgl_icon.png
17:59:47.736 [JavaFX Application Thread] DEBUG FXGLAssetLoaderServi - Loading from file system: jar:file:/C:/Users/24771/.m2/repository/com/github/almasb/fxgl/11.17/fxgl-11.17.jar!/fxglassets/textures/fxgl_default_cursor.png
17:59:47.742 [JavaFX Application Thread] DEBUG Input                - Registered new binding: Screenshot - CTRL+8
17:59:47.743 [JavaFX Application Thread] DEBUG Input                - Registered new binding: Dev Options - 1
17:59:47.744 [JavaFX Application Thread] DEBUG Input                - Registered new binding: Dev Console - 2
17:59:47.746 [JavaFX Application Thread] DEBUG Input                - Registered new binding: System info dump - CTRL+9
17:59:47.747 [JavaFX Application Thread] DEBUG Input                - Registered new binding: Restart - CTRL+R
17:59:47.749 [JavaFX Application Thread] DEBUG Input                - Registered new binding: Toggle Debug Camera - CTRL+C
17:59:47.757 [JavaFX Application Thread] DEBUG LoopRunner           - Starting loop
17:59:47.797 [JavaFX Application Thread] DEBUG LoopRunner           - Initializing JavaFX AnimationTimerLoop
17:59:47.802 [JavaFX Application Thread] DEBUG GameApplicationServi - Starting new game
17:59:47.803 [JavaFX Application Thread] DEBUG Input                - Clearing active input actions
17:59:47.830 [JavaFX Application Thread] DEBUG GameApplicationServi - Removing overlay from FXGLStartupScene and adding to FXGLLoadingScene
17:59:47.839 [JavaFX Application Thread] DEBUG PrimaryStageWindow   - FXGLStartupScene -> FXGLLoadingScene
17:59:47.839 [JavaFX Application Thread] DEBUG GameApplicationServi - Clearing previous game
17:59:47.840 [JavaFX Application Thread] DEBUG GameScene            - Clearing game scene
17:59:47.841 [JavaFX Application Thread] DEBUG GameWorld            - Clearing game world
17:59:47.841 [JavaFX Application Thread] DEBUG PhysicsWorld         - Clearing physics world
17:59:47.845 [FXGL Background Thread 1 ] DEBUG FXGLApplication      - Initializing game
17:59:47.922 [FXGL Background Thread 1 ] WARN  TMXLevelLoader       - TiledMap generated from 1.7.1. Supported version: 1.2.3. Some features may not be parsed fully.
17:59:47.955 [FXGL Background Thread 4 ] DEBUG FXGLAssetLoaderServi - Loading from file system: jar:file:/C:/Users/24771/.m2/repository/com/github/almasb/fxgl/11.17/fxgl-11.17.jar!/fxglassets/ui/fonts/Abel-Regular.ttf
17:59:47.956 [FXGL Background Thread 1 ] DEBUG TMXLevelLoader       - Parsed TiledMap: file:/C:/project/wonderfulStory/wonder/target/classes/assets/levels/tmx/new_home.tmx
17:59:47.958 [FXGL Background Thread 1 ] DEBUG TMXLevelLoader       - Creating tile layer entities
17:59:47.960 [FXGL Background Thread 1 ] DEBUG TilesetLoader        - Loading view for layer nowone
17:59:47.981 [FXGL Background Thread 4 ] DEBUG FXGLAssetLoaderServi - Loading from file system: jar:file:/C:/Users/24771/.m2/repository/com/github/almasb/fxgl/11.17/fxgl-11.17.jar!/fxglassets/ui/fonts/lucida_console.ttf
17:59:47.998 [FXGL Background Thread 1 ] DEBUG TilesetLoader        - Created buffer with size 3200.0x3200.0
17:59:48.025 [FXGL Background Thread 4 ] DEBUG FXGLAssetLoaderServi - Loading from file system: jar:file:/C:/Users/24771/.m2/repository/com/github/almasb/fxgl/11.17/fxgl-11.17.jar!/fxglassets/ui/fonts/Courier-Prime.ttf
17:59:48.031 [FXGL Background Thread 2 ] WARN  UpdaterService       - Failed to find updates: java.net.UnknownHostException: raw.githubusercontent.com
17:59:48.154 [FXGL Background Thread 1 ] DEBUG TMXLevelLoader       - Creating object layer entities
17:59:48.157 [FXGL Background Thread 1 ] DEBUG GameWorld            - Clearing removable entities
17:59:48.158 [FXGL Background Thread 1 ] DEBUG GameWorld            - Setting level: com.almasb.fxgl.entity.level.Level@9194b2f
17:59:48.225 [FXGL Background Thread 1 ] INFO  FXGLApplication      - Game initialization took: 0.380 sec
17:59:48.338 [JavaFX Application Thread] DEBUG FXGLApplication      - Registering font factories with UI factory
17:59:48.346 [JavaFX Application Thread] DEBUG Input                - Clearing active input actions
17:59:48.368 [JavaFX Application Thread] DEBUG GameApplicationServi - Removing overlay from FXGLLoadingScene and adding to GameScene
17:59:48.378 [JavaFX Application Thread] DEBUG PrimaryStageWindow   - FXGLLoadingScene -> GameScene
17:59:50.624 [FXGL Background Thread 3 ] DEBUG Engine               - Logging environment variables
17:59:50.625 [FXGL Background Thread 3 ] DEBUG Engine               - achievements: []
17:59:50.626 [FXGL Background Thread 3 ] DEBUG Engine               - actualHeight: 720.0
17:59:50.626 [FXGL Background Thread 3 ] DEBUG Engine               - actualHeightProperty: ReadOnlyDoubleProperty [value: 720.0]
17:59:50.626 [FXGL Background Thread 3 ] DEBUG Engine               - actualWidth: 1080.0
17:59:50.626 [FXGL Background Thread 3 ] DEBUG Engine               - actualWidthProperty: ReadOnlyDoubleProperty [value: 1080.0]
17:59:50.627 [FXGL Background Thread 3 ] DEBUG Engine               - appIcon: fxgl_icon.png
17:59:50.627 [FXGL Background Thread 3 ] DEBUG Engine               - applicationMode: DEVELOPER
17:59:50.627 [FXGL Background Thread 3 ] DEBUG Engine               - cSSList: [fxgl_dark.css]
17:59:50.627 [FXGL Background Thread 3 ] DEBUG Engine               - collisionDetectionStrategy: BRUTE_FORCE
17:59:50.627 [FXGL Background Thread 3 ] DEBUG Engine               - configClass: Optional.empty
17:59:50.627 [FXGL Background Thread 3 ] DEBUG Engine               - credits: []
17:59:50.628 [FXGL Background Thread 3 ] DEBUG Engine               - defaultCursor: CursorInfo(imageName=fxgl_default_cursor.png, hotspotX=7.0, hotspotY=6.0)
17:59:50.628 [FXGL Background Thread 3 ] DEBUG Engine               - devBBoxColorProperty: ObjectProperty [value: 0xff0000ff]
17:59:50.628 [FXGL Background Thread 3 ] DEBUG Engine               - devEnableDebugCameraProperty: BooleanProperty [value: false]
17:59:50.629 [FXGL Background Thread 3 ] DEBUG Engine               - devSensorColorProperty: ObjectProperty [value: 0xffff00ff]
17:59:50.629 [FXGL Background Thread 3 ] DEBUG Engine               - devShowBBoxProperty: BooleanProperty [value: false]
17:59:50.629 [FXGL Background Thread 3 ] DEBUG Engine               - devShowPositionProperty: BooleanProperty [value: false]
17:59:50.630 [FXGL Background Thread 3 ] DEBUG Engine               - enabledMenuItems: []
17:59:50.630 [FXGL Background Thread 3 ] DEBUG Engine               - engineServices: [class com.almasb.fxgl.app.services.FXGLAssetLoaderService, class com.almasb.fxgl.app.FXGLApplication$GameApplicationService, class com.almasb.fxgl.app.services.FXGLDialogService, class com.almasb.fxgl.app.services.IOTaskExecutorService, class com.almasb.fxgl.io.FileSystemService, class com.almasb.fxgl.localization.LocalizationService, class com.almasb.fxgl.app.services.SystemBundleService, class com.almasb.fxgl.profile.SaveLoadService, class com.almasb.fxgl.ui.FXGLUIFactoryServiceProvider, class com.almasb.fxgl.ui.FXGLDialogFactoryServiceProvider, class com.almasb.fxgl.audio.AudioPlayer, class com.almasb.fxgl.notification.impl.NotificationServiceProvider, class com.almasb.fxgl.achievement.AchievementService, class com.almasb.fxgl.cutscene.CutsceneService, class com.almasb.fxgl.minigames.MiniGameService, class com.almasb.fxgl.net.NetService, class com.almasb.fxgl.app.services.UpdaterService, class com.almasb.fxgl.dev.DevService]
17:59:50.631 [FXGL Background Thread 3 ] DEBUG Engine               - fontGame: Abel-Regular.ttf
17:59:50.631 [FXGL Background Thread 3 ] DEBUG Engine               - fontMono: lucida_console.ttf
17:59:50.631 [FXGL Background Thread 3 ] DEBUG Engine               - fontText: Courier-Prime.ttf
17:59:50.632 [FXGL Background Thread 3 ] DEBUG Engine               - fontUI: VarelaRound-Regular.ttf
17:59:50.632 [FXGL Background Thread 3 ] DEBUG Engine               - fullScreen: BooleanProperty [value: false]
17:59:50.632 [FXGL Background Thread 3 ] DEBUG Engine               - gameDifficulty: MEDIUM
17:59:50.633 [FXGL Background Thread 3 ] DEBUG Engine               - gameDifficultyProperty: ObjectProperty [value: MEDIUM]
17:59:50.633 [FXGL Background Thread 3 ] DEBUG Engine               - globalMusicVolume: 0.5
17:59:50.633 [FXGL Background Thread 3 ] DEBUG Engine               - globalMusicVolumeProperty: DoubleProperty [value: 0.5]
17:59:50.634 [FXGL Background Thread 3 ] DEBUG Engine               - globalSoundVolume: 0.5
17:59:50.634 [FXGL Background Thread 3 ] DEBUG Engine               - globalSoundVolumeProperty: DoubleProperty [value: 0.5]
17:59:50.634 [FXGL Background Thread 3 ] DEBUG Engine               - height: 720
17:59:50.634 [FXGL Background Thread 3 ] DEBUG Engine               - is3D: false
17:59:50.634 [FXGL Background Thread 3 ] DEBUG Engine               - isAndroid: false
17:59:50.634 [FXGL Background Thread 3 ] DEBUG Engine               - isBrowser: false
17:59:50.634 [FXGL Background Thread 3 ] DEBUG Engine               - isClickFeedbackEnabled: false
17:59:50.634 [FXGL Background Thread 3 ] DEBUG Engine               - isCloseConfirmation: false
17:59:50.635 [FXGL Background Thread 3 ] DEBUG Engine               - isDesktop: true
17:59:50.635 [FXGL Background Thread 3 ] DEBUG Engine               - isDeveloperMenuEnabled: true
17:59:50.635 [FXGL Background Thread 3 ] DEBUG Engine               - isEntityPreloadEnabled: true
17:59:50.635 [FXGL Background Thread 3 ] DEBUG Engine               - isExperimentalTiledLargeMap: false
17:59:50.635 [FXGL Background Thread 3 ] DEBUG Engine               - isFileSystemWriteAllowed: true
17:59:50.636 [FXGL Background Thread 3 ] DEBUG Engine               - isFullScreenAllowed: false
17:59:50.636 [FXGL Background Thread 3 ] DEBUG Engine               - isFullScreenFromStart: false
17:59:50.637 [FXGL Background Thread 3 ] DEBUG Engine               - isGameMenuEnabled: true
17:59:50.638 [FXGL Background Thread 3 ] DEBUG Engine               - isIOS: false
17:59:50.638 [FXGL Background Thread 3 ] DEBUG Engine               - isIntroEnabled: false
17:59:50.639 [FXGL Background Thread 3 ] DEBUG Engine               - isLinux: false
17:59:50.640 [FXGL Background Thread 3 ] DEBUG Engine               - isMac: false
17:59:50.640 [FXGL Background Thread 3 ] DEBUG Engine               - isMainMenuEnabled: false
17:59:50.640 [FXGL Background Thread 3 ] DEBUG Engine               - isManualResizeEnabled: false
17:59:50.640 [FXGL Background Thread 3 ] DEBUG Engine               - isMobile: false
17:59:50.640 [FXGL Background Thread 3 ] DEBUG Engine               - isNative: false
17:59:50.640 [FXGL Background Thread 3 ] DEBUG Engine               - isPauseMusicWhenMinimized: true
17:59:50.640 [FXGL Background Thread 3 ] DEBUG Engine               - isPreserveResizeRatio: false
17:59:50.641 [FXGL Background Thread 3 ] DEBUG Engine               - isProfilingEnabled: false
17:59:50.641 [FXGL Background Thread 3 ] DEBUG Engine               - isScaleAffectedOnResize: true
17:59:50.642 [FXGL Background Thread 3 ] DEBUG Engine               - isSingleStep: false
17:59:50.642 [FXGL Background Thread 3 ] DEBUG Engine               - isUserProfileEnabled: false
17:59:50.642 [FXGL Background Thread 3 ] DEBUG Engine               - isWindows: true
17:59:50.642 [FXGL Background Thread 3 ] DEBUG Engine               - language: ObjectProperty [value: ENGLISH]
17:59:50.642 [FXGL Background Thread 3 ] DEBUG Engine               - menuKey: ESCAPE
17:59:50.643 [FXGL Background Thread 3 ] DEBUG Engine               - mouseSensitivity: 0.2
17:59:50.643 [FXGL Background Thread 3 ] DEBUG Engine               - notificationViewClass: class com.almasb.fxgl.notification.view.XboxNotificationView
17:59:50.643 [FXGL Background Thread 3 ] DEBUG Engine               - pixelsPerMeter: 50.0
17:59:50.643 [FXGL Background Thread 3 ] DEBUG Engine               - platform: WINDOWS
17:59:50.643 [FXGL Background Thread 3 ] DEBUG Engine               - prefHeightProperty: ReadOnlyDoubleProperty [value: 720.0]
17:59:50.643 [FXGL Background Thread 3 ] DEBUG Engine               - prefWidthProperty: ReadOnlyDoubleProperty [value: 1080.0]
17:59:50.644 [FXGL Background Thread 3 ] DEBUG Engine               - profileDir: profiles/
17:59:50.644 [FXGL Background Thread 3 ] DEBUG Engine               - profileName: StringProperty [value: DEFAULT]
17:59:50.644 [FXGL Background Thread 3 ] DEBUG Engine               - randomSeed: -1
17:59:50.644 [FXGL Background Thread 3 ] DEBUG Engine               - runtimeInfo: RuntimeInfo(platform=WINDOWS, version=11.17, build=16.07.2021 15.46)
17:59:50.644 [FXGL Background Thread 3 ] DEBUG Engine               - saveFileExt: sav
17:59:50.646 [FXGL Background Thread 3 ] DEBUG Engine               - scaledHeightProp$fxgl: DoubleProperty [bound, value: 720.0]
17:59:50.646 [FXGL Background Thread 3 ] DEBUG Engine               - scaledWidthProp$fxgl: DoubleProperty [bound, value: 1080.0]
17:59:50.646 [FXGL Background Thread 3 ] DEBUG Engine               - sceneFactory: com.almasb.fxgl.app.scene.SceneFactory@576f2ed8
17:59:50.646 [FXGL Background Thread 3 ] DEBUG Engine               - secondsIn24h: 60
17:59:50.647 [FXGL Background Thread 3 ] DEBUG Engine               - soundMenuBack: menu/back.wav
17:59:50.647 [FXGL Background Thread 3 ] DEBUG Engine               - soundMenuPress: menu/press.wav
17:59:50.647 [FXGL Background Thread 3 ] DEBUG Engine               - soundMenuSelect: menu/select.wav
17:59:50.647 [FXGL Background Thread 3 ] DEBUG Engine               - soundNotification: core/notification.wav
17:59:50.648 [FXGL Background Thread 3 ] DEBUG Engine               - stageStyle: DECORATED
17:59:50.648 [FXGL Background Thread 3 ] DEBUG Engine               - supportedLanguages: [ENGLISH, FRENCH, GERMAN, HUNGARIAN, RUSSIAN]
17:59:50.648 [FXGL Background Thread 3 ] DEBUG Engine               - ticksPerSecond: -1
17:59:50.648 [FXGL Background Thread 3 ] DEBUG Engine               - title: demo
17:59:50.649 [FXGL Background Thread 3 ] DEBUG Engine               - urlGithub: https://github.com/AlmasB/FXGL
17:59:50.649 [FXGL Background Thread 3 ] DEBUG Engine               - urlLeaderboard: http://fxgl-top.herokuapp.com/
17:59:50.649 [FXGL Background Thread 3 ] DEBUG Engine               - urlPOM: https://raw.githubusercontent.com/AlmasB/FXGL/release/README.md
17:59:50.649 [FXGL Background Thread 3 ] DEBUG Engine               - userAppClass: class com.dam.wonder.GameApp
17:59:50.649 [FXGL Background Thread 3 ] DEBUG Engine               - version: 0.0
17:59:50.649 [FXGL Background Thread 3 ] DEBUG Engine               - versionCheckDays: 7
17:59:50.649 [FXGL Background Thread 3 ] DEBUG Engine               - width: 1080
17:59:50.650 [FXGL Background Thread 3 ] DEBUG Engine               - Logging services
17:59:50.650 [FXGL Background Thread 3 ] DEBUG Engine               - class com.almasb.fxgl.app.services.FXGLAssetLoaderService
17:59:50.650 [FXGL Background Thread 3 ] DEBUG Engine               - class com.almasb.fxgl.app.FXGLApplication$GameApplicationService
17:59:50.650 [FXGL Background Thread 3 ] DEBUG Engine               - class com.almasb.fxgl.app.services.FXGLDialogService
17:59:50.650 [FXGL Background Thread 3 ] DEBUG Engine               - class com.almasb.fxgl.app.services.IOTaskExecutorService
17:59:50.651 [FXGL Background Thread 3 ] DEBUG Engine               - class com.almasb.fxgl.io.FileSystemService
17:59:50.651 [FXGL Background Thread 3 ] DEBUG Engine               - class com.almasb.fxgl.localization.LocalizationService
17:59:50.651 [FXGL Background Thread 3 ] DEBUG Engine               - class com.almasb.fxgl.app.services.SystemBundleService
17:59:50.651 [FXGL Background Thread 3 ] DEBUG Engine               - class com.almasb.fxgl.profile.SaveLoadService
17:59:50.651 [FXGL Background Thread 3 ] DEBUG Engine               - class com.almasb.fxgl.ui.FXGLUIFactoryServiceProvider
17:59:50.651 [FXGL Background Thread 3 ] DEBUG Engine               - class com.almasb.fxgl.ui.FXGLDialogFactoryServiceProvider
17:59:50.651 [FXGL Background Thread 3 ] DEBUG Engine               - class com.almasb.fxgl.audio.AudioPlayer
17:59:50.652 [FXGL Background Thread 3 ] DEBUG Engine               - class com.almasb.fxgl.notification.impl.NotificationServiceProvider
17:59:50.652 [FXGL Background Thread 3 ] DEBUG Engine               - class com.almasb.fxgl.achievement.AchievementService
17:59:50.652 [FXGL Background Thread 3 ] DEBUG Engine               - class com.almasb.fxgl.cutscene.CutsceneService
17:59:50.652 [FXGL Background Thread 3 ] DEBUG Engine               - class com.almasb.fxgl.minigames.MiniGameService
17:59:50.652 [FXGL Background Thread 3 ] DEBUG Engine               - class com.almasb.fxgl.net.NetService
17:59:50.653 [FXGL Background Thread 3 ] DEBUG Engine               - class com.almasb.fxgl.app.services.UpdaterService
17:59:50.653 [FXGL Background Thread 3 ] DEBUG Engine               - class com.almasb.fxgl.dev.DevService
18:01:15.364 [JavaFX Application Thread] DEBUG FXGLApplication      - Exiting FXGL
18:01:15.364 [JavaFX Application Thread] DEBUG LoopRunner           - Stopping loop
18:01:15.365 [JavaFX Application Thread] DEBUG SystemBundleService  - Saving FXGL system data
18:01:15.366 [JavaFX Application Thread] DEBUG FileSystemAccess     - Writing to: C:\project\wonderfulStory\system\fxgl.bundle
18:01:15.368 [JavaFX Application Thread] DEBUG Async                - Shutting down background threads
18:01:15.368 [JavaFX Application Thread] DEBUG PrimaryStageWindow   - Closing main window
18:01:15.393 [JavaFX Application Thread] DEBUG Logger               - Closing Logger
