14:44:08.773 [restartedMain            ] DEBUG Logger               - Configured Logger
14:44:08.776 [restartedMain            ] DEBUG GameApplication      - Logging settings
Title: 奇妙物语
Version: demo01
Width: 1080
Height: 720
Fullscreen: false
Intro: false
Profiling: false
Single step:false
App Mode: DEVELOPER
Menu Key: ESCAPE
Stage Style: DECORATED
Scene Factory: class com.almasb.fxgl.app.scene.SceneFactory

14:44:09.144 [JavaFX Application Thread] DEBUG FXGLApplication      - Initializing FXGL
14:44:09.148 [JavaFX Application Thread] INFO  Engine               - FXGL-11.16 (25.05.2021 08.16) on WINDOWS (J:16.0.1 FX:16)
14:44:09.148 [JavaFX Application Thread] DEBUG Engine               - JRE Vendor Name: Oracle Corporation
14:44:09.149 [JavaFX Application Thread] DEBUG Engine               - Running on OS: Windows 10 version 10.0
14:44:09.149 [JavaFX Application Thread] DEBUG Engine               - Architecture: amd64
14:44:09.150 [JavaFX Application Thread] INFO  Engine               - Source code and latest versions at: https://github.com/AlmasB/FXGL
14:44:09.151 [JavaFX Application Thread] INFO  Engine               -              Join the FXGL chat at: https://gitter.im/AlmasB/FXGL
14:44:09.313 [JavaFX Application Thread] DEBUG PrimaryStageWindow   - Creating a JavaFX scene
14:44:09.376 [JavaFX Application Thread] DEBUG PrimaryStageWindow   - Target settings size: 1080.0 x 720.0
14:44:09.376 [JavaFX Application Thread] DEBUG PrimaryStageWindow   - Scaled scene size:    1080.0 x 720.0
14:44:09.377 [JavaFX Application Thread] DEBUG PrimaryStageWindow   - Scaled ratio: (1.0, 1.0)
14:44:09.380 [JavaFX Application Thread] DEBUG PrimaryStageWindow   - Set initial scene to FXGLStartupScene
14:44:09.392 [JavaFX Application Thread] DEBUG PrimaryStageWindow   - Opening main window
14:44:09.645 [JavaFX Application Thread] DEBUG PrimaryStageWindow   - Window border size: (14.4000244140625, 37.5999755859375)
14:44:09.645 [JavaFX Application Thread] DEBUG PrimaryStageWindow   - Scaled size: 1080.0 x 720.0
14:44:09.645 [JavaFX Application Thread] DEBUG PrimaryStageWindow   - Scaled ratio: (1.0, 1.0)
14:44:09.646 [JavaFX Application Thread] DEBUG PrimaryStageWindow   - Scene size: 1080.0 x 720.0
14:44:09.646 [JavaFX Application Thread] DEBUG PrimaryStageWindow   - Stage size: 1094.4000244140625 x 757.5999755859375
14:44:09.657 [FXGL Background Thread 1 ] DEBUG Engine               - Initializing environment variables
14:44:09.703 [FXGL Background Thread 1 ] DEBUG FXGLAssetLoaderServi - User app class for loading assets: class com.dam.wonder.view.game.BasicGameSample
14:44:09.703 [FXGL Background Thread 1 ] DEBUG GameApplicationServi - Applying CSS: fxgl_dark.css
14:44:09.705 [FXGL Background Thread 1 ] DEBUG FXGLAssetLoaderServi - Loading from file system: jar:file:/C:/Users/24771/.m2/repository/com/github/almasb/fxgl/11.16/fxgl-11.16.jar!/fxglassets/ui/css/fxgl_dark.css
14:44:09.807 [FXGL Background Thread 1 ] DEBUG GameApplicationServi - Initializing application scenes
14:44:09.903 [FXGL Background Thread 1 ] DEBUG GameWorld            - Game world initialized
14:44:10.004 [FXGL Background Thread 1 ] DEBUG PhysicsWorld         - Physics world initialized: appHeight=720, physics.ppm=50.0
14:44:10.004 [FXGL Background Thread 1 ] DEBUG PhysicsWorld         - Using strategy: BRUTE_FORCE
14:44:10.009 [FXGL Background Thread 1 ] DEBUG GameScene            - Game scene initialized: 1080x720
14:44:10.029 [FXGL Background Thread 1 ] DEBUG FXGL.DefaultMenu     - createMenuBodyGameMenu()
14:44:10.054 [FXGL Background Thread 1 ] DEBUG FXGL.DefaultMenu     - createOptionsMenu()
14:44:10.067 [FXGL Background Thread 1 ] DEBUG FXGLAssetLoaderServi - Loading from file system: jar:file:/C:/Users/24771/.m2/repository/com/github/almasb/fxgl/11.16/fxgl-11.16.jar!/fxglassets/textures/particles/smoke.png
14:44:10.222 [FXGL Background Thread 1 ] DEBUG FXGLAssetLoaderServi - Loading from file system: jar:file:/C:/Users/24771/.m2/repository/com/github/almasb/fxgl/11.16/fxgl-11.16.jar!/fxglassets/textures/particles/trace_horizontal.png
14:44:10.243 [FXGL Background Thread 1 ] DEBUG GameApplicationServi - Application scenes initialized
14:44:10.257 [FXGL Background Thread 1 ] DEBUG SystemBundleService  - Loading FXGL system data
14:44:10.261 [FXGL Background Thread 1 ] DEBUG FileSystemAccess     - Reading from: C:\project\wonderfulStory\system\fxgl.bundle
14:44:10.264 [FXGL Background Thread 1 ] DEBUG SystemBundleService  - Bundle FXGL: {}
14:44:10.265 [FXGL Background Thread 1 ] DEBUG UpdaterService       - Checking for updates
14:44:10.271 [FXGL Background Thread 4 ] DEBUG FXGLApplication      - Loading fonts
14:44:10.272 [FXGL Background Thread 1 ] DEBUG FXGLApplication      - Loading default localization
14:44:10.272 [FXGL Background Thread 4 ] DEBUG FXGLAssetLoaderServi - Loading from file system: jar:file:/C:/Users/24771/.m2/repository/com/github/almasb/fxgl/11.16/fxgl-11.16.jar!/fxglassets/ui/fonts/VarelaRound-Regular.ttf
14:44:10.274 [FXGL Background Thread 1 ] DEBUG FXGLAssetLoaderServi - Loading from file system: jar:file:/C:/Users/24771/.m2/repository/com/github/almasb/fxgl/11.16/fxgl-11.16.jar!/fxglassets/languages/english.lang
14:44:10.297 [FXGL Background Thread 1 ] INFO  FXGLApplication      - FXGL initialization took: 0.640 sec
14:44:10.303 [FXGL Background Thread 4 ] DEBUG FXGLAssetLoaderServi - Loading from file system: jar:file:/C:/Users/24771/.m2/repository/com/github/almasb/fxgl/11.16/fxgl-11.16.jar!/fxglassets/ui/fonts/Abel-Regular.ttf
14:44:10.308 [JavaFX Application Thread] DEBUG Input                - Registered new binding: move up - W
14:44:10.309 [JavaFX Application Thread] DEBUG Input                - Registered new binding: move down - S
14:44:10.309 [JavaFX Application Thread] DEBUG Input                - Registered new binding: move left - A
14:44:10.310 [JavaFX Application Thread] DEBUG Input                - Registered new binding: move right - D
14:44:10.322 [FXGL Background Thread 4 ] DEBUG FXGLAssetLoaderServi - Loading from file system: jar:file:/C:/Users/24771/.m2/repository/com/github/almasb/fxgl/11.16/fxgl-11.16.jar!/fxglassets/ui/fonts/lucida_console.ttf
14:44:10.342 [FXGL Background Thread 4 ] DEBUG FXGLAssetLoaderServi - Loading from file system: jar:file:/C:/Users/24771/.m2/repository/com/github/almasb/fxgl/11.16/fxgl-11.16.jar!/fxglassets/ui/fonts/Courier-Prime.ttf
14:44:10.425 [JavaFX Application Thread] DEBUG FXGLAssetLoaderServi - Loading from file system: file:/C:/project/wonderfulStory/wonder/target/classes/assets/textures/player.png
14:44:10.441 [JavaFX Application Thread] DEBUG FXGLAssetLoaderServi - Loading from file system: jar:file:/C:/Users/24771/.m2/repository/com/github/almasb/fxgl/11.16/fxgl-11.16.jar!/fxglassets/textures/fxgl_icon.png
14:44:10.468 [JavaFX Application Thread] DEBUG FXGLAssetLoaderServi - Loading from file system: jar:file:/C:/Users/24771/.m2/repository/com/github/almasb/fxgl/11.16/fxgl-11.16.jar!/fxglassets/textures/fxgl_default_cursor.png
14:44:10.472 [JavaFX Application Thread] DEBUG Input                - Registered new binding: Screenshot - CTRL+8
14:44:10.474 [JavaFX Application Thread] DEBUG Input                - Registered new binding: System info dump - CTRL+9
14:44:10.475 [JavaFX Application Thread] DEBUG Input                - Registered new binding: Restart - CTRL+R
14:44:10.476 [JavaFX Application Thread] DEBUG Input                - Registered new binding: Toggle Debug Camera - CTRL+C
14:44:10.479 [JavaFX Application Thread] DEBUG LoopRunner           - Starting loop
14:44:10.480 [JavaFX Application Thread] DEBUG LoopRunner           - Initializing JavaFX AnimationTimerLoop
14:44:10.482 [JavaFX Application Thread] DEBUG GameApplicationServi - Starting new game
14:44:10.483 [JavaFX Application Thread] DEBUG Input                - Clearing active input actions
14:44:10.513 [JavaFX Application Thread] DEBUG GameApplicationServi - Removing overlay from FXGLStartupScene and adding to FXGLLoadingScene
14:44:10.514 [JavaFX Application Thread] DEBUG PrimaryStageWindow   - FXGLStartupScene -> FXGLLoadingScene
14:44:10.514 [JavaFX Application Thread] DEBUG GameApplicationServi - Clearing previous game
14:44:10.514 [JavaFX Application Thread] DEBUG GameScene            - Clearing game scene
14:44:10.515 [JavaFX Application Thread] DEBUG GameWorld            - Clearing game world
14:44:10.515 [JavaFX Application Thread] DEBUG PhysicsWorld         - Clearing physics world
14:44:10.518 [FXGL Background Thread 4 ] DEBUG FXGLApplication      - Initializing game
14:44:10.524 [FXGL Background Thread 2 ] WARN  UpdaterService       - Failed to find updates: java.net.UnknownHostException: raw.githubusercontent.com
14:44:10.525 [JavaFX Application Thread] DEBUG FXGLApplication      - Registering font factories with UI factory
14:44:10.527 [FXGL Background Thread 4 ] INFO  FXGLApplication      - Game initialization took: 0.009 sec
14:44:10.585 [JavaFX Application Thread] DEBUG Input                - Clearing active input actions
14:44:10.598 [JavaFX Application Thread] DEBUG GameApplicationServi - Removing overlay from FXGLLoadingScene and adding to GameScene
14:44:10.599 [JavaFX Application Thread] DEBUG PrimaryStageWindow   - FXGLLoadingScene -> GameScene
14:44:13.270 [FXGL Background Thread 3 ] DEBUG Engine               - Logging environment variables
14:44:13.270 [FXGL Background Thread 3 ] DEBUG Engine               - achievements: []
14:44:13.270 [FXGL Background Thread 3 ] DEBUG Engine               - actualHeight: 720.0
14:44:13.270 [FXGL Background Thread 3 ] DEBUG Engine               - actualHeightProperty: ReadOnlyDoubleProperty [value: 720.0]
14:44:13.270 [FXGL Background Thread 3 ] DEBUG Engine               - actualWidth: 1080.0
14:44:13.270 [FXGL Background Thread 3 ] DEBUG Engine               - actualWidthProperty: ReadOnlyDoubleProperty [value: 1080.0]
14:44:13.270 [FXGL Background Thread 3 ] DEBUG Engine               - appIcon: fxgl_icon.png
14:44:13.270 [FXGL Background Thread 3 ] DEBUG Engine               - applicationMode: DEVELOPER
14:44:13.271 [FXGL Background Thread 3 ] DEBUG Engine               - cSSList: [fxgl_dark.css]
14:44:13.271 [FXGL Background Thread 3 ] DEBUG Engine               - collisionDetectionStrategy: BRUTE_FORCE
14:44:13.271 [FXGL Background Thread 3 ] DEBUG Engine               - configClass: Optional.empty
14:44:13.271 [FXGL Background Thread 3 ] DEBUG Engine               - credits: []
14:44:13.271 [FXGL Background Thread 3 ] DEBUG Engine               - defaultCursor: CursorInfo(imageName=fxgl_default_cursor.png, hotspotX=7.0, hotspotY=6.0)
14:44:13.271 [FXGL Background Thread 3 ] DEBUG Engine               - devBBoxColorProperty: ObjectProperty [value: 0xff0000ff]
14:44:13.272 [FXGL Background Thread 3 ] DEBUG Engine               - devEnableDebugCameraProperty: BooleanProperty [value: false]
14:44:13.272 [FXGL Background Thread 3 ] DEBUG Engine               - devSensorColorProperty: ObjectProperty [value: 0xffff00ff]
14:44:13.272 [FXGL Background Thread 3 ] DEBUG Engine               - devShowBBoxProperty: BooleanProperty [value: false]
14:44:13.272 [FXGL Background Thread 3 ] DEBUG Engine               - devShowPositionProperty: BooleanProperty [value: false]
14:44:13.273 [FXGL Background Thread 3 ] DEBUG Engine               - enabledMenuItems: []
14:44:13.273 [FXGL Background Thread 3 ] DEBUG Engine               - engineServices: [class com.almasb.fxgl.app.services.FXGLAssetLoaderService, class com.almasb.fxgl.app.FXGLApplication$GameApplicationService, class com.almasb.fxgl.app.services.FXGLDialogService, class com.almasb.fxgl.app.services.IOTaskExecutorService, class com.almasb.fxgl.io.FileSystemService, class com.almasb.fxgl.localization.LocalizationService, class com.almasb.fxgl.app.services.SystemBundleService, class com.almasb.fxgl.profile.SaveLoadService, class com.almasb.fxgl.ui.FXGLUIFactoryServiceProvider, class com.almasb.fxgl.ui.FXGLDialogFactoryServiceProvider, class com.almasb.fxgl.audio.AudioPlayer, class com.almasb.fxgl.notification.impl.NotificationServiceProvider, class com.almasb.fxgl.achievement.AchievementService, class com.almasb.fxgl.cutscene.CutsceneService, class com.almasb.fxgl.minigames.MiniGameService, class com.almasb.fxgl.net.NetService, class com.almasb.fxgl.app.services.UpdaterService, class com.almasb.fxgl.dev.DevService]
14:44:13.273 [FXGL Background Thread 3 ] DEBUG Engine               - fontGame: Abel-Regular.ttf
14:44:13.273 [FXGL Background Thread 3 ] DEBUG Engine               - fontMono: lucida_console.ttf
14:44:13.273 [FXGL Background Thread 3 ] DEBUG Engine               - fontText: Courier-Prime.ttf
14:44:13.274 [FXGL Background Thread 3 ] DEBUG Engine               - fontUI: VarelaRound-Regular.ttf
14:44:13.274 [FXGL Background Thread 3 ] DEBUG Engine               - fullScreen: BooleanProperty [value: false]
14:44:13.274 [FXGL Background Thread 3 ] DEBUG Engine               - gameDifficulty: MEDIUM
14:44:13.274 [FXGL Background Thread 3 ] DEBUG Engine               - gameDifficultyProperty: ObjectProperty [value: MEDIUM]
14:44:13.275 [FXGL Background Thread 3 ] DEBUG Engine               - globalMusicVolume: 0.5
14:44:13.275 [FXGL Background Thread 3 ] DEBUG Engine               - globalMusicVolumeProperty: DoubleProperty [value: 0.5]
14:44:13.275 [FXGL Background Thread 3 ] DEBUG Engine               - globalSoundVolume: 0.5
14:44:13.275 [FXGL Background Thread 3 ] DEBUG Engine               - globalSoundVolumeProperty: DoubleProperty [value: 0.5]
14:44:13.275 [FXGL Background Thread 3 ] DEBUG Engine               - height: 720
14:44:13.275 [FXGL Background Thread 3 ] DEBUG Engine               - is3D: false
14:44:13.275 [FXGL Background Thread 3 ] DEBUG Engine               - isAndroid: false
14:44:13.275 [FXGL Background Thread 3 ] DEBUG Engine               - isBrowser: false
14:44:13.276 [FXGL Background Thread 3 ] DEBUG Engine               - isClickFeedbackEnabled: false
14:44:13.276 [FXGL Background Thread 3 ] DEBUG Engine               - isCloseConfirmation: false
14:44:13.276 [FXGL Background Thread 3 ] DEBUG Engine               - isDesktop: true
14:44:13.276 [FXGL Background Thread 3 ] DEBUG Engine               - isDeveloperMenuEnabled: false
14:44:13.276 [FXGL Background Thread 3 ] DEBUG Engine               - isEntityPreloadEnabled: true
14:44:13.276 [FXGL Background Thread 3 ] DEBUG Engine               - isExperimentalTiledLargeMap: false
14:44:13.277 [FXGL Background Thread 3 ] DEBUG Engine               - isFileSystemWriteAllowed: true
14:44:13.277 [FXGL Background Thread 3 ] DEBUG Engine               - isFullScreenAllowed: false
14:44:13.277 [FXGL Background Thread 3 ] DEBUG Engine               - isFullScreenFromStart: false
14:44:13.277 [FXGL Background Thread 3 ] DEBUG Engine               - isGameMenuEnabled: true
14:44:13.277 [FXGL Background Thread 3 ] DEBUG Engine               - isIOS: false
14:44:13.278 [FXGL Background Thread 3 ] DEBUG Engine               - isIntroEnabled: false
14:44:13.278 [FXGL Background Thread 3 ] DEBUG Engine               - isLinux: false
14:44:13.278 [FXGL Background Thread 3 ] DEBUG Engine               - isMac: false
14:44:13.278 [FXGL Background Thread 3 ] DEBUG Engine               - isMainMenuEnabled: false
14:44:13.279 [FXGL Background Thread 3 ] DEBUG Engine               - isManualResizeEnabled: false
14:44:13.279 [FXGL Background Thread 3 ] DEBUG Engine               - isMobile: false
14:44:13.279 [FXGL Background Thread 3 ] DEBUG Engine               - isNative: false
14:44:13.279 [FXGL Background Thread 3 ] DEBUG Engine               - isPreserveResizeRatio: false
14:44:13.279 [FXGL Background Thread 3 ] DEBUG Engine               - isProfilingEnabled: false
14:44:13.279 [FXGL Background Thread 3 ] DEBUG Engine               - isScaleAffectedOnResize: true
14:44:13.279 [FXGL Background Thread 3 ] DEBUG Engine               - isSingleStep: false
14:44:13.280 [FXGL Background Thread 3 ] DEBUG Engine               - isUserProfileEnabled: false
14:44:13.280 [FXGL Background Thread 3 ] DEBUG Engine               - isWindows: true
14:44:13.280 [FXGL Background Thread 3 ] DEBUG Engine               - language: ObjectProperty [value: ENGLISH]
14:44:13.280 [FXGL Background Thread 3 ] DEBUG Engine               - menuKey: ESCAPE
14:44:13.280 [FXGL Background Thread 3 ] DEBUG Engine               - mouseSensitivity: 0.2
14:44:13.280 [FXGL Background Thread 3 ] DEBUG Engine               - notificationViewClass: class com.almasb.fxgl.notification.view.XboxNotificationView
14:44:13.280 [FXGL Background Thread 3 ] DEBUG Engine               - pixelsPerMeter: 50.0
14:44:13.280 [FXGL Background Thread 3 ] DEBUG Engine               - platform: WINDOWS
14:44:13.280 [FXGL Background Thread 3 ] DEBUG Engine               - prefHeightProperty: ReadOnlyDoubleProperty [value: 720.0]
14:44:13.280 [FXGL Background Thread 3 ] DEBUG Engine               - prefWidthProperty: ReadOnlyDoubleProperty [value: 1080.0]
14:44:13.281 [FXGL Background Thread 3 ] DEBUG Engine               - profileDir: profiles/
14:44:13.281 [FXGL Background Thread 3 ] DEBUG Engine               - profileName: StringProperty [value: DEFAULT]
14:44:13.281 [FXGL Background Thread 3 ] DEBUG Engine               - randomSeed: -1
14:44:13.281 [FXGL Background Thread 3 ] DEBUG Engine               - runtimeInfo: RuntimeInfo(platform=WINDOWS, version=11.16, build=25.05.2021 08.16)
14:44:13.281 [FXGL Background Thread 3 ] DEBUG Engine               - saveFileExt: sav
14:44:13.281 [FXGL Background Thread 3 ] DEBUG Engine               - scaledHeightProp$fxgl: DoubleProperty [bound, value: 720.0]
14:44:13.283 [FXGL Background Thread 3 ] DEBUG Engine               - scaledWidthProp$fxgl: DoubleProperty [bound, value: 1080.0]
14:44:13.283 [FXGL Background Thread 3 ] DEBUG Engine               - sceneFactory: com.almasb.fxgl.app.scene.SceneFactory@512fd852
14:44:13.283 [FXGL Background Thread 3 ] DEBUG Engine               - secondsIn24h: 60
14:44:13.283 [FXGL Background Thread 3 ] DEBUG Engine               - soundMenuBack: menu/back.wav
14:44:13.283 [FXGL Background Thread 3 ] DEBUG Engine               - soundMenuPress: menu/press.wav
14:44:13.283 [FXGL Background Thread 3 ] DEBUG Engine               - soundMenuSelect: menu/select.wav
14:44:13.283 [FXGL Background Thread 3 ] DEBUG Engine               - soundNotification: core/notification.wav
14:44:13.283 [FXGL Background Thread 3 ] DEBUG Engine               - stageStyle: DECORATED
14:44:13.283 [FXGL Background Thread 3 ] DEBUG Engine               - supportedLanguages: [ENGLISH, FRENCH, GERMAN, HUNGARIAN, RUSSIAN]
14:44:13.283 [FXGL Background Thread 3 ] DEBUG Engine               - ticksPerSecond: -1
14:44:13.283 [FXGL Background Thread 3 ] DEBUG Engine               - title: 奇妙物语
14:44:13.283 [FXGL Background Thread 3 ] DEBUG Engine               - urlGithub: https://github.com/AlmasB/FXGL
14:44:13.283 [FXGL Background Thread 3 ] DEBUG Engine               - urlLeaderboard: http://fxgl-top.herokuapp.com/
14:44:13.284 [FXGL Background Thread 3 ] DEBUG Engine               - urlPOM: https://raw.githubusercontent.com/AlmasB/FXGL/release/README.md
14:44:13.284 [FXGL Background Thread 3 ] DEBUG Engine               - userAppClass: class com.dam.wonder.view.game.BasicGameSample
14:44:13.284 [FXGL Background Thread 3 ] DEBUG Engine               - version: demo01
14:44:13.284 [FXGL Background Thread 3 ] DEBUG Engine               - versionCheckDays: 7
14:44:13.284 [FXGL Background Thread 3 ] DEBUG Engine               - width: 1080
14:44:13.285 [FXGL Background Thread 3 ] DEBUG Engine               - Logging services
14:44:13.285 [FXGL Background Thread 3 ] DEBUG Engine               - class com.almasb.fxgl.app.services.FXGLAssetLoaderService
14:44:13.285 [FXGL Background Thread 3 ] DEBUG Engine               - class com.almasb.fxgl.app.FXGLApplication$GameApplicationService
14:44:13.285 [FXGL Background Thread 3 ] DEBUG Engine               - class com.almasb.fxgl.app.services.FXGLDialogService
14:44:13.285 [FXGL Background Thread 3 ] DEBUG Engine               - class com.almasb.fxgl.app.services.IOTaskExecutorService
14:44:13.285 [FXGL Background Thread 3 ] DEBUG Engine               - class com.almasb.fxgl.io.FileSystemService
14:44:13.285 [FXGL Background Thread 3 ] DEBUG Engine               - class com.almasb.fxgl.localization.LocalizationService
14:44:13.285 [FXGL Background Thread 3 ] DEBUG Engine               - class com.almasb.fxgl.app.services.SystemBundleService
14:44:13.286 [FXGL Background Thread 3 ] DEBUG Engine               - class com.almasb.fxgl.profile.SaveLoadService
14:44:13.286 [FXGL Background Thread 3 ] DEBUG Engine               - class com.almasb.fxgl.ui.FXGLUIFactoryServiceProvider
14:44:13.286 [FXGL Background Thread 3 ] DEBUG Engine               - class com.almasb.fxgl.ui.FXGLDialogFactoryServiceProvider
14:44:13.286 [FXGL Background Thread 3 ] DEBUG Engine               - class com.almasb.fxgl.audio.AudioPlayer
14:44:13.286 [FXGL Background Thread 3 ] DEBUG Engine               - class com.almasb.fxgl.notification.impl.NotificationServiceProvider
14:44:13.286 [FXGL Background Thread 3 ] DEBUG Engine               - class com.almasb.fxgl.achievement.AchievementService
14:44:13.287 [FXGL Background Thread 3 ] DEBUG Engine               - class com.almasb.fxgl.cutscene.CutsceneService
14:44:13.287 [FXGL Background Thread 3 ] DEBUG Engine               - class com.almasb.fxgl.minigames.MiniGameService
14:44:13.287 [FXGL Background Thread 3 ] DEBUG Engine               - class com.almasb.fxgl.net.NetService
14:44:13.288 [FXGL Background Thread 3 ] DEBUG Engine               - class com.almasb.fxgl.app.services.UpdaterService
14:44:13.288 [FXGL Background Thread 3 ] DEBUG Engine               - class com.almasb.fxgl.dev.DevService
14:44:33.092 [JavaFX Application Thread] DEBUG FXGLApplication      - Exiting FXGL
14:44:33.092 [JavaFX Application Thread] DEBUG LoopRunner           - Stopping loop
14:44:33.092 [JavaFX Application Thread] DEBUG SystemBundleService  - Saving FXGL system data
14:44:33.095 [JavaFX Application Thread] DEBUG FileSystemAccess     - Writing to: C:\project\wonderfulStory\system\fxgl.bundle
14:44:33.096 [JavaFX Application Thread] DEBUG Async                - Shutting down background threads
14:44:33.096 [JavaFX Application Thread] DEBUG PrimaryStageWindow   - Closing main window
14:44:33.126 [JavaFX Application Thread] DEBUG Logger               - Closing Logger
