16:41:53.425 [restartedMain            ] DEBUG Logger               - Configured Logger
16:41:53.426 [restartedMain            ] DEBUG GameApplication      - Logging settings
Title: 奇妙物语
Version: demo01
Width: 1080
Height: 720
Fullscreen: false
Intro: false
Profiling: false
Single step:false
App Mode: DEVELOPER
Menu Key: ESCAPE
Stage Style: DECORATED
Scene Factory: class com.almasb.fxgl.app.scene.SceneFactory

16:41:53.833 [JavaFX Application Thread] DEBUG FXGLApplication      - Initializing FXGL
16:41:53.837 [JavaFX Application Thread] INFO  Engine               - FXGL-11.16 (25.05.2021 08.16) on WINDOWS (J:16.0.1 FX:16)
16:41:53.837 [JavaFX Application Thread] DEBUG Engine               - JRE Vendor Name: Oracle Corporation
16:41:53.837 [JavaFX Application Thread] DEBUG Engine               - Running on OS: Windows 10 version 10.0
16:41:53.838 [JavaFX Application Thread] DEBUG Engine               - Architecture: amd64
16:41:53.838 [JavaFX Application Thread] INFO  Engine               - Source code and latest versions at: https://github.com/AlmasB/FXGL
16:41:53.838 [JavaFX Application Thread] INFO  Engine               -              Join the FXGL chat at: https://gitter.im/AlmasB/FXGL
16:41:53.974 [JavaFX Application Thread] DEBUG PrimaryStageWindow   - Creating a JavaFX scene
16:41:54.024 [JavaFX Application Thread] DEBUG PrimaryStageWindow   - Target settings size: 1080.0 x 720.0
16:41:54.024 [JavaFX Application Thread] DEBUG PrimaryStageWindow   - Scaled scene size:    1080.0 x 720.0
16:41:54.024 [JavaFX Application Thread] DEBUG PrimaryStageWindow   - Scaled ratio: (1.0, 1.0)
16:41:54.026 [JavaFX Application Thread] DEBUG PrimaryStageWindow   - Set initial scene to FXGLStartupScene
16:41:54.037 [JavaFX Application Thread] DEBUG PrimaryStageWindow   - Opening main window
16:41:54.343 [JavaFX Application Thread] DEBUG PrimaryStageWindow   - Window border size: (14.4000244140625, 37.5999755859375)
16:41:54.344 [JavaFX Application Thread] DEBUG PrimaryStageWindow   - Scaled size: 1080.0 x 720.0
16:41:54.344 [JavaFX Application Thread] DEBUG PrimaryStageWindow   - Scaled ratio: (1.0, 1.0)
16:41:54.344 [JavaFX Application Thread] DEBUG PrimaryStageWindow   - Scene size: 1080.0 x 720.0
16:41:54.345 [JavaFX Application Thread] DEBUG PrimaryStageWindow   - Stage size: 1094.4000244140625 x 757.5999755859375
16:41:54.353 [FXGL Background Thread 1 ] DEBUG Engine               - Initializing environment variables
16:41:54.398 [FXGL Background Thread 1 ] DEBUG FXGLAssetLoaderServi - User app class for loading assets: class com.dam.wonder.view.game.BasicGameSample
16:41:54.398 [FXGL Background Thread 1 ] DEBUG GameApplicationServi - Applying CSS: fxgl_dark.css
16:41:54.401 [FXGL Background Thread 1 ] DEBUG FXGLAssetLoaderServi - Loading from file system: jar:file:/C:/Users/24771/.m2/repository/com/github/almasb/fxgl/11.16/fxgl-11.16.jar!/fxglassets/ui/css/fxgl_dark.css
16:41:54.482 [FXGL Background Thread 1 ] DEBUG GameApplicationServi - Initializing application scenes
16:41:54.579 [FXGL Background Thread 1 ] DEBUG GameWorld            - Game world initialized
16:41:54.675 [FXGL Background Thread 1 ] DEBUG PhysicsWorld         - Physics world initialized: appHeight=720, physics.ppm=50.0
16:41:54.677 [FXGL Background Thread 1 ] DEBUG PhysicsWorld         - Using strategy: BRUTE_FORCE
16:41:54.681 [FXGL Background Thread 1 ] DEBUG GameScene            - Game scene initialized: 1080x720
16:41:54.699 [FXGL Background Thread 1 ] DEBUG FXGL.DefaultMenu     - createMenuBodyGameMenu()
16:41:54.735 [FXGL Background Thread 1 ] DEBUG FXGL.DefaultMenu     - createOptionsMenu()
16:41:54.756 [FXGL Background Thread 1 ] DEBUG FXGLAssetLoaderServi - Loading from file system: jar:file:/C:/Users/24771/.m2/repository/com/github/almasb/fxgl/11.16/fxgl-11.16.jar!/fxglassets/textures/particles/smoke.png
16:41:54.945 [FXGL Background Thread 1 ] DEBUG FXGLAssetLoaderServi - Loading from file system: jar:file:/C:/Users/24771/.m2/repository/com/github/almasb/fxgl/11.16/fxgl-11.16.jar!/fxglassets/textures/particles/trace_horizontal.png
16:41:54.973 [FXGL Background Thread 1 ] DEBUG GameApplicationServi - Application scenes initialized
16:41:54.992 [FXGL Background Thread 1 ] DEBUG SystemBundleService  - Loading FXGL system data
16:41:54.995 [FXGL Background Thread 1 ] DEBUG FileSystemAccess     - Reading from: C:\project\wonderfulStory\system\fxgl.bundle
16:41:54.999 [FXGL Background Thread 1 ] DEBUG SystemBundleService  - Bundle FXGL: {}
16:41:55.000 [FXGL Background Thread 1 ] DEBUG UpdaterService       - Checking for updates
16:41:55.009 [FXGL Background Thread 4 ] DEBUG FXGLApplication      - Loading fonts
16:41:55.010 [FXGL Background Thread 1 ] DEBUG FXGLApplication      - Loading default localization
16:41:55.010 [FXGL Background Thread 4 ] DEBUG FXGLAssetLoaderServi - Loading from file system: jar:file:/C:/Users/24771/.m2/repository/com/github/almasb/fxgl/11.16/fxgl-11.16.jar!/fxglassets/ui/fonts/VarelaRound-Regular.ttf
16:41:55.011 [FXGL Background Thread 1 ] DEBUG FXGLAssetLoaderServi - Loading from file system: jar:file:/C:/Users/24771/.m2/repository/com/github/almasb/fxgl/11.16/fxgl-11.16.jar!/fxglassets/languages/english.lang
16:41:55.042 [FXGL Background Thread 1 ] INFO  FXGLApplication      - FXGL initialization took: 0.689 sec
16:41:55.049 [FXGL Background Thread 4 ] DEBUG FXGLAssetLoaderServi - Loading from file system: jar:file:/C:/Users/24771/.m2/repository/com/github/almasb/fxgl/11.16/fxgl-11.16.jar!/fxglassets/ui/fonts/Abel-Regular.ttf
16:41:55.054 [JavaFX Application Thread] DEBUG Input                - Registered new binding: wuwuwuwuw - C
16:41:55.056 [JavaFX Application Thread] DEBUG FXGLAssetLoaderServi - Loading from file system: jar:file:/C:/Users/24771/.m2/repository/com/github/almasb/fxgl/11.16/fxgl-11.16.jar!/fxglassets/textures/fxgl_icon.png
16:41:55.071 [FXGL Background Thread 4 ] DEBUG FXGLAssetLoaderServi - Loading from file system: jar:file:/C:/Users/24771/.m2/repository/com/github/almasb/fxgl/11.16/fxgl-11.16.jar!/fxglassets/ui/fonts/lucida_console.ttf
16:41:55.093 [JavaFX Application Thread] DEBUG FXGLAssetLoaderServi - Loading from file system: jar:file:/C:/Users/24771/.m2/repository/com/github/almasb/fxgl/11.16/fxgl-11.16.jar!/fxglassets/textures/fxgl_default_cursor.png
16:41:55.098 [FXGL Background Thread 4 ] DEBUG FXGLAssetLoaderServi - Loading from file system: jar:file:/C:/Users/24771/.m2/repository/com/github/almasb/fxgl/11.16/fxgl-11.16.jar!/fxglassets/ui/fonts/Courier-Prime.ttf
16:41:55.098 [JavaFX Application Thread] DEBUG Input                - Registered new binding: Screenshot - CTRL+8
16:41:55.100 [JavaFX Application Thread] DEBUG Input                - Registered new binding: System info dump - CTRL+9
16:41:55.106 [JavaFX Application Thread] DEBUG Input                - Registered new binding: Restart - CTRL+R
16:41:55.108 [JavaFX Application Thread] DEBUG Input                - Registered new binding: Toggle Debug Camera - CTRL+C
16:41:55.113 [JavaFX Application Thread] DEBUG LoopRunner           - Starting loop
16:41:55.113 [JavaFX Application Thread] DEBUG LoopRunner           - Initializing JavaFX AnimationTimerLoop
16:41:55.117 [JavaFX Application Thread] DEBUG GameApplicationServi - Starting new game
16:41:55.119 [JavaFX Application Thread] DEBUG Input                - Clearing active input actions
16:41:55.143 [JavaFX Application Thread] DEBUG GameApplicationServi - Removing overlay from FXGLStartupScene and adding to FXGLLoadingScene
16:41:55.143 [JavaFX Application Thread] DEBUG PrimaryStageWindow   - FXGLStartupScene -> FXGLLoadingScene
16:41:55.144 [JavaFX Application Thread] DEBUG GameApplicationServi - Clearing previous game
16:41:55.144 [JavaFX Application Thread] DEBUG GameScene            - Clearing game scene
16:41:55.144 [JavaFX Application Thread] DEBUG GameWorld            - Clearing game world
16:41:55.145 [JavaFX Application Thread] DEBUG PhysicsWorld         - Clearing physics world
16:41:55.149 [FXGL Background Thread 4 ] DEBUG FXGLApplication      - Initializing game
16:41:55.176 [FXGL Background Thread 4 ] INFO  FXGLApplication      - Game initialization took: 0.027 sec
16:41:55.238 [JavaFX Application Thread] DEBUG FXGLApplication      - Registering font factories with UI factory
16:41:55.249 [JavaFX Application Thread] DEBUG Input                - Clearing active input actions
16:41:55.262 [JavaFX Application Thread] DEBUG GameApplicationServi - Removing overlay from FXGLLoadingScene and adding to GameScene
16:41:55.262 [JavaFX Application Thread] DEBUG PrimaryStageWindow   - FXGLLoadingScene -> GameScene
16:41:55.331 [FXGL Background Thread 2 ] WARN  UpdaterService       - Failed to find updates: java.net.UnknownHostException: raw.githubusercontent.com
16:41:58.006 [FXGL Background Thread 3 ] DEBUG Engine               - Logging environment variables
16:41:58.006 [FXGL Background Thread 3 ] DEBUG Engine               - achievements: []
16:41:58.006 [FXGL Background Thread 3 ] DEBUG Engine               - actualHeight: 720.0
16:41:58.006 [FXGL Background Thread 3 ] DEBUG Engine               - actualHeightProperty: ReadOnlyDoubleProperty [value: 720.0]
16:41:58.007 [FXGL Background Thread 3 ] DEBUG Engine               - actualWidth: 1080.0
16:41:58.007 [FXGL Background Thread 3 ] DEBUG Engine               - actualWidthProperty: ReadOnlyDoubleProperty [value: 1080.0]
16:41:58.007 [FXGL Background Thread 3 ] DEBUG Engine               - appIcon: fxgl_icon.png
16:41:58.007 [FXGL Background Thread 3 ] DEBUG Engine               - applicationMode: DEVELOPER
16:41:58.007 [FXGL Background Thread 3 ] DEBUG Engine               - cSSList: [fxgl_dark.css]
16:41:58.007 [FXGL Background Thread 3 ] DEBUG Engine               - collisionDetectionStrategy: BRUTE_FORCE
16:41:58.007 [FXGL Background Thread 3 ] DEBUG Engine               - configClass: Optional.empty
16:41:58.007 [FXGL Background Thread 3 ] DEBUG Engine               - credits: []
16:41:58.008 [FXGL Background Thread 3 ] DEBUG Engine               - defaultCursor: CursorInfo(imageName=fxgl_default_cursor.png, hotspotX=7.0, hotspotY=6.0)
16:41:58.008 [FXGL Background Thread 3 ] DEBUG Engine               - devBBoxColorProperty: ObjectProperty [value: 0xff0000ff]
16:41:58.008 [FXGL Background Thread 3 ] DEBUG Engine               - devEnableDebugCameraProperty: BooleanProperty [value: false]
16:41:58.008 [FXGL Background Thread 3 ] DEBUG Engine               - devSensorColorProperty: ObjectProperty [value: 0xffff00ff]
16:41:58.009 [FXGL Background Thread 3 ] DEBUG Engine               - devShowBBoxProperty: BooleanProperty [value: false]
16:41:58.009 [FXGL Background Thread 3 ] DEBUG Engine               - devShowPositionProperty: BooleanProperty [value: false]
16:41:58.009 [FXGL Background Thread 3 ] DEBUG Engine               - enabledMenuItems: []
16:41:58.009 [FXGL Background Thread 3 ] DEBUG Engine               - engineServices: [class com.almasb.fxgl.app.services.FXGLAssetLoaderService, class com.almasb.fxgl.app.FXGLApplication$GameApplicationService, class com.almasb.fxgl.app.services.FXGLDialogService, class com.almasb.fxgl.app.services.IOTaskExecutorService, class com.almasb.fxgl.io.FileSystemService, class com.almasb.fxgl.localization.LocalizationService, class com.almasb.fxgl.app.services.SystemBundleService, class com.almasb.fxgl.profile.SaveLoadService, class com.almasb.fxgl.ui.FXGLUIFactoryServiceProvider, class com.almasb.fxgl.ui.FXGLDialogFactoryServiceProvider, class com.almasb.fxgl.audio.AudioPlayer, class com.almasb.fxgl.notification.impl.NotificationServiceProvider, class com.almasb.fxgl.achievement.AchievementService, class com.almasb.fxgl.cutscene.CutsceneService, class com.almasb.fxgl.minigames.MiniGameService, class com.almasb.fxgl.net.NetService, class com.almasb.fxgl.app.services.UpdaterService, class com.almasb.fxgl.dev.DevService]
16:41:58.009 [FXGL Background Thread 3 ] DEBUG Engine               - fontGame: Abel-Regular.ttf
16:41:58.009 [FXGL Background Thread 3 ] DEBUG Engine               - fontMono: lucida_console.ttf
16:41:58.009 [FXGL Background Thread 3 ] DEBUG Engine               - fontText: Courier-Prime.ttf
16:41:58.009 [FXGL Background Thread 3 ] DEBUG Engine               - fontUI: VarelaRound-Regular.ttf
16:41:58.009 [FXGL Background Thread 3 ] DEBUG Engine               - fullScreen: BooleanProperty [value: false]
16:41:58.010 [FXGL Background Thread 3 ] DEBUG Engine               - gameDifficulty: MEDIUM
16:41:58.010 [FXGL Background Thread 3 ] DEBUG Engine               - gameDifficultyProperty: ObjectProperty [value: MEDIUM]
16:41:58.010 [FXGL Background Thread 3 ] DEBUG Engine               - globalMusicVolume: 0.5
16:41:58.010 [FXGL Background Thread 3 ] DEBUG Engine               - globalMusicVolumeProperty: DoubleProperty [value: 0.5]
16:41:58.010 [FXGL Background Thread 3 ] DEBUG Engine               - globalSoundVolume: 0.5
16:41:58.010 [FXGL Background Thread 3 ] DEBUG Engine               - globalSoundVolumeProperty: DoubleProperty [value: 0.5]
16:41:58.010 [FXGL Background Thread 3 ] DEBUG Engine               - height: 720
16:41:58.010 [FXGL Background Thread 3 ] DEBUG Engine               - is3D: false
16:41:58.010 [FXGL Background Thread 3 ] DEBUG Engine               - isAndroid: false
16:41:58.011 [FXGL Background Thread 3 ] DEBUG Engine               - isBrowser: false
16:41:58.011 [FXGL Background Thread 3 ] DEBUG Engine               - isClickFeedbackEnabled: false
16:41:58.011 [FXGL Background Thread 3 ] DEBUG Engine               - isCloseConfirmation: false
16:41:58.011 [FXGL Background Thread 3 ] DEBUG Engine               - isDesktop: true
16:41:58.011 [FXGL Background Thread 3 ] DEBUG Engine               - isDeveloperMenuEnabled: false
16:41:58.011 [FXGL Background Thread 3 ] DEBUG Engine               - isEntityPreloadEnabled: true
16:41:58.011 [FXGL Background Thread 3 ] DEBUG Engine               - isExperimentalTiledLargeMap: false
16:41:58.011 [FXGL Background Thread 3 ] DEBUG Engine               - isFileSystemWriteAllowed: true
16:41:58.011 [FXGL Background Thread 3 ] DEBUG Engine               - isFullScreenAllowed: false
16:41:58.011 [FXGL Background Thread 3 ] DEBUG Engine               - isFullScreenFromStart: false
16:41:58.011 [FXGL Background Thread 3 ] DEBUG Engine               - isGameMenuEnabled: true
16:41:58.011 [FXGL Background Thread 3 ] DEBUG Engine               - isIOS: false
16:41:58.012 [FXGL Background Thread 3 ] DEBUG Engine               - isIntroEnabled: false
16:41:58.012 [FXGL Background Thread 3 ] DEBUG Engine               - isLinux: false
16:41:58.012 [FXGL Background Thread 3 ] DEBUG Engine               - isMac: false
16:41:58.012 [FXGL Background Thread 3 ] DEBUG Engine               - isMainMenuEnabled: false
16:41:58.012 [FXGL Background Thread 3 ] DEBUG Engine               - isManualResizeEnabled: false
16:41:58.012 [FXGL Background Thread 3 ] DEBUG Engine               - isMobile: false
16:41:58.012 [FXGL Background Thread 3 ] DEBUG Engine               - isNative: false
16:41:58.013 [FXGL Background Thread 3 ] DEBUG Engine               - isPreserveResizeRatio: false
16:41:58.013 [FXGL Background Thread 3 ] DEBUG Engine               - isProfilingEnabled: false
16:41:58.013 [FXGL Background Thread 3 ] DEBUG Engine               - isScaleAffectedOnResize: true
16:41:58.013 [FXGL Background Thread 3 ] DEBUG Engine               - isSingleStep: false
16:41:58.013 [FXGL Background Thread 3 ] DEBUG Engine               - isUserProfileEnabled: false
16:41:58.013 [FXGL Background Thread 3 ] DEBUG Engine               - isWindows: true
16:41:58.013 [FXGL Background Thread 3 ] DEBUG Engine               - language: ObjectProperty [value: ENGLISH]
16:41:58.014 [FXGL Background Thread 3 ] DEBUG Engine               - menuKey: ESCAPE
16:41:58.014 [FXGL Background Thread 3 ] DEBUG Engine               - mouseSensitivity: 0.2
16:41:58.014 [FXGL Background Thread 3 ] DEBUG Engine               - notificationViewClass: class com.almasb.fxgl.notification.view.XboxNotificationView
16:41:58.014 [FXGL Background Thread 3 ] DEBUG Engine               - pixelsPerMeter: 50.0
16:41:58.014 [FXGL Background Thread 3 ] DEBUG Engine               - platform: WINDOWS
16:41:58.015 [FXGL Background Thread 3 ] DEBUG Engine               - prefHeightProperty: ReadOnlyDoubleProperty [value: 720.0]
16:41:58.015 [FXGL Background Thread 3 ] DEBUG Engine               - prefWidthProperty: ReadOnlyDoubleProperty [value: 1080.0]
16:41:58.015 [FXGL Background Thread 3 ] DEBUG Engine               - profileDir: profiles/
16:41:58.015 [FXGL Background Thread 3 ] DEBUG Engine               - profileName: StringProperty [value: DEFAULT]
16:41:58.015 [FXGL Background Thread 3 ] DEBUG Engine               - randomSeed: -1
16:41:58.015 [FXGL Background Thread 3 ] DEBUG Engine               - runtimeInfo: RuntimeInfo(platform=WINDOWS, version=11.16, build=25.05.2021 08.16)
16:41:58.015 [FXGL Background Thread 3 ] DEBUG Engine               - saveFileExt: sav
16:41:58.016 [FXGL Background Thread 3 ] DEBUG Engine               - scaledHeightProp$fxgl: DoubleProperty [bound, value: 720.0]
16:41:58.016 [FXGL Background Thread 3 ] DEBUG Engine               - scaledWidthProp$fxgl: DoubleProperty [bound, value: 1080.0]
16:41:58.016 [FXGL Background Thread 3 ] DEBUG Engine               - sceneFactory: com.almasb.fxgl.app.scene.SceneFactory@3eea9ee
16:41:58.016 [FXGL Background Thread 3 ] DEBUG Engine               - secondsIn24h: 60
16:41:58.017 [FXGL Background Thread 3 ] DEBUG Engine               - soundMenuBack: menu/back.wav
16:41:58.017 [FXGL Background Thread 3 ] DEBUG Engine               - soundMenuPress: menu/press.wav
16:41:58.017 [FXGL Background Thread 3 ] DEBUG Engine               - soundMenuSelect: menu/select.wav
16:41:58.017 [FXGL Background Thread 3 ] DEBUG Engine               - soundNotification: core/notification.wav
16:41:58.017 [FXGL Background Thread 3 ] DEBUG Engine               - stageStyle: DECORATED
16:41:58.018 [FXGL Background Thread 3 ] DEBUG Engine               - supportedLanguages: [ENGLISH, FRENCH, GERMAN, HUNGARIAN, RUSSIAN]
16:41:58.018 [FXGL Background Thread 3 ] DEBUG Engine               - ticksPerSecond: -1
16:41:58.018 [FXGL Background Thread 3 ] DEBUG Engine               - title: 奇妙物语
16:41:58.018 [FXGL Background Thread 3 ] DEBUG Engine               - urlGithub: https://github.com/AlmasB/FXGL
16:41:58.018 [FXGL Background Thread 3 ] DEBUG Engine               - urlLeaderboard: http://fxgl-top.herokuapp.com/
16:41:58.018 [FXGL Background Thread 3 ] DEBUG Engine               - urlPOM: https://raw.githubusercontent.com/AlmasB/FXGL/release/README.md
16:41:58.018 [FXGL Background Thread 3 ] DEBUG Engine               - userAppClass: class com.dam.wonder.view.game.BasicGameSample
16:41:58.018 [FXGL Background Thread 3 ] DEBUG Engine               - version: demo01
16:41:58.018 [FXGL Background Thread 3 ] DEBUG Engine               - versionCheckDays: 7
16:41:58.019 [FXGL Background Thread 3 ] DEBUG Engine               - width: 1080
16:41:58.019 [FXGL Background Thread 3 ] DEBUG Engine               - Logging services
16:41:58.019 [FXGL Background Thread 3 ] DEBUG Engine               - class com.almasb.fxgl.app.services.FXGLAssetLoaderService
16:41:58.019 [FXGL Background Thread 3 ] DEBUG Engine               - class com.almasb.fxgl.app.FXGLApplication$GameApplicationService
16:41:58.020 [FXGL Background Thread 3 ] DEBUG Engine               - class com.almasb.fxgl.app.services.FXGLDialogService
16:41:58.020 [FXGL Background Thread 3 ] DEBUG Engine               - class com.almasb.fxgl.app.services.IOTaskExecutorService
16:41:58.020 [FXGL Background Thread 3 ] DEBUG Engine               - class com.almasb.fxgl.io.FileSystemService
16:41:58.020 [FXGL Background Thread 3 ] DEBUG Engine               - class com.almasb.fxgl.localization.LocalizationService
16:41:58.020 [FXGL Background Thread 3 ] DEBUG Engine               - class com.almasb.fxgl.app.services.SystemBundleService
16:41:58.020 [FXGL Background Thread 3 ] DEBUG Engine               - class com.almasb.fxgl.profile.SaveLoadService
16:41:58.020 [FXGL Background Thread 3 ] DEBUG Engine               - class com.almasb.fxgl.ui.FXGLUIFactoryServiceProvider
16:41:58.020 [FXGL Background Thread 3 ] DEBUG Engine               - class com.almasb.fxgl.ui.FXGLDialogFactoryServiceProvider
16:41:58.021 [FXGL Background Thread 3 ] DEBUG Engine               - class com.almasb.fxgl.audio.AudioPlayer
16:41:58.021 [FXGL Background Thread 3 ] DEBUG Engine               - class com.almasb.fxgl.notification.impl.NotificationServiceProvider
16:41:58.021 [FXGL Background Thread 3 ] DEBUG Engine               - class com.almasb.fxgl.achievement.AchievementService
16:41:58.022 [FXGL Background Thread 3 ] DEBUG Engine               - class com.almasb.fxgl.cutscene.CutsceneService
16:41:58.022 [FXGL Background Thread 3 ] DEBUG Engine               - class com.almasb.fxgl.minigames.MiniGameService
16:41:58.022 [FXGL Background Thread 3 ] DEBUG Engine               - class com.almasb.fxgl.net.NetService
16:41:58.022 [FXGL Background Thread 3 ] DEBUG Engine               - class com.almasb.fxgl.app.services.UpdaterService
16:41:58.022 [FXGL Background Thread 3 ] DEBUG Engine               - class com.almasb.fxgl.dev.DevService
16:41:58.388 [JavaFX Application Thread] DEBUG FXGLAssetLoaderServi - Loading from file system: file:/C:/project/wonderfulStory/wonder/target/classes/assets/textures/explosion.png
16:42:32.310 [JavaFX Application Thread] DEBUG FXGLApplication      - Exiting FXGL
16:42:32.311 [JavaFX Application Thread] DEBUG LoopRunner           - Stopping loop
16:42:32.311 [JavaFX Application Thread] DEBUG SystemBundleService  - Saving FXGL system data
16:42:32.312 [JavaFX Application Thread] DEBUG FileSystemAccess     - Writing to: C:\project\wonderfulStory\system\fxgl.bundle
16:42:32.313 [JavaFX Application Thread] DEBUG Async                - Shutting down background threads
16:42:32.314 [JavaFX Application Thread] DEBUG PrimaryStageWindow   - Closing main window
16:42:32.347 [JavaFX Application Thread] DEBUG Logger               - Closing Logger
