15:09:41.067 [main                     ] DEBUG Logger               - Configured Logger
15:09:41.078 [main                     ] DEBUG GameApplication      - Logging settings
Title: demo
Version: 0.0
Width: 1080
Height: 720
Fullscreen: false
Intro: false
Profiling: false
Single step:false
App Mode: DEVELOPER
Menu Key: ESCAPE
Stage Style: DECORATED
Scene Factory: class com.almasb.fxgl.app.scene.SceneFactory

15:09:41.626 [JavaFX Application Thread] DEBUG FXGLApplication      - Initializing FXGL
15:09:41.629 [JavaFX Application Thread] INFO  Engine               - FXGL-11.17 (16.07.2021 15.46) on WINDOWS (J:16.0.2 FX:16)
15:09:41.629 [JavaFX Application Thread] DEBUG Engine               - JRE Vendor Name: Oracle Corporation
15:09:41.630 [JavaFX Application Thread] DEBUG Engine               - Running on OS: Windows 10 version 10.0
15:09:41.630 [JavaFX Application Thread] DEBUG Engine               - Architecture: amd64
15:09:41.630 [JavaFX Application Thread] INFO  Engine               - Source code and latest versions at: https://github.com/AlmasB/FXGL
15:09:41.631 [JavaFX Application Thread] INFO  Engine               -              Join the FXGL chat at: https://gitter.im/AlmasB/FXGL
15:09:41.813 [JavaFX Application Thread] DEBUG PrimaryStageWindow   - Creating a JavaFX scene
15:09:41.876 [JavaFX Application Thread] DEBUG PrimaryStageWindow   - Target settings size: 1080.0 x 720.0
15:09:41.876 [JavaFX Application Thread] DEBUG PrimaryStageWindow   - Scaled scene size:    1080.0 x 720.0
15:09:41.877 [JavaFX Application Thread] DEBUG PrimaryStageWindow   - Scaled ratio: (1.0, 1.0)
15:09:41.878 [JavaFX Application Thread] DEBUG PrimaryStageWindow   - Set initial scene to FXGLStartupScene
15:09:41.889 [JavaFX Application Thread] DEBUG PrimaryStageWindow   - Opening main window
15:09:42.070 [JavaFX Application Thread] DEBUG PrimaryStageWindow   - Window border size: (14.4000244140625, 37.5999755859375)
15:09:42.071 [JavaFX Application Thread] DEBUG PrimaryStageWindow   - Scaled size: 1080.0 x 720.0
15:09:42.071 [JavaFX Application Thread] DEBUG PrimaryStageWindow   - Scaled ratio: (1.0, 1.0)
15:09:42.072 [JavaFX Application Thread] DEBUG PrimaryStageWindow   - Scene size: 1080.0 x 720.0
15:09:42.073 [JavaFX Application Thread] DEBUG PrimaryStageWindow   - Stage size: 1094.4000244140625 x 757.5999755859375
15:09:42.088 [FXGL Background Thread 1 ] DEBUG Engine               - Initializing environment variables
15:09:42.172 [FXGL Background Thread 1 ] DEBUG FXGLAssetLoaderServi - User app class for loading assets: class com.dam.wonder.GameApp
15:09:42.173 [FXGL Background Thread 1 ] DEBUG GameApplicationServi - Applying CSS: fxgl_dark.css
15:09:42.174 [FXGL Background Thread 1 ] DEBUG FXGLAssetLoaderServi - Loading from file system: jar:file:/C:/Users/24771/.m2/repository/com/github/almasb/fxgl/11.17/fxgl-11.17.jar!/fxglassets/ui/css/fxgl_dark.css
15:09:42.245 [FXGL Background Thread 1 ] DEBUG GameApplicationServi - Initializing application scenes
15:09:42.380 [FXGL Background Thread 1 ] DEBUG GameWorld            - Game world initialized
15:09:42.478 [FXGL Background Thread 1 ] DEBUG PhysicsWorld         - Physics world initialized: appHeight=720, physics.ppm=50.0
15:09:42.479 [FXGL Background Thread 1 ] DEBUG PhysicsWorld         - Using strategy: BRUTE_FORCE
15:09:42.498 [FXGL Background Thread 1 ] DEBUG GameScene            - Game scene initialized: 1080x720
15:09:42.521 [FXGL Background Thread 1 ] DEBUG FXGL.DefaultMenu     - createMenuBodyGameMenu()
15:09:42.557 [FXGL Background Thread 1 ] DEBUG FXGL.DefaultMenu     - createOptionsMenu()
15:09:42.582 [FXGL Background Thread 1 ] DEBUG FXGLAssetLoaderServi - Loading from file system: jar:file:/C:/Users/24771/.m2/repository/com/github/almasb/fxgl/11.17/fxgl-11.17.jar!/fxglassets/textures/particles/smoke.png
15:09:42.777 [FXGL Background Thread 1 ] DEBUG FXGLAssetLoaderServi - Loading from file system: jar:file:/C:/Users/24771/.m2/repository/com/github/almasb/fxgl/11.17/fxgl-11.17.jar!/fxglassets/textures/particles/trace_horizontal.png
15:09:42.837 [FXGL Background Thread 1 ] DEBUG GameApplicationServi - Application scenes initialized
15:09:42.870 [FXGL Background Thread 1 ] DEBUG SystemBundleService  - Loading FXGL system data
15:09:42.881 [FXGL Background Thread 1 ] DEBUG FileSystemAccess     - Reading from: C:\project\wonderfulStory\system\fxgl.bundle
15:09:42.894 [FXGL Background Thread 1 ] DEBUG SystemBundleService  - Bundle FXGL: {}
15:09:42.894 [FXGL Background Thread 1 ] DEBUG UpdaterService       - Checking for updates
15:09:42.965 [FXGL Background Thread 4 ] DEBUG FXGLApplication      - Loading fonts
15:09:42.966 [FXGL Background Thread 1 ] DEBUG FXGLApplication      - Loading default localization
15:09:42.967 [FXGL Background Thread 4 ] DEBUG FXGLAssetLoaderServi - Loading from file system: jar:file:/C:/Users/24771/.m2/repository/com/github/almasb/fxgl/11.17/fxgl-11.17.jar!/fxglassets/ui/fonts/VarelaRound-Regular.ttf
15:09:42.977 [FXGL Background Thread 1 ] DEBUG FXGLAssetLoaderServi - Loading from file system: jar:file:/C:/Users/24771/.m2/repository/com/github/almasb/fxgl/11.17/fxgl-11.17.jar!/fxglassets/languages/english.lang
15:09:43.023 [FXGL Background Thread 1 ] INFO  FXGLApplication      - FXGL initialization took: 0.935 sec
15:09:43.046 [JavaFX Application Thread] DEBUG Input                - Registered new binding: up - W
15:09:43.046 [JavaFX Application Thread] DEBUG Input                - Registered new binding: down - S
15:09:43.048 [JavaFX Application Thread] DEBUG Input                - Registered new binding: left - A
15:09:43.049 [JavaFX Application Thread] DEBUG Input                - Registered new binding: right - D
15:09:43.052 [JavaFX Application Thread] DEBUG FXGLAssetLoaderServi - Loading from file system: jar:file:/C:/Users/24771/.m2/repository/com/github/almasb/fxgl/11.17/fxgl-11.17.jar!/fxglassets/textures/fxgl_icon.png
15:09:43.119 [JavaFX Application Thread] DEBUG FXGLAssetLoaderServi - Loading from file system: jar:file:/C:/Users/24771/.m2/repository/com/github/almasb/fxgl/11.17/fxgl-11.17.jar!/fxglassets/textures/fxgl_default_cursor.png
15:09:43.125 [JavaFX Application Thread] DEBUG Input                - Registered new binding: Screenshot - CTRL+8
15:09:43.127 [JavaFX Application Thread] DEBUG Input                - Registered new binding: Dev Options - 1
15:09:43.128 [JavaFX Application Thread] DEBUG Input                - Registered new binding: Dev Console - 2
15:09:43.129 [JavaFX Application Thread] DEBUG Input                - Registered new binding: System info dump - CTRL+9
15:09:43.131 [JavaFX Application Thread] DEBUG Input                - Registered new binding: Restart - CTRL+R
15:09:43.133 [JavaFX Application Thread] DEBUG Input                - Registered new binding: Toggle Debug Camera - CTRL+C
15:09:43.141 [JavaFX Application Thread] DEBUG LoopRunner           - Starting loop
15:09:43.181 [JavaFX Application Thread] DEBUG LoopRunner           - Initializing JavaFX AnimationTimerLoop
15:09:43.185 [JavaFX Application Thread] DEBUG GameApplicationServi - Starting new game
15:09:43.187 [JavaFX Application Thread] DEBUG Input                - Clearing active input actions
15:09:43.215 [JavaFX Application Thread] DEBUG GameApplicationServi - Removing overlay from FXGLStartupScene and adding to FXGLLoadingScene
15:09:43.222 [JavaFX Application Thread] DEBUG PrimaryStageWindow   - FXGLStartupScene -> FXGLLoadingScene
15:09:43.222 [JavaFX Application Thread] DEBUG GameApplicationServi - Clearing previous game
15:09:43.223 [JavaFX Application Thread] DEBUG GameScene            - Clearing game scene
15:09:43.223 [JavaFX Application Thread] DEBUG GameWorld            - Clearing game world
15:09:43.223 [JavaFX Application Thread] DEBUG PhysicsWorld         - Clearing physics world
15:09:43.227 [FXGL Background Thread 1 ] DEBUG FXGLApplication      - Initializing game
15:09:43.301 [FXGL Background Thread 4 ] DEBUG FXGLAssetLoaderServi - Loading from file system: jar:file:/C:/Users/24771/.m2/repository/com/github/almasb/fxgl/11.17/fxgl-11.17.jar!/fxglassets/ui/fonts/Abel-Regular.ttf
15:09:43.320 [FXGL Background Thread 4 ] DEBUG FXGLAssetLoaderServi - Loading from file system: jar:file:/C:/Users/24771/.m2/repository/com/github/almasb/fxgl/11.17/fxgl-11.17.jar!/fxglassets/ui/fonts/lucida_console.ttf
15:09:43.322 [FXGL Background Thread 1 ] WARN  TMXLevelLoader       - TiledMap generated from 1.7.1. Supported version: 1.2.3. Some features may not be parsed fully.
15:09:43.359 [FXGL Background Thread 4 ] DEBUG FXGLAssetLoaderServi - Loading from file system: jar:file:/C:/Users/24771/.m2/repository/com/github/almasb/fxgl/11.17/fxgl-11.17.jar!/fxglassets/ui/fonts/Courier-Prime.ttf
15:09:43.381 [FXGL Background Thread 1 ] DEBUG TMXLevelLoader       - Parsed TiledMap: file:/C:/project/wonderfulStory/wonder/target/classes/assets/levels/tmx/obj_test.tmx
15:09:43.384 [FXGL Background Thread 1 ] DEBUG TMXLevelLoader       - Creating tile layer entities
15:09:43.386 [FXGL Background Thread 1 ] DEBUG TilesetLoader        - Loading view for layer ground
15:09:43.435 [FXGL Background Thread 1 ] DEBUG TilesetLoader        - Created buffer with size 3200.0x3200.0
15:09:43.479 [FXGL Background Thread 2 ] WARN  UpdaterService       - Failed to find updates: java.net.UnknownHostException: raw.githubusercontent.com
15:09:43.577 [FXGL Background Thread 1 ] DEBUG TilesetLoader        - Loading view for layer items
15:09:43.621 [FXGL Background Thread 1 ] DEBUG TilesetLoader        - Created buffer with size 3200.0x3200.0
15:09:43.674 [FXGL Background Thread 1 ] DEBUG TMXLevelLoader       - Creating object layer entities
15:09:43.712 [FXGL Background Thread 1 ] DEBUG GameWorld            - Clearing removable entities
15:09:43.713 [FXGL Background Thread 1 ] DEBUG GameWorld            - Setting level: com.almasb.fxgl.entity.level.Level@2609f04b
15:09:43.798 [FXGL Background Thread 1 ] INFO  FXGLApplication      - Game initialization took: 0.571 sec
15:09:43.808 [JavaFX Application Thread] DEBUG FXGLApplication      - Registering font factories with UI factory
15:09:44.040 [JavaFX Application Thread] DEBUG Input                - Clearing active input actions
15:09:44.063 [JavaFX Application Thread] DEBUG GameApplicationServi - Removing overlay from FXGLLoadingScene and adding to GameScene
15:09:44.072 [JavaFX Application Thread] DEBUG PrimaryStageWindow   - FXGLLoadingScene -> GameScene
15:09:45.962 [FXGL Background Thread 3 ] DEBUG Engine               - Logging environment variables
15:09:45.962 [FXGL Background Thread 3 ] DEBUG Engine               - achievements: []
15:09:45.962 [FXGL Background Thread 3 ] DEBUG Engine               - actualHeight: 720.0
15:09:45.963 [FXGL Background Thread 3 ] DEBUG Engine               - actualHeightProperty: ReadOnlyDoubleProperty [value: 720.0]
15:09:45.963 [FXGL Background Thread 3 ] DEBUG Engine               - actualWidth: 1080.0
15:09:45.963 [FXGL Background Thread 3 ] DEBUG Engine               - actualWidthProperty: ReadOnlyDoubleProperty [value: 1080.0]
15:09:45.963 [FXGL Background Thread 3 ] DEBUG Engine               - appIcon: fxgl_icon.png
15:09:45.963 [FXGL Background Thread 3 ] DEBUG Engine               - applicationMode: DEVELOPER
15:09:45.963 [FXGL Background Thread 3 ] DEBUG Engine               - cSSList: [fxgl_dark.css]
15:09:45.964 [FXGL Background Thread 3 ] DEBUG Engine               - collisionDetectionStrategy: BRUTE_FORCE
15:09:45.964 [FXGL Background Thread 3 ] DEBUG Engine               - configClass: Optional.empty
15:09:45.964 [FXGL Background Thread 3 ] DEBUG Engine               - credits: []
15:09:45.965 [FXGL Background Thread 3 ] DEBUG Engine               - defaultCursor: CursorInfo(imageName=fxgl_default_cursor.png, hotspotX=7.0, hotspotY=6.0)
15:09:45.965 [FXGL Background Thread 3 ] DEBUG Engine               - devBBoxColorProperty: ObjectProperty [value: 0xff0000ff]
15:09:45.966 [FXGL Background Thread 3 ] DEBUG Engine               - devEnableDebugCameraProperty: BooleanProperty [value: false]
15:09:45.966 [FXGL Background Thread 3 ] DEBUG Engine               - devSensorColorProperty: ObjectProperty [value: 0xffff00ff]
15:09:45.967 [FXGL Background Thread 3 ] DEBUG Engine               - devShowBBoxProperty: BooleanProperty [value: false]
15:09:45.967 [FXGL Background Thread 3 ] DEBUG Engine               - devShowPositionProperty: BooleanProperty [value: false]
15:09:45.967 [FXGL Background Thread 3 ] DEBUG Engine               - enabledMenuItems: []
15:09:45.967 [FXGL Background Thread 3 ] DEBUG Engine               - engineServices: [class com.almasb.fxgl.app.services.FXGLAssetLoaderService, class com.almasb.fxgl.app.FXGLApplication$GameApplicationService, class com.almasb.fxgl.app.services.FXGLDialogService, class com.almasb.fxgl.app.services.IOTaskExecutorService, class com.almasb.fxgl.io.FileSystemService, class com.almasb.fxgl.localization.LocalizationService, class com.almasb.fxgl.app.services.SystemBundleService, class com.almasb.fxgl.profile.SaveLoadService, class com.almasb.fxgl.ui.FXGLUIFactoryServiceProvider, class com.almasb.fxgl.ui.FXGLDialogFactoryServiceProvider, class com.almasb.fxgl.audio.AudioPlayer, class com.almasb.fxgl.notification.impl.NotificationServiceProvider, class com.almasb.fxgl.achievement.AchievementService, class com.almasb.fxgl.cutscene.CutsceneService, class com.almasb.fxgl.minigames.MiniGameService, class com.almasb.fxgl.net.NetService, class com.almasb.fxgl.app.services.UpdaterService, class com.almasb.fxgl.dev.DevService]
15:09:45.967 [FXGL Background Thread 3 ] DEBUG Engine               - fontGame: Abel-Regular.ttf
15:09:45.968 [FXGL Background Thread 3 ] DEBUG Engine               - fontMono: lucida_console.ttf
15:09:45.968 [FXGL Background Thread 3 ] DEBUG Engine               - fontText: Courier-Prime.ttf
15:09:45.968 [FXGL Background Thread 3 ] DEBUG Engine               - fontUI: VarelaRound-Regular.ttf
15:09:45.968 [FXGL Background Thread 3 ] DEBUG Engine               - fullScreen: BooleanProperty [value: false]
15:09:45.968 [FXGL Background Thread 3 ] DEBUG Engine               - gameDifficulty: MEDIUM
15:09:45.968 [FXGL Background Thread 3 ] DEBUG Engine               - gameDifficultyProperty: ObjectProperty [value: MEDIUM]
15:09:45.969 [FXGL Background Thread 3 ] DEBUG Engine               - globalMusicVolume: 0.5
15:09:45.969 [FXGL Background Thread 3 ] DEBUG Engine               - globalMusicVolumeProperty: DoubleProperty [value: 0.5]
15:09:45.969 [FXGL Background Thread 3 ] DEBUG Engine               - globalSoundVolume: 0.5
15:09:45.969 [FXGL Background Thread 3 ] DEBUG Engine               - globalSoundVolumeProperty: DoubleProperty [value: 0.5]
15:09:45.969 [FXGL Background Thread 3 ] DEBUG Engine               - height: 720
15:09:45.970 [FXGL Background Thread 3 ] DEBUG Engine               - is3D: true
15:09:45.970 [FXGL Background Thread 3 ] DEBUG Engine               - isAndroid: false
15:09:45.970 [FXGL Background Thread 3 ] DEBUG Engine               - isBrowser: false
15:09:45.970 [FXGL Background Thread 3 ] DEBUG Engine               - isClickFeedbackEnabled: false
15:09:45.970 [FXGL Background Thread 3 ] DEBUG Engine               - isCloseConfirmation: false
15:09:45.970 [FXGL Background Thread 3 ] DEBUG Engine               - isDesktop: true
15:09:45.970 [FXGL Background Thread 3 ] DEBUG Engine               - isDeveloperMenuEnabled: true
15:09:45.971 [FXGL Background Thread 3 ] DEBUG Engine               - isEntityPreloadEnabled: true
15:09:45.971 [FXGL Background Thread 3 ] DEBUG Engine               - isExperimentalTiledLargeMap: false
15:09:45.971 [FXGL Background Thread 3 ] DEBUG Engine               - isFileSystemWriteAllowed: true
15:09:45.971 [FXGL Background Thread 3 ] DEBUG Engine               - isFullScreenAllowed: false
15:09:45.971 [FXGL Background Thread 3 ] DEBUG Engine               - isFullScreenFromStart: false
15:09:45.971 [FXGL Background Thread 3 ] DEBUG Engine               - isGameMenuEnabled: true
15:09:45.971 [FXGL Background Thread 3 ] DEBUG Engine               - isIOS: false
15:09:45.972 [FXGL Background Thread 3 ] DEBUG Engine               - isIntroEnabled: false
15:09:45.972 [FXGL Background Thread 3 ] DEBUG Engine               - isLinux: false
15:09:45.972 [FXGL Background Thread 3 ] DEBUG Engine               - isMac: false
15:09:45.972 [FXGL Background Thread 3 ] DEBUG Engine               - isMainMenuEnabled: false
15:09:45.972 [FXGL Background Thread 3 ] DEBUG Engine               - isManualResizeEnabled: false
15:09:45.972 [FXGL Background Thread 3 ] DEBUG Engine               - isMobile: false
15:09:45.973 [FXGL Background Thread 3 ] DEBUG Engine               - isNative: false
15:09:45.973 [FXGL Background Thread 3 ] DEBUG Engine               - isPauseMusicWhenMinimized: true
15:09:45.973 [FXGL Background Thread 3 ] DEBUG Engine               - isPreserveResizeRatio: false
15:09:45.973 [FXGL Background Thread 3 ] DEBUG Engine               - isProfilingEnabled: false
15:09:45.974 [FXGL Background Thread 3 ] DEBUG Engine               - isScaleAffectedOnResize: true
15:09:45.974 [FXGL Background Thread 3 ] DEBUG Engine               - isSingleStep: false
15:09:45.974 [FXGL Background Thread 3 ] DEBUG Engine               - isUserProfileEnabled: false
15:09:45.974 [FXGL Background Thread 3 ] DEBUG Engine               - isWindows: true
15:09:45.974 [FXGL Background Thread 3 ] DEBUG Engine               - language: ObjectProperty [value: ENGLISH]
15:09:45.975 [FXGL Background Thread 3 ] DEBUG Engine               - menuKey: ESCAPE
15:09:45.975 [FXGL Background Thread 3 ] DEBUG Engine               - mouseSensitivity: 0.2
15:09:45.975 [FXGL Background Thread 3 ] DEBUG Engine               - notificationViewClass: class com.almasb.fxgl.notification.view.XboxNotificationView
15:09:45.975 [FXGL Background Thread 3 ] DEBUG Engine               - pixelsPerMeter: 50.0
15:09:45.975 [FXGL Background Thread 3 ] DEBUG Engine               - platform: WINDOWS
15:09:45.976 [FXGL Background Thread 3 ] DEBUG Engine               - prefHeightProperty: ReadOnlyDoubleProperty [value: 720.0]
15:09:45.976 [FXGL Background Thread 3 ] DEBUG Engine               - prefWidthProperty: ReadOnlyDoubleProperty [value: 1080.0]
15:09:45.976 [FXGL Background Thread 3 ] DEBUG Engine               - profileDir: profiles/
15:09:45.976 [FXGL Background Thread 3 ] DEBUG Engine               - profileName: StringProperty [value: DEFAULT]
15:09:45.976 [FXGL Background Thread 3 ] DEBUG Engine               - randomSeed: -1
15:09:45.976 [FXGL Background Thread 3 ] DEBUG Engine               - runtimeInfo: RuntimeInfo(platform=WINDOWS, version=11.17, build=16.07.2021 15.46)
15:09:45.977 [FXGL Background Thread 3 ] DEBUG Engine               - saveFileExt: sav
15:09:45.977 [FXGL Background Thread 3 ] DEBUG Engine               - scaledHeightProp$fxgl: DoubleProperty [bound, value: 720.0]
15:09:45.977 [FXGL Background Thread 3 ] DEBUG Engine               - scaledWidthProp$fxgl: DoubleProperty [bound, value: 1080.0]
15:09:45.977 [FXGL Background Thread 3 ] DEBUG Engine               - sceneFactory: com.almasb.fxgl.app.scene.SceneFactory@473125ce
15:09:45.977 [FXGL Background Thread 3 ] DEBUG Engine               - secondsIn24h: 60
15:09:45.978 [FXGL Background Thread 3 ] DEBUG Engine               - soundMenuBack: menu/back.wav
15:09:45.978 [FXGL Background Thread 3 ] DEBUG Engine               - soundMenuPress: menu/press.wav
15:09:45.978 [FXGL Background Thread 3 ] DEBUG Engine               - soundMenuSelect: menu/select.wav
15:09:45.978 [FXGL Background Thread 3 ] DEBUG Engine               - soundNotification: core/notification.wav
15:09:45.978 [FXGL Background Thread 3 ] DEBUG Engine               - stageStyle: DECORATED
15:09:45.978 [FXGL Background Thread 3 ] DEBUG Engine               - supportedLanguages: [ENGLISH, FRENCH, GERMAN, HUNGARIAN, RUSSIAN]
15:09:45.979 [FXGL Background Thread 3 ] DEBUG Engine               - ticksPerSecond: -1
15:09:45.979 [FXGL Background Thread 3 ] DEBUG Engine               - title: demo
15:09:45.979 [FXGL Background Thread 3 ] DEBUG Engine               - urlGithub: https://github.com/AlmasB/FXGL
15:09:45.979 [FXGL Background Thread 3 ] DEBUG Engine               - urlLeaderboard: http://fxgl-top.herokuapp.com/
15:09:45.980 [FXGL Background Thread 3 ] DEBUG Engine               - urlPOM: https://raw.githubusercontent.com/AlmasB/FXGL/release/README.md
15:09:45.980 [FXGL Background Thread 3 ] DEBUG Engine               - userAppClass: class com.dam.wonder.GameApp
15:09:45.980 [FXGL Background Thread 3 ] DEBUG Engine               - version: 0.0
15:09:45.980 [FXGL Background Thread 3 ] DEBUG Engine               - versionCheckDays: 7
15:09:45.981 [FXGL Background Thread 3 ] DEBUG Engine               - width: 1080
15:09:45.981 [FXGL Background Thread 3 ] DEBUG Engine               - Logging services
15:09:45.981 [FXGL Background Thread 3 ] DEBUG Engine               - class com.almasb.fxgl.app.services.FXGLAssetLoaderService
15:09:45.981 [FXGL Background Thread 3 ] DEBUG Engine               - class com.almasb.fxgl.app.FXGLApplication$GameApplicationService
15:09:45.981 [FXGL Background Thread 3 ] DEBUG Engine               - class com.almasb.fxgl.app.services.FXGLDialogService
15:09:45.981 [FXGL Background Thread 3 ] DEBUG Engine               - class com.almasb.fxgl.app.services.IOTaskExecutorService
15:09:45.981 [FXGL Background Thread 3 ] DEBUG Engine               - class com.almasb.fxgl.io.FileSystemService
15:09:45.981 [FXGL Background Thread 3 ] DEBUG Engine               - class com.almasb.fxgl.localization.LocalizationService
15:09:45.982 [FXGL Background Thread 3 ] DEBUG Engine               - class com.almasb.fxgl.app.services.SystemBundleService
15:09:45.982 [FXGL Background Thread 3 ] DEBUG Engine               - class com.almasb.fxgl.profile.SaveLoadService
15:09:45.982 [FXGL Background Thread 3 ] DEBUG Engine               - class com.almasb.fxgl.ui.FXGLUIFactoryServiceProvider
15:09:45.982 [FXGL Background Thread 3 ] DEBUG Engine               - class com.almasb.fxgl.ui.FXGLDialogFactoryServiceProvider
15:09:45.982 [FXGL Background Thread 3 ] DEBUG Engine               - class com.almasb.fxgl.audio.AudioPlayer
15:09:45.982 [FXGL Background Thread 3 ] DEBUG Engine               - class com.almasb.fxgl.notification.impl.NotificationServiceProvider
15:09:45.982 [FXGL Background Thread 3 ] DEBUG Engine               - class com.almasb.fxgl.achievement.AchievementService
15:09:45.982 [FXGL Background Thread 3 ] DEBUG Engine               - class com.almasb.fxgl.cutscene.CutsceneService
15:09:45.983 [FXGL Background Thread 3 ] DEBUG Engine               - class com.almasb.fxgl.minigames.MiniGameService
15:09:45.983 [FXGL Background Thread 3 ] DEBUG Engine               - class com.almasb.fxgl.net.NetService
15:09:45.983 [FXGL Background Thread 3 ] DEBUG Engine               - class com.almasb.fxgl.app.services.UpdaterService
15:09:45.983 [FXGL Background Thread 3 ] DEBUG Engine               - class com.almasb.fxgl.dev.DevService
15:09:50.902 [JavaFX Application Thread] DEBUG FXGLApplication      - Exiting FXGL
15:09:50.902 [JavaFX Application Thread] DEBUG LoopRunner           - Stopping loop
15:09:50.903 [JavaFX Application Thread] DEBUG SystemBundleService  - Saving FXGL system data
15:09:50.908 [JavaFX Application Thread] DEBUG FileSystemAccess     - Writing to: C:\project\wonderfulStory\system\fxgl.bundle
15:09:50.910 [JavaFX Application Thread] DEBUG Async                - Shutting down background threads
15:09:50.911 [JavaFX Application Thread] DEBUG PrimaryStageWindow   - Closing main window
15:09:50.938 [JavaFX Application Thread] DEBUG Logger               - Closing Logger
