17:47:55.735 [main                     ] DEBUG Logger               - Configured Logger
17:47:55.776 [main                     ] DEBUG GameApplication      - Logging settings
Title: FXGL RTS Game
Version: 0.0
Width: 1280
Height: 720
Fullscreen: false
Intro: false
Profiling: false
Single step:false
App Mode: DEVELOPER
Menu Key: ESCAPE
Stage Style: DECORATED
Scene Factory: class com.almasb.fxgl.app.scene.SceneFactory

17:47:56.697 [JavaFX Application Thread] DEBUG FXGLApplication      - Initializing FXGL
17:47:56.704 [JavaFX Application Thread] INFO  Engine               - FXGL-11.16 (25.05.2021 08.16) on WINDOWS (J:16.0.1 FX:16)
17:47:56.705 [JavaFX Application Thread] DEBUG Engine               - JRE Vendor Name: Oracle Corporation
17:47:56.705 [JavaFX Application Thread] DEBUG Engine               - Running on OS: Windows 10 version 10.0
17:47:56.705 [JavaFX Application Thread] DEBUG Engine               - Architecture: amd64
17:47:56.706 [JavaFX Application Thread] INFO  Engine               - Source code and latest versions at: https://github.com/AlmasB/FXGL
17:47:56.706 [JavaFX Application Thread] INFO  Engine               -              Join the FXGL chat at: https://gitter.im/AlmasB/FXGL
17:47:56.986 [JavaFX Application Thread] DEBUG PrimaryStageWindow   - Creating a JavaFX scene
17:47:57.059 [JavaFX Application Thread] DEBUG PrimaryStageWindow   - Target settings size: 1280.0 x 720.0
17:47:57.059 [JavaFX Application Thread] DEBUG PrimaryStageWindow   - Scaled scene size:    1280.0 x 720.0
17:47:57.059 [JavaFX Application Thread] DEBUG PrimaryStageWindow   - Scaled ratio: (1.0, 1.0)
17:47:57.061 [JavaFX Application Thread] DEBUG PrimaryStageWindow   - Set initial scene to FXGLStartupScene
17:47:57.074 [JavaFX Application Thread] DEBUG PrimaryStageWindow   - Opening main window
17:47:57.256 [JavaFX Application Thread] DEBUG PrimaryStageWindow   - Window border size: (14.4000244140625, 37.5999755859375)
17:47:57.256 [JavaFX Application Thread] DEBUG PrimaryStageWindow   - Scaled size: 1280.0 x 720.0
17:47:57.257 [JavaFX Application Thread] DEBUG PrimaryStageWindow   - Scaled ratio: (1.0, 1.0)
17:47:57.257 [JavaFX Application Thread] DEBUG PrimaryStageWindow   - Scene size: 1280.0 x 720.0
17:47:57.258 [JavaFX Application Thread] DEBUG PrimaryStageWindow   - Stage size: 1294.4000244140625 x 757.5999755859375
17:47:57.271 [FXGL Background Thread 1 ] DEBUG Engine               - Initializing environment variables
17:47:57.333 [FXGL Background Thread 1 ] DEBUG FXGLAssetLoaderServi - User app class for loading assets: class com.dam.wonder.view.rts.RTSApp
17:47:57.333 [FXGL Background Thread 1 ] DEBUG GameApplicationServi - Applying CSS: fxgl_dark.css
17:47:57.334 [FXGL Background Thread 1 ] DEBUG FXGLAssetLoaderServi - Loading from file system: jar:file:/C:/Users/24771/.m2/repository/com/github/almasb/fxgl/11.16/fxgl-11.16.jar!/fxglassets/ui/css/fxgl_dark.css
17:47:57.400 [FXGL Background Thread 1 ] DEBUG GameApplicationServi - Initializing application scenes
17:47:57.485 [FXGL Background Thread 1 ] DEBUG GameWorld            - Game world initialized
17:47:57.559 [FXGL Background Thread 1 ] DEBUG PhysicsWorld         - Physics world initialized: appHeight=720, physics.ppm=50.0
17:47:57.560 [FXGL Background Thread 1 ] DEBUG PhysicsWorld         - Using strategy: BRUTE_FORCE
17:47:57.563 [FXGL Background Thread 1 ] DEBUG GameScene            - Game scene initialized: 1280x720
17:47:57.578 [FXGL Background Thread 1 ] DEBUG FXGL.DefaultMenu     - createMenuBodyGameMenu()
17:47:57.597 [FXGL Background Thread 1 ] DEBUG FXGL.DefaultMenu     - createOptionsMenu()
17:47:57.609 [FXGL Background Thread 1 ] DEBUG FXGLAssetLoaderServi - Loading from file system: jar:file:/C:/Users/24771/.m2/repository/com/github/almasb/fxgl/11.16/fxgl-11.16.jar!/fxglassets/textures/particles/smoke.png
17:47:57.717 [FXGL Background Thread 1 ] DEBUG FXGLAssetLoaderServi - Loading from file system: jar:file:/C:/Users/24771/.m2/repository/com/github/almasb/fxgl/11.16/fxgl-11.16.jar!/fxglassets/textures/particles/trace_horizontal.png
17:47:57.743 [FXGL Background Thread 1 ] DEBUG GameApplicationServi - Application scenes initialized
17:47:57.757 [FXGL Background Thread 1 ] DEBUG SystemBundleService  - Loading FXGL system data
17:47:57.762 [FXGL Background Thread 1 ] DEBUG FileSystemAccess     - Reading from: C:\project\wonderfulStory\system\fxgl.bundle
17:47:57.768 [FXGL Background Thread 1 ] DEBUG SystemBundleService  - Bundle FXGL: {}
17:47:57.768 [FXGL Background Thread 1 ] DEBUG UpdaterService       - Checking for updates
17:47:57.774 [FXGL Background Thread 4 ] DEBUG FXGLApplication      - Loading fonts
17:47:57.775 [FXGL Background Thread 1 ] DEBUG FXGLApplication      - Loading default localization
17:47:57.775 [FXGL Background Thread 4 ] DEBUG FXGLAssetLoaderServi - Loading from file system: jar:file:/C:/Users/24771/.m2/repository/com/github/almasb/fxgl/11.16/fxgl-11.16.jar!/fxglassets/ui/fonts/VarelaRound-Regular.ttf
17:47:57.776 [FXGL Background Thread 1 ] DEBUG FXGLAssetLoaderServi - Loading from file system: jar:file:/C:/Users/24771/.m2/repository/com/github/almasb/fxgl/11.16/fxgl-11.16.jar!/fxglassets/languages/english.lang
17:47:57.802 [FXGL Background Thread 1 ] INFO  FXGLApplication      - FXGL initialization took: 0.531 sec
17:47:57.809 [JavaFX Application Thread] DEBUG Input                - Registered new binding: action0 - LMB
17:47:57.809 [JavaFX Application Thread] DEBUG FXGLAssetLoaderServi - Loading from file system: jar:file:/C:/Users/24771/.m2/repository/com/github/almasb/fxgl/11.16/fxgl-11.16.jar!/fxglassets/textures/fxgl_icon.png
17:47:57.835 [JavaFX Application Thread] DEBUG FXGLAssetLoaderServi - Loading from file system: jar:file:/C:/Users/24771/.m2/repository/com/github/almasb/fxgl/11.16/fxgl-11.16.jar!/fxglassets/textures/fxgl_default_cursor.png
17:47:57.847 [JavaFX Application Thread] DEBUG Input                - Registered new binding: Screenshot - CTRL+8
17:47:57.848 [JavaFX Application Thread] DEBUG Input                - Registered new binding: System info dump - CTRL+9
17:47:57.849 [JavaFX Application Thread] DEBUG Input                - Registered new binding: Restart - CTRL+R
17:47:57.851 [JavaFX Application Thread] DEBUG Input                - Registered new binding: Toggle Debug Camera - CTRL+C
17:47:57.855 [JavaFX Application Thread] DEBUG LoopRunner           - Starting loop
17:47:57.855 [JavaFX Application Thread] DEBUG LoopRunner           - Initializing JavaFX AnimationTimerLoop
17:47:57.858 [JavaFX Application Thread] DEBUG GameApplicationServi - Starting new game
17:47:57.859 [JavaFX Application Thread] DEBUG Input                - Clearing active input actions
17:47:57.876 [JavaFX Application Thread] DEBUG GameApplicationServi - Removing overlay from FXGLStartupScene and adding to FXGLLoadingScene
17:47:57.877 [JavaFX Application Thread] DEBUG PrimaryStageWindow   - FXGLStartupScene -> FXGLLoadingScene
17:47:57.877 [JavaFX Application Thread] DEBUG GameApplicationServi - Clearing previous game
17:47:57.877 [JavaFX Application Thread] DEBUG GameScene            - Clearing game scene
17:47:57.877 [JavaFX Application Thread] DEBUG GameWorld            - Clearing game world
17:47:57.878 [JavaFX Application Thread] DEBUG PhysicsWorld         - Clearing physics world
17:47:57.882 [FXGL Background Thread 1 ] DEBUG FXGLApplication      - Initializing game
17:47:57.899 [FXGL Background Thread 1 ] DEBUG FXGLAssetLoaderServi - Loading from file system: file:/C:/project/wonderfulStory/wonder/target/classes/assets/textures/tree.png
17:47:57.909 [FXGL Background Thread 4 ] DEBUG FXGLAssetLoaderServi - Loading from file system: jar:file:/C:/Users/24771/.m2/repository/com/github/almasb/fxgl/11.16/fxgl-11.16.jar!/fxglassets/ui/fonts/Abel-Regular.ttf
17:47:57.925 [FXGL Background Thread 4 ] DEBUG FXGLAssetLoaderServi - Loading from file system: jar:file:/C:/Users/24771/.m2/repository/com/github/almasb/fxgl/11.16/fxgl-11.16.jar!/fxglassets/ui/fonts/lucida_console.ttf
17:47:57.939 [FXGL Background Thread 1 ] DEBUG FXGLAssetLoaderServi - Loading from file system: file:/C:/project/wonderfulStory/wonder/target/classes/assets/textures/stone.png
17:47:57.954 [FXGL Background Thread 4 ] DEBUG FXGLAssetLoaderServi - Loading from file system: jar:file:/C:/Users/24771/.m2/repository/com/github/almasb/fxgl/11.16/fxgl-11.16.jar!/fxglassets/ui/fonts/Courier-Prime.ttf
17:47:57.991 [FXGL Background Thread 1 ] INFO  FXGLApplication      - Game initialization took: 0.109 sec
17:47:58.082 [FXGL Background Thread 2 ] WARN  UpdaterService       - Failed to find updates: java.net.UnknownHostException: raw.githubusercontent.com
17:47:58.103 [JavaFX Application Thread] DEBUG Input                - Clearing active input actions
17:47:58.113 [JavaFX Application Thread] DEBUG GameApplicationServi - Removing overlay from FXGLLoadingScene and adding to GameScene
17:47:58.114 [JavaFX Application Thread] DEBUG PrimaryStageWindow   - FXGLLoadingScene -> GameScene
17:47:58.117 [JavaFX Application Thread] DEBUG FXGLApplication      - Registering font factories with UI factory
17:48:00.773 [FXGL Background Thread 3 ] DEBUG Engine               - Logging environment variables
17:48:00.773 [FXGL Background Thread 3 ] DEBUG Engine               - achievements: []
17:48:00.773 [FXGL Background Thread 3 ] DEBUG Engine               - actualHeight: 720.0
17:48:00.774 [FXGL Background Thread 3 ] DEBUG Engine               - actualHeightProperty: ReadOnlyDoubleProperty [value: 720.0]
17:48:00.774 [FXGL Background Thread 3 ] DEBUG Engine               - actualWidth: 1280.0
17:48:00.774 [FXGL Background Thread 3 ] DEBUG Engine               - actualWidthProperty: ReadOnlyDoubleProperty [value: 1280.0]
17:48:00.774 [FXGL Background Thread 3 ] DEBUG Engine               - appIcon: fxgl_icon.png
17:48:00.774 [FXGL Background Thread 3 ] DEBUG Engine               - applicationMode: DEVELOPER
17:48:00.774 [FXGL Background Thread 3 ] DEBUG Engine               - cSSList: [fxgl_dark.css]
17:48:00.775 [FXGL Background Thread 3 ] DEBUG Engine               - collisionDetectionStrategy: BRUTE_FORCE
17:48:00.775 [FXGL Background Thread 3 ] DEBUG Engine               - configClass: Optional.empty
17:48:00.775 [FXGL Background Thread 3 ] DEBUG Engine               - credits: []
17:48:00.775 [FXGL Background Thread 3 ] DEBUG Engine               - defaultCursor: CursorInfo(imageName=fxgl_default_cursor.png, hotspotX=7.0, hotspotY=6.0)
17:48:00.776 [FXGL Background Thread 3 ] DEBUG Engine               - devBBoxColorProperty: ObjectProperty [value: 0xff0000ff]
17:48:00.776 [FXGL Background Thread 3 ] DEBUG Engine               - devEnableDebugCameraProperty: BooleanProperty [value: false]
17:48:00.777 [FXGL Background Thread 3 ] DEBUG Engine               - devSensorColorProperty: ObjectProperty [value: 0xffff00ff]
17:48:00.777 [FXGL Background Thread 3 ] DEBUG Engine               - devShowBBoxProperty: BooleanProperty [value: false]
17:48:00.777 [FXGL Background Thread 3 ] DEBUG Engine               - devShowPositionProperty: BooleanProperty [value: false]
17:48:00.777 [FXGL Background Thread 3 ] DEBUG Engine               - enabledMenuItems: []
17:48:00.778 [FXGL Background Thread 3 ] DEBUG Engine               - engineServices: [class com.almasb.fxgl.app.services.FXGLAssetLoaderService, class com.almasb.fxgl.app.FXGLApplication$GameApplicationService, class com.almasb.fxgl.app.services.FXGLDialogService, class com.almasb.fxgl.app.services.IOTaskExecutorService, class com.almasb.fxgl.io.FileSystemService, class com.almasb.fxgl.localization.LocalizationService, class com.almasb.fxgl.app.services.SystemBundleService, class com.almasb.fxgl.profile.SaveLoadService, class com.almasb.fxgl.ui.FXGLUIFactoryServiceProvider, class com.almasb.fxgl.ui.FXGLDialogFactoryServiceProvider, class com.almasb.fxgl.audio.AudioPlayer, class com.almasb.fxgl.notification.impl.NotificationServiceProvider, class com.almasb.fxgl.achievement.AchievementService, class com.almasb.fxgl.cutscene.CutsceneService, class com.almasb.fxgl.minigames.MiniGameService, class com.almasb.fxgl.net.NetService, class com.almasb.fxgl.app.services.UpdaterService, class com.almasb.fxgl.dev.DevService]
17:48:00.778 [FXGL Background Thread 3 ] DEBUG Engine               - fontGame: Abel-Regular.ttf
17:48:00.778 [FXGL Background Thread 3 ] DEBUG Engine               - fontMono: lucida_console.ttf
17:48:00.778 [FXGL Background Thread 3 ] DEBUG Engine               - fontText: Courier-Prime.ttf
17:48:00.779 [FXGL Background Thread 3 ] DEBUG Engine               - fontUI: VarelaRound-Regular.ttf
17:48:00.779 [FXGL Background Thread 3 ] DEBUG Engine               - fullScreen: BooleanProperty [value: false]
17:48:00.779 [FXGL Background Thread 3 ] DEBUG Engine               - gameDifficulty: MEDIUM
17:48:00.780 [FXGL Background Thread 3 ] DEBUG Engine               - gameDifficultyProperty: ObjectProperty [value: MEDIUM]
17:48:00.780 [FXGL Background Thread 3 ] DEBUG Engine               - globalMusicVolume: 0.5
17:48:00.780 [FXGL Background Thread 3 ] DEBUG Engine               - globalMusicVolumeProperty: DoubleProperty [value: 0.5]
17:48:00.780 [FXGL Background Thread 3 ] DEBUG Engine               - globalSoundVolume: 0.5
17:48:00.780 [FXGL Background Thread 3 ] DEBUG Engine               - globalSoundVolumeProperty: DoubleProperty [value: 0.5]
17:48:00.780 [FXGL Background Thread 3 ] DEBUG Engine               - height: 720
17:48:00.780 [FXGL Background Thread 3 ] DEBUG Engine               - is3D: false
17:48:00.780 [FXGL Background Thread 3 ] DEBUG Engine               - isAndroid: false
17:48:00.781 [FXGL Background Thread 3 ] DEBUG Engine               - isBrowser: false
17:48:00.781 [FXGL Background Thread 3 ] DEBUG Engine               - isClickFeedbackEnabled: false
17:48:00.781 [FXGL Background Thread 3 ] DEBUG Engine               - isCloseConfirmation: false
17:48:00.781 [FXGL Background Thread 3 ] DEBUG Engine               - isDesktop: true
17:48:00.781 [FXGL Background Thread 3 ] DEBUG Engine               - isDeveloperMenuEnabled: false
17:48:00.781 [FXGL Background Thread 3 ] DEBUG Engine               - isEntityPreloadEnabled: true
17:48:00.781 [FXGL Background Thread 3 ] DEBUG Engine               - isExperimentalTiledLargeMap: false
17:48:00.781 [FXGL Background Thread 3 ] DEBUG Engine               - isFileSystemWriteAllowed: true
17:48:00.782 [FXGL Background Thread 3 ] DEBUG Engine               - isFullScreenAllowed: false
17:48:00.782 [FXGL Background Thread 3 ] DEBUG Engine               - isFullScreenFromStart: false
17:48:00.782 [FXGL Background Thread 3 ] DEBUG Engine               - isGameMenuEnabled: true
17:48:00.782 [FXGL Background Thread 3 ] DEBUG Engine               - isIOS: false
17:48:00.782 [FXGL Background Thread 3 ] DEBUG Engine               - isIntroEnabled: false
17:48:00.782 [FXGL Background Thread 3 ] DEBUG Engine               - isLinux: false
17:48:00.783 [FXGL Background Thread 3 ] DEBUG Engine               - isMac: false
17:48:00.783 [FXGL Background Thread 3 ] DEBUG Engine               - isMainMenuEnabled: false
17:48:00.783 [FXGL Background Thread 3 ] DEBUG Engine               - isManualResizeEnabled: false
17:48:00.783 [FXGL Background Thread 3 ] DEBUG Engine               - isMobile: false
17:48:00.783 [FXGL Background Thread 3 ] DEBUG Engine               - isNative: false
17:48:00.783 [FXGL Background Thread 3 ] DEBUG Engine               - isPreserveResizeRatio: false
17:48:00.783 [FXGL Background Thread 3 ] DEBUG Engine               - isProfilingEnabled: false
17:48:00.783 [FXGL Background Thread 3 ] DEBUG Engine               - isScaleAffectedOnResize: true
17:48:00.783 [FXGL Background Thread 3 ] DEBUG Engine               - isSingleStep: false
17:48:00.784 [FXGL Background Thread 3 ] DEBUG Engine               - isUserProfileEnabled: false
17:48:00.784 [FXGL Background Thread 3 ] DEBUG Engine               - isWindows: true
17:48:00.784 [FXGL Background Thread 3 ] DEBUG Engine               - language: ObjectProperty [value: ENGLISH]
17:48:00.784 [FXGL Background Thread 3 ] DEBUG Engine               - menuKey: ESCAPE
17:48:00.784 [FXGL Background Thread 3 ] DEBUG Engine               - mouseSensitivity: 0.2
17:48:00.784 [FXGL Background Thread 3 ] DEBUG Engine               - notificationViewClass: class com.almasb.fxgl.notification.view.XboxNotificationView
17:48:00.784 [FXGL Background Thread 3 ] DEBUG Engine               - pixelsPerMeter: 50.0
17:48:00.785 [FXGL Background Thread 3 ] DEBUG Engine               - platform: WINDOWS
17:48:00.785 [FXGL Background Thread 3 ] DEBUG Engine               - prefHeightProperty: ReadOnlyDoubleProperty [value: 720.0]
17:48:00.785 [FXGL Background Thread 3 ] DEBUG Engine               - prefWidthProperty: ReadOnlyDoubleProperty [value: 1280.0]
17:48:00.785 [FXGL Background Thread 3 ] DEBUG Engine               - profileDir: profiles/
17:48:00.785 [FXGL Background Thread 3 ] DEBUG Engine               - profileName: StringProperty [value: DEFAULT]
17:48:00.785 [FXGL Background Thread 3 ] DEBUG Engine               - randomSeed: -1
17:48:00.785 [FXGL Background Thread 3 ] DEBUG Engine               - runtimeInfo: RuntimeInfo(platform=WINDOWS, version=11.16, build=25.05.2021 08.16)
17:48:00.785 [FXGL Background Thread 3 ] DEBUG Engine               - saveFileExt: sav
17:48:00.785 [FXGL Background Thread 3 ] DEBUG Engine               - scaledHeightProp$fxgl: DoubleProperty [bound, value: 720.0]
17:48:00.786 [FXGL Background Thread 3 ] DEBUG Engine               - scaledWidthProp$fxgl: DoubleProperty [bound, value: 1280.0]
17:48:00.786 [FXGL Background Thread 3 ] DEBUG Engine               - sceneFactory: com.almasb.fxgl.app.scene.SceneFactory@2c83bd1e
17:48:00.786 [FXGL Background Thread 3 ] DEBUG Engine               - secondsIn24h: 60
17:48:00.786 [FXGL Background Thread 3 ] DEBUG Engine               - soundMenuBack: menu/back.wav
17:48:00.786 [FXGL Background Thread 3 ] DEBUG Engine               - soundMenuPress: menu/press.wav
17:48:00.786 [FXGL Background Thread 3 ] DEBUG Engine               - soundMenuSelect: menu/select.wav
17:48:00.786 [FXGL Background Thread 3 ] DEBUG Engine               - soundNotification: core/notification.wav
17:48:00.787 [FXGL Background Thread 3 ] DEBUG Engine               - stageStyle: DECORATED
17:48:00.787 [FXGL Background Thread 3 ] DEBUG Engine               - supportedLanguages: [ENGLISH, FRENCH, GERMAN, HUNGARIAN, RUSSIAN]
17:48:00.787 [FXGL Background Thread 3 ] DEBUG Engine               - ticksPerSecond: -1
17:48:00.787 [FXGL Background Thread 3 ] DEBUG Engine               - title: FXGL RTS Game
17:48:00.787 [FXGL Background Thread 3 ] DEBUG Engine               - urlGithub: https://github.com/AlmasB/FXGL
17:48:00.787 [FXGL Background Thread 3 ] DEBUG Engine               - urlLeaderboard: http://fxgl-top.herokuapp.com/
17:48:00.787 [FXGL Background Thread 3 ] DEBUG Engine               - urlPOM: https://raw.githubusercontent.com/AlmasB/FXGL/release/README.md
17:48:00.787 [FXGL Background Thread 3 ] DEBUG Engine               - userAppClass: class com.dam.wonder.view.rts.RTSApp
17:48:00.788 [FXGL Background Thread 3 ] DEBUG Engine               - version: 0.0
17:48:00.788 [FXGL Background Thread 3 ] DEBUG Engine               - versionCheckDays: 7
17:48:00.788 [FXGL Background Thread 3 ] DEBUG Engine               - width: 1280
17:48:00.788 [FXGL Background Thread 3 ] DEBUG Engine               - Logging services
17:48:00.788 [FXGL Background Thread 3 ] DEBUG Engine               - class com.almasb.fxgl.app.services.FXGLAssetLoaderService
17:48:00.788 [FXGL Background Thread 3 ] DEBUG Engine               - class com.almasb.fxgl.app.FXGLApplication$GameApplicationService
17:48:00.788 [FXGL Background Thread 3 ] DEBUG Engine               - class com.almasb.fxgl.app.services.FXGLDialogService
17:48:00.788 [FXGL Background Thread 3 ] DEBUG Engine               - class com.almasb.fxgl.app.services.IOTaskExecutorService
17:48:00.788 [FXGL Background Thread 3 ] DEBUG Engine               - class com.almasb.fxgl.io.FileSystemService
17:48:00.789 [FXGL Background Thread 3 ] DEBUG Engine               - class com.almasb.fxgl.localization.LocalizationService
17:48:00.789 [FXGL Background Thread 3 ] DEBUG Engine               - class com.almasb.fxgl.app.services.SystemBundleService
17:48:00.789 [FXGL Background Thread 3 ] DEBUG Engine               - class com.almasb.fxgl.profile.SaveLoadService
17:48:00.789 [FXGL Background Thread 3 ] DEBUG Engine               - class com.almasb.fxgl.ui.FXGLUIFactoryServiceProvider
17:48:00.789 [FXGL Background Thread 3 ] DEBUG Engine               - class com.almasb.fxgl.ui.FXGLDialogFactoryServiceProvider
17:48:00.789 [FXGL Background Thread 3 ] DEBUG Engine               - class com.almasb.fxgl.audio.AudioPlayer
17:48:00.789 [FXGL Background Thread 3 ] DEBUG Engine               - class com.almasb.fxgl.notification.impl.NotificationServiceProvider
17:48:00.789 [FXGL Background Thread 3 ] DEBUG Engine               - class com.almasb.fxgl.achievement.AchievementService
17:48:00.790 [FXGL Background Thread 3 ] DEBUG Engine               - class com.almasb.fxgl.cutscene.CutsceneService
17:48:00.790 [FXGL Background Thread 3 ] DEBUG Engine               - class com.almasb.fxgl.minigames.MiniGameService
17:48:00.790 [FXGL Background Thread 3 ] DEBUG Engine               - class com.almasb.fxgl.net.NetService
17:48:00.790 [FXGL Background Thread 3 ] DEBUG Engine               - class com.almasb.fxgl.app.services.UpdaterService
17:48:00.790 [FXGL Background Thread 3 ] DEBUG Engine               - class com.almasb.fxgl.dev.DevService
17:48:28.470 [JavaFX Application Thread] DEBUG FXGLApplication      - Exiting FXGL
17:48:28.470 [JavaFX Application Thread] DEBUG LoopRunner           - Stopping loop
17:48:28.471 [JavaFX Application Thread] DEBUG SystemBundleService  - Saving FXGL system data
17:48:28.474 [JavaFX Application Thread] DEBUG FileSystemAccess     - Writing to: C:\project\wonderfulStory\system\fxgl.bundle
17:48:28.476 [JavaFX Application Thread] DEBUG Async                - Shutting down background threads
17:48:28.476 [JavaFX Application Thread] DEBUG PrimaryStageWindow   - Closing main window
17:48:28.507 [JavaFX Application Thread] DEBUG Logger               - Closing Logger
