15:15:27.044 [restartedMain            ] DEBUG Logger               - Configured Logger
15:15:27.045 [restartedMain            ] DEBUG GameApplication      - Logging settings
Title: 奇妙物语
Version: demo01
Width: 1080
Height: 720
Fullscreen: false
Intro: false
Profiling: false
Single step:false
App Mode: DEVELOPER
Menu Key: ESCAPE
Stage Style: DECORATED
Scene Factory: class com.almasb.fxgl.app.scene.SceneFactory

15:15:27.412 [JavaFX Application Thread] DEBUG FXGLApplication      - Initializing FXGL
15:15:27.414 [JavaFX Application Thread] INFO  Engine               - FXGL-11.16 (25.05.2021 08.16) on WINDOWS (J:16.0.1 FX:16)
15:15:27.415 [JavaFX Application Thread] DEBUG Engine               - JRE Vendor Name: Oracle Corporation
15:15:27.415 [JavaFX Application Thread] DEBUG Engine               - Running on OS: Windows 10 version 10.0
15:15:27.416 [JavaFX Application Thread] DEBUG Engine               - Architecture: amd64
15:15:27.417 [JavaFX Application Thread] INFO  Engine               - Source code and latest versions at: https://github.com/AlmasB/FXGL
15:15:27.417 [JavaFX Application Thread] INFO  Engine               -              Join the FXGL chat at: https://gitter.im/AlmasB/FXGL
15:15:27.551 [JavaFX Application Thread] DEBUG PrimaryStageWindow   - Creating a JavaFX scene
15:15:27.601 [JavaFX Application Thread] DEBUG PrimaryStageWindow   - Target settings size: 1080.0 x 720.0
15:15:27.602 [JavaFX Application Thread] DEBUG PrimaryStageWindow   - Scaled scene size:    1080.0 x 720.0
15:15:27.602 [JavaFX Application Thread] DEBUG PrimaryStageWindow   - Scaled ratio: (1.0, 1.0)
15:15:27.603 [JavaFX Application Thread] DEBUG PrimaryStageWindow   - Set initial scene to FXGLStartupScene
15:15:27.615 [JavaFX Application Thread] DEBUG PrimaryStageWindow   - Opening main window
15:15:27.912 [JavaFX Application Thread] DEBUG PrimaryStageWindow   - Window border size: (14.4000244140625, 37.5999755859375)
15:15:27.912 [JavaFX Application Thread] DEBUG PrimaryStageWindow   - Scaled size: 1080.0 x 720.0
15:15:27.912 [JavaFX Application Thread] DEBUG PrimaryStageWindow   - Scaled ratio: (1.0, 1.0)
15:15:27.913 [JavaFX Application Thread] DEBUG PrimaryStageWindow   - Scene size: 1080.0 x 720.0
15:15:27.914 [JavaFX Application Thread] DEBUG PrimaryStageWindow   - Stage size: 1094.4000244140625 x 757.5999755859375
15:15:27.924 [FXGL Background Thread 1 ] DEBUG Engine               - Initializing environment variables
15:15:27.972 [FXGL Background Thread 1 ] DEBUG FXGLAssetLoaderServi - User app class for loading assets: class com.dam.wonder.view.game.BasicGameSample
15:15:27.972 [FXGL Background Thread 1 ] DEBUG GameApplicationServi - Applying CSS: fxgl_dark.css
15:15:27.975 [FXGL Background Thread 1 ] DEBUG FXGLAssetLoaderServi - Loading from file system: jar:file:/C:/Users/24771/.m2/repository/com/github/almasb/fxgl/11.16/fxgl-11.16.jar!/fxglassets/ui/css/fxgl_dark.css
15:15:28.064 [FXGL Background Thread 1 ] DEBUG GameApplicationServi - Initializing application scenes
15:15:28.166 [FXGL Background Thread 1 ] DEBUG GameWorld            - Game world initialized
15:15:28.260 [FXGL Background Thread 1 ] DEBUG PhysicsWorld         - Physics world initialized: appHeight=720, physics.ppm=50.0
15:15:28.260 [FXGL Background Thread 1 ] DEBUG PhysicsWorld         - Using strategy: BRUTE_FORCE
15:15:28.264 [FXGL Background Thread 1 ] DEBUG GameScene            - Game scene initialized: 1080x720
15:15:28.280 [FXGL Background Thread 1 ] DEBUG FXGL.DefaultMenu     - createMenuBodyGameMenu()
15:15:28.302 [FXGL Background Thread 1 ] DEBUG FXGL.DefaultMenu     - createOptionsMenu()
15:15:28.316 [FXGL Background Thread 1 ] DEBUG FXGLAssetLoaderServi - Loading from file system: jar:file:/C:/Users/24771/.m2/repository/com/github/almasb/fxgl/11.16/fxgl-11.16.jar!/fxglassets/textures/particles/smoke.png
15:15:28.443 [FXGL Background Thread 1 ] DEBUG FXGLAssetLoaderServi - Loading from file system: jar:file:/C:/Users/24771/.m2/repository/com/github/almasb/fxgl/11.16/fxgl-11.16.jar!/fxglassets/textures/particles/trace_horizontal.png
15:15:28.462 [FXGL Background Thread 1 ] DEBUG GameApplicationServi - Application scenes initialized
15:15:28.478 [FXGL Background Thread 1 ] DEBUG SystemBundleService  - Loading FXGL system data
15:15:28.479 [FXGL Background Thread 1 ] DEBUG FileSystemAccess     - Reading from: C:\project\wonderfulStory\system\fxgl.bundle
15:15:28.483 [FXGL Background Thread 1 ] DEBUG SystemBundleService  - Bundle FXGL: {}
15:15:28.484 [FXGL Background Thread 1 ] DEBUG UpdaterService       - Checking for updates
15:15:28.490 [FXGL Background Thread 4 ] DEBUG FXGLApplication      - Loading fonts
15:15:28.491 [FXGL Background Thread 1 ] DEBUG FXGLApplication      - Loading default localization
15:15:28.491 [FXGL Background Thread 4 ] DEBUG FXGLAssetLoaderServi - Loading from file system: jar:file:/C:/Users/24771/.m2/repository/com/github/almasb/fxgl/11.16/fxgl-11.16.jar!/fxglassets/ui/fonts/VarelaRound-Regular.ttf
15:15:28.492 [FXGL Background Thread 1 ] DEBUG FXGLAssetLoaderServi - Loading from file system: jar:file:/C:/Users/24771/.m2/repository/com/github/almasb/fxgl/11.16/fxgl-11.16.jar!/fxglassets/languages/english.lang
15:15:28.515 [FXGL Background Thread 1 ] INFO  FXGLApplication      - FXGL initialization took: 0.591 sec
15:15:28.525 [JavaFX Application Thread] DEBUG Input                - Registered new binding: move up - W
15:15:28.526 [JavaFX Application Thread] DEBUG Input                - Registered new binding: move down - S
15:15:28.527 [JavaFX Application Thread] DEBUG Input                - Registered new binding: move left - A
15:15:28.527 [JavaFX Application Thread] DEBUG Input                - Registered new binding: move right - D
15:15:28.527 [FXGL Background Thread 4 ] DEBUG FXGLAssetLoaderServi - Loading from file system: jar:file:/C:/Users/24771/.m2/repository/com/github/almasb/fxgl/11.16/fxgl-11.16.jar!/fxglassets/ui/fonts/Abel-Regular.ttf
15:15:28.558 [FXGL Background Thread 4 ] DEBUG FXGLAssetLoaderServi - Loading from file system: jar:file:/C:/Users/24771/.m2/repository/com/github/almasb/fxgl/11.16/fxgl-11.16.jar!/fxglassets/ui/fonts/lucida_console.ttf
15:15:28.583 [FXGL Background Thread 4 ] DEBUG FXGLAssetLoaderServi - Loading from file system: jar:file:/C:/Users/24771/.m2/repository/com/github/almasb/fxgl/11.16/fxgl-11.16.jar!/fxglassets/ui/fonts/Courier-Prime.ttf
15:15:28.664 [JavaFX Application Thread] DEBUG FXGLAssetLoaderServi - Loading from file system: file:/C:/project/wonderfulStory/wonder/target/classes/assets/textures/player.png
15:15:28.679 [JavaFX Application Thread] DEBUG FXGLAssetLoaderServi - Loading from file system: jar:file:/C:/Users/24771/.m2/repository/com/github/almasb/fxgl/11.16/fxgl-11.16.jar!/fxglassets/textures/fxgl_icon.png
15:15:28.712 [JavaFX Application Thread] DEBUG FXGLAssetLoaderServi - Loading from file system: jar:file:/C:/Users/24771/.m2/repository/com/github/almasb/fxgl/11.16/fxgl-11.16.jar!/fxglassets/textures/fxgl_default_cursor.png
15:15:28.718 [JavaFX Application Thread] DEBUG Input                - Registered new binding: Screenshot - CTRL+8
15:15:28.719 [JavaFX Application Thread] DEBUG Input                - Registered new binding: System info dump - CTRL+9
15:15:28.720 [JavaFX Application Thread] DEBUG Input                - Registered new binding: Restart - CTRL+R
15:15:28.722 [JavaFX Application Thread] DEBUG Input                - Registered new binding: Toggle Debug Camera - CTRL+C
15:15:28.728 [JavaFX Application Thread] DEBUG LoopRunner           - Starting loop
15:15:28.729 [JavaFX Application Thread] DEBUG LoopRunner           - Initializing JavaFX AnimationTimerLoop
15:15:28.732 [JavaFX Application Thread] DEBUG GameApplicationServi - Starting new game
15:15:28.733 [JavaFX Application Thread] DEBUG Input                - Clearing active input actions
15:15:28.753 [JavaFX Application Thread] DEBUG GameApplicationServi - Removing overlay from FXGLStartupScene and adding to FXGLLoadingScene
15:15:28.754 [JavaFX Application Thread] DEBUG PrimaryStageWindow   - FXGLStartupScene -> FXGLLoadingScene
15:15:28.755 [JavaFX Application Thread] DEBUG GameApplicationServi - Clearing previous game
15:15:28.755 [JavaFX Application Thread] DEBUG GameScene            - Clearing game scene
15:15:28.755 [JavaFX Application Thread] DEBUG GameWorld            - Clearing game world
15:15:28.756 [JavaFX Application Thread] DEBUG PhysicsWorld         - Clearing physics world
15:15:28.759 [FXGL Background Thread 4 ] DEBUG FXGLApplication      - Initializing game
15:15:28.761 [JavaFX Application Thread] DEBUG FXGLApplication      - Registering font factories with UI factory
15:15:28.768 [FXGL Background Thread 4 ] INFO  FXGLApplication      - Game initialization took: 0.009 sec
15:15:28.778 [FXGL Background Thread 2 ] WARN  UpdaterService       - Failed to find updates: java.net.UnknownHostException: raw.githubusercontent.com
15:15:28.838 [JavaFX Application Thread] DEBUG Input                - Clearing active input actions
15:15:28.852 [JavaFX Application Thread] DEBUG GameApplicationServi - Removing overlay from FXGLLoadingScene and adding to GameScene
15:15:28.852 [JavaFX Application Thread] DEBUG PrimaryStageWindow   - FXGLLoadingScene -> GameScene
15:15:31.488 [FXGL Background Thread 3 ] DEBUG Engine               - Logging environment variables
15:15:31.488 [FXGL Background Thread 3 ] DEBUG Engine               - achievements: []
15:15:31.488 [FXGL Background Thread 3 ] DEBUG Engine               - actualHeight: 720.0
15:15:31.489 [FXGL Background Thread 3 ] DEBUG Engine               - actualHeightProperty: ReadOnlyDoubleProperty [value: 720.0]
15:15:31.489 [FXGL Background Thread 3 ] DEBUG Engine               - actualWidth: 1080.0
15:15:31.489 [FXGL Background Thread 3 ] DEBUG Engine               - actualWidthProperty: ReadOnlyDoubleProperty [value: 1080.0]
15:15:31.489 [FXGL Background Thread 3 ] DEBUG Engine               - appIcon: fxgl_icon.png
15:15:31.489 [FXGL Background Thread 3 ] DEBUG Engine               - applicationMode: DEVELOPER
15:15:31.489 [FXGL Background Thread 3 ] DEBUG Engine               - cSSList: [fxgl_dark.css]
15:15:31.490 [FXGL Background Thread 3 ] DEBUG Engine               - collisionDetectionStrategy: BRUTE_FORCE
15:15:31.490 [FXGL Background Thread 3 ] DEBUG Engine               - configClass: Optional.empty
15:15:31.490 [FXGL Background Thread 3 ] DEBUG Engine               - credits: []
15:15:31.490 [FXGL Background Thread 3 ] DEBUG Engine               - defaultCursor: CursorInfo(imageName=fxgl_default_cursor.png, hotspotX=7.0, hotspotY=6.0)
15:15:31.491 [FXGL Background Thread 3 ] DEBUG Engine               - devBBoxColorProperty: ObjectProperty [value: 0xff0000ff]
15:15:31.492 [FXGL Background Thread 3 ] DEBUG Engine               - devEnableDebugCameraProperty: BooleanProperty [value: false]
15:15:31.492 [FXGL Background Thread 3 ] DEBUG Engine               - devSensorColorProperty: ObjectProperty [value: 0xffff00ff]
15:15:31.492 [FXGL Background Thread 3 ] DEBUG Engine               - devShowBBoxProperty: BooleanProperty [value: false]
15:15:31.492 [FXGL Background Thread 3 ] DEBUG Engine               - devShowPositionProperty: BooleanProperty [value: false]
15:15:31.493 [FXGL Background Thread 3 ] DEBUG Engine               - enabledMenuItems: []
15:15:31.493 [FXGL Background Thread 3 ] DEBUG Engine               - engineServices: [class com.almasb.fxgl.app.services.FXGLAssetLoaderService, class com.almasb.fxgl.app.FXGLApplication$GameApplicationService, class com.almasb.fxgl.app.services.FXGLDialogService, class com.almasb.fxgl.app.services.IOTaskExecutorService, class com.almasb.fxgl.io.FileSystemService, class com.almasb.fxgl.localization.LocalizationService, class com.almasb.fxgl.app.services.SystemBundleService, class com.almasb.fxgl.profile.SaveLoadService, class com.almasb.fxgl.ui.FXGLUIFactoryServiceProvider, class com.almasb.fxgl.ui.FXGLDialogFactoryServiceProvider, class com.almasb.fxgl.audio.AudioPlayer, class com.almasb.fxgl.notification.impl.NotificationServiceProvider, class com.almasb.fxgl.achievement.AchievementService, class com.almasb.fxgl.cutscene.CutsceneService, class com.almasb.fxgl.minigames.MiniGameService, class com.almasb.fxgl.net.NetService, class com.almasb.fxgl.app.services.UpdaterService, class com.almasb.fxgl.dev.DevService]
15:15:31.493 [FXGL Background Thread 3 ] DEBUG Engine               - fontGame: Abel-Regular.ttf
15:15:31.493 [FXGL Background Thread 3 ] DEBUG Engine               - fontMono: lucida_console.ttf
15:15:31.493 [FXGL Background Thread 3 ] DEBUG Engine               - fontText: Courier-Prime.ttf
15:15:31.494 [FXGL Background Thread 3 ] DEBUG Engine               - fontUI: VarelaRound-Regular.ttf
15:15:31.494 [FXGL Background Thread 3 ] DEBUG Engine               - fullScreen: BooleanProperty [value: false]
15:15:31.494 [FXGL Background Thread 3 ] DEBUG Engine               - gameDifficulty: MEDIUM
15:15:31.494 [FXGL Background Thread 3 ] DEBUG Engine               - gameDifficultyProperty: ObjectProperty [value: MEDIUM]
15:15:31.494 [FXGL Background Thread 3 ] DEBUG Engine               - globalMusicVolume: 0.5
15:15:31.495 [FXGL Background Thread 3 ] DEBUG Engine               - globalMusicVolumeProperty: DoubleProperty [value: 0.5]
15:15:31.495 [FXGL Background Thread 3 ] DEBUG Engine               - globalSoundVolume: 0.5
15:15:31.495 [FXGL Background Thread 3 ] DEBUG Engine               - globalSoundVolumeProperty: DoubleProperty [value: 0.5]
15:15:31.495 [FXGL Background Thread 3 ] DEBUG Engine               - height: 720
15:15:31.496 [FXGL Background Thread 3 ] DEBUG Engine               - is3D: false
15:15:31.496 [FXGL Background Thread 3 ] DEBUG Engine               - isAndroid: false
15:15:31.496 [FXGL Background Thread 3 ] DEBUG Engine               - isBrowser: false
15:15:31.496 [FXGL Background Thread 3 ] DEBUG Engine               - isClickFeedbackEnabled: false
15:15:31.496 [FXGL Background Thread 3 ] DEBUG Engine               - isCloseConfirmation: false
15:15:31.497 [FXGL Background Thread 3 ] DEBUG Engine               - isDesktop: true
15:15:31.497 [FXGL Background Thread 3 ] DEBUG Engine               - isDeveloperMenuEnabled: false
15:15:31.497 [FXGL Background Thread 3 ] DEBUG Engine               - isEntityPreloadEnabled: true
15:15:31.497 [FXGL Background Thread 3 ] DEBUG Engine               - isExperimentalTiledLargeMap: false
15:15:31.497 [FXGL Background Thread 3 ] DEBUG Engine               - isFileSystemWriteAllowed: true
15:15:31.498 [FXGL Background Thread 3 ] DEBUG Engine               - isFullScreenAllowed: false
15:15:31.498 [FXGL Background Thread 3 ] DEBUG Engine               - isFullScreenFromStart: false
15:15:31.498 [FXGL Background Thread 3 ] DEBUG Engine               - isGameMenuEnabled: true
15:15:31.498 [FXGL Background Thread 3 ] DEBUG Engine               - isIOS: false
15:15:31.498 [FXGL Background Thread 3 ] DEBUG Engine               - isIntroEnabled: false
15:15:31.498 [FXGL Background Thread 3 ] DEBUG Engine               - isLinux: false
15:15:31.498 [FXGL Background Thread 3 ] DEBUG Engine               - isMac: false
15:15:31.499 [FXGL Background Thread 3 ] DEBUG Engine               - isMainMenuEnabled: false
15:15:31.499 [FXGL Background Thread 3 ] DEBUG Engine               - isManualResizeEnabled: false
15:15:31.499 [FXGL Background Thread 3 ] DEBUG Engine               - isMobile: false
15:15:31.499 [FXGL Background Thread 3 ] DEBUG Engine               - isNative: false
15:15:31.499 [FXGL Background Thread 3 ] DEBUG Engine               - isPreserveResizeRatio: false
15:15:31.499 [FXGL Background Thread 3 ] DEBUG Engine               - isProfilingEnabled: false
15:15:31.499 [FXGL Background Thread 3 ] DEBUG Engine               - isScaleAffectedOnResize: true
15:15:31.500 [FXGL Background Thread 3 ] DEBUG Engine               - isSingleStep: false
15:15:31.500 [FXGL Background Thread 3 ] DEBUG Engine               - isUserProfileEnabled: false
15:15:31.500 [FXGL Background Thread 3 ] DEBUG Engine               - isWindows: true
15:15:31.500 [FXGL Background Thread 3 ] DEBUG Engine               - language: ObjectProperty [value: ENGLISH]
15:15:31.500 [FXGL Background Thread 3 ] DEBUG Engine               - menuKey: ESCAPE
15:15:31.500 [FXGL Background Thread 3 ] DEBUG Engine               - mouseSensitivity: 0.2
15:15:31.500 [FXGL Background Thread 3 ] DEBUG Engine               - notificationViewClass: class com.almasb.fxgl.notification.view.XboxNotificationView
15:15:31.501 [FXGL Background Thread 3 ] DEBUG Engine               - pixelsPerMeter: 50.0
15:15:31.501 [FXGL Background Thread 3 ] DEBUG Engine               - platform: WINDOWS
15:15:31.501 [FXGL Background Thread 3 ] DEBUG Engine               - prefHeightProperty: ReadOnlyDoubleProperty [value: 720.0]
15:15:31.501 [FXGL Background Thread 3 ] DEBUG Engine               - prefWidthProperty: ReadOnlyDoubleProperty [value: 1080.0]
15:15:31.501 [FXGL Background Thread 3 ] DEBUG Engine               - profileDir: profiles/
15:15:31.501 [FXGL Background Thread 3 ] DEBUG Engine               - profileName: StringProperty [value: DEFAULT]
15:15:31.501 [FXGL Background Thread 3 ] DEBUG Engine               - randomSeed: -1
15:15:31.501 [FXGL Background Thread 3 ] DEBUG Engine               - runtimeInfo: RuntimeInfo(platform=WINDOWS, version=11.16, build=25.05.2021 08.16)
15:15:31.503 [FXGL Background Thread 3 ] DEBUG Engine               - saveFileExt: sav
15:15:31.503 [FXGL Background Thread 3 ] DEBUG Engine               - scaledHeightProp$fxgl: DoubleProperty [bound, value: 720.0]
15:15:31.503 [FXGL Background Thread 3 ] DEBUG Engine               - scaledWidthProp$fxgl: DoubleProperty [bound, value: 1080.0]
15:15:31.503 [FXGL Background Thread 3 ] DEBUG Engine               - sceneFactory: com.almasb.fxgl.app.scene.SceneFactory@7b53601d
15:15:31.503 [FXGL Background Thread 3 ] DEBUG Engine               - secondsIn24h: 60
15:15:31.503 [FXGL Background Thread 3 ] DEBUG Engine               - soundMenuBack: menu/back.wav
15:15:31.504 [FXGL Background Thread 3 ] DEBUG Engine               - soundMenuPress: menu/press.wav
15:15:31.504 [FXGL Background Thread 3 ] DEBUG Engine               - soundMenuSelect: menu/select.wav
15:15:31.504 [FXGL Background Thread 3 ] DEBUG Engine               - soundNotification: core/notification.wav
15:15:31.504 [FXGL Background Thread 3 ] DEBUG Engine               - stageStyle: DECORATED
15:15:31.504 [FXGL Background Thread 3 ] DEBUG Engine               - supportedLanguages: [ENGLISH, FRENCH, GERMAN, HUNGARIAN, RUSSIAN]
15:15:31.505 [FXGL Background Thread 3 ] DEBUG Engine               - ticksPerSecond: -1
15:15:31.505 [FXGL Background Thread 3 ] DEBUG Engine               - title: 奇妙物语
15:15:31.505 [FXGL Background Thread 3 ] DEBUG Engine               - urlGithub: https://github.com/AlmasB/FXGL
15:15:31.505 [FXGL Background Thread 3 ] DEBUG Engine               - urlLeaderboard: http://fxgl-top.herokuapp.com/
15:15:31.506 [FXGL Background Thread 3 ] DEBUG Engine               - urlPOM: https://raw.githubusercontent.com/AlmasB/FXGL/release/README.md
15:15:31.506 [FXGL Background Thread 3 ] DEBUG Engine               - userAppClass: class com.dam.wonder.view.game.BasicGameSample
15:15:31.506 [FXGL Background Thread 3 ] DEBUG Engine               - version: demo01
15:15:31.506 [FXGL Background Thread 3 ] DEBUG Engine               - versionCheckDays: 7
15:15:31.507 [FXGL Background Thread 3 ] DEBUG Engine               - width: 1080
15:15:31.507 [FXGL Background Thread 3 ] DEBUG Engine               - Logging services
15:15:31.508 [FXGL Background Thread 3 ] DEBUG Engine               - class com.almasb.fxgl.app.services.FXGLAssetLoaderService
15:15:31.508 [FXGL Background Thread 3 ] DEBUG Engine               - class com.almasb.fxgl.app.FXGLApplication$GameApplicationService
15:15:31.509 [FXGL Background Thread 3 ] DEBUG Engine               - class com.almasb.fxgl.app.services.FXGLDialogService
15:15:31.509 [FXGL Background Thread 3 ] DEBUG Engine               - class com.almasb.fxgl.app.services.IOTaskExecutorService
15:15:31.510 [FXGL Background Thread 3 ] DEBUG Engine               - class com.almasb.fxgl.io.FileSystemService
15:15:31.510 [FXGL Background Thread 3 ] DEBUG Engine               - class com.almasb.fxgl.localization.LocalizationService
15:15:31.510 [FXGL Background Thread 3 ] DEBUG Engine               - class com.almasb.fxgl.app.services.SystemBundleService
15:15:31.510 [FXGL Background Thread 3 ] DEBUG Engine               - class com.almasb.fxgl.profile.SaveLoadService
15:15:31.511 [FXGL Background Thread 3 ] DEBUG Engine               - class com.almasb.fxgl.ui.FXGLUIFactoryServiceProvider
15:15:31.511 [FXGL Background Thread 3 ] DEBUG Engine               - class com.almasb.fxgl.ui.FXGLDialogFactoryServiceProvider
15:15:31.511 [FXGL Background Thread 3 ] DEBUG Engine               - class com.almasb.fxgl.audio.AudioPlayer
15:15:31.511 [FXGL Background Thread 3 ] DEBUG Engine               - class com.almasb.fxgl.notification.impl.NotificationServiceProvider
15:15:31.511 [FXGL Background Thread 3 ] DEBUG Engine               - class com.almasb.fxgl.achievement.AchievementService
15:15:31.511 [FXGL Background Thread 3 ] DEBUG Engine               - class com.almasb.fxgl.cutscene.CutsceneService
15:15:31.512 [FXGL Background Thread 3 ] DEBUG Engine               - class com.almasb.fxgl.minigames.MiniGameService
15:15:31.512 [FXGL Background Thread 3 ] DEBUG Engine               - class com.almasb.fxgl.net.NetService
15:15:31.512 [FXGL Background Thread 3 ] DEBUG Engine               - class com.almasb.fxgl.app.services.UpdaterService
15:15:31.512 [FXGL Background Thread 3 ] DEBUG Engine               - class com.almasb.fxgl.dev.DevService
15:15:35.116 [JavaFX Application Thread] DEBUG FXGLApplication      - Exiting FXGL
15:15:35.117 [JavaFX Application Thread] DEBUG LoopRunner           - Stopping loop
15:15:35.117 [JavaFX Application Thread] DEBUG SystemBundleService  - Saving FXGL system data
15:15:35.118 [JavaFX Application Thread] DEBUG FileSystemAccess     - Writing to: C:\project\wonderfulStory\system\fxgl.bundle
15:15:35.119 [JavaFX Application Thread] DEBUG Async                - Shutting down background threads
15:15:35.119 [JavaFX Application Thread] DEBUG PrimaryStageWindow   - Closing main window
15:15:35.158 [JavaFX Application Thread] DEBUG Logger               - Closing Logger
