14:57:06.668 [main                     ] DEBUG Logger               - Configured Logger
14:57:06.678 [main                     ] DEBUG GameApplication      - Logging settings
Title: demo
Version: 0.0
Width: 1080
Height: 720
Fullscreen: false
Intro: false
Profiling: false
Single step:false
App Mode: DEVELOPER
Menu Key: ESCAPE
Stage Style: DECORATED
Scene Factory: class com.almasb.fxgl.app.scene.SceneFactory

14:57:07.468 [JavaFX Application Thread] DEBUG FXGLApplication      - Initializing FXGL
14:57:07.476 [JavaFX Application Thread] INFO  Engine               - FXGL-11.17 (16.07.2021 15.46) on WINDOWS (J:16.0.1 FX:16)
14:57:07.476 [JavaFX Application Thread] DEBUG Engine               - JRE Vendor Name: Oracle Corporation
14:57:07.477 [JavaFX Application Thread] DEBUG Engine               - Running on OS: Windows 10 version 10.0
14:57:07.477 [JavaFX Application Thread] DEBUG Engine               - Architecture: amd64
14:57:07.478 [JavaFX Application Thread] INFO  Engine               - Source code and latest versions at: https://github.com/AlmasB/FXGL
14:57:07.478 [JavaFX Application Thread] INFO  Engine               -              Join the FXGL chat at: https://gitter.im/AlmasB/FXGL
14:57:07.798 [JavaFX Application Thread] DEBUG PrimaryStageWindow   - Creating a JavaFX scene
14:57:07.908 [JavaFX Application Thread] DEBUG PrimaryStageWindow   - Target settings size: 1080.0 x 720.0
14:57:07.908 [JavaFX Application Thread] DEBUG PrimaryStageWindow   - Scaled scene size:    1080.0 x 720.0
14:57:07.909 [JavaFX Application Thread] DEBUG PrimaryStageWindow   - Scaled ratio: (1.0, 1.0)
14:57:07.911 [JavaFX Application Thread] DEBUG PrimaryStageWindow   - Set initial scene to FXGLStartupScene
14:57:07.928 [JavaFX Application Thread] DEBUG PrimaryStageWindow   - Opening main window
14:57:08.244 [JavaFX Application Thread] DEBUG PrimaryStageWindow   - Window border size: (14.4000244140625, 37.5999755859375)
14:57:08.244 [JavaFX Application Thread] DEBUG PrimaryStageWindow   - Scaled size: 1080.0 x 720.0
14:57:08.245 [JavaFX Application Thread] DEBUG PrimaryStageWindow   - Scaled ratio: (1.0, 1.0)
14:57:08.245 [JavaFX Application Thread] DEBUG PrimaryStageWindow   - Scene size: 1080.0 x 720.0
14:57:08.246 [JavaFX Application Thread] DEBUG PrimaryStageWindow   - Stage size: 1094.4000244140625 x 757.5999755859375
14:57:08.262 [FXGL Background Thread 1 ] DEBUG Engine               - Initializing environment variables
14:57:08.380 [FXGL Background Thread 1 ] DEBUG FXGLAssetLoaderServi - User app class for loading assets: class com.dam.wonder.GameApp
14:57:08.380 [FXGL Background Thread 1 ] DEBUG GameApplicationServi - Applying CSS: fxgl_dark.css
14:57:08.382 [FXGL Background Thread 1 ] DEBUG FXGLAssetLoaderServi - Loading from file system: jar:file:/C:/Users/24771/.m2/repository/com/github/almasb/fxgl/11.17/fxgl-11.17.jar!/fxglassets/ui/css/fxgl_dark.css
14:57:08.477 [FXGL Background Thread 1 ] DEBUG GameApplicationServi - Initializing application scenes
14:57:08.615 [FXGL Background Thread 1 ] DEBUG GameWorld            - Game world initialized
14:57:08.718 [FXGL Background Thread 1 ] DEBUG PhysicsWorld         - Physics world initialized: appHeight=720, physics.ppm=50.0
14:57:08.718 [FXGL Background Thread 1 ] DEBUG PhysicsWorld         - Using strategy: BRUTE_FORCE
14:57:08.723 [FXGL Background Thread 1 ] DEBUG GameScene            - Game scene initialized: 1080x720
14:57:08.744 [FXGL Background Thread 1 ] DEBUG FXGL.DefaultMenu     - createMenuBodyGameMenu()
14:57:08.775 [FXGL Background Thread 1 ] DEBUG FXGL.DefaultMenu     - createOptionsMenu()
14:57:08.793 [FXGL Background Thread 1 ] DEBUG FXGLAssetLoaderServi - Loading from file system: jar:file:/C:/Users/24771/.m2/repository/com/github/almasb/fxgl/11.17/fxgl-11.17.jar!/fxglassets/textures/particles/smoke.png
14:57:08.950 [FXGL Background Thread 1 ] DEBUG FXGLAssetLoaderServi - Loading from file system: jar:file:/C:/Users/24771/.m2/repository/com/github/almasb/fxgl/11.17/fxgl-11.17.jar!/fxglassets/textures/particles/trace_horizontal.png
14:57:09.016 [FXGL Background Thread 1 ] DEBUG GameApplicationServi - Application scenes initialized
14:57:09.033 [FXGL Background Thread 1 ] DEBUG SystemBundleService  - Loading FXGL system data
14:57:09.042 [FXGL Background Thread 1 ] DEBUG FileSystemAccess     - Reading from: C:\project\wonderfulStory\system\fxgl.bundle
14:57:09.055 [FXGL Background Thread 1 ] DEBUG SystemBundleService  - Bundle FXGL: {}
14:57:09.055 [FXGL Background Thread 1 ] DEBUG UpdaterService       - Checking for updates
14:57:09.117 [FXGL Background Thread 1 ] DEBUG FXGLApplication      - Loading default localization
14:57:09.119 [FXGL Background Thread 4 ] DEBUG FXGLApplication      - Loading fonts
14:57:09.119 [FXGL Background Thread 1 ] DEBUG FXGLAssetLoaderServi - Loading from file system: jar:file:/C:/Users/24771/.m2/repository/com/github/almasb/fxgl/11.17/fxgl-11.17.jar!/fxglassets/languages/english.lang
14:57:09.120 [FXGL Background Thread 4 ] DEBUG FXGLAssetLoaderServi - Loading from file system: jar:file:/C:/Users/24771/.m2/repository/com/github/almasb/fxgl/11.17/fxgl-11.17.jar!/fxglassets/ui/fonts/VarelaRound-Regular.ttf
14:57:09.149 [FXGL Background Thread 1 ] INFO  FXGLApplication      - FXGL initialization took: 0.886 sec
14:57:09.171 [JavaFX Application Thread] DEBUG Input                - Registered new binding: up - W
14:57:09.172 [JavaFX Application Thread] DEBUG Input                - Registered new binding: down - S
14:57:09.172 [JavaFX Application Thread] DEBUG Input                - Registered new binding: left - A
14:57:09.173 [JavaFX Application Thread] DEBUG Input                - Registered new binding: right - D
14:57:09.176 [JavaFX Application Thread] DEBUG Input                - Registered new binding: show talk - LMB
14:57:09.178 [JavaFX Application Thread] DEBUG FXGLAssetLoaderServi - Loading from file system: jar:file:/C:/Users/24771/.m2/repository/com/github/almasb/fxgl/11.17/fxgl-11.17.jar!/fxglassets/textures/fxgl_icon.png
14:57:09.217 [JavaFX Application Thread] DEBUG FXGLAssetLoaderServi - Loading from file system: jar:file:/C:/Users/24771/.m2/repository/com/github/almasb/fxgl/11.17/fxgl-11.17.jar!/fxglassets/textures/fxgl_default_cursor.png
14:57:09.222 [JavaFX Application Thread] DEBUG Input                - Registered new binding: Screenshot - CTRL+8
14:57:09.223 [JavaFX Application Thread] DEBUG Input                - Registered new binding: Dev Options - 1
14:57:09.225 [JavaFX Application Thread] DEBUG Input                - Registered new binding: Dev Console - 2
14:57:09.227 [JavaFX Application Thread] DEBUG Input                - Registered new binding: System info dump - CTRL+9
14:57:09.228 [JavaFX Application Thread] DEBUG Input                - Registered new binding: Restart - CTRL+R
14:57:09.230 [JavaFX Application Thread] DEBUG Input                - Registered new binding: Toggle Debug Camera - CTRL+C
14:57:09.237 [JavaFX Application Thread] DEBUG LoopRunner           - Starting loop
14:57:09.273 [JavaFX Application Thread] DEBUG LoopRunner           - Initializing JavaFX AnimationTimerLoop
14:57:09.277 [JavaFX Application Thread] DEBUG GameApplicationServi - Starting new game
14:57:09.277 [JavaFX Application Thread] DEBUG Input                - Clearing active input actions
14:57:09.305 [JavaFX Application Thread] DEBUG GameApplicationServi - Removing overlay from FXGLStartupScene and adding to FXGLLoadingScene
14:57:09.315 [JavaFX Application Thread] DEBUG PrimaryStageWindow   - FXGLStartupScene -> FXGLLoadingScene
14:57:09.316 [JavaFX Application Thread] DEBUG GameApplicationServi - Clearing previous game
14:57:09.316 [JavaFX Application Thread] DEBUG GameScene            - Clearing game scene
14:57:09.317 [JavaFX Application Thread] DEBUG GameWorld            - Clearing game world
14:57:09.317 [JavaFX Application Thread] DEBUG PhysicsWorld         - Clearing physics world
14:57:09.322 [FXGL Background Thread 1 ] DEBUG FXGLApplication      - Initializing game
14:57:09.364 [FXGL Background Thread 4 ] DEBUG FXGLAssetLoaderServi - Loading from file system: jar:file:/C:/Users/24771/.m2/repository/com/github/almasb/fxgl/11.17/fxgl-11.17.jar!/fxglassets/ui/fonts/Abel-Regular.ttf
14:57:09.385 [FXGL Background Thread 4 ] DEBUG FXGLAssetLoaderServi - Loading from file system: jar:file:/C:/Users/24771/.m2/repository/com/github/almasb/fxgl/11.17/fxgl-11.17.jar!/fxglassets/ui/fonts/lucida_console.ttf
14:57:09.406 [FXGL Background Thread 1 ] WARN  TMXLevelLoader       - TiledMap generated from 1.7.1. Supported version: 1.2.3. Some features may not be parsed fully.
14:57:09.412 [FXGL Background Thread 4 ] DEBUG FXGLAssetLoaderServi - Loading from file system: jar:file:/C:/Users/24771/.m2/repository/com/github/almasb/fxgl/11.17/fxgl-11.17.jar!/fxglassets/ui/fonts/Courier-Prime.ttf
14:57:09.440 [FXGL Background Thread 1 ] DEBUG TMXLevelLoader       - Parsed TiledMap: file:/C:/project/wonderfulStory/wonder/target/classes/assets/levels/tmx/new_home.tmx
14:57:09.443 [FXGL Background Thread 1 ] DEBUG TMXLevelLoader       - Creating tile layer entities
14:57:09.445 [FXGL Background Thread 1 ] DEBUG TilesetLoader        - Loading view for layer nowone
14:57:09.480 [FXGL Background Thread 1 ] DEBUG TilesetLoader        - Created buffer with size 3200.0x3200.0
14:57:09.562 [FXGL Background Thread 2 ] WARN  UpdaterService       - Failed to find updates: java.net.UnknownHostException: raw.githubusercontent.com
14:57:09.687 [FXGL Background Thread 1 ] DEBUG TMXLevelLoader       - Creating object layer entities
14:57:09.690 [FXGL Background Thread 1 ] DEBUG GameWorld            - Clearing removable entities
14:57:09.691 [FXGL Background Thread 1 ] DEBUG GameWorld            - Setting level: com.almasb.fxgl.entity.level.Level@3e5bad0a
14:57:09.709 [FXGL Background Thread 1 ] DEBUG FXGLAssetLoaderServi - Loading from file system: file:/C:/project/wonderfulStory/wonder/target/classes/assets/textures/player.png
14:57:09.732 [FXGL Background Thread 1 ] INFO  FXGLApplication      - Game initialization took: 0.409 sec
14:57:09.835 [JavaFX Application Thread] DEBUG FXGLApplication      - Registering font factories with UI factory
14:57:09.843 [JavaFX Application Thread] DEBUG Input                - Clearing active input actions
14:57:09.864 [JavaFX Application Thread] DEBUG GameApplicationServi - Removing overlay from FXGLLoadingScene and adding to GameScene
14:57:09.873 [JavaFX Application Thread] DEBUG PrimaryStageWindow   - FXGLLoadingScene -> GameScene
14:57:12.113 [FXGL Background Thread 3 ] DEBUG Engine               - Logging environment variables
14:57:12.113 [FXGL Background Thread 3 ] DEBUG Engine               - achievements: []
14:57:12.113 [FXGL Background Thread 3 ] DEBUG Engine               - actualHeight: 720.0
14:57:12.113 [FXGL Background Thread 3 ] DEBUG Engine               - actualHeightProperty: ReadOnlyDoubleProperty [value: 720.0]
14:57:12.114 [FXGL Background Thread 3 ] DEBUG Engine               - actualWidth: 1080.0
14:57:12.114 [FXGL Background Thread 3 ] DEBUG Engine               - actualWidthProperty: ReadOnlyDoubleProperty [value: 1080.0]
14:57:12.114 [FXGL Background Thread 3 ] DEBUG Engine               - appIcon: fxgl_icon.png
14:57:12.114 [FXGL Background Thread 3 ] DEBUG Engine               - applicationMode: DEVELOPER
14:57:12.114 [FXGL Background Thread 3 ] DEBUG Engine               - cSSList: [fxgl_dark.css]
14:57:12.114 [FXGL Background Thread 3 ] DEBUG Engine               - collisionDetectionStrategy: BRUTE_FORCE
14:57:12.115 [FXGL Background Thread 3 ] DEBUG Engine               - configClass: Optional.empty
14:57:12.115 [FXGL Background Thread 3 ] DEBUG Engine               - credits: []
14:57:12.115 [FXGL Background Thread 3 ] DEBUG Engine               - defaultCursor: CursorInfo(imageName=fxgl_default_cursor.png, hotspotX=7.0, hotspotY=6.0)
14:57:12.115 [FXGL Background Thread 3 ] DEBUG Engine               - devBBoxColorProperty: ObjectProperty [value: 0xff0000ff]
14:57:12.115 [FXGL Background Thread 3 ] DEBUG Engine               - devEnableDebugCameraProperty: BooleanProperty [value: false]
14:57:12.116 [FXGL Background Thread 3 ] DEBUG Engine               - devSensorColorProperty: ObjectProperty [value: 0xffff00ff]
14:57:12.116 [FXGL Background Thread 3 ] DEBUG Engine               - devShowBBoxProperty: BooleanProperty [value: false]
14:57:12.116 [FXGL Background Thread 3 ] DEBUG Engine               - devShowPositionProperty: BooleanProperty [value: false]
14:57:12.117 [FXGL Background Thread 3 ] DEBUG Engine               - enabledMenuItems: []
14:57:12.117 [FXGL Background Thread 3 ] DEBUG Engine               - engineServices: [class com.almasb.fxgl.app.services.FXGLAssetLoaderService, class com.almasb.fxgl.app.FXGLApplication$GameApplicationService, class com.almasb.fxgl.app.services.FXGLDialogService, class com.almasb.fxgl.app.services.IOTaskExecutorService, class com.almasb.fxgl.io.FileSystemService, class com.almasb.fxgl.localization.LocalizationService, class com.almasb.fxgl.app.services.SystemBundleService, class com.almasb.fxgl.profile.SaveLoadService, class com.almasb.fxgl.ui.FXGLUIFactoryServiceProvider, class com.almasb.fxgl.ui.FXGLDialogFactoryServiceProvider, class com.almasb.fxgl.audio.AudioPlayer, class com.almasb.fxgl.notification.impl.NotificationServiceProvider, class com.almasb.fxgl.achievement.AchievementService, class com.almasb.fxgl.cutscene.CutsceneService, class com.almasb.fxgl.minigames.MiniGameService, class com.almasb.fxgl.net.NetService, class com.almasb.fxgl.app.services.UpdaterService, class com.almasb.fxgl.dev.DevService]
14:57:12.117 [FXGL Background Thread 3 ] DEBUG Engine               - fontGame: Abel-Regular.ttf
14:57:12.117 [FXGL Background Thread 3 ] DEBUG Engine               - fontMono: lucida_console.ttf
14:57:12.118 [FXGL Background Thread 3 ] DEBUG Engine               - fontText: Courier-Prime.ttf
14:57:12.118 [FXGL Background Thread 3 ] DEBUG Engine               - fontUI: VarelaRound-Regular.ttf
14:57:12.118 [FXGL Background Thread 3 ] DEBUG Engine               - fullScreen: BooleanProperty [value: false]
14:57:12.118 [FXGL Background Thread 3 ] DEBUG Engine               - gameDifficulty: MEDIUM
14:57:12.118 [FXGL Background Thread 3 ] DEBUG Engine               - gameDifficultyProperty: ObjectProperty [value: MEDIUM]
14:57:12.118 [FXGL Background Thread 3 ] DEBUG Engine               - globalMusicVolume: 0.5
14:57:12.118 [FXGL Background Thread 3 ] DEBUG Engine               - globalMusicVolumeProperty: DoubleProperty [value: 0.5]
14:57:12.119 [FXGL Background Thread 3 ] DEBUG Engine               - globalSoundVolume: 0.5
14:57:12.119 [FXGL Background Thread 3 ] DEBUG Engine               - globalSoundVolumeProperty: DoubleProperty [value: 0.5]
14:57:12.119 [FXGL Background Thread 3 ] DEBUG Engine               - height: 720
14:57:12.119 [FXGL Background Thread 3 ] DEBUG Engine               - is3D: false
14:57:12.119 [FXGL Background Thread 3 ] DEBUG Engine               - isAndroid: false
14:57:12.120 [FXGL Background Thread 3 ] DEBUG Engine               - isBrowser: false
14:57:12.120 [FXGL Background Thread 3 ] DEBUG Engine               - isClickFeedbackEnabled: false
14:57:12.120 [FXGL Background Thread 3 ] DEBUG Engine               - isCloseConfirmation: false
14:57:12.120 [FXGL Background Thread 3 ] DEBUG Engine               - isDesktop: true
14:57:12.120 [FXGL Background Thread 3 ] DEBUG Engine               - isDeveloperMenuEnabled: true
14:57:12.120 [FXGL Background Thread 3 ] DEBUG Engine               - isEntityPreloadEnabled: true
14:57:12.120 [FXGL Background Thread 3 ] DEBUG Engine               - isExperimentalTiledLargeMap: false
14:57:12.121 [FXGL Background Thread 3 ] DEBUG Engine               - isFileSystemWriteAllowed: true
14:57:12.121 [FXGL Background Thread 3 ] DEBUG Engine               - isFullScreenAllowed: false
14:57:12.121 [FXGL Background Thread 3 ] DEBUG Engine               - isFullScreenFromStart: false
14:57:12.121 [FXGL Background Thread 3 ] DEBUG Engine               - isGameMenuEnabled: true
14:57:12.121 [FXGL Background Thread 3 ] DEBUG Engine               - isIOS: false
14:57:12.121 [FXGL Background Thread 3 ] DEBUG Engine               - isIntroEnabled: false
14:57:12.122 [FXGL Background Thread 3 ] DEBUG Engine               - isLinux: false
14:57:12.122 [FXGL Background Thread 3 ] DEBUG Engine               - isMac: false
14:57:12.122 [FXGL Background Thread 3 ] DEBUG Engine               - isMainMenuEnabled: false
14:57:12.122 [FXGL Background Thread 3 ] DEBUG Engine               - isManualResizeEnabled: false
14:57:12.122 [FXGL Background Thread 3 ] DEBUG Engine               - isMobile: false
14:57:12.122 [FXGL Background Thread 3 ] DEBUG Engine               - isNative: false
14:57:12.122 [FXGL Background Thread 3 ] DEBUG Engine               - isPauseMusicWhenMinimized: true
14:57:12.122 [FXGL Background Thread 3 ] DEBUG Engine               - isPreserveResizeRatio: false
14:57:12.123 [FXGL Background Thread 3 ] DEBUG Engine               - isProfilingEnabled: false
14:57:12.123 [FXGL Background Thread 3 ] DEBUG Engine               - isScaleAffectedOnResize: true
14:57:12.123 [FXGL Background Thread 3 ] DEBUG Engine               - isSingleStep: false
14:57:12.123 [FXGL Background Thread 3 ] DEBUG Engine               - isUserProfileEnabled: false
14:57:12.123 [FXGL Background Thread 3 ] DEBUG Engine               - isWindows: true
14:57:12.123 [FXGL Background Thread 3 ] DEBUG Engine               - language: ObjectProperty [value: ENGLISH]
14:57:12.123 [FXGL Background Thread 3 ] DEBUG Engine               - menuKey: ESCAPE
14:57:12.124 [FXGL Background Thread 3 ] DEBUG Engine               - mouseSensitivity: 0.2
14:57:12.124 [FXGL Background Thread 3 ] DEBUG Engine               - notificationViewClass: class com.almasb.fxgl.notification.view.XboxNotificationView
14:57:12.124 [FXGL Background Thread 3 ] DEBUG Engine               - pixelsPerMeter: 50.0
14:57:12.124 [FXGL Background Thread 3 ] DEBUG Engine               - platform: WINDOWS
14:57:12.124 [FXGL Background Thread 3 ] DEBUG Engine               - prefHeightProperty: ReadOnlyDoubleProperty [value: 720.0]
14:57:12.124 [FXGL Background Thread 3 ] DEBUG Engine               - prefWidthProperty: ReadOnlyDoubleProperty [value: 1080.0]
14:57:12.124 [FXGL Background Thread 3 ] DEBUG Engine               - profileDir: profiles/
14:57:12.124 [FXGL Background Thread 3 ] DEBUG Engine               - profileName: StringProperty [value: DEFAULT]
14:57:12.125 [FXGL Background Thread 3 ] DEBUG Engine               - randomSeed: -1
14:57:12.125 [FXGL Background Thread 3 ] DEBUG Engine               - runtimeInfo: RuntimeInfo(platform=WINDOWS, version=11.17, build=16.07.2021 15.46)
14:57:12.125 [FXGL Background Thread 3 ] DEBUG Engine               - saveFileExt: sav
14:57:12.125 [FXGL Background Thread 3 ] DEBUG Engine               - scaledHeightProp$fxgl: DoubleProperty [bound, value: 720.0]
14:57:12.125 [FXGL Background Thread 3 ] DEBUG Engine               - scaledWidthProp$fxgl: DoubleProperty [bound, value: 1080.0]
14:57:12.125 [FXGL Background Thread 3 ] DEBUG Engine               - sceneFactory: com.almasb.fxgl.app.scene.SceneFactory@19a5bbc9
14:57:12.126 [FXGL Background Thread 3 ] DEBUG Engine               - secondsIn24h: 60
14:57:12.126 [FXGL Background Thread 3 ] DEBUG Engine               - soundMenuBack: menu/back.wav
14:57:12.126 [FXGL Background Thread 3 ] DEBUG Engine               - soundMenuPress: menu/press.wav
14:57:12.126 [FXGL Background Thread 3 ] DEBUG Engine               - soundMenuSelect: menu/select.wav
14:57:12.126 [FXGL Background Thread 3 ] DEBUG Engine               - soundNotification: core/notification.wav
14:57:12.127 [FXGL Background Thread 3 ] DEBUG Engine               - stageStyle: DECORATED
14:57:12.127 [FXGL Background Thread 3 ] DEBUG Engine               - supportedLanguages: [ENGLISH, FRENCH, GERMAN, HUNGARIAN, RUSSIAN]
14:57:12.127 [FXGL Background Thread 3 ] DEBUG Engine               - ticksPerSecond: -1
14:57:12.127 [FXGL Background Thread 3 ] DEBUG Engine               - title: demo
14:57:12.127 [FXGL Background Thread 3 ] DEBUG Engine               - urlGithub: https://github.com/AlmasB/FXGL
14:57:12.127 [FXGL Background Thread 3 ] DEBUG Engine               - urlLeaderboard: http://fxgl-top.herokuapp.com/
14:57:12.127 [FXGL Background Thread 3 ] DEBUG Engine               - urlPOM: https://raw.githubusercontent.com/AlmasB/FXGL/release/README.md
14:57:12.127 [FXGL Background Thread 3 ] DEBUG Engine               - userAppClass: class com.dam.wonder.GameApp
14:57:12.128 [FXGL Background Thread 3 ] DEBUG Engine               - version: 0.0
14:57:12.128 [FXGL Background Thread 3 ] DEBUG Engine               - versionCheckDays: 7
14:57:12.128 [FXGL Background Thread 3 ] DEBUG Engine               - width: 1080
14:57:12.128 [FXGL Background Thread 3 ] DEBUG Engine               - Logging services
14:57:12.129 [FXGL Background Thread 3 ] DEBUG Engine               - class com.almasb.fxgl.app.services.FXGLAssetLoaderService
14:57:12.129 [FXGL Background Thread 3 ] DEBUG Engine               - class com.almasb.fxgl.app.FXGLApplication$GameApplicationService
14:57:12.129 [FXGL Background Thread 3 ] DEBUG Engine               - class com.almasb.fxgl.app.services.FXGLDialogService
14:57:12.129 [FXGL Background Thread 3 ] DEBUG Engine               - class com.almasb.fxgl.app.services.IOTaskExecutorService
14:57:12.129 [FXGL Background Thread 3 ] DEBUG Engine               - class com.almasb.fxgl.io.FileSystemService
14:57:12.129 [FXGL Background Thread 3 ] DEBUG Engine               - class com.almasb.fxgl.localization.LocalizationService
14:57:12.129 [FXGL Background Thread 3 ] DEBUG Engine               - class com.almasb.fxgl.app.services.SystemBundleService
14:57:12.129 [FXGL Background Thread 3 ] DEBUG Engine               - class com.almasb.fxgl.profile.SaveLoadService
14:57:12.129 [FXGL Background Thread 3 ] DEBUG Engine               - class com.almasb.fxgl.ui.FXGLUIFactoryServiceProvider
14:57:12.129 [FXGL Background Thread 3 ] DEBUG Engine               - class com.almasb.fxgl.ui.FXGLDialogFactoryServiceProvider
14:57:12.129 [FXGL Background Thread 3 ] DEBUG Engine               - class com.almasb.fxgl.audio.AudioPlayer
14:57:12.131 [FXGL Background Thread 3 ] DEBUG Engine               - class com.almasb.fxgl.notification.impl.NotificationServiceProvider
14:57:12.131 [FXGL Background Thread 3 ] DEBUG Engine               - class com.almasb.fxgl.achievement.AchievementService
14:57:12.131 [FXGL Background Thread 3 ] DEBUG Engine               - class com.almasb.fxgl.cutscene.CutsceneService
14:57:12.131 [FXGL Background Thread 3 ] DEBUG Engine               - class com.almasb.fxgl.minigames.MiniGameService
14:57:12.131 [FXGL Background Thread 3 ] DEBUG Engine               - class com.almasb.fxgl.net.NetService
14:57:12.131 [FXGL Background Thread 3 ] DEBUG Engine               - class com.almasb.fxgl.app.services.UpdaterService
14:57:12.131 [FXGL Background Thread 3 ] DEBUG Engine               - class com.almasb.fxgl.dev.DevService
14:57:18.853 [JavaFX Application Thread] DEBUG FXGLApplication      - Exiting FXGL
14:57:18.854 [JavaFX Application Thread] DEBUG LoopRunner           - Stopping loop
14:57:18.854 [JavaFX Application Thread] DEBUG SystemBundleService  - Saving FXGL system data
14:57:18.856 [JavaFX Application Thread] DEBUG FileSystemAccess     - Writing to: C:\project\wonderfulStory\system\fxgl.bundle
14:57:18.859 [JavaFX Application Thread] DEBUG Async                - Shutting down background threads
14:57:18.859 [JavaFX Application Thread] DEBUG PrimaryStageWindow   - Closing main window
14:57:18.892 [JavaFX Application Thread] DEBUG Logger               - Closing Logger
