16:44:08.518 [restartedMain            ] DEBUG Logger               - Configured Logger
16:44:08.520 [restartedMain            ] DEBUG GameApplication      - Logging settings
Title: 奇妙物语
Version: demo01
Width: 1080
Height: 720
Fullscreen: false
Intro: false
Profiling: false
Single step:false
App Mode: DEVELOPER
Menu Key: ESCAPE
Stage Style: DECORATED
Scene Factory: class com.almasb.fxgl.app.scene.SceneFactory

16:44:08.936 [JavaFX Application Thread] DEBUG FXGLApplication      - Initializing FXGL
16:44:08.939 [JavaFX Application Thread] INFO  Engine               - FXGL-11.16 (25.05.2021 08.16) on WINDOWS (J:16.0.1 FX:16)
16:44:08.939 [JavaFX Application Thread] DEBUG Engine               - JRE Vendor Name: Oracle Corporation
16:44:08.940 [JavaFX Application Thread] DEBUG Engine               - Running on OS: Windows 10 version 10.0
16:44:08.940 [JavaFX Application Thread] DEBUG Engine               - Architecture: amd64
16:44:08.940 [JavaFX Application Thread] INFO  Engine               - Source code and latest versions at: https://github.com/AlmasB/FXGL
16:44:08.941 [JavaFX Application Thread] INFO  Engine               -              Join the FXGL chat at: https://gitter.im/AlmasB/FXGL
16:44:09.121 [JavaFX Application Thread] DEBUG PrimaryStageWindow   - Creating a JavaFX scene
16:44:09.229 [JavaFX Application Thread] DEBUG PrimaryStageWindow   - Target settings size: 1080.0 x 720.0
16:44:09.230 [JavaFX Application Thread] DEBUG PrimaryStageWindow   - Scaled scene size:    1080.0 x 720.0
16:44:09.230 [JavaFX Application Thread] DEBUG PrimaryStageWindow   - Scaled ratio: (1.0, 1.0)
16:44:09.232 [JavaFX Application Thread] DEBUG PrimaryStageWindow   - Set initial scene to FXGLStartupScene
16:44:09.253 [JavaFX Application Thread] DEBUG PrimaryStageWindow   - Opening main window
16:44:09.593 [JavaFX Application Thread] DEBUG PrimaryStageWindow   - Window border size: (14.4000244140625, 37.5999755859375)
16:44:09.594 [JavaFX Application Thread] DEBUG PrimaryStageWindow   - Scaled size: 1080.0 x 720.0
16:44:09.594 [JavaFX Application Thread] DEBUG PrimaryStageWindow   - Scaled ratio: (1.0, 1.0)
16:44:09.594 [JavaFX Application Thread] DEBUG PrimaryStageWindow   - Scene size: 1080.0 x 720.0
16:44:09.594 [JavaFX Application Thread] DEBUG PrimaryStageWindow   - Stage size: 1094.4000244140625 x 757.5999755859375
16:44:09.605 [FXGL Background Thread 1 ] DEBUG Engine               - Initializing environment variables
16:44:09.646 [FXGL Background Thread 1 ] DEBUG FXGLAssetLoaderServi - User app class for loading assets: class com.dam.wonder.view.game.BasicGameSample
16:44:09.646 [FXGL Background Thread 1 ] DEBUG GameApplicationServi - Applying CSS: fxgl_dark.css
16:44:09.647 [FXGL Background Thread 1 ] DEBUG FXGLAssetLoaderServi - Loading from file system: jar:file:/C:/Users/24771/.m2/repository/com/github/almasb/fxgl/11.16/fxgl-11.16.jar!/fxglassets/ui/css/fxgl_dark.css
16:44:09.735 [FXGL Background Thread 1 ] DEBUG GameApplicationServi - Initializing application scenes
16:44:09.822 [FXGL Background Thread 1 ] DEBUG GameWorld            - Game world initialized
16:44:09.897 [FXGL Background Thread 1 ] DEBUG PhysicsWorld         - Physics world initialized: appHeight=720, physics.ppm=50.0
16:44:09.898 [FXGL Background Thread 1 ] DEBUG PhysicsWorld         - Using strategy: BRUTE_FORCE
16:44:09.902 [FXGL Background Thread 1 ] DEBUG GameScene            - Game scene initialized: 1080x720
16:44:09.916 [FXGL Background Thread 1 ] DEBUG FXGL.DefaultMenu     - createMenuBodyGameMenu()
16:44:09.938 [FXGL Background Thread 1 ] DEBUG FXGL.DefaultMenu     - createOptionsMenu()
16:44:09.947 [FXGL Background Thread 1 ] DEBUG FXGLAssetLoaderServi - Loading from file system: jar:file:/C:/Users/24771/.m2/repository/com/github/almasb/fxgl/11.16/fxgl-11.16.jar!/fxglassets/textures/particles/smoke.png
16:44:10.071 [FXGL Background Thread 1 ] DEBUG FXGLAssetLoaderServi - Loading from file system: jar:file:/C:/Users/24771/.m2/repository/com/github/almasb/fxgl/11.16/fxgl-11.16.jar!/fxglassets/textures/particles/trace_horizontal.png
16:44:10.086 [FXGL Background Thread 1 ] DEBUG GameApplicationServi - Application scenes initialized
16:44:10.100 [FXGL Background Thread 1 ] DEBUG SystemBundleService  - Loading FXGL system data
16:44:10.102 [FXGL Background Thread 1 ] DEBUG FileSystemAccess     - Reading from: C:\project\wonderfulStory\system\fxgl.bundle
16:44:10.105 [FXGL Background Thread 1 ] DEBUG SystemBundleService  - Bundle FXGL: {}
16:44:10.106 [FXGL Background Thread 1 ] DEBUG UpdaterService       - Checking for updates
16:44:10.114 [FXGL Background Thread 4 ] DEBUG FXGLApplication      - Loading fonts
16:44:10.114 [FXGL Background Thread 1 ] DEBUG FXGLApplication      - Loading default localization
16:44:10.114 [FXGL Background Thread 4 ] DEBUG FXGLAssetLoaderServi - Loading from file system: jar:file:/C:/Users/24771/.m2/repository/com/github/almasb/fxgl/11.16/fxgl-11.16.jar!/fxglassets/ui/fonts/VarelaRound-Regular.ttf
16:44:10.115 [FXGL Background Thread 1 ] DEBUG FXGLAssetLoaderServi - Loading from file system: jar:file:/C:/Users/24771/.m2/repository/com/github/almasb/fxgl/11.16/fxgl-11.16.jar!/fxglassets/languages/english.lang
16:44:10.138 [FXGL Background Thread 1 ] INFO  FXGLApplication      - FXGL initialization took: 0.533 sec
16:44:10.142 [FXGL Background Thread 4 ] DEBUG FXGLAssetLoaderServi - Loading from file system: jar:file:/C:/Users/24771/.m2/repository/com/github/almasb/fxgl/11.16/fxgl-11.16.jar!/fxglassets/ui/fonts/Abel-Regular.ttf
16:44:10.145 [JavaFX Application Thread] DEBUG Input                - Registered new binding: move up - W
16:44:10.146 [JavaFX Application Thread] DEBUG Input                - Registered new binding: move down - S
16:44:10.148 [JavaFX Application Thread] DEBUG LoopRunner           - Stopping loop
16:44:10.148 [JavaFX Application Thread] DEBUG LoopRunner           - Initializing JavaFX AnimationTimerLoop
16:44:10.152 [JavaFX Application Thread] FATAL FXGLApplication      - Uncaught Exception:
java.lang.IllegalArgumentException: Action already exists: move down
	at com.almasb.fxgl.input.Input.addBinding(Input.kt:450)
	at com.almasb.fxgl.input.Input.addAction(Input.kt:446)
	at com.almasb.fxgl.input.Input.addAction$default(Input.kt:443)
	at com.almasb.fxgl.dsl.FXGL$Companion.onKey(FXGL.kt:385)
	at com.almasb.fxgl.dsl.FXGL.onKey(FXGL.kt)
	at com.dam.wonder.view.game.BasicGameSample.initInput(BasicGameSample.java:49)
	at com.almasb.fxgl.app.FXGLApplication$GameApplicationService.onMainLoopStarting(FXGLApplication.kt:516)
	at com.almasb.fxgl.app.Engine.startLoop(Engine.kt:149)
	at com.almasb.fxgl.app.FXGLApplication$startImpl$task$2.accept(FXGLApplication.kt:145)
	at com.almasb.fxgl.app.FXGLApplication$startImpl$task$2.accept(FXGLApplication.kt:69)
	at com.almasb.fxgl.core.concurrent.IOTask.succeed(IOTask.java:164)
	at com.almasb.fxgl.core.concurrent.IOTask$1.succeeded(IOTask.java:153)
	at javafx.concurrent.Task.setState(Task.java:726)
	at javafx.concurrent.Task$TaskCallable.lambda$call$1(Task.java:1436)
	at com.sun.javafx.application.PlatformImpl.lambda$runLater$10(PlatformImpl.java:447)
	at java.base/java.security.AccessController.doPrivileged(AccessController.java:391)
	at com.sun.javafx.application.PlatformImpl.lambda$runLater$11(PlatformImpl.java:446)
	at com.sun.glass.ui.InvokeLaterDispatcher$Future.run$$$capture(InvokeLaterDispatcher.java:96)
	at com.sun.glass.ui.InvokeLaterDispatcher$Future.run(InvokeLaterDispatcher.java)
	at com.sun.glass.ui.win.WinApplication._runLoop(Native Method)
	at com.sun.glass.ui.win.WinApplication.lambda$runLoop$3(WinApplication.java:174)
	at java.base/java.lang.Thread.run(Thread.java:831)

16:44:10.152 [JavaFX Application Thread] FATAL FXGLApplication      - Application will now exit
16:44:10.158 [FXGL Background Thread 4 ] DEBUG FXGLAssetLoaderServi - Loading from file system: jar:file:/C:/Users/24771/.m2/repository/com/github/almasb/fxgl/11.16/fxgl-11.16.jar!/fxglassets/ui/fonts/lucida_console.ttf
16:44:10.174 [JavaFX Application Thread] DEBUG PrimaryStageWindow   - Push state: ErrorSubScene
16:44:10.175 [JavaFX Application Thread] DEBUG Input                - Clearing active input actions
16:44:10.183 [FXGL Background Thread 4 ] DEBUG FXGLAssetLoaderServi - Loading from file system: jar:file:/C:/Users/24771/.m2/repository/com/github/almasb/fxgl/11.16/fxgl-11.16.jar!/fxglassets/ui/fonts/Courier-Prime.ttf
16:44:10.191 [JavaFX Application Thread] DEBUG GameApplicationServi - Removing overlay from FXGLStartupScene and adding to ErrorSubScene
16:44:10.192 [JavaFX Application Thread] DEBUG PrimaryStageWindow   - FXGLStartupScene -> ErrorSubScene
16:44:10.343 [FXGL Background Thread 2 ] WARN  UpdaterService       - Failed to find updates: java.net.UnknownHostException: raw.githubusercontent.com
16:44:10.515 [JavaFX Application Thread] DEBUG FXGLApplication      - Registering font factories with UI factory
16:44:13.111 [FXGL Background Thread 3 ] DEBUG Engine               - Logging environment variables
16:44:13.111 [FXGL Background Thread 3 ] DEBUG Engine               - achievements: []
16:44:13.111 [FXGL Background Thread 3 ] DEBUG Engine               - actualHeight: 720.0
16:44:13.111 [FXGL Background Thread 3 ] DEBUG Engine               - actualHeightProperty: ReadOnlyDoubleProperty [value: 720.0]
16:44:13.111 [FXGL Background Thread 3 ] DEBUG Engine               - actualWidth: 1080.0
16:44:13.112 [FXGL Background Thread 3 ] DEBUG Engine               - actualWidthProperty: ReadOnlyDoubleProperty [value: 1080.0]
16:44:13.112 [FXGL Background Thread 3 ] DEBUG Engine               - appIcon: fxgl_icon.png
16:44:13.112 [FXGL Background Thread 3 ] DEBUG Engine               - applicationMode: DEVELOPER
16:44:13.112 [FXGL Background Thread 3 ] DEBUG Engine               - cSSList: [fxgl_dark.css]
16:44:13.112 [FXGL Background Thread 3 ] DEBUG Engine               - collisionDetectionStrategy: BRUTE_FORCE
16:44:13.112 [FXGL Background Thread 3 ] DEBUG Engine               - configClass: Optional.empty
16:44:13.112 [FXGL Background Thread 3 ] DEBUG Engine               - credits: []
16:44:13.113 [FXGL Background Thread 3 ] DEBUG Engine               - defaultCursor: CursorInfo(imageName=fxgl_default_cursor.png, hotspotX=7.0, hotspotY=6.0)
16:44:13.113 [FXGL Background Thread 3 ] DEBUG Engine               - devBBoxColorProperty: ObjectProperty [value: 0xff0000ff]
16:44:13.113 [FXGL Background Thread 3 ] DEBUG Engine               - devEnableDebugCameraProperty: BooleanProperty [value: false]
16:44:13.113 [FXGL Background Thread 3 ] DEBUG Engine               - devSensorColorProperty: ObjectProperty [value: 0xffff00ff]
16:44:13.113 [FXGL Background Thread 3 ] DEBUG Engine               - devShowBBoxProperty: BooleanProperty [value: false]
16:44:13.113 [FXGL Background Thread 3 ] DEBUG Engine               - devShowPositionProperty: BooleanProperty [value: false]
16:44:13.113 [FXGL Background Thread 3 ] DEBUG Engine               - enabledMenuItems: []
16:44:13.114 [FXGL Background Thread 3 ] DEBUG Engine               - engineServices: [class com.almasb.fxgl.app.services.FXGLAssetLoaderService, class com.almasb.fxgl.app.FXGLApplication$GameApplicationService, class com.almasb.fxgl.app.services.FXGLDialogService, class com.almasb.fxgl.app.services.IOTaskExecutorService, class com.almasb.fxgl.io.FileSystemService, class com.almasb.fxgl.localization.LocalizationService, class com.almasb.fxgl.app.services.SystemBundleService, class com.almasb.fxgl.profile.SaveLoadService, class com.almasb.fxgl.ui.FXGLUIFactoryServiceProvider, class com.almasb.fxgl.ui.FXGLDialogFactoryServiceProvider, class com.almasb.fxgl.audio.AudioPlayer, class com.almasb.fxgl.notification.impl.NotificationServiceProvider, class com.almasb.fxgl.achievement.AchievementService, class com.almasb.fxgl.cutscene.CutsceneService, class com.almasb.fxgl.minigames.MiniGameService, class com.almasb.fxgl.net.NetService, class com.almasb.fxgl.app.services.UpdaterService, class com.almasb.fxgl.dev.DevService]
16:44:13.114 [FXGL Background Thread 3 ] DEBUG Engine               - fontGame: Abel-Regular.ttf
16:44:13.114 [FXGL Background Thread 3 ] DEBUG Engine               - fontMono: lucida_console.ttf
16:44:13.114 [FXGL Background Thread 3 ] DEBUG Engine               - fontText: Courier-Prime.ttf
16:44:13.114 [FXGL Background Thread 3 ] DEBUG Engine               - fontUI: VarelaRound-Regular.ttf
16:44:13.114 [FXGL Background Thread 3 ] DEBUG Engine               - fullScreen: BooleanProperty [value: false]
16:44:13.114 [FXGL Background Thread 3 ] DEBUG Engine               - gameDifficulty: MEDIUM
16:44:13.114 [FXGL Background Thread 3 ] DEBUG Engine               - gameDifficultyProperty: ObjectProperty [value: MEDIUM]
16:44:13.114 [FXGL Background Thread 3 ] DEBUG Engine               - globalMusicVolume: 0.5
16:44:13.115 [FXGL Background Thread 3 ] DEBUG Engine               - globalMusicVolumeProperty: DoubleProperty [value: 0.5]
16:44:13.115 [FXGL Background Thread 3 ] DEBUG Engine               - globalSoundVolume: 0.5
16:44:13.115 [FXGL Background Thread 3 ] DEBUG Engine               - globalSoundVolumeProperty: DoubleProperty [value: 0.5]
16:44:13.115 [FXGL Background Thread 3 ] DEBUG Engine               - height: 720
16:44:13.115 [FXGL Background Thread 3 ] DEBUG Engine               - is3D: false
16:44:13.115 [FXGL Background Thread 3 ] DEBUG Engine               - isAndroid: false
16:44:13.115 [FXGL Background Thread 3 ] DEBUG Engine               - isBrowser: false
16:44:13.115 [FXGL Background Thread 3 ] DEBUG Engine               - isClickFeedbackEnabled: false
16:44:13.115 [FXGL Background Thread 3 ] DEBUG Engine               - isCloseConfirmation: false
16:44:13.115 [FXGL Background Thread 3 ] DEBUG Engine               - isDesktop: true
16:44:13.116 [FXGL Background Thread 3 ] DEBUG Engine               - isDeveloperMenuEnabled: false
16:44:13.116 [FXGL Background Thread 3 ] DEBUG Engine               - isEntityPreloadEnabled: true
16:44:13.116 [FXGL Background Thread 3 ] DEBUG Engine               - isExperimentalTiledLargeMap: false
16:44:13.116 [FXGL Background Thread 3 ] DEBUG Engine               - isFileSystemWriteAllowed: true
16:44:13.116 [FXGL Background Thread 3 ] DEBUG Engine               - isFullScreenAllowed: false
16:44:13.116 [FXGL Background Thread 3 ] DEBUG Engine               - isFullScreenFromStart: false
16:44:13.116 [FXGL Background Thread 3 ] DEBUG Engine               - isGameMenuEnabled: true
16:44:13.116 [FXGL Background Thread 3 ] DEBUG Engine               - isIOS: false
16:44:13.116 [FXGL Background Thread 3 ] DEBUG Engine               - isIntroEnabled: false
16:44:13.116 [FXGL Background Thread 3 ] DEBUG Engine               - isLinux: false
16:44:13.117 [FXGL Background Thread 3 ] DEBUG Engine               - isMac: false
16:44:13.117 [FXGL Background Thread 3 ] DEBUG Engine               - isMainMenuEnabled: false
16:44:13.117 [FXGL Background Thread 3 ] DEBUG Engine               - isManualResizeEnabled: false
16:44:13.117 [FXGL Background Thread 3 ] DEBUG Engine               - isMobile: false
16:44:13.117 [FXGL Background Thread 3 ] DEBUG Engine               - isNative: false
16:44:13.117 [FXGL Background Thread 3 ] DEBUG Engine               - isPreserveResizeRatio: false
16:44:13.117 [FXGL Background Thread 3 ] DEBUG Engine               - isProfilingEnabled: false
16:44:13.117 [FXGL Background Thread 3 ] DEBUG Engine               - isScaleAffectedOnResize: true
16:44:13.117 [FXGL Background Thread 3 ] DEBUG Engine               - isSingleStep: false
16:44:13.118 [FXGL Background Thread 3 ] DEBUG Engine               - isUserProfileEnabled: false
16:44:13.118 [FXGL Background Thread 3 ] DEBUG Engine               - isWindows: true
16:44:13.118 [FXGL Background Thread 3 ] DEBUG Engine               - language: ObjectProperty [value: ENGLISH]
16:44:13.118 [FXGL Background Thread 3 ] DEBUG Engine               - menuKey: ESCAPE
16:44:13.118 [FXGL Background Thread 3 ] DEBUG Engine               - mouseSensitivity: 0.2
16:44:13.118 [FXGL Background Thread 3 ] DEBUG Engine               - notificationViewClass: class com.almasb.fxgl.notification.view.XboxNotificationView
16:44:13.118 [FXGL Background Thread 3 ] DEBUG Engine               - pixelsPerMeter: 50.0
16:44:13.118 [FXGL Background Thread 3 ] DEBUG Engine               - platform: WINDOWS
16:44:13.118 [FXGL Background Thread 3 ] DEBUG Engine               - prefHeightProperty: ReadOnlyDoubleProperty [value: 720.0]
16:44:13.119 [FXGL Background Thread 3 ] DEBUG Engine               - prefWidthProperty: ReadOnlyDoubleProperty [value: 1080.0]
16:44:13.119 [FXGL Background Thread 3 ] DEBUG Engine               - profileDir: profiles/
16:44:13.119 [FXGL Background Thread 3 ] DEBUG Engine               - profileName: StringProperty [value: DEFAULT]
16:44:13.120 [FXGL Background Thread 3 ] DEBUG Engine               - randomSeed: -1
16:44:13.120 [FXGL Background Thread 3 ] DEBUG Engine               - runtimeInfo: RuntimeInfo(platform=WINDOWS, version=11.16, build=25.05.2021 08.16)
16:44:13.120 [FXGL Background Thread 3 ] DEBUG Engine               - saveFileExt: sav
16:44:13.120 [FXGL Background Thread 3 ] DEBUG Engine               - scaledHeightProp$fxgl: DoubleProperty [bound, value: 720.0]
16:44:13.120 [FXGL Background Thread 3 ] DEBUG Engine               - scaledWidthProp$fxgl: DoubleProperty [bound, value: 1080.0]
16:44:13.121 [FXGL Background Thread 3 ] DEBUG Engine               - sceneFactory: com.almasb.fxgl.app.scene.SceneFactory@56d5a0e
16:44:13.121 [FXGL Background Thread 3 ] DEBUG Engine               - secondsIn24h: 60
16:44:13.121 [FXGL Background Thread 3 ] DEBUG Engine               - soundMenuBack: menu/back.wav
16:44:13.121 [FXGL Background Thread 3 ] DEBUG Engine               - soundMenuPress: menu/press.wav
16:44:13.121 [FXGL Background Thread 3 ] DEBUG Engine               - soundMenuSelect: menu/select.wav
16:44:13.121 [FXGL Background Thread 3 ] DEBUG Engine               - soundNotification: core/notification.wav
16:44:13.121 [FXGL Background Thread 3 ] DEBUG Engine               - stageStyle: DECORATED
16:44:13.121 [FXGL Background Thread 3 ] DEBUG Engine               - supportedLanguages: [ENGLISH, FRENCH, GERMAN, HUNGARIAN, RUSSIAN]
16:44:13.121 [FXGL Background Thread 3 ] DEBUG Engine               - ticksPerSecond: -1
16:44:13.121 [FXGL Background Thread 3 ] DEBUG Engine               - title: 奇妙物语
16:44:13.122 [FXGL Background Thread 3 ] DEBUG Engine               - urlGithub: https://github.com/AlmasB/FXGL
16:44:13.122 [FXGL Background Thread 3 ] DEBUG Engine               - urlLeaderboard: http://fxgl-top.herokuapp.com/
16:44:13.122 [FXGL Background Thread 3 ] DEBUG Engine               - urlPOM: https://raw.githubusercontent.com/AlmasB/FXGL/release/README.md
16:44:13.122 [FXGL Background Thread 3 ] DEBUG Engine               - userAppClass: class com.dam.wonder.view.game.BasicGameSample
16:44:13.122 [FXGL Background Thread 3 ] DEBUG Engine               - version: demo01
16:44:13.122 [FXGL Background Thread 3 ] DEBUG Engine               - versionCheckDays: 7
16:44:13.122 [FXGL Background Thread 3 ] DEBUG Engine               - width: 1080
16:44:13.122 [FXGL Background Thread 3 ] DEBUG Engine               - Logging services
16:44:13.122 [FXGL Background Thread 3 ] DEBUG Engine               - class com.almasb.fxgl.app.services.FXGLAssetLoaderService
16:44:13.122 [FXGL Background Thread 3 ] DEBUG Engine               - class com.almasb.fxgl.app.FXGLApplication$GameApplicationService
16:44:13.123 [FXGL Background Thread 3 ] DEBUG Engine               - class com.almasb.fxgl.app.services.FXGLDialogService
16:44:13.123 [FXGL Background Thread 3 ] DEBUG Engine               - class com.almasb.fxgl.app.services.IOTaskExecutorService
16:44:13.123 [FXGL Background Thread 3 ] DEBUG Engine               - class com.almasb.fxgl.io.FileSystemService
16:44:13.123 [FXGL Background Thread 3 ] DEBUG Engine               - class com.almasb.fxgl.localization.LocalizationService
16:44:13.123 [FXGL Background Thread 3 ] DEBUG Engine               - class com.almasb.fxgl.app.services.SystemBundleService
16:44:13.123 [FXGL Background Thread 3 ] DEBUG Engine               - class com.almasb.fxgl.profile.SaveLoadService
16:44:13.123 [FXGL Background Thread 3 ] DEBUG Engine               - class com.almasb.fxgl.ui.FXGLUIFactoryServiceProvider
16:44:13.124 [FXGL Background Thread 3 ] DEBUG Engine               - class com.almasb.fxgl.ui.FXGLDialogFactoryServiceProvider
16:44:13.124 [FXGL Background Thread 3 ] DEBUG Engine               - class com.almasb.fxgl.audio.AudioPlayer
16:44:13.124 [FXGL Background Thread 3 ] DEBUG Engine               - class com.almasb.fxgl.notification.impl.NotificationServiceProvider
16:44:13.124 [FXGL Background Thread 3 ] DEBUG Engine               - class com.almasb.fxgl.achievement.AchievementService
16:44:13.124 [FXGL Background Thread 3 ] DEBUG Engine               - class com.almasb.fxgl.cutscene.CutsceneService
16:44:13.124 [FXGL Background Thread 3 ] DEBUG Engine               - class com.almasb.fxgl.minigames.MiniGameService
16:44:13.124 [FXGL Background Thread 3 ] DEBUG Engine               - class com.almasb.fxgl.net.NetService
16:44:13.124 [FXGL Background Thread 3 ] DEBUG Engine               - class com.almasb.fxgl.app.services.UpdaterService
16:44:13.124 [FXGL Background Thread 3 ] DEBUG Engine               - class com.almasb.fxgl.dev.DevService
16:44:15.542 [JavaFX Application Thread] DEBUG FXGLApplication      - Exiting FXGL
16:44:15.542 [JavaFX Application Thread] DEBUG Async                - Shutting down background threads
16:44:15.543 [JavaFX Application Thread] DEBUG PrimaryStageWindow   - Closing main window
16:44:15.578 [JavaFX Application Thread] DEBUG Logger               - Closing Logger
