15:17:19.880 [main                     ] DEBUG Logger               - Configured Logger
15:17:19.893 [main                     ] DEBUG GameApplication      - Logging settings
Title: demo
Version: 0.0
Width: 1080
Height: 720
Fullscreen: false
Intro: false
Profiling: false
Single step:false
App Mode: DEVELOPER
Menu Key: ESCAPE
Stage Style: DECORATED
Scene Factory: class com.almasb.fxgl.app.scene.SceneFactory

15:17:20.718 [JavaFX Application Thread] DEBUG FXGLApplication      - Initializing FXGL
15:17:20.723 [JavaFX Application Thread] INFO  Engine               - FXGL-11.17 (16.07.2021 15.46) on WINDOWS (J:16.0.2 FX:16)
15:17:20.724 [JavaFX Application Thread] DEBUG Engine               - JRE Vendor Name: Oracle Corporation
15:17:20.724 [JavaFX Application Thread] DEBUG Engine               - Running on OS: Windows 10 version 10.0
15:17:20.725 [JavaFX Application Thread] DEBUG Engine               - Architecture: amd64
15:17:20.726 [JavaFX Application Thread] INFO  Engine               - Source code and latest versions at: https://github.com/AlmasB/FXGL
15:17:20.728 [JavaFX Application Thread] INFO  Engine               -              Join the FXGL chat at: https://gitter.im/AlmasB/FXGL
15:17:21.034 [JavaFX Application Thread] DEBUG PrimaryStageWindow   - Creating a JavaFX scene
15:17:21.139 [JavaFX Application Thread] DEBUG PrimaryStageWindow   - Target settings size: 1080.0 x 720.0
15:17:21.140 [JavaFX Application Thread] DEBUG PrimaryStageWindow   - Scaled scene size:    1080.0 x 720.0
15:17:21.140 [JavaFX Application Thread] DEBUG PrimaryStageWindow   - Scaled ratio: (1.0, 1.0)
15:17:21.142 [JavaFX Application Thread] DEBUG PrimaryStageWindow   - Set initial scene to FXGLStartupScene
15:17:21.158 [JavaFX Application Thread] DEBUG PrimaryStageWindow   - Opening main window
15:17:21.458 [JavaFX Application Thread] DEBUG PrimaryStageWindow   - Window border size: (14.4000244140625, 37.5999755859375)
15:17:21.458 [JavaFX Application Thread] DEBUG PrimaryStageWindow   - Scaled size: 1080.0 x 720.0
15:17:21.459 [JavaFX Application Thread] DEBUG PrimaryStageWindow   - Scaled ratio: (1.0, 1.0)
15:17:21.459 [JavaFX Application Thread] DEBUG PrimaryStageWindow   - Scene size: 1080.0 x 720.0
15:17:21.459 [JavaFX Application Thread] DEBUG PrimaryStageWindow   - Stage size: 1094.4000244140625 x 757.5999755859375
15:17:21.475 [FXGL Background Thread 1 ] DEBUG Engine               - Initializing environment variables
15:17:21.587 [FXGL Background Thread 1 ] DEBUG FXGLAssetLoaderServi - User app class for loading assets: class com.dam.wonder.GameApp
15:17:21.587 [FXGL Background Thread 1 ] DEBUG GameApplicationServi - Applying CSS: fxgl_dark.css
15:17:21.589 [FXGL Background Thread 1 ] DEBUG FXGLAssetLoaderServi - Loading from file system: jar:file:/C:/Users/24771/.m2/repository/com/github/almasb/fxgl/11.17/fxgl-11.17.jar!/fxglassets/ui/css/fxgl_dark.css
15:17:21.691 [FXGL Background Thread 1 ] DEBUG GameApplicationServi - Initializing application scenes
15:17:21.839 [FXGL Background Thread 1 ] DEBUG GameWorld            - Game world initialized
15:17:21.971 [FXGL Background Thread 1 ] DEBUG PhysicsWorld         - Physics world initialized: appHeight=720, physics.ppm=50.0
15:17:21.972 [FXGL Background Thread 1 ] DEBUG PhysicsWorld         - Using strategy: BRUTE_FORCE
15:17:21.986 [FXGL Background Thread 1 ] DEBUG GameScene            - Game scene initialized: 1080x720
15:17:22.007 [FXGL Background Thread 1 ] DEBUG FXGL.DefaultMenu     - createMenuBodyGameMenu()
15:17:22.034 [FXGL Background Thread 1 ] DEBUG FXGL.DefaultMenu     - createOptionsMenu()
15:17:22.052 [FXGL Background Thread 1 ] DEBUG FXGLAssetLoaderServi - Loading from file system: jar:file:/C:/Users/24771/.m2/repository/com/github/almasb/fxgl/11.17/fxgl-11.17.jar!/fxglassets/textures/particles/smoke.png
15:17:22.232 [FXGL Background Thread 1 ] DEBUG FXGLAssetLoaderServi - Loading from file system: jar:file:/C:/Users/24771/.m2/repository/com/github/almasb/fxgl/11.17/fxgl-11.17.jar!/fxglassets/textures/particles/trace_horizontal.png
15:17:22.273 [FXGL Background Thread 1 ] DEBUG GameApplicationServi - Application scenes initialized
15:17:22.295 [FXGL Background Thread 1 ] DEBUG SystemBundleService  - Loading FXGL system data
15:17:22.302 [FXGL Background Thread 1 ] DEBUG FileSystemAccess     - Reading from: C:\project\wonderfulStory\system\fxgl.bundle
15:17:22.312 [FXGL Background Thread 1 ] DEBUG SystemBundleService  - Bundle FXGL: {}
15:17:22.313 [FXGL Background Thread 1 ] DEBUG UpdaterService       - Checking for updates
15:17:22.363 [FXGL Background Thread 4 ] DEBUG FXGLApplication      - Loading fonts
15:17:22.364 [FXGL Background Thread 1 ] DEBUG FXGLApplication      - Loading default localization
15:17:22.364 [FXGL Background Thread 4 ] DEBUG FXGLAssetLoaderServi - Loading from file system: jar:file:/C:/Users/24771/.m2/repository/com/github/almasb/fxgl/11.17/fxgl-11.17.jar!/fxglassets/ui/fonts/VarelaRound-Regular.ttf
15:17:22.364 [FXGL Background Thread 1 ] DEBUG FXGLAssetLoaderServi - Loading from file system: jar:file:/C:/Users/24771/.m2/repository/com/github/almasb/fxgl/11.17/fxgl-11.17.jar!/fxglassets/languages/english.lang
15:17:22.400 [FXGL Background Thread 1 ] INFO  FXGLApplication      - FXGL initialization took: 0.925 sec
15:17:22.422 [JavaFX Application Thread] DEBUG Input                - Registered new binding: up - W
15:17:22.423 [JavaFX Application Thread] DEBUG Input                - Registered new binding: down - S
15:17:22.423 [JavaFX Application Thread] DEBUG Input                - Registered new binding: left - A
15:17:22.424 [JavaFX Application Thread] DEBUG Input                - Registered new binding: right - D
15:17:22.425 [JavaFX Application Thread] DEBUG FXGLAssetLoaderServi - Loading from file system: jar:file:/C:/Users/24771/.m2/repository/com/github/almasb/fxgl/11.17/fxgl-11.17.jar!/fxglassets/textures/fxgl_icon.png
15:17:22.472 [JavaFX Application Thread] DEBUG FXGLAssetLoaderServi - Loading from file system: jar:file:/C:/Users/24771/.m2/repository/com/github/almasb/fxgl/11.17/fxgl-11.17.jar!/fxglassets/textures/fxgl_default_cursor.png
15:17:22.477 [JavaFX Application Thread] DEBUG Input                - Registered new binding: Screenshot - CTRL+8
15:17:22.478 [JavaFX Application Thread] DEBUG Input                - Registered new binding: Dev Options - 1
15:17:22.480 [JavaFX Application Thread] DEBUG Input                - Registered new binding: Dev Console - 2
15:17:22.481 [JavaFX Application Thread] DEBUG Input                - Registered new binding: System info dump - CTRL+9
15:17:22.483 [JavaFX Application Thread] DEBUG Input                - Registered new binding: Restart - CTRL+R
15:17:22.485 [JavaFX Application Thread] DEBUG Input                - Registered new binding: Toggle Debug Camera - CTRL+C
15:17:22.491 [JavaFX Application Thread] DEBUG LoopRunner           - Starting loop
15:17:22.526 [JavaFX Application Thread] DEBUG LoopRunner           - Initializing JavaFX AnimationTimerLoop
15:17:22.530 [JavaFX Application Thread] DEBUG GameApplicationServi - Starting new game
15:17:22.532 [JavaFX Application Thread] DEBUG Input                - Clearing active input actions
15:17:22.558 [JavaFX Application Thread] DEBUG GameApplicationServi - Removing overlay from FXGLStartupScene and adding to FXGLLoadingScene
15:17:22.570 [JavaFX Application Thread] DEBUG PrimaryStageWindow   - FXGLStartupScene -> FXGLLoadingScene
15:17:22.571 [JavaFX Application Thread] DEBUG GameApplicationServi - Clearing previous game
15:17:22.571 [JavaFX Application Thread] DEBUG GameScene            - Clearing game scene
15:17:22.572 [JavaFX Application Thread] DEBUG GameWorld            - Clearing game world
15:17:22.573 [JavaFX Application Thread] DEBUG PhysicsWorld         - Clearing physics world
15:17:22.577 [FXGL Background Thread 1 ] DEBUG FXGLApplication      - Initializing game
15:17:22.600 [FXGL Background Thread 4 ] DEBUG FXGLAssetLoaderServi - Loading from file system: jar:file:/C:/Users/24771/.m2/repository/com/github/almasb/fxgl/11.17/fxgl-11.17.jar!/fxglassets/ui/fonts/Abel-Regular.ttf
15:17:22.626 [FXGL Background Thread 4 ] DEBUG FXGLAssetLoaderServi - Loading from file system: jar:file:/C:/Users/24771/.m2/repository/com/github/almasb/fxgl/11.17/fxgl-11.17.jar!/fxglassets/ui/fonts/lucida_console.ttf
15:17:22.661 [FXGL Background Thread 4 ] DEBUG FXGLAssetLoaderServi - Loading from file system: jar:file:/C:/Users/24771/.m2/repository/com/github/almasb/fxgl/11.17/fxgl-11.17.jar!/fxglassets/ui/fonts/Courier-Prime.ttf
15:17:22.684 [FXGL Background Thread 1 ] WARN  TMXLevelLoader       - TiledMap generated from 1.7.1. Supported version: 1.2.3. Some features may not be parsed fully.
15:17:22.696 [FXGL Background Thread 2 ] WARN  UpdaterService       - Failed to find updates: java.net.UnknownHostException: raw.githubusercontent.com
15:17:22.757 [FXGL Background Thread 1 ] DEBUG TMXLevelLoader       - Parsed TiledMap: file:/C:/project/wonderfulStory/wonder/target/classes/assets/levels/tmx/obj_test.tmx
15:17:22.759 [FXGL Background Thread 1 ] DEBUG TMXLevelLoader       - Creating tile layer entities
15:17:22.762 [FXGL Background Thread 1 ] DEBUG TilesetLoader        - Loading view for layer ground
15:17:22.797 [FXGL Background Thread 1 ] DEBUG TilesetLoader        - Created buffer with size 3200.0x3200.0
15:17:22.923 [FXGL Background Thread 1 ] DEBUG TilesetLoader        - Loading view for layer items
15:17:22.963 [FXGL Background Thread 1 ] DEBUG TilesetLoader        - Created buffer with size 3200.0x3200.0
15:17:23.016 [FXGL Background Thread 1 ] DEBUG TMXLevelLoader       - Creating object layer entities
15:17:23.060 [FXGL Background Thread 1 ] DEBUG GameWorld            - Clearing removable entities
15:17:23.061 [FXGL Background Thread 1 ] DEBUG GameWorld            - Setting level: com.almasb.fxgl.entity.level.Level@3938d393
15:17:23.100 [JavaFX Application Thread] DEBUG FXGLApplication      - Registering font factories with UI factory
15:17:23.138 [FXGL Background Thread 1 ] INFO  FXGLApplication      - Game initialization took: 0.561 sec
15:17:23.385 [JavaFX Application Thread] DEBUG Input                - Clearing active input actions
15:17:23.405 [JavaFX Application Thread] DEBUG GameApplicationServi - Removing overlay from FXGLLoadingScene and adding to GameScene
15:17:23.416 [JavaFX Application Thread] DEBUG PrimaryStageWindow   - FXGLLoadingScene -> GameScene
15:17:25.360 [FXGL Background Thread 3 ] DEBUG Engine               - Logging environment variables
15:17:25.360 [FXGL Background Thread 3 ] DEBUG Engine               - achievements: []
15:17:25.360 [FXGL Background Thread 3 ] DEBUG Engine               - actualHeight: 720.0
15:17:25.361 [FXGL Background Thread 3 ] DEBUG Engine               - actualHeightProperty: ReadOnlyDoubleProperty [value: 720.0]
15:17:25.361 [FXGL Background Thread 3 ] DEBUG Engine               - actualWidth: 1080.0
15:17:25.361 [FXGL Background Thread 3 ] DEBUG Engine               - actualWidthProperty: ReadOnlyDoubleProperty [value: 1080.0]
15:17:25.361 [FXGL Background Thread 3 ] DEBUG Engine               - appIcon: fxgl_icon.png
15:17:25.361 [FXGL Background Thread 3 ] DEBUG Engine               - applicationMode: DEVELOPER
15:17:25.361 [FXGL Background Thread 3 ] DEBUG Engine               - cSSList: [fxgl_dark.css]
15:17:25.361 [FXGL Background Thread 3 ] DEBUG Engine               - collisionDetectionStrategy: BRUTE_FORCE
15:17:25.362 [FXGL Background Thread 3 ] DEBUG Engine               - configClass: Optional.empty
15:17:25.362 [FXGL Background Thread 3 ] DEBUG Engine               - credits: []
15:17:25.362 [FXGL Background Thread 3 ] DEBUG Engine               - defaultCursor: CursorInfo(imageName=fxgl_default_cursor.png, hotspotX=7.0, hotspotY=6.0)
15:17:25.362 [FXGL Background Thread 3 ] DEBUG Engine               - devBBoxColorProperty: ObjectProperty [value: 0xff0000ff]
15:17:25.362 [FXGL Background Thread 3 ] DEBUG Engine               - devEnableDebugCameraProperty: BooleanProperty [value: false]
15:17:25.363 [FXGL Background Thread 3 ] DEBUG Engine               - devSensorColorProperty: ObjectProperty [value: 0xffff00ff]
15:17:25.363 [FXGL Background Thread 3 ] DEBUG Engine               - devShowBBoxProperty: BooleanProperty [value: false]
15:17:25.363 [FXGL Background Thread 3 ] DEBUG Engine               - devShowPositionProperty: BooleanProperty [value: false]
15:17:25.364 [FXGL Background Thread 3 ] DEBUG Engine               - enabledMenuItems: []
15:17:25.364 [FXGL Background Thread 3 ] DEBUG Engine               - engineServices: [class com.almasb.fxgl.app.services.FXGLAssetLoaderService, class com.almasb.fxgl.app.FXGLApplication$GameApplicationService, class com.almasb.fxgl.app.services.FXGLDialogService, class com.almasb.fxgl.app.services.IOTaskExecutorService, class com.almasb.fxgl.io.FileSystemService, class com.almasb.fxgl.localization.LocalizationService, class com.almasb.fxgl.app.services.SystemBundleService, class com.almasb.fxgl.profile.SaveLoadService, class com.almasb.fxgl.ui.FXGLUIFactoryServiceProvider, class com.almasb.fxgl.ui.FXGLDialogFactoryServiceProvider, class com.almasb.fxgl.audio.AudioPlayer, class com.almasb.fxgl.notification.impl.NotificationServiceProvider, class com.almasb.fxgl.achievement.AchievementService, class com.almasb.fxgl.cutscene.CutsceneService, class com.almasb.fxgl.minigames.MiniGameService, class com.almasb.fxgl.net.NetService, class com.almasb.fxgl.app.services.UpdaterService, class com.almasb.fxgl.dev.DevService]
15:17:25.364 [FXGL Background Thread 3 ] DEBUG Engine               - fontGame: Abel-Regular.ttf
15:17:25.364 [FXGL Background Thread 3 ] DEBUG Engine               - fontMono: lucida_console.ttf
15:17:25.364 [FXGL Background Thread 3 ] DEBUG Engine               - fontText: Courier-Prime.ttf
15:17:25.364 [FXGL Background Thread 3 ] DEBUG Engine               - fontUI: VarelaRound-Regular.ttf
15:17:25.364 [FXGL Background Thread 3 ] DEBUG Engine               - fullScreen: BooleanProperty [value: false]
15:17:25.365 [FXGL Background Thread 3 ] DEBUG Engine               - gameDifficulty: MEDIUM
15:17:25.365 [FXGL Background Thread 3 ] DEBUG Engine               - gameDifficultyProperty: ObjectProperty [value: MEDIUM]
15:17:25.365 [FXGL Background Thread 3 ] DEBUG Engine               - globalMusicVolume: 0.5
15:17:25.365 [FXGL Background Thread 3 ] DEBUG Engine               - globalMusicVolumeProperty: DoubleProperty [value: 0.5]
15:17:25.365 [FXGL Background Thread 3 ] DEBUG Engine               - globalSoundVolume: 0.5
15:17:25.365 [FXGL Background Thread 3 ] DEBUG Engine               - globalSoundVolumeProperty: DoubleProperty [value: 0.5]
15:17:25.366 [FXGL Background Thread 3 ] DEBUG Engine               - height: 720
15:17:25.366 [FXGL Background Thread 3 ] DEBUG Engine               - is3D: true
15:17:25.366 [FXGL Background Thread 3 ] DEBUG Engine               - isAndroid: false
15:17:25.366 [FXGL Background Thread 3 ] DEBUG Engine               - isBrowser: false
15:17:25.366 [FXGL Background Thread 3 ] DEBUG Engine               - isClickFeedbackEnabled: false
15:17:25.366 [FXGL Background Thread 3 ] DEBUG Engine               - isCloseConfirmation: false
15:17:25.366 [FXGL Background Thread 3 ] DEBUG Engine               - isDesktop: true
15:17:25.366 [FXGL Background Thread 3 ] DEBUG Engine               - isDeveloperMenuEnabled: true
15:17:25.367 [FXGL Background Thread 3 ] DEBUG Engine               - isEntityPreloadEnabled: true
15:17:25.367 [FXGL Background Thread 3 ] DEBUG Engine               - isExperimentalTiledLargeMap: false
15:17:25.368 [FXGL Background Thread 3 ] DEBUG Engine               - isFileSystemWriteAllowed: true
15:17:25.368 [FXGL Background Thread 3 ] DEBUG Engine               - isFullScreenAllowed: false
15:17:25.369 [FXGL Background Thread 3 ] DEBUG Engine               - isFullScreenFromStart: false
15:17:25.369 [FXGL Background Thread 3 ] DEBUG Engine               - isGameMenuEnabled: true
15:17:25.369 [FXGL Background Thread 3 ] DEBUG Engine               - isIOS: false
15:17:25.370 [FXGL Background Thread 3 ] DEBUG Engine               - isIntroEnabled: false
15:17:25.370 [FXGL Background Thread 3 ] DEBUG Engine               - isLinux: false
15:17:25.370 [FXGL Background Thread 3 ] DEBUG Engine               - isMac: false
15:17:25.370 [FXGL Background Thread 3 ] DEBUG Engine               - isMainMenuEnabled: false
15:17:25.370 [FXGL Background Thread 3 ] DEBUG Engine               - isManualResizeEnabled: false
15:17:25.370 [FXGL Background Thread 3 ] DEBUG Engine               - isMobile: false
15:17:25.371 [FXGL Background Thread 3 ] DEBUG Engine               - isNative: false
15:17:25.371 [FXGL Background Thread 3 ] DEBUG Engine               - isPauseMusicWhenMinimized: true
15:17:25.371 [FXGL Background Thread 3 ] DEBUG Engine               - isPreserveResizeRatio: false
15:17:25.371 [FXGL Background Thread 3 ] DEBUG Engine               - isProfilingEnabled: false
15:17:25.371 [FXGL Background Thread 3 ] DEBUG Engine               - isScaleAffectedOnResize: true
15:17:25.371 [FXGL Background Thread 3 ] DEBUG Engine               - isSingleStep: false
15:17:25.371 [FXGL Background Thread 3 ] DEBUG Engine               - isUserProfileEnabled: false
15:17:25.371 [FXGL Background Thread 3 ] DEBUG Engine               - isWindows: true
15:17:25.372 [FXGL Background Thread 3 ] DEBUG Engine               - language: ObjectProperty [value: ENGLISH]
15:17:25.372 [FXGL Background Thread 3 ] DEBUG Engine               - menuKey: ESCAPE
15:17:25.372 [FXGL Background Thread 3 ] DEBUG Engine               - mouseSensitivity: 0.2
15:17:25.372 [FXGL Background Thread 3 ] DEBUG Engine               - notificationViewClass: class com.almasb.fxgl.notification.view.XboxNotificationView
15:17:25.372 [FXGL Background Thread 3 ] DEBUG Engine               - pixelsPerMeter: 50.0
15:17:25.372 [FXGL Background Thread 3 ] DEBUG Engine               - platform: WINDOWS
15:17:25.373 [FXGL Background Thread 3 ] DEBUG Engine               - prefHeightProperty: ReadOnlyDoubleProperty [value: 720.0]
15:17:25.373 [FXGL Background Thread 3 ] DEBUG Engine               - prefWidthProperty: ReadOnlyDoubleProperty [value: 1080.0]
15:17:25.373 [FXGL Background Thread 3 ] DEBUG Engine               - profileDir: profiles/
15:17:25.373 [FXGL Background Thread 3 ] DEBUG Engine               - profileName: StringProperty [value: DEFAULT]
15:17:25.373 [FXGL Background Thread 3 ] DEBUG Engine               - randomSeed: -1
15:17:25.373 [FXGL Background Thread 3 ] DEBUG Engine               - runtimeInfo: RuntimeInfo(platform=WINDOWS, version=11.17, build=16.07.2021 15.46)
15:17:25.373 [FXGL Background Thread 3 ] DEBUG Engine               - saveFileExt: sav
15:17:25.374 [FXGL Background Thread 3 ] DEBUG Engine               - scaledHeightProp$fxgl: DoubleProperty [bound, value: 720.0]
15:17:25.374 [FXGL Background Thread 3 ] DEBUG Engine               - scaledWidthProp$fxgl: DoubleProperty [bound, value: 1080.0]
15:17:25.374 [FXGL Background Thread 3 ] DEBUG Engine               - sceneFactory: com.almasb.fxgl.app.scene.SceneFactory@10173e16
15:17:25.374 [FXGL Background Thread 3 ] DEBUG Engine               - secondsIn24h: 60
15:17:25.374 [FXGL Background Thread 3 ] DEBUG Engine               - soundMenuBack: menu/back.wav
15:17:25.375 [FXGL Background Thread 3 ] DEBUG Engine               - soundMenuPress: menu/press.wav
15:17:25.375 [FXGL Background Thread 3 ] DEBUG Engine               - soundMenuSelect: menu/select.wav
15:17:25.375 [FXGL Background Thread 3 ] DEBUG Engine               - soundNotification: core/notification.wav
15:17:25.375 [FXGL Background Thread 3 ] DEBUG Engine               - stageStyle: DECORATED
15:17:25.375 [FXGL Background Thread 3 ] DEBUG Engine               - supportedLanguages: [ENGLISH, FRENCH, GERMAN, HUNGARIAN, RUSSIAN]
15:17:25.375 [FXGL Background Thread 3 ] DEBUG Engine               - ticksPerSecond: -1
15:17:25.375 [FXGL Background Thread 3 ] DEBUG Engine               - title: demo
15:17:25.375 [FXGL Background Thread 3 ] DEBUG Engine               - urlGithub: https://github.com/AlmasB/FXGL
15:17:25.376 [FXGL Background Thread 3 ] DEBUG Engine               - urlLeaderboard: http://fxgl-top.herokuapp.com/
15:17:25.376 [FXGL Background Thread 3 ] DEBUG Engine               - urlPOM: https://raw.githubusercontent.com/AlmasB/FXGL/release/README.md
15:17:25.376 [FXGL Background Thread 3 ] DEBUG Engine               - userAppClass: class com.dam.wonder.GameApp
15:17:25.376 [FXGL Background Thread 3 ] DEBUG Engine               - version: 0.0
15:17:25.376 [FXGL Background Thread 3 ] DEBUG Engine               - versionCheckDays: 7
15:17:25.376 [FXGL Background Thread 3 ] DEBUG Engine               - width: 1080
15:17:25.377 [FXGL Background Thread 3 ] DEBUG Engine               - Logging services
15:17:25.377 [FXGL Background Thread 3 ] DEBUG Engine               - class com.almasb.fxgl.app.services.FXGLAssetLoaderService
15:17:25.377 [FXGL Background Thread 3 ] DEBUG Engine               - class com.almasb.fxgl.app.FXGLApplication$GameApplicationService
15:17:25.377 [FXGL Background Thread 3 ] DEBUG Engine               - class com.almasb.fxgl.app.services.FXGLDialogService
15:17:25.377 [FXGL Background Thread 3 ] DEBUG Engine               - class com.almasb.fxgl.app.services.IOTaskExecutorService
15:17:25.377 [FXGL Background Thread 3 ] DEBUG Engine               - class com.almasb.fxgl.io.FileSystemService
15:17:25.377 [FXGL Background Thread 3 ] DEBUG Engine               - class com.almasb.fxgl.localization.LocalizationService
15:17:25.378 [FXGL Background Thread 3 ] DEBUG Engine               - class com.almasb.fxgl.app.services.SystemBundleService
15:17:25.378 [FXGL Background Thread 3 ] DEBUG Engine               - class com.almasb.fxgl.profile.SaveLoadService
15:17:25.378 [FXGL Background Thread 3 ] DEBUG Engine               - class com.almasb.fxgl.ui.FXGLUIFactoryServiceProvider
15:17:25.378 [FXGL Background Thread 3 ] DEBUG Engine               - class com.almasb.fxgl.ui.FXGLDialogFactoryServiceProvider
15:17:25.378 [FXGL Background Thread 3 ] DEBUG Engine               - class com.almasb.fxgl.audio.AudioPlayer
15:17:25.378 [FXGL Background Thread 3 ] DEBUG Engine               - class com.almasb.fxgl.notification.impl.NotificationServiceProvider
15:17:25.378 [FXGL Background Thread 3 ] DEBUG Engine               - class com.almasb.fxgl.achievement.AchievementService
15:17:25.378 [FXGL Background Thread 3 ] DEBUG Engine               - class com.almasb.fxgl.cutscene.CutsceneService
15:17:25.378 [FXGL Background Thread 3 ] DEBUG Engine               - class com.almasb.fxgl.minigames.MiniGameService
15:17:25.379 [FXGL Background Thread 3 ] DEBUG Engine               - class com.almasb.fxgl.net.NetService
15:17:25.379 [FXGL Background Thread 3 ] DEBUG Engine               - class com.almasb.fxgl.app.services.UpdaterService
15:17:25.379 [FXGL Background Thread 3 ] DEBUG Engine               - class com.almasb.fxgl.dev.DevService
15:18:01.833 [JavaFX Application Thread] DEBUG FXGLApplication      - Exiting FXGL
15:18:01.833 [JavaFX Application Thread] DEBUG LoopRunner           - Stopping loop
15:18:01.834 [JavaFX Application Thread] DEBUG SystemBundleService  - Saving FXGL system data
15:18:01.836 [JavaFX Application Thread] DEBUG FileSystemAccess     - Writing to: C:\project\wonderfulStory\system\fxgl.bundle
15:18:01.837 [JavaFX Application Thread] DEBUG Async                - Shutting down background threads
15:18:01.838 [JavaFX Application Thread] DEBUG PrimaryStageWindow   - Closing main window
15:18:01.864 [JavaFX Application Thread] DEBUG Logger               - Closing Logger
