17:44:05.831 [main                     ] DEBUG Logger               - Configured Logger
17:44:05.878 [main                     ] DEBUG GameApplication      - Logging settings
Title: demo
Version: 0.0
Width: 1080
Height: 720
Fullscreen: false
Intro: false
Profiling: false
Single step:false
App Mode: DEVELOPER
Menu Key: ESCAPE
Stage Style: DECORATED
Scene Factory: class com.almasb.fxgl.app.scene.SceneFactory

17:44:07.428 [JavaFX Application Thread] DEBUG FXGLApplication      - Initializing FXGL
17:44:07.436 [JavaFX Application Thread] INFO  Engine               - FXGL-11.17 (16.07.2021 15.46) on WINDOWS (J:16.0.1 FX:16)
17:44:07.437 [JavaFX Application Thread] DEBUG Engine               - JRE Vendor Name: Oracle Corporation
17:44:07.437 [JavaFX Application Thread] DEBUG Engine               - Running on OS: Windows 10 version 10.0
17:44:07.439 [JavaFX Application Thread] DEBUG Engine               - Architecture: amd64
17:44:07.439 [JavaFX Application Thread] INFO  Engine               - Source code and latest versions at: https://github.com/AlmasB/FXGL
17:44:07.441 [JavaFX Application Thread] INFO  Engine               -              Join the FXGL chat at: https://gitter.im/AlmasB/FXGL
17:44:07.932 [JavaFX Application Thread] DEBUG PrimaryStageWindow   - Creating a JavaFX scene
17:44:08.102 [JavaFX Application Thread] DEBUG PrimaryStageWindow   - Target settings size: 1080.0 x 720.0
17:44:08.103 [JavaFX Application Thread] DEBUG PrimaryStageWindow   - Scaled scene size:    1080.0 x 720.0
17:44:08.103 [JavaFX Application Thread] DEBUG PrimaryStageWindow   - Scaled ratio: (1.0, 1.0)
17:44:08.106 [JavaFX Application Thread] DEBUG PrimaryStageWindow   - Set initial scene to FXGLStartupScene
17:44:08.133 [JavaFX Application Thread] DEBUG PrimaryStageWindow   - Opening main window
17:44:08.532 [JavaFX Application Thread] DEBUG PrimaryStageWindow   - Window border size: (14.4000244140625, 37.5999755859375)
17:44:08.533 [JavaFX Application Thread] DEBUG PrimaryStageWindow   - Scaled size: 1080.0 x 720.0
17:44:08.533 [JavaFX Application Thread] DEBUG PrimaryStageWindow   - Scaled ratio: (1.0, 1.0)
17:44:08.534 [JavaFX Application Thread] DEBUG PrimaryStageWindow   - Scene size: 1080.0 x 720.0
17:44:08.534 [JavaFX Application Thread] DEBUG PrimaryStageWindow   - Stage size: 1094.4000244140625 x 757.5999755859375
17:44:08.558 [FXGL Background Thread 1 ] DEBUG Engine               - Initializing environment variables
17:44:08.730 [FXGL Background Thread 1 ] DEBUG FXGLAssetLoaderServi - User app class for loading assets: class com.dam.wonder.GameApp
17:44:08.731 [FXGL Background Thread 1 ] DEBUG GameApplicationServi - Applying CSS: fxgl_dark.css
17:44:08.734 [FXGL Background Thread 1 ] DEBUG FXGLAssetLoaderServi - Loading from file system: jar:file:/C:/Users/24771/.m2/repository/com/github/almasb/fxgl/11.17/fxgl-11.17.jar!/fxglassets/ui/css/fxgl_dark.css
17:44:08.849 [FXGL Background Thread 1 ] DEBUG GameApplicationServi - Initializing application scenes
17:44:09.038 [FXGL Background Thread 1 ] DEBUG GameWorld            - Game world initialized
17:44:09.171 [FXGL Background Thread 1 ] DEBUG PhysicsWorld         - Physics world initialized: appHeight=720, physics.ppm=50.0
17:44:09.171 [FXGL Background Thread 1 ] DEBUG PhysicsWorld         - Using strategy: BRUTE_FORCE
17:44:09.178 [FXGL Background Thread 1 ] DEBUG GameScene            - Game scene initialized: 1080x720
17:44:09.205 [FXGL Background Thread 1 ] DEBUG FXGL.DefaultMenu     - createMenuBodyGameMenu()
17:44:09.249 [FXGL Background Thread 1 ] DEBUG FXGL.DefaultMenu     - createOptionsMenu()
17:44:09.285 [FXGL Background Thread 1 ] DEBUG FXGLAssetLoaderServi - Loading from file system: jar:file:/C:/Users/24771/.m2/repository/com/github/almasb/fxgl/11.17/fxgl-11.17.jar!/fxglassets/textures/particles/smoke.png
17:44:09.592 [FXGL Background Thread 1 ] DEBUG FXGLAssetLoaderServi - Loading from file system: jar:file:/C:/Users/24771/.m2/repository/com/github/almasb/fxgl/11.17/fxgl-11.17.jar!/fxglassets/textures/particles/trace_horizontal.png
17:44:09.673 [FXGL Background Thread 1 ] DEBUG GameApplicationServi - Application scenes initialized
17:44:09.710 [FXGL Background Thread 1 ] DEBUG SystemBundleService  - Loading FXGL system data
17:44:09.722 [FXGL Background Thread 1 ] DEBUG FileSystemAccess     - Reading from: C:\project\wonderfulStory\system\fxgl.bundle
17:44:09.742 [FXGL Background Thread 1 ] DEBUG SystemBundleService  - Bundle FXGL: {}
17:44:09.743 [FXGL Background Thread 1 ] DEBUG UpdaterService       - Checking for updates
17:44:09.758 [FXGL Background Thread 4 ] DEBUG FXGLApplication      - Loading fonts
17:44:09.759 [FXGL Background Thread 4 ] DEBUG FXGLAssetLoaderServi - Loading from file system: jar:file:/C:/Users/24771/.m2/repository/com/github/almasb/fxgl/11.17/fxgl-11.17.jar!/fxglassets/ui/fonts/VarelaRound-Regular.ttf
17:44:09.765 [FXGL Background Thread 1 ] DEBUG FXGLApplication      - Loading default localization
17:44:09.767 [FXGL Background Thread 1 ] DEBUG FXGLAssetLoaderServi - Loading from file system: jar:file:/C:/Users/24771/.m2/repository/com/github/almasb/fxgl/11.17/fxgl-11.17.jar!/fxglassets/languages/english.lang
17:44:09.812 [FXGL Background Thread 1 ] INFO  FXGLApplication      - FXGL initialization took: 1.254 sec
17:44:09.816 [JavaFX Application Thread] DEBUG FXGLAssetLoaderServi - Loading from file system: jar:file:/C:/Users/24771/.m2/repository/com/github/almasb/fxgl/11.17/fxgl-11.17.jar!/fxglassets/textures/fxgl_icon.png
17:44:09.866 [JavaFX Application Thread] DEBUG FXGLAssetLoaderServi - Loading from file system: jar:file:/C:/Users/24771/.m2/repository/com/github/almasb/fxgl/11.17/fxgl-11.17.jar!/fxglassets/textures/fxgl_default_cursor.png
17:44:09.896 [JavaFX Application Thread] DEBUG Input                - Registered new binding: Screenshot - CTRL+8
17:44:09.897 [JavaFX Application Thread] DEBUG Input                - Registered new binding: System info dump - CTRL+9
17:44:09.899 [JavaFX Application Thread] DEBUG Input                - Registered new binding: Restart - CTRL+R
17:44:09.904 [JavaFX Application Thread] DEBUG Input                - Registered new binding: Toggle Debug Camera - CTRL+C
17:44:09.918 [JavaFX Application Thread] DEBUG LoopRunner           - Starting loop
17:44:09.919 [JavaFX Application Thread] DEBUG LoopRunner           - Initializing JavaFX AnimationTimerLoop
17:44:09.926 [JavaFX Application Thread] DEBUG GameApplicationServi - Starting new game
17:44:09.928 [JavaFX Application Thread] DEBUG Input                - Clearing active input actions
17:44:09.975 [JavaFX Application Thread] DEBUG GameApplicationServi - Removing overlay from FXGLStartupScene and adding to FXGLLoadingScene
17:44:09.977 [JavaFX Application Thread] DEBUG PrimaryStageWindow   - FXGLStartupScene -> FXGLLoadingScene
17:44:09.978 [JavaFX Application Thread] DEBUG GameApplicationServi - Clearing previous game
17:44:09.978 [JavaFX Application Thread] DEBUG GameScene            - Clearing game scene
17:44:09.979 [JavaFX Application Thread] DEBUG GameWorld            - Clearing game world
17:44:09.980 [JavaFX Application Thread] DEBUG PhysicsWorld         - Clearing physics world
17:44:09.984 [FXGL Background Thread 1 ] DEBUG FXGLApplication      - Initializing game
17:44:09.998 [FXGL Background Thread 1 ] DEBUG FXGLAssetLoaderServi - Loading from file system: file:/C:/project/wonderfulStory/wonder/target/classes/assets/textures/player.png
17:44:10.051 [FXGL Background Thread 1 ] DEBUG Input                - Registered new binding: up - W
17:44:10.053 [FXGL Background Thread 1 ] DEBUG Input                - Registered new binding: down - S
17:44:10.053 [FXGL Background Thread 1 ] DEBUG Input                - Registered new binding: left - A
17:44:10.054 [FXGL Background Thread 1 ] DEBUG Input                - Registered new binding: right - D
17:44:10.056 [FXGL Background Thread 1 ] INFO  FXGLApplication      - Game initialization took: 0.071 sec
17:44:10.099 [FXGL Background Thread 4 ] DEBUG FXGLAssetLoaderServi - Loading from file system: jar:file:/C:/Users/24771/.m2/repository/com/github/almasb/fxgl/11.17/fxgl-11.17.jar!/fxglassets/ui/fonts/Abel-Regular.ttf
17:44:10.130 [FXGL Background Thread 4 ] DEBUG FXGLAssetLoaderServi - Loading from file system: jar:file:/C:/Users/24771/.m2/repository/com/github/almasb/fxgl/11.17/fxgl-11.17.jar!/fxglassets/ui/fonts/lucida_console.ttf
17:44:10.164 [FXGL Background Thread 4 ] DEBUG FXGLAssetLoaderServi - Loading from file system: jar:file:/C:/Users/24771/.m2/repository/com/github/almasb/fxgl/11.17/fxgl-11.17.jar!/fxglassets/ui/fonts/Courier-Prime.ttf
17:44:10.173 [JavaFX Application Thread] DEBUG Input                - Clearing active input actions
17:44:10.198 [JavaFX Application Thread] DEBUG GameApplicationServi - Removing overlay from FXGLLoadingScene and adding to GameScene
17:44:10.200 [JavaFX Application Thread] DEBUG PrimaryStageWindow   - FXGLLoadingScene -> GameScene
17:44:10.322 [JavaFX Application Thread] DEBUG FXGLApplication      - Registering font factories with UI factory
17:44:10.389 [FXGL Background Thread 2 ] WARN  UpdaterService       - Failed to find updates: java.net.UnknownHostException: raw.githubusercontent.com
17:44:12.752 [FXGL Background Thread 3 ] DEBUG Engine               - Logging environment variables
17:44:12.752 [FXGL Background Thread 3 ] DEBUG Engine               - achievements: []
17:44:12.753 [FXGL Background Thread 3 ] DEBUG Engine               - actualHeight: 720.0
17:44:12.753 [FXGL Background Thread 3 ] DEBUG Engine               - actualHeightProperty: ReadOnlyDoubleProperty [value: 720.0]
17:44:12.753 [FXGL Background Thread 3 ] DEBUG Engine               - actualWidth: 1080.0
17:44:12.753 [FXGL Background Thread 3 ] DEBUG Engine               - actualWidthProperty: ReadOnlyDoubleProperty [value: 1080.0]
17:44:12.754 [FXGL Background Thread 3 ] DEBUG Engine               - appIcon: fxgl_icon.png
17:44:12.754 [FXGL Background Thread 3 ] DEBUG Engine               - applicationMode: DEVELOPER
17:44:12.754 [FXGL Background Thread 3 ] DEBUG Engine               - cSSList: [fxgl_dark.css]
17:44:12.754 [FXGL Background Thread 3 ] DEBUG Engine               - collisionDetectionStrategy: BRUTE_FORCE
17:44:12.755 [FXGL Background Thread 3 ] DEBUG Engine               - configClass: Optional.empty
17:44:12.755 [FXGL Background Thread 3 ] DEBUG Engine               - credits: []
17:44:12.755 [FXGL Background Thread 3 ] DEBUG Engine               - defaultCursor: CursorInfo(imageName=fxgl_default_cursor.png, hotspotX=7.0, hotspotY=6.0)
17:44:12.755 [FXGL Background Thread 3 ] DEBUG Engine               - devBBoxColorProperty: ObjectProperty [value: 0xff0000ff]
17:44:12.755 [FXGL Background Thread 3 ] DEBUG Engine               - devEnableDebugCameraProperty: BooleanProperty [value: false]
17:44:12.756 [FXGL Background Thread 3 ] DEBUG Engine               - devSensorColorProperty: ObjectProperty [value: 0xffff00ff]
17:44:12.756 [FXGL Background Thread 3 ] DEBUG Engine               - devShowBBoxProperty: BooleanProperty [value: false]
17:44:12.756 [FXGL Background Thread 3 ] DEBUG Engine               - devShowPositionProperty: BooleanProperty [value: false]
17:44:12.756 [FXGL Background Thread 3 ] DEBUG Engine               - enabledMenuItems: []
17:44:12.757 [FXGL Background Thread 3 ] DEBUG Engine               - engineServices: [class com.almasb.fxgl.app.services.FXGLAssetLoaderService, class com.almasb.fxgl.app.FXGLApplication$GameApplicationService, class com.almasb.fxgl.app.services.FXGLDialogService, class com.almasb.fxgl.app.services.IOTaskExecutorService, class com.almasb.fxgl.io.FileSystemService, class com.almasb.fxgl.localization.LocalizationService, class com.almasb.fxgl.app.services.SystemBundleService, class com.almasb.fxgl.profile.SaveLoadService, class com.almasb.fxgl.ui.FXGLUIFactoryServiceProvider, class com.almasb.fxgl.ui.FXGLDialogFactoryServiceProvider, class com.almasb.fxgl.audio.AudioPlayer, class com.almasb.fxgl.notification.impl.NotificationServiceProvider, class com.almasb.fxgl.achievement.AchievementService, class com.almasb.fxgl.cutscene.CutsceneService, class com.almasb.fxgl.minigames.MiniGameService, class com.almasb.fxgl.net.NetService, class com.almasb.fxgl.app.services.UpdaterService, class com.almasb.fxgl.dev.DevService]
17:44:12.757 [FXGL Background Thread 3 ] DEBUG Engine               - fontGame: Abel-Regular.ttf
17:44:12.757 [FXGL Background Thread 3 ] DEBUG Engine               - fontMono: lucida_console.ttf
17:44:12.757 [FXGL Background Thread 3 ] DEBUG Engine               - fontText: Courier-Prime.ttf
17:44:12.758 [FXGL Background Thread 3 ] DEBUG Engine               - fontUI: VarelaRound-Regular.ttf
17:44:12.758 [FXGL Background Thread 3 ] DEBUG Engine               - fullScreen: BooleanProperty [value: false]
17:44:12.759 [FXGL Background Thread 3 ] DEBUG Engine               - gameDifficulty: MEDIUM
17:44:12.759 [FXGL Background Thread 3 ] DEBUG Engine               - gameDifficultyProperty: ObjectProperty [value: MEDIUM]
17:44:12.759 [FXGL Background Thread 3 ] DEBUG Engine               - globalMusicVolume: 0.5
17:44:12.759 [FXGL Background Thread 3 ] DEBUG Engine               - globalMusicVolumeProperty: DoubleProperty [value: 0.5]
17:44:12.760 [FXGL Background Thread 3 ] DEBUG Engine               - globalSoundVolume: 0.5
17:44:12.760 [FXGL Background Thread 3 ] DEBUG Engine               - globalSoundVolumeProperty: DoubleProperty [value: 0.5]
17:44:12.760 [FXGL Background Thread 3 ] DEBUG Engine               - height: 720
17:44:12.761 [FXGL Background Thread 3 ] DEBUG Engine               - is3D: false
17:44:12.762 [FXGL Background Thread 3 ] DEBUG Engine               - isAndroid: false
17:44:12.762 [FXGL Background Thread 3 ] DEBUG Engine               - isBrowser: false
17:44:12.762 [FXGL Background Thread 3 ] DEBUG Engine               - isClickFeedbackEnabled: false
17:44:12.763 [FXGL Background Thread 3 ] DEBUG Engine               - isCloseConfirmation: false
17:44:12.763 [FXGL Background Thread 3 ] DEBUG Engine               - isDesktop: true
17:44:12.763 [FXGL Background Thread 3 ] DEBUG Engine               - isDeveloperMenuEnabled: false
17:44:12.763 [FXGL Background Thread 3 ] DEBUG Engine               - isEntityPreloadEnabled: true
17:44:12.763 [FXGL Background Thread 3 ] DEBUG Engine               - isExperimentalTiledLargeMap: false
17:44:12.763 [FXGL Background Thread 3 ] DEBUG Engine               - isFileSystemWriteAllowed: true
17:44:12.764 [FXGL Background Thread 3 ] DEBUG Engine               - isFullScreenAllowed: false
17:44:12.764 [FXGL Background Thread 3 ] DEBUG Engine               - isFullScreenFromStart: false
17:44:12.764 [FXGL Background Thread 3 ] DEBUG Engine               - isGameMenuEnabled: true
17:44:12.764 [FXGL Background Thread 3 ] DEBUG Engine               - isIOS: false
17:44:12.764 [FXGL Background Thread 3 ] DEBUG Engine               - isIntroEnabled: false
17:44:12.765 [FXGL Background Thread 3 ] DEBUG Engine               - isLinux: false
17:44:12.765 [FXGL Background Thread 3 ] DEBUG Engine               - isMac: false
17:44:12.765 [FXGL Background Thread 3 ] DEBUG Engine               - isMainMenuEnabled: false
17:44:12.765 [FXGL Background Thread 3 ] DEBUG Engine               - isManualResizeEnabled: false
17:44:12.765 [FXGL Background Thread 3 ] DEBUG Engine               - isMobile: false
17:44:12.766 [FXGL Background Thread 3 ] DEBUG Engine               - isNative: false
17:44:12.766 [FXGL Background Thread 3 ] DEBUG Engine               - isPauseMusicWhenMinimized: true
17:44:12.766 [FXGL Background Thread 3 ] DEBUG Engine               - isPreserveResizeRatio: false
17:44:12.766 [FXGL Background Thread 3 ] DEBUG Engine               - isProfilingEnabled: false
17:44:12.767 [FXGL Background Thread 3 ] DEBUG Engine               - isScaleAffectedOnResize: true
17:44:12.767 [FXGL Background Thread 3 ] DEBUG Engine               - isSingleStep: false
17:44:12.768 [FXGL Background Thread 3 ] DEBUG Engine               - isUserProfileEnabled: false
17:44:12.768 [FXGL Background Thread 3 ] DEBUG Engine               - isWindows: true
17:44:12.768 [FXGL Background Thread 3 ] DEBUG Engine               - language: ObjectProperty [value: ENGLISH]
17:44:12.768 [FXGL Background Thread 3 ] DEBUG Engine               - menuKey: ESCAPE
17:44:12.768 [FXGL Background Thread 3 ] DEBUG Engine               - mouseSensitivity: 0.2
17:44:12.769 [FXGL Background Thread 3 ] DEBUG Engine               - notificationViewClass: class com.almasb.fxgl.notification.view.XboxNotificationView
17:44:12.769 [FXGL Background Thread 3 ] DEBUG Engine               - pixelsPerMeter: 50.0
17:44:12.769 [FXGL Background Thread 3 ] DEBUG Engine               - platform: WINDOWS
17:44:12.770 [FXGL Background Thread 3 ] DEBUG Engine               - prefHeightProperty: ReadOnlyDoubleProperty [value: 720.0]
17:44:12.770 [FXGL Background Thread 3 ] DEBUG Engine               - prefWidthProperty: ReadOnlyDoubleProperty [value: 1080.0]
17:44:12.771 [FXGL Background Thread 3 ] DEBUG Engine               - profileDir: profiles/
17:44:12.771 [FXGL Background Thread 3 ] DEBUG Engine               - profileName: StringProperty [value: DEFAULT]
17:44:12.771 [FXGL Background Thread 3 ] DEBUG Engine               - randomSeed: -1
17:44:12.771 [FXGL Background Thread 3 ] DEBUG Engine               - runtimeInfo: RuntimeInfo(platform=WINDOWS, version=11.17, build=16.07.2021 15.46)
17:44:12.771 [FXGL Background Thread 3 ] DEBUG Engine               - saveFileExt: sav
17:44:12.771 [FXGL Background Thread 3 ] DEBUG Engine               - scaledHeightProp$fxgl: DoubleProperty [bound, value: 720.0]
17:44:12.772 [FXGL Background Thread 3 ] DEBUG Engine               - scaledWidthProp$fxgl: DoubleProperty [bound, value: 1080.0]
17:44:12.772 [FXGL Background Thread 3 ] DEBUG Engine               - sceneFactory: com.almasb.fxgl.app.scene.SceneFactory@722fec1f
17:44:12.772 [FXGL Background Thread 3 ] DEBUG Engine               - secondsIn24h: 60
17:44:12.772 [FXGL Background Thread 3 ] DEBUG Engine               - soundMenuBack: menu/back.wav
17:44:12.773 [FXGL Background Thread 3 ] DEBUG Engine               - soundMenuPress: menu/press.wav
17:44:12.773 [FXGL Background Thread 3 ] DEBUG Engine               - soundMenuSelect: menu/select.wav
17:44:12.773 [FXGL Background Thread 3 ] DEBUG Engine               - soundNotification: core/notification.wav
17:44:12.773 [FXGL Background Thread 3 ] DEBUG Engine               - stageStyle: DECORATED
17:44:12.773 [FXGL Background Thread 3 ] DEBUG Engine               - supportedLanguages: [ENGLISH, FRENCH, GERMAN, HUNGARIAN, RUSSIAN]
17:44:12.774 [FXGL Background Thread 3 ] DEBUG Engine               - ticksPerSecond: -1
17:44:12.774 [FXGL Background Thread 3 ] DEBUG Engine               - title: demo
17:44:12.775 [FXGL Background Thread 3 ] DEBUG Engine               - urlGithub: https://github.com/AlmasB/FXGL
17:44:12.775 [FXGL Background Thread 3 ] DEBUG Engine               - urlLeaderboard: http://fxgl-top.herokuapp.com/
17:44:12.775 [FXGL Background Thread 3 ] DEBUG Engine               - urlPOM: https://raw.githubusercontent.com/AlmasB/FXGL/release/README.md
17:44:12.776 [FXGL Background Thread 3 ] DEBUG Engine               - userAppClass: class com.dam.wonder.GameApp
17:44:12.776 [FXGL Background Thread 3 ] DEBUG Engine               - version: 0.0
17:44:12.776 [FXGL Background Thread 3 ] DEBUG Engine               - versionCheckDays: 7
17:44:12.776 [FXGL Background Thread 3 ] DEBUG Engine               - width: 1080
17:44:12.777 [FXGL Background Thread 3 ] DEBUG Engine               - Logging services
17:44:12.777 [FXGL Background Thread 3 ] DEBUG Engine               - class com.almasb.fxgl.app.services.FXGLAssetLoaderService
17:44:12.777 [FXGL Background Thread 3 ] DEBUG Engine               - class com.almasb.fxgl.app.FXGLApplication$GameApplicationService
17:44:12.777 [FXGL Background Thread 3 ] DEBUG Engine               - class com.almasb.fxgl.app.services.FXGLDialogService
17:44:12.777 [FXGL Background Thread 3 ] DEBUG Engine               - class com.almasb.fxgl.app.services.IOTaskExecutorService
17:44:12.777 [FXGL Background Thread 3 ] DEBUG Engine               - class com.almasb.fxgl.io.FileSystemService
17:44:12.777 [FXGL Background Thread 3 ] DEBUG Engine               - class com.almasb.fxgl.localization.LocalizationService
17:44:12.779 [FXGL Background Thread 3 ] DEBUG Engine               - class com.almasb.fxgl.app.services.SystemBundleService
17:44:12.779 [FXGL Background Thread 3 ] DEBUG Engine               - class com.almasb.fxgl.profile.SaveLoadService
17:44:12.779 [FXGL Background Thread 3 ] DEBUG Engine               - class com.almasb.fxgl.ui.FXGLUIFactoryServiceProvider
17:44:12.779 [FXGL Background Thread 3 ] DEBUG Engine               - class com.almasb.fxgl.ui.FXGLDialogFactoryServiceProvider
17:44:12.779 [FXGL Background Thread 3 ] DEBUG Engine               - class com.almasb.fxgl.audio.AudioPlayer
17:44:12.780 [FXGL Background Thread 3 ] DEBUG Engine               - class com.almasb.fxgl.notification.impl.NotificationServiceProvider
17:44:12.780 [FXGL Background Thread 3 ] DEBUG Engine               - class com.almasb.fxgl.achievement.AchievementService
17:44:12.780 [FXGL Background Thread 3 ] DEBUG Engine               - class com.almasb.fxgl.cutscene.CutsceneService
17:44:12.780 [FXGL Background Thread 3 ] DEBUG Engine               - class com.almasb.fxgl.minigames.MiniGameService
17:44:12.780 [FXGL Background Thread 3 ] DEBUG Engine               - class com.almasb.fxgl.net.NetService
17:44:12.780 [FXGL Background Thread 3 ] DEBUG Engine               - class com.almasb.fxgl.app.services.UpdaterService
17:44:12.780 [FXGL Background Thread 3 ] DEBUG Engine               - class com.almasb.fxgl.dev.DevService
17:44:34.917 [JavaFX Application Thread] DEBUG FXGLApplication      - Exiting FXGL
17:44:34.918 [JavaFX Application Thread] DEBUG LoopRunner           - Stopping loop
17:44:34.918 [JavaFX Application Thread] DEBUG SystemBundleService  - Saving FXGL system data
17:44:34.919 [JavaFX Application Thread] DEBUG FileSystemAccess     - Writing to: C:\project\wonderfulStory\system\fxgl.bundle
17:44:34.921 [JavaFX Application Thread] DEBUG Async                - Shutting down background threads
17:44:34.921 [JavaFX Application Thread] DEBUG PrimaryStageWindow   - Closing main window
17:44:34.955 [JavaFX Application Thread] DEBUG Logger               - Closing Logger
