15:12:37.680 [restartedMain            ] DEBUG Logger               - Configured Logger
15:12:37.681 [restartedMain            ] DEBUG GameApplication      - Logging settings
Title: 奇妙物语
Version: demo01
Width: 1080
Height: 720
Fullscreen: false
Intro: false
Profiling: false
Single step:false
App Mode: DEVELOPER
Menu Key: ESCAPE
Stage Style: DECORATED
Scene Factory: class com.almasb.fxgl.app.scene.SceneFactory

15:12:38.010 [JavaFX Application Thread] DEBUG FXGLApplication      - Initializing FXGL
15:12:38.013 [JavaFX Application Thread] INFO  Engine               - FXGL-11.16 (25.05.2021 08.16) on WINDOWS (J:16.0.1 FX:16)
15:12:38.014 [JavaFX Application Thread] DEBUG Engine               - JRE Vendor Name: Oracle Corporation
15:12:38.014 [JavaFX Application Thread] DEBUG Engine               - Running on OS: Windows 10 version 10.0
15:12:38.014 [JavaFX Application Thread] DEBUG Engine               - Architecture: amd64
15:12:38.015 [JavaFX Application Thread] INFO  Engine               - Source code and latest versions at: https://github.com/AlmasB/FXGL
15:12:38.015 [JavaFX Application Thread] INFO  Engine               -              Join the FXGL chat at: https://gitter.im/AlmasB/FXGL
15:12:38.127 [JavaFX Application Thread] DEBUG PrimaryStageWindow   - Creating a JavaFX scene
15:12:38.177 [JavaFX Application Thread] DEBUG PrimaryStageWindow   - Target settings size: 1080.0 x 720.0
15:12:38.177 [JavaFX Application Thread] DEBUG PrimaryStageWindow   - Scaled scene size:    1080.0 x 720.0
15:12:38.177 [JavaFX Application Thread] DEBUG PrimaryStageWindow   - Scaled ratio: (1.0, 1.0)
15:12:38.179 [JavaFX Application Thread] DEBUG PrimaryStageWindow   - Set initial scene to FXGLStartupScene
15:12:38.190 [JavaFX Application Thread] DEBUG PrimaryStageWindow   - Opening main window
15:12:38.457 [JavaFX Application Thread] DEBUG PrimaryStageWindow   - Window border size: (14.4000244140625, 37.5999755859375)
15:12:38.457 [JavaFX Application Thread] DEBUG PrimaryStageWindow   - Scaled size: 1080.0 x 720.0
15:12:38.458 [JavaFX Application Thread] DEBUG PrimaryStageWindow   - Scaled ratio: (1.0, 1.0)
15:12:38.458 [JavaFX Application Thread] DEBUG PrimaryStageWindow   - Scene size: 1080.0 x 720.0
15:12:38.459 [JavaFX Application Thread] DEBUG PrimaryStageWindow   - Stage size: 1094.4000244140625 x 757.5999755859375
15:12:38.469 [FXGL Background Thread 1 ] DEBUG Engine               - Initializing environment variables
15:12:38.512 [FXGL Background Thread 1 ] DEBUG FXGLAssetLoaderServi - User app class for loading assets: class com.dam.wonder.view.game.BasicGameSample
15:12:38.513 [FXGL Background Thread 1 ] DEBUG GameApplicationServi - Applying CSS: fxgl_dark.css
15:12:38.515 [FXGL Background Thread 1 ] DEBUG FXGLAssetLoaderServi - Loading from file system: jar:file:/C:/Users/24771/.m2/repository/com/github/almasb/fxgl/11.16/fxgl-11.16.jar!/fxglassets/ui/css/fxgl_dark.css
15:12:38.589 [FXGL Background Thread 1 ] DEBUG GameApplicationServi - Initializing application scenes
15:12:38.689 [FXGL Background Thread 1 ] DEBUG GameWorld            - Game world initialized
15:12:38.795 [FXGL Background Thread 1 ] DEBUG PhysicsWorld         - Physics world initialized: appHeight=720, physics.ppm=50.0
15:12:38.796 [FXGL Background Thread 1 ] DEBUG PhysicsWorld         - Using strategy: BRUTE_FORCE
15:12:38.801 [FXGL Background Thread 1 ] DEBUG GameScene            - Game scene initialized: 1080x720
15:12:38.818 [FXGL Background Thread 1 ] DEBUG FXGL.DefaultMenu     - createMenuBodyGameMenu()
15:12:38.838 [FXGL Background Thread 1 ] DEBUG FXGL.DefaultMenu     - createOptionsMenu()
15:12:38.852 [FXGL Background Thread 1 ] DEBUG FXGLAssetLoaderServi - Loading from file system: jar:file:/C:/Users/24771/.m2/repository/com/github/almasb/fxgl/11.16/fxgl-11.16.jar!/fxglassets/textures/particles/smoke.png
15:12:39.004 [FXGL Background Thread 1 ] DEBUG FXGLAssetLoaderServi - Loading from file system: jar:file:/C:/Users/24771/.m2/repository/com/github/almasb/fxgl/11.16/fxgl-11.16.jar!/fxglassets/textures/particles/trace_horizontal.png
15:12:39.027 [FXGL Background Thread 1 ] DEBUG GameApplicationServi - Application scenes initialized
15:12:39.042 [FXGL Background Thread 1 ] DEBUG SystemBundleService  - Loading FXGL system data
15:12:39.044 [FXGL Background Thread 1 ] DEBUG FileSystemAccess     - Reading from: C:\project\wonderfulStory\system\fxgl.bundle
15:12:39.049 [FXGL Background Thread 1 ] DEBUG SystemBundleService  - Bundle FXGL: {}
15:12:39.049 [FXGL Background Thread 1 ] DEBUG UpdaterService       - Checking for updates
15:12:39.057 [FXGL Background Thread 4 ] DEBUG FXGLApplication      - Loading fonts
15:12:39.058 [FXGL Background Thread 1 ] DEBUG FXGLApplication      - Loading default localization
15:12:39.058 [FXGL Background Thread 4 ] DEBUG FXGLAssetLoaderServi - Loading from file system: jar:file:/C:/Users/24771/.m2/repository/com/github/almasb/fxgl/11.16/fxgl-11.16.jar!/fxglassets/ui/fonts/VarelaRound-Regular.ttf
15:12:39.059 [FXGL Background Thread 1 ] DEBUG FXGLAssetLoaderServi - Loading from file system: jar:file:/C:/Users/24771/.m2/repository/com/github/almasb/fxgl/11.16/fxgl-11.16.jar!/fxglassets/languages/english.lang
15:12:39.085 [FXGL Background Thread 1 ] INFO  FXGLApplication      - FXGL initialization took: 0.616 sec
15:12:39.089 [FXGL Background Thread 4 ] DEBUG FXGLAssetLoaderServi - Loading from file system: jar:file:/C:/Users/24771/.m2/repository/com/github/almasb/fxgl/11.16/fxgl-11.16.jar!/fxglassets/ui/fonts/Abel-Regular.ttf
15:12:39.094 [JavaFX Application Thread] DEBUG Input                - Registered new binding: move up - W
15:12:39.096 [JavaFX Application Thread] DEBUG Input                - Registered new binding: move down - S
15:12:39.097 [JavaFX Application Thread] DEBUG Input                - Registered new binding: move left - A
15:12:39.098 [JavaFX Application Thread] DEBUG Input                - Registered new binding: move right - D
15:12:39.110 [FXGL Background Thread 4 ] DEBUG FXGLAssetLoaderServi - Loading from file system: jar:file:/C:/Users/24771/.m2/repository/com/github/almasb/fxgl/11.16/fxgl-11.16.jar!/fxglassets/ui/fonts/lucida_console.ttf
15:12:39.135 [FXGL Background Thread 4 ] DEBUG FXGLAssetLoaderServi - Loading from file system: jar:file:/C:/Users/24771/.m2/repository/com/github/almasb/fxgl/11.16/fxgl-11.16.jar!/fxglassets/ui/fonts/Courier-Prime.ttf
15:12:39.246 [JavaFX Application Thread] DEBUG FXGLAssetLoaderServi - Loading from file system: file:/C:/project/wonderfulStory/wonder/target/classes/assets/textures/player.png
15:12:39.265 [JavaFX Application Thread] DEBUG FXGLAssetLoaderServi - Loading from file system: jar:file:/C:/Users/24771/.m2/repository/com/github/almasb/fxgl/11.16/fxgl-11.16.jar!/fxglassets/textures/fxgl_icon.png
15:12:39.301 [JavaFX Application Thread] DEBUG FXGLAssetLoaderServi - Loading from file system: jar:file:/C:/Users/24771/.m2/repository/com/github/almasb/fxgl/11.16/fxgl-11.16.jar!/fxglassets/textures/fxgl_default_cursor.png
15:12:39.307 [JavaFX Application Thread] DEBUG Input                - Registered new binding: Screenshot - CTRL+8
15:12:39.308 [JavaFX Application Thread] DEBUG Input                - Registered new binding: System info dump - CTRL+9
15:12:39.309 [JavaFX Application Thread] DEBUG Input                - Registered new binding: Restart - CTRL+R
15:12:39.310 [JavaFX Application Thread] DEBUG Input                - Registered new binding: Toggle Debug Camera - CTRL+C
15:12:39.315 [JavaFX Application Thread] DEBUG LoopRunner           - Starting loop
15:12:39.316 [JavaFX Application Thread] DEBUG LoopRunner           - Initializing JavaFX AnimationTimerLoop
15:12:39.320 [JavaFX Application Thread] DEBUG GameApplicationServi - Starting new game
15:12:39.322 [JavaFX Application Thread] DEBUG Input                - Clearing active input actions
15:12:39.345 [JavaFX Application Thread] DEBUG GameApplicationServi - Removing overlay from FXGLStartupScene and adding to FXGLLoadingScene
15:12:39.346 [JavaFX Application Thread] DEBUG PrimaryStageWindow   - FXGLStartupScene -> FXGLLoadingScene
15:12:39.346 [JavaFX Application Thread] DEBUG GameApplicationServi - Clearing previous game
15:12:39.347 [JavaFX Application Thread] DEBUG GameScene            - Clearing game scene
15:12:39.347 [JavaFX Application Thread] DEBUG GameWorld            - Clearing game world
15:12:39.348 [JavaFX Application Thread] DEBUG PhysicsWorld         - Clearing physics world
15:12:39.352 [FXGL Background Thread 4 ] DEBUG FXGLApplication      - Initializing game
15:12:39.355 [JavaFX Application Thread] DEBUG FXGLApplication      - Registering font factories with UI factory
15:12:39.361 [FXGL Background Thread 4 ] INFO  FXGLApplication      - Game initialization took: 0.009 sec
15:12:39.367 [FXGL Background Thread 2 ] WARN  UpdaterService       - Failed to find updates: java.net.UnknownHostException: raw.githubusercontent.com
15:12:39.448 [JavaFX Application Thread] DEBUG Input                - Clearing active input actions
15:12:39.463 [JavaFX Application Thread] DEBUG GameApplicationServi - Removing overlay from FXGLLoadingScene and adding to GameScene
15:12:39.464 [JavaFX Application Thread] DEBUG PrimaryStageWindow   - FXGLLoadingScene -> GameScene
15:12:42.054 [FXGL Background Thread 3 ] DEBUG Engine               - Logging environment variables
15:12:42.054 [FXGL Background Thread 3 ] DEBUG Engine               - achievements: []
15:12:42.054 [FXGL Background Thread 3 ] DEBUG Engine               - actualHeight: 720.0
15:12:42.054 [FXGL Background Thread 3 ] DEBUG Engine               - actualHeightProperty: ReadOnlyDoubleProperty [value: 720.0]
15:12:42.054 [FXGL Background Thread 3 ] DEBUG Engine               - actualWidth: 1080.0
15:12:42.055 [FXGL Background Thread 3 ] DEBUG Engine               - actualWidthProperty: ReadOnlyDoubleProperty [value: 1080.0]
15:12:42.055 [FXGL Background Thread 3 ] DEBUG Engine               - appIcon: fxgl_icon.png
15:12:42.055 [FXGL Background Thread 3 ] DEBUG Engine               - applicationMode: DEVELOPER
15:12:42.055 [FXGL Background Thread 3 ] DEBUG Engine               - cSSList: [fxgl_dark.css]
15:12:42.055 [FXGL Background Thread 3 ] DEBUG Engine               - collisionDetectionStrategy: BRUTE_FORCE
15:12:42.055 [FXGL Background Thread 3 ] DEBUG Engine               - configClass: Optional.empty
15:12:42.055 [FXGL Background Thread 3 ] DEBUG Engine               - credits: []
15:12:42.055 [FXGL Background Thread 3 ] DEBUG Engine               - defaultCursor: CursorInfo(imageName=fxgl_default_cursor.png, hotspotX=7.0, hotspotY=6.0)
15:12:42.056 [FXGL Background Thread 3 ] DEBUG Engine               - devBBoxColorProperty: ObjectProperty [value: 0xff0000ff]
15:12:42.056 [FXGL Background Thread 3 ] DEBUG Engine               - devEnableDebugCameraProperty: BooleanProperty [value: false]
15:12:42.056 [FXGL Background Thread 3 ] DEBUG Engine               - devSensorColorProperty: ObjectProperty [value: 0xffff00ff]
15:12:42.056 [FXGL Background Thread 3 ] DEBUG Engine               - devShowBBoxProperty: BooleanProperty [value: false]
15:12:42.056 [FXGL Background Thread 3 ] DEBUG Engine               - devShowPositionProperty: BooleanProperty [value: false]
15:12:42.056 [FXGL Background Thread 3 ] DEBUG Engine               - enabledMenuItems: []
15:12:42.056 [FXGL Background Thread 3 ] DEBUG Engine               - engineServices: [class com.almasb.fxgl.app.services.FXGLAssetLoaderService, class com.almasb.fxgl.app.FXGLApplication$GameApplicationService, class com.almasb.fxgl.app.services.FXGLDialogService, class com.almasb.fxgl.app.services.IOTaskExecutorService, class com.almasb.fxgl.io.FileSystemService, class com.almasb.fxgl.localization.LocalizationService, class com.almasb.fxgl.app.services.SystemBundleService, class com.almasb.fxgl.profile.SaveLoadService, class com.almasb.fxgl.ui.FXGLUIFactoryServiceProvider, class com.almasb.fxgl.ui.FXGLDialogFactoryServiceProvider, class com.almasb.fxgl.audio.AudioPlayer, class com.almasb.fxgl.notification.impl.NotificationServiceProvider, class com.almasb.fxgl.achievement.AchievementService, class com.almasb.fxgl.cutscene.CutsceneService, class com.almasb.fxgl.minigames.MiniGameService, class com.almasb.fxgl.net.NetService, class com.almasb.fxgl.app.services.UpdaterService, class com.almasb.fxgl.dev.DevService]
15:12:42.056 [FXGL Background Thread 3 ] DEBUG Engine               - fontGame: Abel-Regular.ttf
15:12:42.057 [FXGL Background Thread 3 ] DEBUG Engine               - fontMono: lucida_console.ttf
15:12:42.057 [FXGL Background Thread 3 ] DEBUG Engine               - fontText: Courier-Prime.ttf
15:12:42.057 [FXGL Background Thread 3 ] DEBUG Engine               - fontUI: VarelaRound-Regular.ttf
15:12:42.057 [FXGL Background Thread 3 ] DEBUG Engine               - fullScreen: BooleanProperty [value: false]
15:12:42.057 [FXGL Background Thread 3 ] DEBUG Engine               - gameDifficulty: MEDIUM
15:12:42.057 [FXGL Background Thread 3 ] DEBUG Engine               - gameDifficultyProperty: ObjectProperty [value: MEDIUM]
15:12:42.057 [FXGL Background Thread 3 ] DEBUG Engine               - globalMusicVolume: 0.5
15:12:42.057 [FXGL Background Thread 3 ] DEBUG Engine               - globalMusicVolumeProperty: DoubleProperty [value: 0.5]
15:12:42.057 [FXGL Background Thread 3 ] DEBUG Engine               - globalSoundVolume: 0.5
15:12:42.058 [FXGL Background Thread 3 ] DEBUG Engine               - globalSoundVolumeProperty: DoubleProperty [value: 0.5]
15:12:42.058 [FXGL Background Thread 3 ] DEBUG Engine               - height: 720
15:12:42.058 [FXGL Background Thread 3 ] DEBUG Engine               - is3D: false
15:12:42.058 [FXGL Background Thread 3 ] DEBUG Engine               - isAndroid: false
15:12:42.058 [FXGL Background Thread 3 ] DEBUG Engine               - isBrowser: false
15:12:42.058 [FXGL Background Thread 3 ] DEBUG Engine               - isClickFeedbackEnabled: false
15:12:42.058 [FXGL Background Thread 3 ] DEBUG Engine               - isCloseConfirmation: false
15:12:42.058 [FXGL Background Thread 3 ] DEBUG Engine               - isDesktop: true
15:12:42.058 [FXGL Background Thread 3 ] DEBUG Engine               - isDeveloperMenuEnabled: false
15:12:42.058 [FXGL Background Thread 3 ] DEBUG Engine               - isEntityPreloadEnabled: true
15:12:42.059 [FXGL Background Thread 3 ] DEBUG Engine               - isExperimentalTiledLargeMap: false
15:12:42.059 [FXGL Background Thread 3 ] DEBUG Engine               - isFileSystemWriteAllowed: true
15:12:42.059 [FXGL Background Thread 3 ] DEBUG Engine               - isFullScreenAllowed: false
15:12:42.059 [FXGL Background Thread 3 ] DEBUG Engine               - isFullScreenFromStart: false
15:12:42.059 [FXGL Background Thread 3 ] DEBUG Engine               - isGameMenuEnabled: true
15:12:42.059 [FXGL Background Thread 3 ] DEBUG Engine               - isIOS: false
15:12:42.059 [FXGL Background Thread 3 ] DEBUG Engine               - isIntroEnabled: false
15:12:42.059 [FXGL Background Thread 3 ] DEBUG Engine               - isLinux: false
15:12:42.059 [FXGL Background Thread 3 ] DEBUG Engine               - isMac: false
15:12:42.059 [FXGL Background Thread 3 ] DEBUG Engine               - isMainMenuEnabled: false
15:12:42.059 [FXGL Background Thread 3 ] DEBUG Engine               - isManualResizeEnabled: false
15:12:42.060 [FXGL Background Thread 3 ] DEBUG Engine               - isMobile: false
15:12:42.060 [FXGL Background Thread 3 ] DEBUG Engine               - isNative: false
15:12:42.060 [FXGL Background Thread 3 ] DEBUG Engine               - isPreserveResizeRatio: false
15:12:42.061 [FXGL Background Thread 3 ] DEBUG Engine               - isProfilingEnabled: false
15:12:42.061 [FXGL Background Thread 3 ] DEBUG Engine               - isScaleAffectedOnResize: true
15:12:42.061 [FXGL Background Thread 3 ] DEBUG Engine               - isSingleStep: false
15:12:42.061 [FXGL Background Thread 3 ] DEBUG Engine               - isUserProfileEnabled: false
15:12:42.061 [FXGL Background Thread 3 ] DEBUG Engine               - isWindows: true
15:12:42.061 [FXGL Background Thread 3 ] DEBUG Engine               - language: ObjectProperty [value: ENGLISH]
15:12:42.062 [FXGL Background Thread 3 ] DEBUG Engine               - menuKey: ESCAPE
15:12:42.062 [FXGL Background Thread 3 ] DEBUG Engine               - mouseSensitivity: 0.2
15:12:42.062 [FXGL Background Thread 3 ] DEBUG Engine               - notificationViewClass: class com.almasb.fxgl.notification.view.XboxNotificationView
15:12:42.062 [FXGL Background Thread 3 ] DEBUG Engine               - pixelsPerMeter: 50.0
15:12:42.062 [FXGL Background Thread 3 ] DEBUG Engine               - platform: WINDOWS
15:12:42.063 [FXGL Background Thread 3 ] DEBUG Engine               - prefHeightProperty: ReadOnlyDoubleProperty [value: 720.0]
15:12:42.063 [FXGL Background Thread 3 ] DEBUG Engine               - prefWidthProperty: ReadOnlyDoubleProperty [value: 1080.0]
15:12:42.063 [FXGL Background Thread 3 ] DEBUG Engine               - profileDir: profiles/
15:12:42.063 [FXGL Background Thread 3 ] DEBUG Engine               - profileName: StringProperty [value: DEFAULT]
15:12:42.063 [FXGL Background Thread 3 ] DEBUG Engine               - randomSeed: -1
15:12:42.063 [FXGL Background Thread 3 ] DEBUG Engine               - runtimeInfo: RuntimeInfo(platform=WINDOWS, version=11.16, build=25.05.2021 08.16)
15:12:42.063 [FXGL Background Thread 3 ] DEBUG Engine               - saveFileExt: sav
15:12:42.063 [FXGL Background Thread 3 ] DEBUG Engine               - scaledHeightProp$fxgl: DoubleProperty [bound, value: 720.0]
15:12:42.063 [FXGL Background Thread 3 ] DEBUG Engine               - scaledWidthProp$fxgl: DoubleProperty [bound, value: 1080.0]
15:12:42.063 [FXGL Background Thread 3 ] DEBUG Engine               - sceneFactory: com.almasb.fxgl.app.scene.SceneFactory@55db0d3e
15:12:42.064 [FXGL Background Thread 3 ] DEBUG Engine               - secondsIn24h: 60
15:12:42.064 [FXGL Background Thread 3 ] DEBUG Engine               - soundMenuBack: menu/back.wav
15:12:42.064 [FXGL Background Thread 3 ] DEBUG Engine               - soundMenuPress: menu/press.wav
15:12:42.064 [FXGL Background Thread 3 ] DEBUG Engine               - soundMenuSelect: menu/select.wav
15:12:42.064 [FXGL Background Thread 3 ] DEBUG Engine               - soundNotification: core/notification.wav
15:12:42.064 [FXGL Background Thread 3 ] DEBUG Engine               - stageStyle: DECORATED
15:12:42.064 [FXGL Background Thread 3 ] DEBUG Engine               - supportedLanguages: [ENGLISH, FRENCH, GERMAN, HUNGARIAN, RUSSIAN]
15:12:42.064 [FXGL Background Thread 3 ] DEBUG Engine               - ticksPerSecond: -1
15:12:42.064 [FXGL Background Thread 3 ] DEBUG Engine               - title: 奇妙物语
15:12:42.064 [FXGL Background Thread 3 ] DEBUG Engine               - urlGithub: https://github.com/AlmasB/FXGL
15:12:42.064 [FXGL Background Thread 3 ] DEBUG Engine               - urlLeaderboard: http://fxgl-top.herokuapp.com/
15:12:42.065 [FXGL Background Thread 3 ] DEBUG Engine               - urlPOM: https://raw.githubusercontent.com/AlmasB/FXGL/release/README.md
15:12:42.065 [FXGL Background Thread 3 ] DEBUG Engine               - userAppClass: class com.dam.wonder.view.game.BasicGameSample
15:12:42.065 [FXGL Background Thread 3 ] DEBUG Engine               - version: demo01
15:12:42.065 [FXGL Background Thread 3 ] DEBUG Engine               - versionCheckDays: 7
15:12:42.065 [FXGL Background Thread 3 ] DEBUG Engine               - width: 1080
15:12:42.065 [FXGL Background Thread 3 ] DEBUG Engine               - Logging services
15:12:42.065 [FXGL Background Thread 3 ] DEBUG Engine               - class com.almasb.fxgl.app.services.FXGLAssetLoaderService
15:12:42.065 [FXGL Background Thread 3 ] DEBUG Engine               - class com.almasb.fxgl.app.FXGLApplication$GameApplicationService
15:12:42.065 [FXGL Background Thread 3 ] DEBUG Engine               - class com.almasb.fxgl.app.services.FXGLDialogService
15:12:42.065 [FXGL Background Thread 3 ] DEBUG Engine               - class com.almasb.fxgl.app.services.IOTaskExecutorService
15:12:42.066 [FXGL Background Thread 3 ] DEBUG Engine               - class com.almasb.fxgl.io.FileSystemService
15:12:42.066 [FXGL Background Thread 3 ] DEBUG Engine               - class com.almasb.fxgl.localization.LocalizationService
15:12:42.066 [FXGL Background Thread 3 ] DEBUG Engine               - class com.almasb.fxgl.app.services.SystemBundleService
15:12:42.066 [FXGL Background Thread 3 ] DEBUG Engine               - class com.almasb.fxgl.profile.SaveLoadService
15:12:42.066 [FXGL Background Thread 3 ] DEBUG Engine               - class com.almasb.fxgl.ui.FXGLUIFactoryServiceProvider
15:12:42.066 [FXGL Background Thread 3 ] DEBUG Engine               - class com.almasb.fxgl.ui.FXGLDialogFactoryServiceProvider
15:12:42.066 [FXGL Background Thread 3 ] DEBUG Engine               - class com.almasb.fxgl.audio.AudioPlayer
15:12:42.066 [FXGL Background Thread 3 ] DEBUG Engine               - class com.almasb.fxgl.notification.impl.NotificationServiceProvider
15:12:42.066 [FXGL Background Thread 3 ] DEBUG Engine               - class com.almasb.fxgl.achievement.AchievementService
15:12:42.066 [FXGL Background Thread 3 ] DEBUG Engine               - class com.almasb.fxgl.cutscene.CutsceneService
15:12:42.066 [FXGL Background Thread 3 ] DEBUG Engine               - class com.almasb.fxgl.minigames.MiniGameService
15:12:42.067 [FXGL Background Thread 3 ] DEBUG Engine               - class com.almasb.fxgl.net.NetService
15:12:42.067 [FXGL Background Thread 3 ] DEBUG Engine               - class com.almasb.fxgl.app.services.UpdaterService
15:12:42.067 [FXGL Background Thread 3 ] DEBUG Engine               - class com.almasb.fxgl.dev.DevService
15:12:44.019 [JavaFX Application Thread] DEBUG FXGLApplication      - Exiting FXGL
15:12:44.020 [JavaFX Application Thread] DEBUG LoopRunner           - Stopping loop
15:12:44.020 [JavaFX Application Thread] DEBUG SystemBundleService  - Saving FXGL system data
15:12:44.021 [JavaFX Application Thread] DEBUG FileSystemAccess     - Writing to: C:\project\wonderfulStory\system\fxgl.bundle
15:12:44.021 [JavaFX Application Thread] DEBUG Async                - Shutting down background threads
15:12:44.022 [JavaFX Application Thread] DEBUG PrimaryStageWindow   - Closing main window
15:12:44.050 [JavaFX Application Thread] DEBUG Logger               - Closing Logger
