15:58:34.183 [restartedMain            ] DEBUG Logger               - Configured Logger
15:58:34.184 [restartedMain            ] DEBUG GameApplication      - Logging settings
Title: 奇妙物语
Version: demo01
Width: 1080
Height: 720
Fullscreen: false
Intro: false
Profiling: false
Single step:false
App Mode: DEVELOPER
Menu Key: ESCAPE
Stage Style: DECORATED
Scene Factory: class com.almasb.fxgl.app.scene.SceneFactory

15:58:34.503 [JavaFX Application Thread] DEBUG FXGLApplication      - Initializing FXGL
15:58:34.507 [JavaFX Application Thread] INFO  Engine               - FXGL-11.16 (25.05.2021 08.16) on WINDOWS (J:16.0.1 FX:16)
15:58:34.508 [JavaFX Application Thread] DEBUG Engine               - JRE Vendor Name: Oracle Corporation
15:58:34.508 [JavaFX Application Thread] DEBUG Engine               - Running on OS: Windows 10 version 10.0
15:58:34.509 [JavaFX Application Thread] DEBUG Engine               - Architecture: amd64
15:58:34.509 [JavaFX Application Thread] INFO  Engine               - Source code and latest versions at: https://github.com/AlmasB/FXGL
15:58:34.509 [JavaFX Application Thread] INFO  Engine               -              Join the FXGL chat at: https://gitter.im/AlmasB/FXGL
15:58:34.666 [JavaFX Application Thread] DEBUG PrimaryStageWindow   - Creating a JavaFX scene
15:58:34.714 [JavaFX Application Thread] DEBUG PrimaryStageWindow   - Target settings size: 1080.0 x 720.0
15:58:34.715 [JavaFX Application Thread] DEBUG PrimaryStageWindow   - Scaled scene size:    1080.0 x 720.0
15:58:34.715 [JavaFX Application Thread] DEBUG PrimaryStageWindow   - Scaled ratio: (1.0, 1.0)
15:58:34.716 [JavaFX Application Thread] DEBUG PrimaryStageWindow   - Set initial scene to FXGLStartupScene
15:58:34.730 [JavaFX Application Thread] DEBUG PrimaryStageWindow   - Opening main window
15:58:34.992 [JavaFX Application Thread] DEBUG PrimaryStageWindow   - Window border size: (14.4000244140625, 37.5999755859375)
15:58:34.993 [JavaFX Application Thread] DEBUG PrimaryStageWindow   - Scaled size: 1080.0 x 720.0
15:58:34.993 [JavaFX Application Thread] DEBUG PrimaryStageWindow   - Scaled ratio: (1.0, 1.0)
15:58:34.993 [JavaFX Application Thread] DEBUG PrimaryStageWindow   - Scene size: 1080.0 x 720.0
15:58:34.993 [JavaFX Application Thread] DEBUG PrimaryStageWindow   - Stage size: 1094.4000244140625 x 757.5999755859375
15:58:35.003 [FXGL Background Thread 1 ] DEBUG Engine               - Initializing environment variables
15:58:35.045 [FXGL Background Thread 1 ] DEBUG FXGLAssetLoaderServi - User app class for loading assets: class com.dam.wonder.view.game.BasicGameSample
15:58:35.045 [FXGL Background Thread 1 ] DEBUG GameApplicationServi - Applying CSS: fxgl_dark.css
15:58:35.047 [FXGL Background Thread 1 ] DEBUG FXGLAssetLoaderServi - Loading from file system: jar:file:/C:/Users/24771/.m2/repository/com/github/almasb/fxgl/11.16/fxgl-11.16.jar!/fxglassets/ui/css/fxgl_dark.css
15:58:35.130 [FXGL Background Thread 1 ] DEBUG GameApplicationServi - Initializing application scenes
15:58:35.213 [FXGL Background Thread 1 ] DEBUG GameWorld            - Game world initialized
15:58:35.307 [FXGL Background Thread 1 ] DEBUG PhysicsWorld         - Physics world initialized: appHeight=720, physics.ppm=50.0
15:58:35.307 [FXGL Background Thread 1 ] DEBUG PhysicsWorld         - Using strategy: BRUTE_FORCE
15:58:35.310 [FXGL Background Thread 1 ] DEBUG GameScene            - Game scene initialized: 1080x720
15:58:35.327 [FXGL Background Thread 1 ] DEBUG FXGL.DefaultMenu     - createMenuBodyGameMenu()
15:58:35.344 [FXGL Background Thread 1 ] DEBUG FXGL.DefaultMenu     - createOptionsMenu()
15:58:35.358 [FXGL Background Thread 1 ] DEBUG FXGLAssetLoaderServi - Loading from file system: jar:file:/C:/Users/24771/.m2/repository/com/github/almasb/fxgl/11.16/fxgl-11.16.jar!/fxglassets/textures/particles/smoke.png
15:58:35.469 [FXGL Background Thread 1 ] DEBUG FXGLAssetLoaderServi - Loading from file system: jar:file:/C:/Users/24771/.m2/repository/com/github/almasb/fxgl/11.16/fxgl-11.16.jar!/fxglassets/textures/particles/trace_horizontal.png
15:58:35.485 [FXGL Background Thread 1 ] DEBUG GameApplicationServi - Application scenes initialized
15:58:35.496 [FXGL Background Thread 1 ] DEBUG SystemBundleService  - Loading FXGL system data
15:58:35.497 [FXGL Background Thread 1 ] DEBUG FileSystemAccess     - Reading from: C:\project\wonderfulStory\system\fxgl.bundle
15:58:35.500 [FXGL Background Thread 1 ] DEBUG SystemBundleService  - Bundle FXGL: {}
15:58:35.501 [FXGL Background Thread 1 ] DEBUG UpdaterService       - Checking for updates
15:58:35.506 [FXGL Background Thread 4 ] DEBUG FXGLApplication      - Loading fonts
15:58:35.506 [FXGL Background Thread 1 ] DEBUG FXGLApplication      - Loading default localization
15:58:35.507 [FXGL Background Thread 4 ] DEBUG FXGLAssetLoaderServi - Loading from file system: jar:file:/C:/Users/24771/.m2/repository/com/github/almasb/fxgl/11.16/fxgl-11.16.jar!/fxglassets/ui/fonts/VarelaRound-Regular.ttf
15:58:35.507 [FXGL Background Thread 1 ] DEBUG FXGLAssetLoaderServi - Loading from file system: jar:file:/C:/Users/24771/.m2/repository/com/github/almasb/fxgl/11.16/fxgl-11.16.jar!/fxglassets/languages/english.lang
15:58:35.528 [FXGL Background Thread 1 ] INFO  FXGLApplication      - FXGL initialization took: 0.525 sec
15:58:35.534 [FXGL Background Thread 4 ] DEBUG FXGLAssetLoaderServi - Loading from file system: jar:file:/C:/Users/24771/.m2/repository/com/github/almasb/fxgl/11.16/fxgl-11.16.jar!/fxglassets/ui/fonts/Abel-Regular.ttf
15:58:35.536 [JavaFX Application Thread] DEBUG Input                - Registered new binding: move up - W
15:58:35.549 [FXGL Background Thread 4 ] DEBUG FXGLAssetLoaderServi - Loading from file system: jar:file:/C:/Users/24771/.m2/repository/com/github/almasb/fxgl/11.16/fxgl-11.16.jar!/fxglassets/ui/fonts/lucida_console.ttf
15:58:35.568 [FXGL Background Thread 4 ] DEBUG FXGLAssetLoaderServi - Loading from file system: jar:file:/C:/Users/24771/.m2/repository/com/github/almasb/fxgl/11.16/fxgl-11.16.jar!/fxglassets/ui/fonts/Courier-Prime.ttf
15:58:35.632 [JavaFX Application Thread] DEBUG FXGLAssetLoaderServi - Loading from file system: file:/C:/project/wonderfulStory/wonder/target/classes/assets/textures/player.png
15:58:35.636 [JavaFX Application Thread] DEBUG FXGLAssetLoaderServi - Loading from file system: jar:file:/C:/Users/24771/.m2/repository/com/github/almasb/fxgl/11.16/fxgl-11.16.jar!/fxglassets/textures/fxgl_icon.png
15:58:35.663 [JavaFX Application Thread] DEBUG FXGLAssetLoaderServi - Loading from file system: jar:file:/C:/Users/24771/.m2/repository/com/github/almasb/fxgl/11.16/fxgl-11.16.jar!/fxglassets/textures/fxgl_default_cursor.png
15:58:35.668 [JavaFX Application Thread] DEBUG Input                - Registered new binding: Screenshot - CTRL+8
15:58:35.669 [JavaFX Application Thread] DEBUG Input                - Registered new binding: System info dump - CTRL+9
15:58:35.670 [JavaFX Application Thread] DEBUG Input                - Registered new binding: Restart - CTRL+R
15:58:35.672 [JavaFX Application Thread] DEBUG Input                - Registered new binding: Toggle Debug Camera - CTRL+C
15:58:35.685 [JavaFX Application Thread] DEBUG LoopRunner           - Starting loop
15:58:35.685 [JavaFX Application Thread] DEBUG LoopRunner           - Initializing JavaFX AnimationTimerLoop
15:58:35.691 [JavaFX Application Thread] DEBUG GameApplicationServi - Starting new game
15:58:35.692 [JavaFX Application Thread] DEBUG Input                - Clearing active input actions
15:58:35.709 [JavaFX Application Thread] DEBUG GameApplicationServi - Removing overlay from FXGLStartupScene and adding to FXGLLoadingScene
15:58:35.709 [JavaFX Application Thread] DEBUG PrimaryStageWindow   - FXGLStartupScene -> FXGLLoadingScene
15:58:35.709 [JavaFX Application Thread] DEBUG GameApplicationServi - Clearing previous game
15:58:35.710 [JavaFX Application Thread] DEBUG GameScene            - Clearing game scene
15:58:35.710 [JavaFX Application Thread] DEBUG GameWorld            - Clearing game world
15:58:35.710 [JavaFX Application Thread] DEBUG PhysicsWorld         - Clearing physics world
15:58:35.713 [JavaFX Application Thread] DEBUG FXGLApplication      - Registering font factories with UI factory
15:58:35.721 [FXGL Background Thread 4 ] INFO  FXGLApplication      - Game initialization took: 0.008 sec
15:58:35.726 [FXGL Background Thread 2 ] WARN  UpdaterService       - Failed to find updates: java.net.UnknownHostException: raw.githubusercontent.com
15:58:35.762 [JavaFX Application Thread] DEBUG Input                - Clearing active input actions
15:58:35.772 [JavaFX Application Thread] DEBUG GameApplicationServi - Removing overlay from FXGLLoadingScene and adding to GameScene
15:58:35.773 [JavaFX Application Thread] DEBUG PrimaryStageWindow   - FXGLLoadingScene -> GameScene
15:58:38.505 [FXGL Background Thread 3 ] DEBUG Engine               - Logging environment variables
15:58:38.506 [FXGL Background Thread 3 ] DEBUG Engine               - achievements: []
15:58:38.506 [FXGL Background Thread 3 ] DEBUG Engine               - actualHeight: 720.0
15:58:38.507 [FXGL Background Thread 3 ] DEBUG Engine               - actualHeightProperty: ReadOnlyDoubleProperty [value: 720.0]
15:58:38.507 [FXGL Background Thread 3 ] DEBUG Engine               - actualWidth: 1080.0
15:58:38.507 [FXGL Background Thread 3 ] DEBUG Engine               - actualWidthProperty: ReadOnlyDoubleProperty [value: 1080.0]
15:58:38.507 [FXGL Background Thread 3 ] DEBUG Engine               - appIcon: fxgl_icon.png
15:58:38.507 [FXGL Background Thread 3 ] DEBUG Engine               - applicationMode: DEVELOPER
15:58:38.508 [FXGL Background Thread 3 ] DEBUG Engine               - cSSList: [fxgl_dark.css]
15:58:38.508 [FXGL Background Thread 3 ] DEBUG Engine               - collisionDetectionStrategy: BRUTE_FORCE
15:58:38.508 [FXGL Background Thread 3 ] DEBUG Engine               - configClass: Optional.empty
15:58:38.508 [FXGL Background Thread 3 ] DEBUG Engine               - credits: []
15:58:38.509 [FXGL Background Thread 3 ] DEBUG Engine               - defaultCursor: CursorInfo(imageName=fxgl_default_cursor.png, hotspotX=7.0, hotspotY=6.0)
15:58:38.509 [FXGL Background Thread 3 ] DEBUG Engine               - devBBoxColorProperty: ObjectProperty [value: 0xff0000ff]
15:58:38.509 [FXGL Background Thread 3 ] DEBUG Engine               - devEnableDebugCameraProperty: BooleanProperty [value: false]
15:58:38.509 [FXGL Background Thread 3 ] DEBUG Engine               - devSensorColorProperty: ObjectProperty [value: 0xffff00ff]
15:58:38.510 [FXGL Background Thread 3 ] DEBUG Engine               - devShowBBoxProperty: BooleanProperty [value: false]
15:58:38.510 [FXGL Background Thread 3 ] DEBUG Engine               - devShowPositionProperty: BooleanProperty [value: false]
15:58:38.510 [FXGL Background Thread 3 ] DEBUG Engine               - enabledMenuItems: []
15:58:38.510 [FXGL Background Thread 3 ] DEBUG Engine               - engineServices: [class com.almasb.fxgl.app.services.FXGLAssetLoaderService, class com.almasb.fxgl.app.FXGLApplication$GameApplicationService, class com.almasb.fxgl.app.services.FXGLDialogService, class com.almasb.fxgl.app.services.IOTaskExecutorService, class com.almasb.fxgl.io.FileSystemService, class com.almasb.fxgl.localization.LocalizationService, class com.almasb.fxgl.app.services.SystemBundleService, class com.almasb.fxgl.profile.SaveLoadService, class com.almasb.fxgl.ui.FXGLUIFactoryServiceProvider, class com.almasb.fxgl.ui.FXGLDialogFactoryServiceProvider, class com.almasb.fxgl.audio.AudioPlayer, class com.almasb.fxgl.notification.impl.NotificationServiceProvider, class com.almasb.fxgl.achievement.AchievementService, class com.almasb.fxgl.cutscene.CutsceneService, class com.almasb.fxgl.minigames.MiniGameService, class com.almasb.fxgl.net.NetService, class com.almasb.fxgl.app.services.UpdaterService, class com.almasb.fxgl.dev.DevService]
15:58:38.510 [FXGL Background Thread 3 ] DEBUG Engine               - fontGame: Abel-Regular.ttf
15:58:38.510 [FXGL Background Thread 3 ] DEBUG Engine               - fontMono: lucida_console.ttf
15:58:38.510 [FXGL Background Thread 3 ] DEBUG Engine               - fontText: Courier-Prime.ttf
15:58:38.511 [FXGL Background Thread 3 ] DEBUG Engine               - fontUI: VarelaRound-Regular.ttf
15:58:38.511 [FXGL Background Thread 3 ] DEBUG Engine               - fullScreen: BooleanProperty [value: false]
15:58:38.511 [FXGL Background Thread 3 ] DEBUG Engine               - gameDifficulty: MEDIUM
15:58:38.511 [FXGL Background Thread 3 ] DEBUG Engine               - gameDifficultyProperty: ObjectProperty [value: MEDIUM]
15:58:38.511 [FXGL Background Thread 3 ] DEBUG Engine               - globalMusicVolume: 0.5
15:58:38.511 [FXGL Background Thread 3 ] DEBUG Engine               - globalMusicVolumeProperty: DoubleProperty [value: 0.5]
15:58:38.512 [FXGL Background Thread 3 ] DEBUG Engine               - globalSoundVolume: 0.5
15:58:38.512 [FXGL Background Thread 3 ] DEBUG Engine               - globalSoundVolumeProperty: DoubleProperty [value: 0.5]
15:58:38.512 [FXGL Background Thread 3 ] DEBUG Engine               - height: 720
15:58:38.512 [FXGL Background Thread 3 ] DEBUG Engine               - is3D: false
15:58:38.512 [FXGL Background Thread 3 ] DEBUG Engine               - isAndroid: false
15:58:38.512 [FXGL Background Thread 3 ] DEBUG Engine               - isBrowser: false
15:58:38.512 [FXGL Background Thread 3 ] DEBUG Engine               - isClickFeedbackEnabled: false
15:58:38.512 [FXGL Background Thread 3 ] DEBUG Engine               - isCloseConfirmation: false
15:58:38.512 [FXGL Background Thread 3 ] DEBUG Engine               - isDesktop: true
15:58:38.512 [FXGL Background Thread 3 ] DEBUG Engine               - isDeveloperMenuEnabled: false
15:58:38.512 [FXGL Background Thread 3 ] DEBUG Engine               - isEntityPreloadEnabled: true
15:58:38.513 [FXGL Background Thread 3 ] DEBUG Engine               - isExperimentalTiledLargeMap: false
15:58:38.513 [FXGL Background Thread 3 ] DEBUG Engine               - isFileSystemWriteAllowed: true
15:58:38.513 [FXGL Background Thread 3 ] DEBUG Engine               - isFullScreenAllowed: false
15:58:38.513 [FXGL Background Thread 3 ] DEBUG Engine               - isFullScreenFromStart: false
15:58:38.513 [FXGL Background Thread 3 ] DEBUG Engine               - isGameMenuEnabled: true
15:58:38.513 [FXGL Background Thread 3 ] DEBUG Engine               - isIOS: false
15:58:38.513 [FXGL Background Thread 3 ] DEBUG Engine               - isIntroEnabled: false
15:58:38.513 [FXGL Background Thread 3 ] DEBUG Engine               - isLinux: false
15:58:38.513 [FXGL Background Thread 3 ] DEBUG Engine               - isMac: false
15:58:38.514 [FXGL Background Thread 3 ] DEBUG Engine               - isMainMenuEnabled: false
15:58:38.514 [FXGL Background Thread 3 ] DEBUG Engine               - isManualResizeEnabled: false
15:58:38.514 [FXGL Background Thread 3 ] DEBUG Engine               - isMobile: false
15:58:38.514 [FXGL Background Thread 3 ] DEBUG Engine               - isNative: false
15:58:38.514 [FXGL Background Thread 3 ] DEBUG Engine               - isPreserveResizeRatio: false
15:58:38.514 [FXGL Background Thread 3 ] DEBUG Engine               - isProfilingEnabled: false
15:58:38.514 [FXGL Background Thread 3 ] DEBUG Engine               - isScaleAffectedOnResize: true
15:58:38.515 [FXGL Background Thread 3 ] DEBUG Engine               - isSingleStep: false
15:58:38.515 [FXGL Background Thread 3 ] DEBUG Engine               - isUserProfileEnabled: false
15:58:38.515 [FXGL Background Thread 3 ] DEBUG Engine               - isWindows: true
15:58:38.515 [FXGL Background Thread 3 ] DEBUG Engine               - language: ObjectProperty [value: ENGLISH]
15:58:38.515 [FXGL Background Thread 3 ] DEBUG Engine               - menuKey: ESCAPE
15:58:38.515 [FXGL Background Thread 3 ] DEBUG Engine               - mouseSensitivity: 0.2
15:58:38.516 [FXGL Background Thread 3 ] DEBUG Engine               - notificationViewClass: class com.almasb.fxgl.notification.view.XboxNotificationView
15:58:38.516 [FXGL Background Thread 3 ] DEBUG Engine               - pixelsPerMeter: 50.0
15:58:38.516 [FXGL Background Thread 3 ] DEBUG Engine               - platform: WINDOWS
15:58:38.516 [FXGL Background Thread 3 ] DEBUG Engine               - prefHeightProperty: ReadOnlyDoubleProperty [value: 720.0]
15:58:38.516 [FXGL Background Thread 3 ] DEBUG Engine               - prefWidthProperty: ReadOnlyDoubleProperty [value: 1080.0]
15:58:38.516 [FXGL Background Thread 3 ] DEBUG Engine               - profileDir: profiles/
15:58:38.516 [FXGL Background Thread 3 ] DEBUG Engine               - profileName: StringProperty [value: DEFAULT]
15:58:38.516 [FXGL Background Thread 3 ] DEBUG Engine               - randomSeed: -1
15:58:38.517 [FXGL Background Thread 3 ] DEBUG Engine               - runtimeInfo: RuntimeInfo(platform=WINDOWS, version=11.16, build=25.05.2021 08.16)
15:58:38.517 [FXGL Background Thread 3 ] DEBUG Engine               - saveFileExt: sav
15:58:38.517 [FXGL Background Thread 3 ] DEBUG Engine               - scaledHeightProp$fxgl: DoubleProperty [bound, value: 720.0]
15:58:38.517 [FXGL Background Thread 3 ] DEBUG Engine               - scaledWidthProp$fxgl: DoubleProperty [bound, value: 1080.0]
15:58:38.517 [FXGL Background Thread 3 ] DEBUG Engine               - sceneFactory: com.almasb.fxgl.app.scene.SceneFactory@798fa3a
15:58:38.517 [FXGL Background Thread 3 ] DEBUG Engine               - secondsIn24h: 60
15:58:38.517 [FXGL Background Thread 3 ] DEBUG Engine               - soundMenuBack: menu/back.wav
15:58:38.518 [FXGL Background Thread 3 ] DEBUG Engine               - soundMenuPress: menu/press.wav
15:58:38.518 [FXGL Background Thread 3 ] DEBUG Engine               - soundMenuSelect: menu/select.wav
15:58:38.518 [FXGL Background Thread 3 ] DEBUG Engine               - soundNotification: core/notification.wav
15:58:38.518 [FXGL Background Thread 3 ] DEBUG Engine               - stageStyle: DECORATED
15:58:38.518 [FXGL Background Thread 3 ] DEBUG Engine               - supportedLanguages: [ENGLISH, FRENCH, GERMAN, HUNGARIAN, RUSSIAN]
15:58:38.518 [FXGL Background Thread 3 ] DEBUG Engine               - ticksPerSecond: -1
15:58:38.518 [FXGL Background Thread 3 ] DEBUG Engine               - title: 奇妙物语
15:58:38.518 [FXGL Background Thread 3 ] DEBUG Engine               - urlGithub: https://github.com/AlmasB/FXGL
15:58:38.518 [FXGL Background Thread 3 ] DEBUG Engine               - urlLeaderboard: http://fxgl-top.herokuapp.com/
15:58:38.518 [FXGL Background Thread 3 ] DEBUG Engine               - urlPOM: https://raw.githubusercontent.com/AlmasB/FXGL/release/README.md
15:58:38.518 [FXGL Background Thread 3 ] DEBUG Engine               - userAppClass: class com.dam.wonder.view.game.BasicGameSample
15:58:38.519 [FXGL Background Thread 3 ] DEBUG Engine               - version: demo01
15:58:38.519 [FXGL Background Thread 3 ] DEBUG Engine               - versionCheckDays: 7
15:58:38.519 [FXGL Background Thread 3 ] DEBUG Engine               - width: 1080
15:58:38.519 [FXGL Background Thread 3 ] DEBUG Engine               - Logging services
15:58:38.519 [FXGL Background Thread 3 ] DEBUG Engine               - class com.almasb.fxgl.app.services.FXGLAssetLoaderService
15:58:38.519 [FXGL Background Thread 3 ] DEBUG Engine               - class com.almasb.fxgl.app.FXGLApplication$GameApplicationService
15:58:38.519 [FXGL Background Thread 3 ] DEBUG Engine               - class com.almasb.fxgl.app.services.FXGLDialogService
15:58:38.519 [FXGL Background Thread 3 ] DEBUG Engine               - class com.almasb.fxgl.app.services.IOTaskExecutorService
15:58:38.519 [FXGL Background Thread 3 ] DEBUG Engine               - class com.almasb.fxgl.io.FileSystemService
15:58:38.519 [FXGL Background Thread 3 ] DEBUG Engine               - class com.almasb.fxgl.localization.LocalizationService
15:58:38.519 [FXGL Background Thread 3 ] DEBUG Engine               - class com.almasb.fxgl.app.services.SystemBundleService
15:58:38.519 [FXGL Background Thread 3 ] DEBUG Engine               - class com.almasb.fxgl.profile.SaveLoadService
15:58:38.520 [FXGL Background Thread 3 ] DEBUG Engine               - class com.almasb.fxgl.ui.FXGLUIFactoryServiceProvider
15:58:38.520 [FXGL Background Thread 3 ] DEBUG Engine               - class com.almasb.fxgl.ui.FXGLDialogFactoryServiceProvider
15:58:38.520 [FXGL Background Thread 3 ] DEBUG Engine               - class com.almasb.fxgl.audio.AudioPlayer
15:58:38.520 [FXGL Background Thread 3 ] DEBUG Engine               - class com.almasb.fxgl.notification.impl.NotificationServiceProvider
15:58:38.520 [FXGL Background Thread 3 ] DEBUG Engine               - class com.almasb.fxgl.achievement.AchievementService
15:58:38.520 [FXGL Background Thread 3 ] DEBUG Engine               - class com.almasb.fxgl.cutscene.CutsceneService
15:58:38.520 [FXGL Background Thread 3 ] DEBUG Engine               - class com.almasb.fxgl.minigames.MiniGameService
15:58:38.520 [FXGL Background Thread 3 ] DEBUG Engine               - class com.almasb.fxgl.net.NetService
15:58:38.520 [FXGL Background Thread 3 ] DEBUG Engine               - class com.almasb.fxgl.app.services.UpdaterService
15:58:38.520 [FXGL Background Thread 3 ] DEBUG Engine               - class com.almasb.fxgl.dev.DevService
15:58:40.390 [JavaFX Application Thread] DEBUG FXGLApplication      - Exiting FXGL
15:58:40.390 [JavaFX Application Thread] DEBUG LoopRunner           - Stopping loop
15:58:40.390 [JavaFX Application Thread] DEBUG SystemBundleService  - Saving FXGL system data
15:58:40.391 [JavaFX Application Thread] DEBUG FileSystemAccess     - Writing to: C:\project\wonderfulStory\system\fxgl.bundle
15:58:40.392 [JavaFX Application Thread] DEBUG Async                - Shutting down background threads
15:58:40.392 [JavaFX Application Thread] DEBUG PrimaryStageWindow   - Closing main window
15:58:40.425 [JavaFX Application Thread] DEBUG Logger               - Closing Logger
