17:08:13.753 [main                     ] DEBUG Logger               - Configured Logger
17:08:13.765 [main                     ] DEBUG GameApplication      - Logging settings
Title: demo
Version: 0.0
Width: 1080
Height: 720
Fullscreen: false
Intro: false
Profiling: false
Single step:false
App Mode: DEVELOPER
Menu Key: ESCAPE
Stage Style: DECORATED
Scene Factory: class com.almasb.fxgl.app.scene.SceneFactory

17:08:14.836 [JavaFX Application Thread] DEBUG FXGLApplication      - Initializing FXGL
17:08:14.840 [JavaFX Application Thread] INFO  Engine               - FXGL-11.17 (16.07.2021 15.46) on WINDOWS (J:16.0.2 FX:16)
17:08:14.841 [JavaFX Application Thread] DEBUG Engine               - JRE Vendor Name: Oracle Corporation
17:08:14.842 [JavaFX Application Thread] DEBUG Engine               - Running on OS: Windows 10 version 10.0
17:08:14.843 [JavaFX Application Thread] DEBUG Engine               - Architecture: amd64
17:08:14.843 [JavaFX Application Thread] INFO  Engine               - Source code and latest versions at: https://github.com/AlmasB/FXGL
17:08:14.845 [JavaFX Application Thread] INFO  Engine               -              Join the FXGL chat at: https://gitter.im/AlmasB/FXGL
17:08:15.280 [JavaFX Application Thread] DEBUG PrimaryStageWindow   - Creating a JavaFX scene
17:08:15.426 [JavaFX Application Thread] DEBUG PrimaryStageWindow   - Target settings size: 1080.0 x 720.0
17:08:15.426 [JavaFX Application Thread] DEBUG PrimaryStageWindow   - Scaled scene size:    1080.0 x 720.0
17:08:15.427 [JavaFX Application Thread] DEBUG PrimaryStageWindow   - Scaled ratio: (1.0, 1.0)
17:08:15.432 [JavaFX Application Thread] DEBUG PrimaryStageWindow   - Set initial scene to FXGLStartupScene
17:08:15.458 [JavaFX Application Thread] DEBUG PrimaryStageWindow   - Opening main window
17:08:15.833 [JavaFX Application Thread] DEBUG PrimaryStageWindow   - Window border size: (14.4000244140625, 37.5999755859375)
17:08:15.834 [JavaFX Application Thread] DEBUG PrimaryStageWindow   - Scaled size: 1080.0 x 720.0
17:08:15.835 [JavaFX Application Thread] DEBUG PrimaryStageWindow   - Scaled ratio: (1.0, 1.0)
17:08:15.836 [JavaFX Application Thread] DEBUG PrimaryStageWindow   - Scene size: 1080.0 x 720.0
17:08:15.836 [JavaFX Application Thread] DEBUG PrimaryStageWindow   - Stage size: 1094.4000244140625 x 757.5999755859375
17:08:15.856 [FXGL Background Thread 1 ] DEBUG Engine               - Initializing environment variables
17:08:16.018 [FXGL Background Thread 1 ] DEBUG FXGLAssetLoaderServi - User app class for loading assets: class com.dam.wonder.GameApp
17:08:16.019 [FXGL Background Thread 1 ] DEBUG GameApplicationServi - Applying CSS: fxgl_dark.css
17:08:16.022 [FXGL Background Thread 1 ] DEBUG FXGLAssetLoaderServi - Loading from file system: jar:file:/C:/Users/24771/.m2/repository/com/github/almasb/fxgl/11.17/fxgl-11.17.jar!/fxglassets/ui/css/fxgl_dark.css
17:08:16.147 [FXGL Background Thread 1 ] DEBUG GameApplicationServi - Initializing application scenes
17:08:16.312 [FXGL Background Thread 1 ] DEBUG GameWorld            - Game world initialized
17:08:16.433 [FXGL Background Thread 1 ] DEBUG PhysicsWorld         - Physics world initialized: appHeight=720, physics.ppm=50.0
17:08:16.434 [FXGL Background Thread 1 ] DEBUG PhysicsWorld         - Using strategy: BRUTE_FORCE
17:08:16.439 [FXGL Background Thread 1 ] DEBUG GameScene            - Game scene initialized: 1080x720
17:08:16.475 [FXGL Background Thread 1 ] DEBUG FXGL.DefaultMenu     - createMenuBodyGameMenu()
17:08:16.529 [FXGL Background Thread 1 ] DEBUG FXGL.DefaultMenu     - createOptionsMenu()
17:08:16.570 [FXGL Background Thread 1 ] DEBUG FXGLAssetLoaderServi - Loading from file system: jar:file:/C:/Users/24771/.m2/repository/com/github/almasb/fxgl/11.17/fxgl-11.17.jar!/fxglassets/textures/particles/smoke.png
17:08:16.784 [FXGL Background Thread 1 ] DEBUG FXGLAssetLoaderServi - Loading from file system: jar:file:/C:/Users/24771/.m2/repository/com/github/almasb/fxgl/11.17/fxgl-11.17.jar!/fxglassets/textures/particles/trace_horizontal.png
17:08:16.851 [FXGL Background Thread 1 ] DEBUG GameApplicationServi - Application scenes initialized
17:08:16.873 [FXGL Background Thread 1 ] DEBUG SystemBundleService  - Loading FXGL system data
17:08:16.883 [FXGL Background Thread 1 ] DEBUG FileSystemAccess     - Reading from: C:\project\wonderfulStory\system\fxgl.bundle
17:08:16.895 [FXGL Background Thread 1 ] DEBUG SystemBundleService  - Bundle FXGL: {}
17:08:16.895 [FXGL Background Thread 1 ] DEBUG UpdaterService       - Checking for updates
17:08:16.967 [FXGL Background Thread 1 ] DEBUG FXGLApplication      - Loading default localization
17:08:16.968 [FXGL Background Thread 4 ] DEBUG FXGLApplication      - Loading fonts
17:08:16.969 [FXGL Background Thread 1 ] DEBUG FXGLAssetLoaderServi - Loading from file system: jar:file:/C:/Users/24771/.m2/repository/com/github/almasb/fxgl/11.17/fxgl-11.17.jar!/fxglassets/languages/english.lang
17:08:16.969 [FXGL Background Thread 4 ] DEBUG FXGLAssetLoaderServi - Loading from file system: jar:file:/C:/Users/24771/.m2/repository/com/github/almasb/fxgl/11.17/fxgl-11.17.jar!/fxglassets/ui/fonts/VarelaRound-Regular.ttf
17:08:17.006 [FXGL Background Thread 1 ] INFO  FXGLApplication      - FXGL initialization took: 1.151 sec
17:08:17.035 [JavaFX Application Thread] DEBUG Input                - Registered new binding: up - W
17:08:17.036 [JavaFX Application Thread] DEBUG Input                - Registered new binding: down - S
17:08:17.037 [JavaFX Application Thread] DEBUG Input                - Registered new binding: left - A
17:08:17.038 [JavaFX Application Thread] DEBUG Input                - Registered new binding: right - D
17:08:17.038 [JavaFX Application Thread] DEBUG Input                - Registered new binding: show talk - P
17:08:17.040 [JavaFX Application Thread] DEBUG FXGLAssetLoaderServi - Loading from file system: jar:file:/C:/Users/24771/.m2/repository/com/github/almasb/fxgl/11.17/fxgl-11.17.jar!/fxglassets/textures/fxgl_icon.png
17:08:17.091 [JavaFX Application Thread] DEBUG FXGLAssetLoaderServi - Loading from file system: jar:file:/C:/Users/24771/.m2/repository/com/github/almasb/fxgl/11.17/fxgl-11.17.jar!/fxglassets/textures/fxgl_default_cursor.png
17:08:17.098 [JavaFX Application Thread] DEBUG Input                - Registered new binding: Screenshot - CTRL+8
17:08:17.105 [JavaFX Application Thread] DEBUG Input                - Registered new binding: Dev Options - 1
17:08:17.106 [JavaFX Application Thread] DEBUG Input                - Registered new binding: Dev Console - 2
17:08:17.108 [JavaFX Application Thread] DEBUG Input                - Registered new binding: System info dump - CTRL+9
17:08:17.109 [JavaFX Application Thread] DEBUG Input                - Registered new binding: Restart - CTRL+R
17:08:17.111 [JavaFX Application Thread] DEBUG Input                - Registered new binding: Toggle Debug Camera - CTRL+C
17:08:17.120 [JavaFX Application Thread] DEBUG LoopRunner           - Starting loop
17:08:17.167 [JavaFX Application Thread] DEBUG LoopRunner           - Initializing JavaFX AnimationTimerLoop
17:08:17.173 [JavaFX Application Thread] DEBUG GameApplicationServi - Starting new game
17:08:17.174 [JavaFX Application Thread] DEBUG Input                - Clearing active input actions
17:08:17.205 [JavaFX Application Thread] DEBUG GameApplicationServi - Removing overlay from FXGLStartupScene and adding to FXGLLoadingScene
17:08:17.219 [JavaFX Application Thread] DEBUG PrimaryStageWindow   - FXGLStartupScene -> FXGLLoadingScene
17:08:17.220 [JavaFX Application Thread] DEBUG GameApplicationServi - Clearing previous game
17:08:17.221 [JavaFX Application Thread] DEBUG GameScene            - Clearing game scene
17:08:17.222 [JavaFX Application Thread] DEBUG GameWorld            - Clearing game world
17:08:17.222 [JavaFX Application Thread] DEBUG PhysicsWorld         - Clearing physics world
17:08:17.226 [FXGL Background Thread 1 ] DEBUG FXGLApplication      - Initializing game
17:08:17.347 [FXGL Background Thread 4 ] DEBUG FXGLAssetLoaderServi - Loading from file system: jar:file:/C:/Users/24771/.m2/repository/com/github/almasb/fxgl/11.17/fxgl-11.17.jar!/fxglassets/ui/fonts/Abel-Regular.ttf
17:08:17.353 [FXGL Background Thread 1 ] WARN  TMXLevelLoader       - TiledMap generated from 1.7.1. Supported version: 1.2.3. Some features may not be parsed fully.
17:08:17.370 [FXGL Background Thread 4 ] DEBUG FXGLAssetLoaderServi - Loading from file system: jar:file:/C:/Users/24771/.m2/repository/com/github/almasb/fxgl/11.17/fxgl-11.17.jar!/fxglassets/ui/fonts/lucida_console.ttf
17:08:17.404 [FXGL Background Thread 4 ] DEBUG FXGLAssetLoaderServi - Loading from file system: jar:file:/C:/Users/24771/.m2/repository/com/github/almasb/fxgl/11.17/fxgl-11.17.jar!/fxglassets/ui/fonts/Courier-Prime.ttf
17:08:17.435 [FXGL Background Thread 1 ] DEBUG TMXLevelLoader       - Parsed TiledMap: file:/C:/project/wonderfulStory/wonder/target/classes/assets/levels/tmx/obj_test.tmx
17:08:17.438 [FXGL Background Thread 1 ] DEBUG TMXLevelLoader       - Creating tile layer entities
17:08:17.441 [FXGL Background Thread 1 ] DEBUG TilesetLoader        - Loading view for layer ground
17:08:17.477 [FXGL Background Thread 1 ] DEBUG TilesetLoader        - Created buffer with size 3200.0x3200.0
17:08:17.597 [FXGL Background Thread 2 ] WARN  UpdaterService       - Failed to find updates: java.net.UnknownHostException: raw.githubusercontent.com
17:08:17.676 [FXGL Background Thread 1 ] DEBUG TilesetLoader        - Loading view for layer items
17:08:17.710 [FXGL Background Thread 1 ] DEBUG TilesetLoader        - Created buffer with size 3200.0x3200.0
17:08:17.775 [FXGL Background Thread 1 ] DEBUG TMXLevelLoader       - Creating object layer entities
17:08:17.832 [FXGL Background Thread 1 ] DEBUG GameWorld            - Clearing removable entities
17:08:17.834 [FXGL Background Thread 1 ] DEBUG GameWorld            - Setting level: com.almasb.fxgl.entity.level.Level@367f9c50
17:08:17.903 [JavaFX Application Thread] DEBUG FXGLApplication      - Registering font factories with UI factory
17:08:17.908 [FXGL Background Thread 1 ] INFO  FXGLApplication      - Game initialization took: 0.682 sec
17:08:18.213 [JavaFX Application Thread] DEBUG Input                - Clearing active input actions
17:08:18.245 [JavaFX Application Thread] DEBUG GameApplicationServi - Removing overlay from FXGLLoadingScene and adding to GameScene
17:08:18.257 [JavaFX Application Thread] DEBUG PrimaryStageWindow   - FXGLLoadingScene -> GameScene
17:08:19.961 [FXGL Background Thread 3 ] DEBUG Engine               - Logging environment variables
17:08:19.962 [FXGL Background Thread 3 ] DEBUG Engine               - achievements: []
17:08:19.963 [FXGL Background Thread 3 ] DEBUG Engine               - actualHeight: 720.0
17:08:19.963 [FXGL Background Thread 3 ] DEBUG Engine               - actualHeightProperty: ReadOnlyDoubleProperty [value: 720.0]
17:08:19.964 [FXGL Background Thread 3 ] DEBUG Engine               - actualWidth: 1080.0
17:08:19.964 [FXGL Background Thread 3 ] DEBUG Engine               - actualWidthProperty: ReadOnlyDoubleProperty [value: 1080.0]
17:08:19.965 [FXGL Background Thread 3 ] DEBUG Engine               - appIcon: fxgl_icon.png
17:08:19.965 [FXGL Background Thread 3 ] DEBUG Engine               - applicationMode: DEVELOPER
17:08:19.965 [FXGL Background Thread 3 ] DEBUG Engine               - cSSList: [fxgl_dark.css]
17:08:19.965 [FXGL Background Thread 3 ] DEBUG Engine               - collisionDetectionStrategy: BRUTE_FORCE
17:08:19.966 [FXGL Background Thread 3 ] DEBUG Engine               - configClass: Optional.empty
17:08:19.966 [FXGL Background Thread 3 ] DEBUG Engine               - credits: []
17:08:19.966 [FXGL Background Thread 3 ] DEBUG Engine               - defaultCursor: CursorInfo(imageName=fxgl_default_cursor.png, hotspotX=7.0, hotspotY=6.0)
17:08:19.967 [FXGL Background Thread 3 ] DEBUG Engine               - devBBoxColorProperty: ObjectProperty [value: 0xff0000ff]
17:08:19.967 [FXGL Background Thread 3 ] DEBUG Engine               - devEnableDebugCameraProperty: BooleanProperty [value: false]
17:08:19.967 [FXGL Background Thread 3 ] DEBUG Engine               - devSensorColorProperty: ObjectProperty [value: 0xffff00ff]
17:08:19.967 [FXGL Background Thread 3 ] DEBUG Engine               - devShowBBoxProperty: BooleanProperty [value: false]
17:08:19.967 [FXGL Background Thread 3 ] DEBUG Engine               - devShowPositionProperty: BooleanProperty [value: false]
17:08:19.968 [FXGL Background Thread 3 ] DEBUG Engine               - enabledMenuItems: []
17:08:19.968 [FXGL Background Thread 3 ] DEBUG Engine               - engineServices: [class com.almasb.fxgl.app.services.FXGLAssetLoaderService, class com.almasb.fxgl.app.FXGLApplication$GameApplicationService, class com.almasb.fxgl.app.services.FXGLDialogService, class com.almasb.fxgl.app.services.IOTaskExecutorService, class com.almasb.fxgl.io.FileSystemService, class com.almasb.fxgl.localization.LocalizationService, class com.almasb.fxgl.app.services.SystemBundleService, class com.almasb.fxgl.profile.SaveLoadService, class com.almasb.fxgl.ui.FXGLUIFactoryServiceProvider, class com.almasb.fxgl.ui.FXGLDialogFactoryServiceProvider, class com.almasb.fxgl.audio.AudioPlayer, class com.almasb.fxgl.notification.impl.NotificationServiceProvider, class com.almasb.fxgl.achievement.AchievementService, class com.almasb.fxgl.cutscene.CutsceneService, class com.almasb.fxgl.minigames.MiniGameService, class com.almasb.fxgl.net.NetService, class com.almasb.fxgl.app.services.UpdaterService, class com.almasb.fxgl.dev.DevService]
17:08:19.969 [FXGL Background Thread 3 ] DEBUG Engine               - fontGame: Abel-Regular.ttf
17:08:19.969 [FXGL Background Thread 3 ] DEBUG Engine               - fontMono: lucida_console.ttf
17:08:19.969 [FXGL Background Thread 3 ] DEBUG Engine               - fontText: Courier-Prime.ttf
17:08:19.970 [FXGL Background Thread 3 ] DEBUG Engine               - fontUI: VarelaRound-Regular.ttf
17:08:19.970 [FXGL Background Thread 3 ] DEBUG Engine               - fullScreen: BooleanProperty [value: false]
17:08:19.970 [FXGL Background Thread 3 ] DEBUG Engine               - gameDifficulty: MEDIUM
17:08:19.970 [FXGL Background Thread 3 ] DEBUG Engine               - gameDifficultyProperty: ObjectProperty [value: MEDIUM]
17:08:19.970 [FXGL Background Thread 3 ] DEBUG Engine               - globalMusicVolume: 0.5
17:08:19.970 [FXGL Background Thread 3 ] DEBUG Engine               - globalMusicVolumeProperty: DoubleProperty [value: 0.5]
17:08:19.971 [FXGL Background Thread 3 ] DEBUG Engine               - globalSoundVolume: 0.5
17:08:19.971 [FXGL Background Thread 3 ] DEBUG Engine               - globalSoundVolumeProperty: DoubleProperty [value: 0.5]
17:08:19.971 [FXGL Background Thread 3 ] DEBUG Engine               - height: 720
17:08:19.971 [FXGL Background Thread 3 ] DEBUG Engine               - is3D: false
17:08:19.972 [FXGL Background Thread 3 ] DEBUG Engine               - isAndroid: false
17:08:19.972 [FXGL Background Thread 3 ] DEBUG Engine               - isBrowser: false
17:08:19.972 [FXGL Background Thread 3 ] DEBUG Engine               - isClickFeedbackEnabled: false
17:08:19.972 [FXGL Background Thread 3 ] DEBUG Engine               - isCloseConfirmation: false
17:08:19.973 [FXGL Background Thread 3 ] DEBUG Engine               - isDesktop: true
17:08:19.973 [FXGL Background Thread 3 ] DEBUG Engine               - isDeveloperMenuEnabled: true
17:08:19.973 [FXGL Background Thread 3 ] DEBUG Engine               - isEntityPreloadEnabled: true
17:08:19.973 [FXGL Background Thread 3 ] DEBUG Engine               - isExperimentalTiledLargeMap: false
17:08:19.973 [FXGL Background Thread 3 ] DEBUG Engine               - isFileSystemWriteAllowed: true
17:08:19.974 [FXGL Background Thread 3 ] DEBUG Engine               - isFullScreenAllowed: false
17:08:19.975 [FXGL Background Thread 3 ] DEBUG Engine               - isFullScreenFromStart: false
17:08:19.975 [FXGL Background Thread 3 ] DEBUG Engine               - isGameMenuEnabled: true
17:08:19.975 [FXGL Background Thread 3 ] DEBUG Engine               - isIOS: false
17:08:19.976 [FXGL Background Thread 3 ] DEBUG Engine               - isIntroEnabled: false
17:08:19.976 [FXGL Background Thread 3 ] DEBUG Engine               - isLinux: false
17:08:19.976 [FXGL Background Thread 3 ] DEBUG Engine               - isMac: false
17:08:19.976 [FXGL Background Thread 3 ] DEBUG Engine               - isMainMenuEnabled: false
17:08:19.977 [FXGL Background Thread 3 ] DEBUG Engine               - isManualResizeEnabled: false
17:08:19.977 [FXGL Background Thread 3 ] DEBUG Engine               - isMobile: false
17:08:19.977 [FXGL Background Thread 3 ] DEBUG Engine               - isNative: false
17:08:19.978 [FXGL Background Thread 3 ] DEBUG Engine               - isPauseMusicWhenMinimized: true
17:08:19.978 [FXGL Background Thread 3 ] DEBUG Engine               - isPreserveResizeRatio: false
17:08:19.978 [FXGL Background Thread 3 ] DEBUG Engine               - isProfilingEnabled: false
17:08:19.978 [FXGL Background Thread 3 ] DEBUG Engine               - isScaleAffectedOnResize: true
17:08:19.978 [FXGL Background Thread 3 ] DEBUG Engine               - isSingleStep: false
17:08:19.978 [FXGL Background Thread 3 ] DEBUG Engine               - isUserProfileEnabled: false
17:08:19.979 [FXGL Background Thread 3 ] DEBUG Engine               - isWindows: true
17:08:19.979 [FXGL Background Thread 3 ] DEBUG Engine               - language: ObjectProperty [value: ENGLISH]
17:08:19.979 [FXGL Background Thread 3 ] DEBUG Engine               - menuKey: ESCAPE
17:08:19.979 [FXGL Background Thread 3 ] DEBUG Engine               - mouseSensitivity: 0.2
17:08:19.979 [FXGL Background Thread 3 ] DEBUG Engine               - notificationViewClass: class com.almasb.fxgl.notification.view.XboxNotificationView
17:08:19.979 [FXGL Background Thread 3 ] DEBUG Engine               - pixelsPerMeter: 50.0
17:08:19.980 [FXGL Background Thread 3 ] DEBUG Engine               - platform: WINDOWS
17:08:19.980 [FXGL Background Thread 3 ] DEBUG Engine               - prefHeightProperty: ReadOnlyDoubleProperty [value: 720.0]
17:08:19.980 [FXGL Background Thread 3 ] DEBUG Engine               - prefWidthProperty: ReadOnlyDoubleProperty [value: 1080.0]
17:08:19.981 [FXGL Background Thread 3 ] DEBUG Engine               - profileDir: profiles/
17:08:19.981 [FXGL Background Thread 3 ] DEBUG Engine               - profileName: StringProperty [value: DEFAULT]
17:08:19.981 [FXGL Background Thread 3 ] DEBUG Engine               - randomSeed: -1
17:08:19.981 [FXGL Background Thread 3 ] DEBUG Engine               - runtimeInfo: RuntimeInfo(platform=WINDOWS, version=11.17, build=16.07.2021 15.46)
17:08:19.981 [FXGL Background Thread 3 ] DEBUG Engine               - saveFileExt: sav
17:08:19.982 [FXGL Background Thread 3 ] DEBUG Engine               - scaledHeightProp$fxgl: DoubleProperty [bound, value: 720.0]
17:08:19.982 [FXGL Background Thread 3 ] DEBUG Engine               - scaledWidthProp$fxgl: DoubleProperty [bound, value: 1080.0]
17:08:19.982 [FXGL Background Thread 3 ] DEBUG Engine               - sceneFactory: com.almasb.fxgl.app.scene.SceneFactory@3446e7ba
17:08:19.982 [FXGL Background Thread 3 ] DEBUG Engine               - secondsIn24h: 60
17:08:19.982 [FXGL Background Thread 3 ] DEBUG Engine               - soundMenuBack: menu/back.wav
17:08:19.982 [FXGL Background Thread 3 ] DEBUG Engine               - soundMenuPress: menu/press.wav
17:08:19.983 [FXGL Background Thread 3 ] DEBUG Engine               - soundMenuSelect: menu/select.wav
17:08:19.983 [FXGL Background Thread 3 ] DEBUG Engine               - soundNotification: core/notification.wav
17:08:19.983 [FXGL Background Thread 3 ] DEBUG Engine               - stageStyle: DECORATED
17:08:19.984 [FXGL Background Thread 3 ] DEBUG Engine               - supportedLanguages: [ENGLISH, FRENCH, GERMAN, HUNGARIAN, RUSSIAN]
17:08:19.984 [FXGL Background Thread 3 ] DEBUG Engine               - ticksPerSecond: -1
17:08:19.984 [FXGL Background Thread 3 ] DEBUG Engine               - title: demo
17:08:19.984 [FXGL Background Thread 3 ] DEBUG Engine               - urlGithub: https://github.com/AlmasB/FXGL
17:08:19.984 [FXGL Background Thread 3 ] DEBUG Engine               - urlLeaderboard: http://fxgl-top.herokuapp.com/
17:08:19.984 [FXGL Background Thread 3 ] DEBUG Engine               - urlPOM: https://raw.githubusercontent.com/AlmasB/FXGL/release/README.md
17:08:19.985 [FXGL Background Thread 3 ] DEBUG Engine               - userAppClass: class com.dam.wonder.GameApp
17:08:19.985 [FXGL Background Thread 3 ] DEBUG Engine               - version: 0.0
17:08:19.985 [FXGL Background Thread 3 ] DEBUG Engine               - versionCheckDays: 7
17:08:19.985 [FXGL Background Thread 3 ] DEBUG Engine               - width: 1080
17:08:19.985 [FXGL Background Thread 3 ] DEBUG Engine               - Logging services
17:08:19.985 [FXGL Background Thread 3 ] DEBUG Engine               - class com.almasb.fxgl.app.services.FXGLAssetLoaderService
17:08:19.986 [FXGL Background Thread 3 ] DEBUG Engine               - class com.almasb.fxgl.app.FXGLApplication$GameApplicationService
17:08:19.986 [FXGL Background Thread 3 ] DEBUG Engine               - class com.almasb.fxgl.app.services.FXGLDialogService
17:08:19.986 [FXGL Background Thread 3 ] DEBUG Engine               - class com.almasb.fxgl.app.services.IOTaskExecutorService
17:08:19.986 [FXGL Background Thread 3 ] DEBUG Engine               - class com.almasb.fxgl.io.FileSystemService
17:08:19.987 [FXGL Background Thread 3 ] DEBUG Engine               - class com.almasb.fxgl.localization.LocalizationService
17:08:19.987 [FXGL Background Thread 3 ] DEBUG Engine               - class com.almasb.fxgl.app.services.SystemBundleService
17:08:19.987 [FXGL Background Thread 3 ] DEBUG Engine               - class com.almasb.fxgl.profile.SaveLoadService
17:08:19.987 [FXGL Background Thread 3 ] DEBUG Engine               - class com.almasb.fxgl.ui.FXGLUIFactoryServiceProvider
17:08:19.987 [FXGL Background Thread 3 ] DEBUG Engine               - class com.almasb.fxgl.ui.FXGLDialogFactoryServiceProvider
17:08:19.987 [FXGL Background Thread 3 ] DEBUG Engine               - class com.almasb.fxgl.audio.AudioPlayer
17:08:19.988 [FXGL Background Thread 3 ] DEBUG Engine               - class com.almasb.fxgl.notification.impl.NotificationServiceProvider
17:08:19.988 [FXGL Background Thread 3 ] DEBUG Engine               - class com.almasb.fxgl.achievement.AchievementService
17:08:19.988 [FXGL Background Thread 3 ] DEBUG Engine               - class com.almasb.fxgl.cutscene.CutsceneService
17:08:19.988 [FXGL Background Thread 3 ] DEBUG Engine               - class com.almasb.fxgl.minigames.MiniGameService
17:08:19.988 [FXGL Background Thread 3 ] DEBUG Engine               - class com.almasb.fxgl.net.NetService
17:08:19.988 [FXGL Background Thread 3 ] DEBUG Engine               - class com.almasb.fxgl.app.services.UpdaterService
17:08:19.989 [FXGL Background Thread 3 ] DEBUG Engine               - class com.almasb.fxgl.dev.DevService
17:08:34.562 [JavaFX Application Thread] DEBUG Input                - Mocking key press: P
17:08:34.577 [JavaFX Application Thread] DEBUG Input                - Registered new binding: remove - LMB
17:08:34.577 [JavaFX Application Thread] DEBUG PrimaryStageWindow   - Push state: TalkScene
17:08:34.578 [JavaFX Application Thread] DEBUG Input                - Clearing active input actions
17:08:34.578 [JavaFX Application Thread] DEBUG GameApplicationServi - Removing overlay from GameScene and adding to TalkScene
17:08:34.581 [JavaFX Application Thread] DEBUG PrimaryStageWindow   - GameScene -> TalkScene
17:08:35.941 [JavaFX Application Thread] DEBUG Input                - Clearing active input actions
17:08:35.941 [JavaFX Application Thread] DEBUG PrimaryStageWindow   - Pop state: TalkScene
17:08:35.941 [JavaFX Application Thread] DEBUG Input                - Clearing active input actions
17:08:35.942 [JavaFX Application Thread] DEBUG GameApplicationServi - Removing overlay from TalkScene and adding to GameScene
17:08:35.944 [JavaFX Application Thread] DEBUG PrimaryStageWindow   - GameScene <- TalkScene
17:08:38.485 [JavaFX Application Thread] DEBUG FXGLApplication      - Exiting FXGL
17:08:38.485 [JavaFX Application Thread] DEBUG LoopRunner           - Stopping loop
17:08:38.485 [JavaFX Application Thread] DEBUG SystemBundleService  - Saving FXGL system data
17:08:38.487 [JavaFX Application Thread] DEBUG FileSystemAccess     - Writing to: C:\project\wonderfulStory\system\fxgl.bundle
17:08:38.489 [JavaFX Application Thread] DEBUG Async                - Shutting down background threads
17:08:38.489 [JavaFX Application Thread] DEBUG PrimaryStageWindow   - Closing main window
17:08:38.525 [JavaFX Application Thread] DEBUG Logger               - Closing Logger
