16:12:20.341 [restartedMain            ] DEBUG Logger               - Configured Logger
16:12:20.342 [restartedMain            ] DEBUG GameApplication      - Logging settings
Title: 奇妙物语
Version: 0.0
Width: 1080
Height: 720
Fullscreen: false
Intro: false
Profiling: false
Single step:false
App Mode: DEVELOPER
Menu Key: ESCAPE
Stage Style: DECORATED
Scene Factory: class com.almasb.fxgl.app.scene.SceneFactory

16:12:20.630 [JavaFX Application Thread] DEBUG FXGLApplication      - Initializing FXGL
16:12:20.633 [JavaFX Application Thread] INFO  Engine               - FXGL-11.16 (25.05.2021 08.16) on WINDOWS (J:16.0.1 FX:16)
16:12:20.634 [JavaFX Application Thread] DEBUG Engine               - JRE Vendor Name: Oracle Corporation
16:12:20.634 [JavaFX Application Thread] DEBUG Engine               - Running on OS: Windows 10 version 10.0
16:12:20.635 [JavaFX Application Thread] DEBUG Engine               - Architecture: amd64
16:12:20.635 [JavaFX Application Thread] INFO  Engine               - Source code and latest versions at: https://github.com/AlmasB/FXGL
16:12:20.635 [JavaFX Application Thread] INFO  Engine               -              Join the FXGL chat at: https://gitter.im/AlmasB/FXGL
16:12:20.767 [JavaFX Application Thread] DEBUG PrimaryStageWindow   - Creating a JavaFX scene
16:12:20.807 [JavaFX Application Thread] DEBUG PrimaryStageWindow   - Target settings size: 1080.0 x 720.0
16:12:20.808 [JavaFX Application Thread] DEBUG PrimaryStageWindow   - Scaled scene size:    1080.0 x 720.0
16:12:20.808 [JavaFX Application Thread] DEBUG PrimaryStageWindow   - Scaled ratio: (1.0, 1.0)
16:12:20.809 [JavaFX Application Thread] DEBUG PrimaryStageWindow   - Set initial scene to FXGLStartupScene
16:12:20.819 [JavaFX Application Thread] DEBUG PrimaryStageWindow   - Opening main window
16:12:20.995 [JavaFX Application Thread] DEBUG PrimaryStageWindow   - Window border size: (14.4000244140625, 37.5999755859375)
16:12:20.995 [JavaFX Application Thread] DEBUG PrimaryStageWindow   - Scaled size: 1080.0 x 720.0
16:12:20.995 [JavaFX Application Thread] DEBUG PrimaryStageWindow   - Scaled ratio: (1.0, 1.0)
16:12:20.995 [JavaFX Application Thread] DEBUG PrimaryStageWindow   - Scene size: 1080.0 x 720.0
16:12:20.995 [JavaFX Application Thread] DEBUG PrimaryStageWindow   - Stage size: 1094.4000244140625 x 757.5999755859375
16:12:21.005 [FXGL Background Thread 1 ] DEBUG Engine               - Initializing environment variables
16:12:21.037 [FXGL Background Thread 1 ] DEBUG FXGLAssetLoaderServi - User app class for loading assets: class com.dam.wonder.view.game.BasicGameSample
16:12:21.038 [FXGL Background Thread 1 ] DEBUG GameApplicationServi - Applying CSS: fxgl_dark.css
16:12:21.041 [FXGL Background Thread 1 ] DEBUG FXGLAssetLoaderServi - Loading from file system: jar:file:/C:/Users/24771/.m2/repository/com/github/almasb/fxgl/11.16/fxgl-11.16.jar!/fxglassets/ui/css/fxgl_dark.css
16:12:21.094 [FXGL Background Thread 1 ] DEBUG GameApplicationServi - Initializing application scenes
16:12:21.159 [FXGL Background Thread 1 ] DEBUG GameWorld            - Game world initialized
16:12:21.211 [FXGL Background Thread 1 ] DEBUG PhysicsWorld         - Physics world initialized: appHeight=720, physics.ppm=50.0
16:12:21.212 [FXGL Background Thread 1 ] DEBUG PhysicsWorld         - Using strategy: BRUTE_FORCE
16:12:21.214 [FXGL Background Thread 1 ] DEBUG GameScene            - Game scene initialized: 1080x720
16:12:21.226 [FXGL Background Thread 1 ] DEBUG FXGL.DefaultMenu     - createMenuBodyGameMenu()
16:12:21.242 [FXGL Background Thread 1 ] DEBUG FXGL.DefaultMenu     - createOptionsMenu()
16:12:21.248 [FXGL Background Thread 1 ] DEBUG FXGLAssetLoaderServi - Loading from file system: jar:file:/C:/Users/24771/.m2/repository/com/github/almasb/fxgl/11.16/fxgl-11.16.jar!/fxglassets/textures/particles/smoke.png
16:12:21.331 [FXGL Background Thread 1 ] DEBUG FXGLAssetLoaderServi - Loading from file system: jar:file:/C:/Users/24771/.m2/repository/com/github/almasb/fxgl/11.16/fxgl-11.16.jar!/fxglassets/textures/particles/trace_horizontal.png
16:12:21.344 [FXGL Background Thread 1 ] DEBUG GameApplicationServi - Application scenes initialized
16:12:21.357 [FXGL Background Thread 1 ] DEBUG SystemBundleService  - Loading FXGL system data
16:12:21.358 [FXGL Background Thread 1 ] DEBUG FileSystemAccess     - Reading from: C:\project\wonderfulStory\system\fxgl.bundle
16:12:21.361 [FXGL Background Thread 1 ] DEBUG SystemBundleService  - Bundle FXGL: {}
16:12:21.361 [FXGL Background Thread 1 ] DEBUG UpdaterService       - Checking for updates
16:12:21.367 [FXGL Background Thread 4 ] DEBUG FXGLApplication      - Loading fonts
16:12:21.369 [FXGL Background Thread 1 ] DEBUG FXGLApplication      - Loading default localization
16:12:21.369 [FXGL Background Thread 4 ] DEBUG FXGLAssetLoaderServi - Loading from file system: jar:file:/C:/Users/24771/.m2/repository/com/github/almasb/fxgl/11.16/fxgl-11.16.jar!/fxglassets/ui/fonts/VarelaRound-Regular.ttf
16:12:21.370 [FXGL Background Thread 1 ] DEBUG FXGLAssetLoaderServi - Loading from file system: jar:file:/C:/Users/24771/.m2/repository/com/github/almasb/fxgl/11.16/fxgl-11.16.jar!/fxglassets/languages/english.lang
16:12:21.390 [FXGL Background Thread 1 ] INFO  FXGLApplication      - FXGL initialization took: 0.385 sec
16:12:21.391 [JavaFX Application Thread] DEBUG FXGLAssetLoaderServi - Loading from file system: jar:file:/C:/Users/24771/.m2/repository/com/github/almasb/fxgl/11.16/fxgl-11.16.jar!/fxglassets/textures/fxgl_icon.png
16:12:21.398 [FXGL Background Thread 4 ] DEBUG FXGLAssetLoaderServi - Loading from file system: jar:file:/C:/Users/24771/.m2/repository/com/github/almasb/fxgl/11.16/fxgl-11.16.jar!/fxglassets/ui/fonts/Abel-Regular.ttf
16:12:21.413 [FXGL Background Thread 4 ] DEBUG FXGLAssetLoaderServi - Loading from file system: jar:file:/C:/Users/24771/.m2/repository/com/github/almasb/fxgl/11.16/fxgl-11.16.jar!/fxglassets/ui/fonts/lucida_console.ttf
16:12:21.415 [JavaFX Application Thread] DEBUG FXGLAssetLoaderServi - Loading from file system: jar:file:/C:/Users/24771/.m2/repository/com/github/almasb/fxgl/11.16/fxgl-11.16.jar!/fxglassets/textures/fxgl_default_cursor.png
16:12:21.424 [JavaFX Application Thread] DEBUG Input                - Registered new binding: Screenshot - CTRL+8
16:12:21.424 [JavaFX Application Thread] DEBUG Input                - Registered new binding: System info dump - CTRL+9
16:12:21.425 [JavaFX Application Thread] DEBUG Input                - Registered new binding: Restart - CTRL+R
16:12:21.427 [JavaFX Application Thread] DEBUG Input                - Registered new binding: Toggle Debug Camera - CTRL+C
16:12:21.430 [JavaFX Application Thread] DEBUG LoopRunner           - Starting loop
16:12:21.431 [JavaFX Application Thread] DEBUG LoopRunner           - Initializing JavaFX AnimationTimerLoop
16:12:21.433 [FXGL Background Thread 4 ] DEBUG FXGLAssetLoaderServi - Loading from file system: jar:file:/C:/Users/24771/.m2/repository/com/github/almasb/fxgl/11.16/fxgl-11.16.jar!/fxglassets/ui/fonts/Courier-Prime.ttf
16:12:21.434 [JavaFX Application Thread] DEBUG GameApplicationServi - Starting new game
16:12:21.435 [JavaFX Application Thread] DEBUG Input                - Clearing active input actions
16:12:21.450 [JavaFX Application Thread] DEBUG GameApplicationServi - Removing overlay from FXGLStartupScene and adding to FXGLLoadingScene
16:12:21.451 [JavaFX Application Thread] DEBUG PrimaryStageWindow   - FXGLStartupScene -> FXGLLoadingScene
16:12:21.451 [JavaFX Application Thread] DEBUG GameApplicationServi - Clearing previous game
16:12:21.452 [JavaFX Application Thread] DEBUG GameScene            - Clearing game scene
16:12:21.452 [JavaFX Application Thread] DEBUG GameWorld            - Clearing game world
16:12:21.452 [JavaFX Application Thread] DEBUG PhysicsWorld         - Clearing physics world
16:12:21.455 [FXGL Background Thread 1 ] DEBUG FXGLApplication      - Initializing game
16:12:21.462 [FXGL Background Thread 1 ] INFO  FXGLApplication      - Game initialization took: 0.007 sec
16:12:21.505 [JavaFX Application Thread] DEBUG FXGLApplication      - Registering font factories with UI factory
16:12:21.506 [JavaFX Application Thread] DEBUG Input                - Clearing active input actions
16:12:21.515 [JavaFX Application Thread] DEBUG GameApplicationServi - Removing overlay from FXGLLoadingScene and adding to GameScene
16:12:21.515 [JavaFX Application Thread] DEBUG PrimaryStageWindow   - FXGLLoadingScene -> GameScene
16:12:21.591 [FXGL Background Thread 2 ] WARN  UpdaterService       - Failed to find updates: java.net.UnknownHostException: raw.githubusercontent.com
16:12:24.356 [JavaFX Application Thread] DEBUG FXGLApplication      - Exiting FXGL
16:12:24.357 [JavaFX Application Thread] DEBUG LoopRunner           - Stopping loop
16:12:24.357 [JavaFX Application Thread] DEBUG SystemBundleService  - Saving FXGL system data
16:12:24.358 [JavaFX Application Thread] DEBUG FileSystemAccess     - Writing to: C:\project\wonderfulStory\system\fxgl.bundle
16:12:24.359 [JavaFX Application Thread] DEBUG Async                - Shutting down background threads
16:12:24.359 [JavaFX Application Thread] DEBUG PrimaryStageWindow   - Closing main window
16:12:24.385 [JavaFX Application Thread] DEBUG Logger               - Closing Logger
