16:16:27.142 [main                     ] DEBUG Logger               - Configured Logger
16:16:27.151 [main                     ] DEBUG GameApplication      - Logging settings
Title: demo
Version: 0.0
Width: 1080
Height: 720
Fullscreen: false
Intro: false
Profiling: false
Single step:false
App Mode: DEVELOPER
Menu Key: ESCAPE
Stage Style: DECORATED
Scene Factory: class com.almasb.fxgl.app.scene.SceneFactory

16:16:27.693 [JavaFX Application Thread] DEBUG FXGLApplication      - Initializing FXGL
16:16:27.697 [JavaFX Application Thread] INFO  Engine               - FXGL-11.17 (16.07.2021 15.46) on WINDOWS (J:16.0.2 FX:16)
16:16:27.698 [JavaFX Application Thread] DEBUG Engine               - JRE Vendor Name: Oracle Corporation
16:16:27.698 [JavaFX Application Thread] DEBUG Engine               - Running on OS: Windows 10 version 10.0
16:16:27.698 [JavaFX Application Thread] DEBUG Engine               - Architecture: amd64
16:16:27.699 [JavaFX Application Thread] INFO  Engine               - Source code and latest versions at: https://github.com/AlmasB/FXGL
16:16:27.699 [JavaFX Application Thread] INFO  Engine               -              Join the FXGL chat at: https://gitter.im/AlmasB/FXGL
16:16:27.943 [JavaFX Application Thread] DEBUG PrimaryStageWindow   - Creating a JavaFX scene
16:16:28.031 [JavaFX Application Thread] DEBUG PrimaryStageWindow   - Target settings size: 1080.0 x 720.0
16:16:28.031 [JavaFX Application Thread] DEBUG PrimaryStageWindow   - Scaled scene size:    1080.0 x 720.0
16:16:28.031 [JavaFX Application Thread] DEBUG PrimaryStageWindow   - Scaled ratio: (1.0, 1.0)
16:16:28.034 [JavaFX Application Thread] DEBUG PrimaryStageWindow   - Set initial scene to FXGLStartupScene
16:16:28.052 [JavaFX Application Thread] DEBUG PrimaryStageWindow   - Opening main window
16:16:28.345 [JavaFX Application Thread] DEBUG PrimaryStageWindow   - Window border size: (14.4000244140625, 37.5999755859375)
16:16:28.346 [JavaFX Application Thread] DEBUG PrimaryStageWindow   - Scaled size: 1080.0 x 720.0
16:16:28.346 [JavaFX Application Thread] DEBUG PrimaryStageWindow   - Scaled ratio: (1.0, 1.0)
16:16:28.347 [JavaFX Application Thread] DEBUG PrimaryStageWindow   - Scene size: 1080.0 x 720.0
16:16:28.347 [JavaFX Application Thread] DEBUG PrimaryStageWindow   - Stage size: 1094.4000244140625 x 757.5999755859375
16:16:28.366 [FXGL Background Thread 1 ] DEBUG Engine               - Initializing environment variables
16:16:28.500 [FXGL Background Thread 1 ] DEBUG FXGLAssetLoaderServi - User app class for loading assets: class com.dam.wonder.GameApp
16:16:28.500 [FXGL Background Thread 1 ] DEBUG GameApplicationServi - Applying CSS: fxgl_dark.css
16:16:28.502 [FXGL Background Thread 1 ] DEBUG FXGLAssetLoaderServi - Loading from file system: jar:file:/C:/Users/24771/.m2/repository/com/github/almasb/fxgl/11.17/fxgl-11.17.jar!/fxglassets/ui/css/fxgl_dark.css
16:16:28.610 [FXGL Background Thread 1 ] DEBUG GameApplicationServi - Initializing application scenes
16:16:28.745 [FXGL Background Thread 1 ] DEBUG GameWorld            - Game world initialized
16:16:28.834 [FXGL Background Thread 1 ] DEBUG PhysicsWorld         - Physics world initialized: appHeight=720, physics.ppm=50.0
16:16:28.835 [FXGL Background Thread 1 ] DEBUG PhysicsWorld         - Using strategy: BRUTE_FORCE
16:16:28.840 [FXGL Background Thread 1 ] DEBUG GameScene            - Game scene initialized: 1080x720
16:16:28.862 [FXGL Background Thread 1 ] DEBUG FXGL.DefaultMenu     - createMenuBodyGameMenu()
16:16:28.893 [FXGL Background Thread 1 ] DEBUG FXGL.DefaultMenu     - createOptionsMenu()
16:16:28.913 [FXGL Background Thread 1 ] DEBUG FXGLAssetLoaderServi - Loading from file system: jar:file:/C:/Users/24771/.m2/repository/com/github/almasb/fxgl/11.17/fxgl-11.17.jar!/fxglassets/textures/particles/smoke.png
16:16:29.105 [FXGL Background Thread 1 ] DEBUG FXGLAssetLoaderServi - Loading from file system: jar:file:/C:/Users/24771/.m2/repository/com/github/almasb/fxgl/11.17/fxgl-11.17.jar!/fxglassets/textures/particles/trace_horizontal.png
16:16:29.155 [FXGL Background Thread 1 ] DEBUG GameApplicationServi - Application scenes initialized
16:16:29.179 [FXGL Background Thread 1 ] DEBUG SystemBundleService  - Loading FXGL system data
16:16:29.186 [FXGL Background Thread 1 ] DEBUG FileSystemAccess     - Reading from: C:\project\wonderfulStory\system\fxgl.bundle
16:16:29.199 [FXGL Background Thread 1 ] DEBUG SystemBundleService  - Bundle FXGL: {}
16:16:29.199 [FXGL Background Thread 1 ] DEBUG UpdaterService       - Checking for updates
16:16:29.247 [FXGL Background Thread 4 ] DEBUG FXGLApplication      - Loading fonts
16:16:29.248 [FXGL Background Thread 4 ] DEBUG FXGLAssetLoaderServi - Loading from file system: jar:file:/C:/Users/24771/.m2/repository/com/github/almasb/fxgl/11.17/fxgl-11.17.jar!/fxglassets/ui/fonts/VarelaRound-Regular.ttf
16:16:29.248 [FXGL Background Thread 1 ] DEBUG FXGLApplication      - Loading default localization
16:16:29.249 [FXGL Background Thread 1 ] DEBUG FXGLAssetLoaderServi - Loading from file system: jar:file:/C:/Users/24771/.m2/repository/com/github/almasb/fxgl/11.17/fxgl-11.17.jar!/fxglassets/languages/english.lang
16:16:29.276 [FXGL Background Thread 1 ] INFO  FXGLApplication      - FXGL initialization took: 0.910 sec
16:16:29.297 [JavaFX Application Thread] DEBUG Input                - Registered new binding: up - W
16:16:29.298 [JavaFX Application Thread] DEBUG Input                - Registered new binding: down - S
16:16:29.299 [JavaFX Application Thread] DEBUG Input                - Registered new binding: left - A
16:16:29.299 [JavaFX Application Thread] DEBUG Input                - Registered new binding: right - D
16:16:29.300 [JavaFX Application Thread] DEBUG FXGLAssetLoaderServi - Loading from file system: jar:file:/C:/Users/24771/.m2/repository/com/github/almasb/fxgl/11.17/fxgl-11.17.jar!/fxglassets/textures/fxgl_icon.png
16:16:29.344 [JavaFX Application Thread] DEBUG FXGLAssetLoaderServi - Loading from file system: jar:file:/C:/Users/24771/.m2/repository/com/github/almasb/fxgl/11.17/fxgl-11.17.jar!/fxglassets/textures/fxgl_default_cursor.png
16:16:29.350 [JavaFX Application Thread] DEBUG Input                - Registered new binding: Screenshot - CTRL+8
16:16:29.351 [JavaFX Application Thread] DEBUG Input                - Registered new binding: Dev Options - 1
16:16:29.353 [JavaFX Application Thread] DEBUG Input                - Registered new binding: Dev Console - 2
16:16:29.354 [JavaFX Application Thread] DEBUG Input                - Registered new binding: System info dump - CTRL+9
16:16:29.355 [JavaFX Application Thread] DEBUG Input                - Registered new binding: Restart - CTRL+R
16:16:29.357 [JavaFX Application Thread] DEBUG Input                - Registered new binding: Toggle Debug Camera - CTRL+C
16:16:29.364 [JavaFX Application Thread] DEBUG LoopRunner           - Starting loop
16:16:29.397 [JavaFX Application Thread] DEBUG LoopRunner           - Initializing JavaFX AnimationTimerLoop
16:16:29.401 [JavaFX Application Thread] DEBUG GameApplicationServi - Starting new game
16:16:29.402 [JavaFX Application Thread] DEBUG Input                - Clearing active input actions
16:16:29.430 [JavaFX Application Thread] DEBUG GameApplicationServi - Removing overlay from FXGLStartupScene and adding to FXGLLoadingScene
16:16:29.446 [JavaFX Application Thread] DEBUG PrimaryStageWindow   - FXGLStartupScene -> FXGLLoadingScene
16:16:29.448 [JavaFX Application Thread] DEBUG GameApplicationServi - Clearing previous game
16:16:29.448 [JavaFX Application Thread] DEBUG GameScene            - Clearing game scene
16:16:29.449 [JavaFX Application Thread] DEBUG GameWorld            - Clearing game world
16:16:29.449 [JavaFX Application Thread] DEBUG PhysicsWorld         - Clearing physics world
16:16:29.453 [FXGL Background Thread 1 ] DEBUG FXGLApplication      - Initializing game
16:16:29.495 [FXGL Background Thread 4 ] DEBUG FXGLAssetLoaderServi - Loading from file system: jar:file:/C:/Users/24771/.m2/repository/com/github/almasb/fxgl/11.17/fxgl-11.17.jar!/fxglassets/ui/fonts/Abel-Regular.ttf
16:16:29.525 [FXGL Background Thread 4 ] DEBUG FXGLAssetLoaderServi - Loading from file system: jar:file:/C:/Users/24771/.m2/repository/com/github/almasb/fxgl/11.17/fxgl-11.17.jar!/fxglassets/ui/fonts/lucida_console.ttf
16:16:29.554 [FXGL Background Thread 4 ] DEBUG FXGLAssetLoaderServi - Loading from file system: jar:file:/C:/Users/24771/.m2/repository/com/github/almasb/fxgl/11.17/fxgl-11.17.jar!/fxglassets/ui/fonts/Courier-Prime.ttf
16:16:29.611 [FXGL Background Thread 1 ] WARN  TMXLevelLoader       - TiledMap generated from 1.7.1. Supported version: 1.2.3. Some features may not be parsed fully.
16:16:29.672 [FXGL Background Thread 1 ] DEBUG TMXLevelLoader       - Parsed TiledMap: file:/C:/project/wonderfulStory/wonder/target/classes/assets/levels/tmx/obj_test.tmx
16:16:29.675 [FXGL Background Thread 1 ] DEBUG TMXLevelLoader       - Creating tile layer entities
16:16:29.677 [FXGL Background Thread 1 ] DEBUG TilesetLoader        - Loading view for layer ground
16:16:29.720 [FXGL Background Thread 2 ] WARN  UpdaterService       - Failed to find updates: java.net.UnknownHostException: raw.githubusercontent.com
16:16:29.729 [FXGL Background Thread 1 ] DEBUG TilesetLoader        - Created buffer with size 3200.0x3200.0
16:16:29.864 [FXGL Background Thread 1 ] DEBUG TilesetLoader        - Loading view for layer items
16:16:29.925 [FXGL Background Thread 1 ] DEBUG TilesetLoader        - Created buffer with size 3200.0x3200.0
16:16:29.985 [FXGL Background Thread 1 ] DEBUG TMXLevelLoader       - Creating object layer entities
16:16:30.031 [FXGL Background Thread 1 ] DEBUG GameWorld            - Clearing removable entities
16:16:30.033 [FXGL Background Thread 1 ] DEBUG GameWorld            - Setting level: com.almasb.fxgl.entity.level.Level@11d877a2
16:16:30.140 [FXGL Background Thread 1 ] INFO  FXGLApplication      - Game initialization took: 0.686 sec
16:16:30.161 [JavaFX Application Thread] DEBUG FXGLApplication      - Registering font factories with UI factory
16:16:30.186 [JavaFX Application Thread] DEBUG Input                - Clearing active input actions
16:16:30.208 [JavaFX Application Thread] DEBUG GameApplicationServi - Removing overlay from FXGLLoadingScene and adding to GameScene
16:16:30.224 [JavaFX Application Thread] DEBUG PrimaryStageWindow   - FXGLLoadingScene -> GameScene
16:16:32.245 [FXGL Background Thread 3 ] DEBUG Engine               - Logging environment variables
16:16:32.246 [FXGL Background Thread 3 ] DEBUG Engine               - achievements: []
16:16:32.246 [FXGL Background Thread 3 ] DEBUG Engine               - actualHeight: 720.0
16:16:32.247 [FXGL Background Thread 3 ] DEBUG Engine               - actualHeightProperty: ReadOnlyDoubleProperty [value: 720.0]
16:16:32.247 [FXGL Background Thread 3 ] DEBUG Engine               - actualWidth: 1080.0
16:16:32.247 [FXGL Background Thread 3 ] DEBUG Engine               - actualWidthProperty: ReadOnlyDoubleProperty [value: 1080.0]
16:16:32.247 [FXGL Background Thread 3 ] DEBUG Engine               - appIcon: fxgl_icon.png
16:16:32.248 [FXGL Background Thread 3 ] DEBUG Engine               - applicationMode: DEVELOPER
16:16:32.248 [FXGL Background Thread 3 ] DEBUG Engine               - cSSList: [fxgl_dark.css]
16:16:32.248 [FXGL Background Thread 3 ] DEBUG Engine               - collisionDetectionStrategy: BRUTE_FORCE
16:16:32.248 [FXGL Background Thread 3 ] DEBUG Engine               - configClass: Optional.empty
16:16:32.248 [FXGL Background Thread 3 ] DEBUG Engine               - credits: []
16:16:32.248 [FXGL Background Thread 3 ] DEBUG Engine               - defaultCursor: CursorInfo(imageName=fxgl_default_cursor.png, hotspotX=7.0, hotspotY=6.0)
16:16:32.249 [FXGL Background Thread 3 ] DEBUG Engine               - devBBoxColorProperty: ObjectProperty [value: 0xff0000ff]
16:16:32.249 [FXGL Background Thread 3 ] DEBUG Engine               - devEnableDebugCameraProperty: BooleanProperty [value: false]
16:16:32.249 [FXGL Background Thread 3 ] DEBUG Engine               - devSensorColorProperty: ObjectProperty [value: 0xffff00ff]
16:16:32.250 [FXGL Background Thread 3 ] DEBUG Engine               - devShowBBoxProperty: BooleanProperty [value: false]
16:16:32.250 [FXGL Background Thread 3 ] DEBUG Engine               - devShowPositionProperty: BooleanProperty [value: false]
16:16:32.250 [FXGL Background Thread 3 ] DEBUG Engine               - enabledMenuItems: []
16:16:32.251 [FXGL Background Thread 3 ] DEBUG Engine               - engineServices: [class com.almasb.fxgl.app.services.FXGLAssetLoaderService, class com.almasb.fxgl.app.FXGLApplication$GameApplicationService, class com.almasb.fxgl.app.services.FXGLDialogService, class com.almasb.fxgl.app.services.IOTaskExecutorService, class com.almasb.fxgl.io.FileSystemService, class com.almasb.fxgl.localization.LocalizationService, class com.almasb.fxgl.app.services.SystemBundleService, class com.almasb.fxgl.profile.SaveLoadService, class com.almasb.fxgl.ui.FXGLUIFactoryServiceProvider, class com.almasb.fxgl.ui.FXGLDialogFactoryServiceProvider, class com.almasb.fxgl.audio.AudioPlayer, class com.almasb.fxgl.notification.impl.NotificationServiceProvider, class com.almasb.fxgl.achievement.AchievementService, class com.almasb.fxgl.cutscene.CutsceneService, class com.almasb.fxgl.minigames.MiniGameService, class com.almasb.fxgl.net.NetService, class com.almasb.fxgl.app.services.UpdaterService, class com.almasb.fxgl.dev.DevService]
16:16:32.251 [FXGL Background Thread 3 ] DEBUG Engine               - fontGame: Abel-Regular.ttf
16:16:32.251 [FXGL Background Thread 3 ] DEBUG Engine               - fontMono: lucida_console.ttf
16:16:32.252 [FXGL Background Thread 3 ] DEBUG Engine               - fontText: Courier-Prime.ttf
16:16:32.252 [FXGL Background Thread 3 ] DEBUG Engine               - fontUI: VarelaRound-Regular.ttf
16:16:32.252 [FXGL Background Thread 3 ] DEBUG Engine               - fullScreen: BooleanProperty [value: false]
16:16:32.252 [FXGL Background Thread 3 ] DEBUG Engine               - gameDifficulty: MEDIUM
16:16:32.253 [FXGL Background Thread 3 ] DEBUG Engine               - gameDifficultyProperty: ObjectProperty [value: MEDIUM]
16:16:32.253 [FXGL Background Thread 3 ] DEBUG Engine               - globalMusicVolume: 0.5
16:16:32.254 [FXGL Background Thread 3 ] DEBUG Engine               - globalMusicVolumeProperty: DoubleProperty [value: 0.5]
16:16:32.254 [FXGL Background Thread 3 ] DEBUG Engine               - globalSoundVolume: 0.5
16:16:32.254 [FXGL Background Thread 3 ] DEBUG Engine               - globalSoundVolumeProperty: DoubleProperty [value: 0.5]
16:16:32.254 [FXGL Background Thread 3 ] DEBUG Engine               - height: 720
16:16:32.255 [FXGL Background Thread 3 ] DEBUG Engine               - is3D: false
16:16:32.255 [FXGL Background Thread 3 ] DEBUG Engine               - isAndroid: false
16:16:32.255 [FXGL Background Thread 3 ] DEBUG Engine               - isBrowser: false
16:16:32.255 [FXGL Background Thread 3 ] DEBUG Engine               - isClickFeedbackEnabled: false
16:16:32.255 [FXGL Background Thread 3 ] DEBUG Engine               - isCloseConfirmation: false
16:16:32.255 [FXGL Background Thread 3 ] DEBUG Engine               - isDesktop: true
16:16:32.255 [FXGL Background Thread 3 ] DEBUG Engine               - isDeveloperMenuEnabled: true
16:16:32.256 [FXGL Background Thread 3 ] DEBUG Engine               - isEntityPreloadEnabled: true
16:16:32.256 [FXGL Background Thread 3 ] DEBUG Engine               - isExperimentalTiledLargeMap: false
16:16:32.256 [FXGL Background Thread 3 ] DEBUG Engine               - isFileSystemWriteAllowed: true
16:16:32.256 [FXGL Background Thread 3 ] DEBUG Engine               - isFullScreenAllowed: false
16:16:32.256 [FXGL Background Thread 3 ] DEBUG Engine               - isFullScreenFromStart: false
16:16:32.256 [FXGL Background Thread 3 ] DEBUG Engine               - isGameMenuEnabled: true
16:16:32.256 [FXGL Background Thread 3 ] DEBUG Engine               - isIOS: false
16:16:32.257 [FXGL Background Thread 3 ] DEBUG Engine               - isIntroEnabled: false
16:16:32.257 [FXGL Background Thread 3 ] DEBUG Engine               - isLinux: false
16:16:32.257 [FXGL Background Thread 3 ] DEBUG Engine               - isMac: false
16:16:32.257 [FXGL Background Thread 3 ] DEBUG Engine               - isMainMenuEnabled: false
16:16:32.257 [FXGL Background Thread 3 ] DEBUG Engine               - isManualResizeEnabled: false
16:16:32.258 [FXGL Background Thread 3 ] DEBUG Engine               - isMobile: false
16:16:32.258 [FXGL Background Thread 3 ] DEBUG Engine               - isNative: false
16:16:32.259 [FXGL Background Thread 3 ] DEBUG Engine               - isPauseMusicWhenMinimized: true
16:16:32.259 [FXGL Background Thread 3 ] DEBUG Engine               - isPreserveResizeRatio: false
16:16:32.259 [FXGL Background Thread 3 ] DEBUG Engine               - isProfilingEnabled: false
16:16:32.259 [FXGL Background Thread 3 ] DEBUG Engine               - isScaleAffectedOnResize: true
16:16:32.260 [FXGL Background Thread 3 ] DEBUG Engine               - isSingleStep: false
16:16:32.260 [FXGL Background Thread 3 ] DEBUG Engine               - isUserProfileEnabled: false
16:16:32.260 [FXGL Background Thread 3 ] DEBUG Engine               - isWindows: true
16:16:32.260 [FXGL Background Thread 3 ] DEBUG Engine               - language: ObjectProperty [value: ENGLISH]
16:16:32.260 [FXGL Background Thread 3 ] DEBUG Engine               - menuKey: ESCAPE
16:16:32.260 [FXGL Background Thread 3 ] DEBUG Engine               - mouseSensitivity: 0.2
16:16:32.261 [FXGL Background Thread 3 ] DEBUG Engine               - notificationViewClass: class com.almasb.fxgl.notification.view.XboxNotificationView
16:16:32.261 [FXGL Background Thread 3 ] DEBUG Engine               - pixelsPerMeter: 50.0
16:16:32.261 [FXGL Background Thread 3 ] DEBUG Engine               - platform: WINDOWS
16:16:32.261 [FXGL Background Thread 3 ] DEBUG Engine               - prefHeightProperty: ReadOnlyDoubleProperty [value: 720.0]
16:16:32.262 [FXGL Background Thread 3 ] DEBUG Engine               - prefWidthProperty: ReadOnlyDoubleProperty [value: 1080.0]
16:16:32.262 [FXGL Background Thread 3 ] DEBUG Engine               - profileDir: profiles/
16:16:32.262 [FXGL Background Thread 3 ] DEBUG Engine               - profileName: StringProperty [value: DEFAULT]
16:16:32.263 [FXGL Background Thread 3 ] DEBUG Engine               - randomSeed: -1
16:16:32.263 [FXGL Background Thread 3 ] DEBUG Engine               - runtimeInfo: RuntimeInfo(platform=WINDOWS, version=11.17, build=16.07.2021 15.46)
16:16:32.263 [FXGL Background Thread 3 ] DEBUG Engine               - saveFileExt: sav
16:16:32.263 [FXGL Background Thread 3 ] DEBUG Engine               - scaledHeightProp$fxgl: DoubleProperty [bound, value: 720.0]
16:16:32.263 [FXGL Background Thread 3 ] DEBUG Engine               - scaledWidthProp$fxgl: DoubleProperty [bound, value: 1080.0]
16:16:32.263 [FXGL Background Thread 3 ] DEBUG Engine               - sceneFactory: com.almasb.fxgl.app.scene.SceneFactory@4533d0f
16:16:32.263 [FXGL Background Thread 3 ] DEBUG Engine               - secondsIn24h: 60
16:16:32.264 [FXGL Background Thread 3 ] DEBUG Engine               - soundMenuBack: menu/back.wav
16:16:32.264 [FXGL Background Thread 3 ] DEBUG Engine               - soundMenuPress: menu/press.wav
16:16:32.264 [FXGL Background Thread 3 ] DEBUG Engine               - soundMenuSelect: menu/select.wav
16:16:32.264 [FXGL Background Thread 3 ] DEBUG Engine               - soundNotification: core/notification.wav
16:16:32.264 [FXGL Background Thread 3 ] DEBUG Engine               - stageStyle: DECORATED
16:16:32.265 [FXGL Background Thread 3 ] DEBUG Engine               - supportedLanguages: [ENGLISH, FRENCH, GERMAN, HUNGARIAN, RUSSIAN]
16:16:32.265 [FXGL Background Thread 3 ] DEBUG Engine               - ticksPerSecond: -1
16:16:32.265 [FXGL Background Thread 3 ] DEBUG Engine               - title: demo
16:16:32.265 [FXGL Background Thread 3 ] DEBUG Engine               - urlGithub: https://github.com/AlmasB/FXGL
16:16:32.265 [FXGL Background Thread 3 ] DEBUG Engine               - urlLeaderboard: http://fxgl-top.herokuapp.com/
16:16:32.265 [FXGL Background Thread 3 ] DEBUG Engine               - urlPOM: https://raw.githubusercontent.com/AlmasB/FXGL/release/README.md
16:16:32.265 [FXGL Background Thread 3 ] DEBUG Engine               - userAppClass: class com.dam.wonder.GameApp
16:16:32.265 [FXGL Background Thread 3 ] DEBUG Engine               - version: 0.0
16:16:32.266 [FXGL Background Thread 3 ] DEBUG Engine               - versionCheckDays: 7
16:16:32.266 [FXGL Background Thread 3 ] DEBUG Engine               - width: 1080
16:16:32.266 [FXGL Background Thread 3 ] DEBUG Engine               - Logging services
16:16:32.266 [FXGL Background Thread 3 ] DEBUG Engine               - class com.almasb.fxgl.app.services.FXGLAssetLoaderService
16:16:32.266 [FXGL Background Thread 3 ] DEBUG Engine               - class com.almasb.fxgl.app.FXGLApplication$GameApplicationService
16:16:32.266 [FXGL Background Thread 3 ] DEBUG Engine               - class com.almasb.fxgl.app.services.FXGLDialogService
16:16:32.267 [FXGL Background Thread 3 ] DEBUG Engine               - class com.almasb.fxgl.app.services.IOTaskExecutorService
16:16:32.267 [FXGL Background Thread 3 ] DEBUG Engine               - class com.almasb.fxgl.io.FileSystemService
16:16:32.267 [FXGL Background Thread 3 ] DEBUG Engine               - class com.almasb.fxgl.localization.LocalizationService
16:16:32.267 [FXGL Background Thread 3 ] DEBUG Engine               - class com.almasb.fxgl.app.services.SystemBundleService
16:16:32.267 [FXGL Background Thread 3 ] DEBUG Engine               - class com.almasb.fxgl.profile.SaveLoadService
16:16:32.267 [FXGL Background Thread 3 ] DEBUG Engine               - class com.almasb.fxgl.ui.FXGLUIFactoryServiceProvider
16:16:32.267 [FXGL Background Thread 3 ] DEBUG Engine               - class com.almasb.fxgl.ui.FXGLDialogFactoryServiceProvider
16:16:32.268 [FXGL Background Thread 3 ] DEBUG Engine               - class com.almasb.fxgl.audio.AudioPlayer
16:16:32.268 [FXGL Background Thread 3 ] DEBUG Engine               - class com.almasb.fxgl.notification.impl.NotificationServiceProvider
16:16:32.268 [FXGL Background Thread 3 ] DEBUG Engine               - class com.almasb.fxgl.achievement.AchievementService
16:16:32.268 [FXGL Background Thread 3 ] DEBUG Engine               - class com.almasb.fxgl.cutscene.CutsceneService
16:16:32.268 [FXGL Background Thread 3 ] DEBUG Engine               - class com.almasb.fxgl.minigames.MiniGameService
16:16:32.268 [FXGL Background Thread 3 ] DEBUG Engine               - class com.almasb.fxgl.net.NetService
16:16:32.268 [FXGL Background Thread 3 ] DEBUG Engine               - class com.almasb.fxgl.app.services.UpdaterService
16:16:32.268 [FXGL Background Thread 3 ] DEBUG Engine               - class com.almasb.fxgl.dev.DevService
16:16:35.245 [JavaFX Application Thread] DEBUG Input                - Registered new binding: remove - LMB
16:16:35.245 [JavaFX Application Thread] DEBUG PrimaryStageWindow   - Push state: TalkScene
16:16:35.245 [JavaFX Application Thread] DEBUG Input                - Clearing active input actions
16:16:35.246 [JavaFX Application Thread] DEBUG GameApplicationServi - Removing overlay from GameScene and adding to TalkScene
16:16:35.247 [JavaFX Application Thread] DEBUG PrimaryStageWindow   - GameScene -> TalkScene
16:16:36.842 [JavaFX Application Thread] DEBUG Input                - Clearing active input actions
16:16:36.842 [JavaFX Application Thread] DEBUG PrimaryStageWindow   - Pop state: TalkScene
16:16:36.843 [JavaFX Application Thread] DEBUG Input                - Clearing active input actions
16:16:36.844 [JavaFX Application Thread] DEBUG GameApplicationServi - Removing overlay from TalkScene and adding to GameScene
16:16:36.845 [JavaFX Application Thread] DEBUG PrimaryStageWindow   - GameScene <- TalkScene
16:16:40.824 [JavaFX Application Thread] DEBUG PrimaryStageWindow   - Push state: TalkScene
16:16:40.824 [JavaFX Application Thread] DEBUG Input                - Clearing active input actions
16:16:40.825 [JavaFX Application Thread] DEBUG GameApplicationServi - Removing overlay from GameScene and adding to TalkScene
16:16:40.826 [JavaFX Application Thread] DEBUG PrimaryStageWindow   - GameScene -> TalkScene
16:16:41.777 [JavaFX Application Thread] DEBUG Input                - Clearing active input actions
16:16:41.777 [JavaFX Application Thread] DEBUG PrimaryStageWindow   - Pop state: TalkScene
16:16:41.777 [JavaFX Application Thread] DEBUG Input                - Clearing active input actions
16:16:41.777 [JavaFX Application Thread] DEBUG GameApplicationServi - Removing overlay from TalkScene and adding to GameScene
16:16:41.780 [JavaFX Application Thread] DEBUG PrimaryStageWindow   - GameScene <- TalkScene
16:16:50.489 [JavaFX Application Thread] DEBUG PrimaryStageWindow   - Push state: TalkScene
16:16:50.491 [JavaFX Application Thread] DEBUG Input                - Clearing active input actions
16:16:50.491 [JavaFX Application Thread] DEBUG GameApplicationServi - Removing overlay from GameScene and adding to TalkScene
16:16:50.493 [JavaFX Application Thread] DEBUG PrimaryStageWindow   - GameScene -> TalkScene
16:16:51.482 [JavaFX Application Thread] DEBUG Input                - Clearing active input actions
16:16:51.482 [JavaFX Application Thread] DEBUG PrimaryStageWindow   - Pop state: TalkScene
16:16:51.483 [JavaFX Application Thread] DEBUG Input                - Clearing active input actions
16:16:51.483 [JavaFX Application Thread] DEBUG GameApplicationServi - Removing overlay from TalkScene and adding to GameScene
16:16:51.485 [JavaFX Application Thread] DEBUG PrimaryStageWindow   - GameScene <- TalkScene
16:16:54.782 [JavaFX Application Thread] DEBUG PrimaryStageWindow   - Push state: TalkScene
16:16:54.782 [JavaFX Application Thread] DEBUG Input                - Clearing active input actions
16:16:54.783 [JavaFX Application Thread] DEBUG GameApplicationServi - Removing overlay from GameScene and adding to TalkScene
16:16:54.785 [JavaFX Application Thread] DEBUG PrimaryStageWindow   - GameScene -> TalkScene
16:16:55.861 [JavaFX Application Thread] DEBUG Input                - Clearing active input actions
16:16:55.862 [JavaFX Application Thread] DEBUG PrimaryStageWindow   - Pop state: TalkScene
16:16:55.863 [JavaFX Application Thread] DEBUG Input                - Clearing active input actions
16:16:55.863 [JavaFX Application Thread] DEBUG GameApplicationServi - Removing overlay from TalkScene and adding to GameScene
16:16:55.864 [JavaFX Application Thread] DEBUG PrimaryStageWindow   - GameScene <- TalkScene
16:16:58.640 [JavaFX Application Thread] DEBUG PrimaryStageWindow   - Push state: TalkScene
16:16:58.641 [JavaFX Application Thread] DEBUG Input                - Clearing active input actions
16:16:58.641 [JavaFX Application Thread] DEBUG GameApplicationServi - Removing overlay from GameScene and adding to TalkScene
16:16:58.642 [JavaFX Application Thread] DEBUG PrimaryStageWindow   - GameScene -> TalkScene
16:16:59.790 [JavaFX Application Thread] DEBUG Input                - Clearing active input actions
16:16:59.790 [JavaFX Application Thread] DEBUG PrimaryStageWindow   - Pop state: TalkScene
16:16:59.790 [JavaFX Application Thread] DEBUG Input                - Clearing active input actions
16:16:59.791 [JavaFX Application Thread] DEBUG GameApplicationServi - Removing overlay from TalkScene and adding to GameScene
16:16:59.792 [JavaFX Application Thread] DEBUG PrimaryStageWindow   - GameScene <- TalkScene
16:17:08.195 [JavaFX Application Thread] DEBUG PrimaryStageWindow   - Push state: TalkScene
16:17:08.195 [JavaFX Application Thread] DEBUG Input                - Clearing active input actions
16:17:08.196 [JavaFX Application Thread] DEBUG GameApplicationServi - Removing overlay from GameScene and adding to TalkScene
16:17:08.197 [JavaFX Application Thread] DEBUG PrimaryStageWindow   - GameScene -> TalkScene
16:17:09.405 [JavaFX Application Thread] DEBUG Input                - Clearing active input actions
16:17:09.406 [JavaFX Application Thread] DEBUG PrimaryStageWindow   - Pop state: TalkScene
16:17:09.406 [JavaFX Application Thread] DEBUG Input                - Clearing active input actions
16:17:09.407 [JavaFX Application Thread] DEBUG GameApplicationServi - Removing overlay from TalkScene and adding to GameScene
16:17:09.407 [JavaFX Application Thread] DEBUG PrimaryStageWindow   - GameScene <- TalkScene
16:17:13.370 [JavaFX Application Thread] DEBUG Input                - Mocking key press: P
16:17:13.789 [JavaFX Application Thread] DEBUG Input                - Mocking key press: P
16:26:47.710 [JavaFX Application Thread] DEBUG LoopRunner           - Pausing loop
16:27:27.086 [JavaFX Application Thread] DEBUG LoopRunner           - Resuming loop
16:27:59.495 [JavaFX Application Thread] DEBUG PrimaryStageWindow   - Push state: TalkScene
16:27:59.496 [JavaFX Application Thread] DEBUG Input                - Clearing active input actions
16:27:59.496 [JavaFX Application Thread] DEBUG GameApplicationServi - Removing overlay from GameScene and adding to TalkScene
16:27:59.498 [JavaFX Application Thread] DEBUG PrimaryStageWindow   - GameScene -> TalkScene
16:28:00.969 [JavaFX Application Thread] DEBUG Input                - Clearing active input actions
16:28:00.970 [JavaFX Application Thread] DEBUG PrimaryStageWindow   - Pop state: TalkScene
16:28:00.970 [JavaFX Application Thread] DEBUG Input                - Clearing active input actions
16:28:00.970 [JavaFX Application Thread] DEBUG GameApplicationServi - Removing overlay from TalkScene and adding to GameScene
16:28:00.972 [JavaFX Application Thread] DEBUG PrimaryStageWindow   - GameScene <- TalkScene
16:28:03.119 [JavaFX Application Thread] DEBUG PrimaryStageWindow   - Push state: TalkScene
16:28:03.120 [JavaFX Application Thread] DEBUG Input                - Clearing active input actions
16:28:03.120 [JavaFX Application Thread] DEBUG GameApplicationServi - Removing overlay from GameScene and adding to TalkScene
16:28:03.120 [JavaFX Application Thread] DEBUG PrimaryStageWindow   - GameScene -> TalkScene
16:28:12.154 [JavaFX Application Thread] DEBUG FXGLApplication      - Exiting FXGL
16:28:12.154 [JavaFX Application Thread] DEBUG LoopRunner           - Stopping loop
16:28:12.154 [JavaFX Application Thread] DEBUG SystemBundleService  - Saving FXGL system data
16:28:12.161 [JavaFX Application Thread] DEBUG FileSystemAccess     - Writing to: C:\project\wonderfulStory\system\fxgl.bundle
16:28:12.164 [JavaFX Application Thread] DEBUG Async                - Shutting down background threads
16:28:12.164 [JavaFX Application Thread] DEBUG PrimaryStageWindow   - Closing main window
16:28:12.196 [JavaFX Application Thread] DEBUG Logger               - Closing Logger
