16:46:38.750 [main                     ] DEBUG Logger               - Configured Logger
16:46:38.790 [main                     ] DEBUG GameApplication      - Logging settings
Title: demo
Version: 0.0
Width: 1080
Height: 720
Fullscreen: false
Intro: false
Profiling: false
Single step:false
App Mode: DEVELOPER
Menu Key: ESCAPE
Stage Style: DECORATED
Scene Factory: class com.almasb.fxgl.app.scene.SceneFactory

16:46:40.239 [JavaFX Application Thread] DEBUG FXGLApplication      - Initializing FXGL
16:46:40.247 [JavaFX Application Thread] INFO  Engine               - FXGL-11.17 (16.07.2021 15.46) on WINDOWS (J:16.0.1 FX:16)
16:46:40.248 [JavaFX Application Thread] DEBUG Engine               - JRE Vendor Name: Oracle Corporation
16:46:40.249 [JavaFX Application Thread] DEBUG Engine               - Running on OS: Windows 10 version 10.0
16:46:40.249 [JavaFX Application Thread] DEBUG Engine               - Architecture: amd64
16:46:40.250 [JavaFX Application Thread] INFO  Engine               - Source code and latest versions at: https://github.com/AlmasB/FXGL
16:46:40.250 [JavaFX Application Thread] INFO  Engine               -              Join the FXGL chat at: https://gitter.im/AlmasB/FXGL
16:46:40.758 [JavaFX Application Thread] DEBUG PrimaryStageWindow   - Creating a JavaFX scene
16:46:40.901 [JavaFX Application Thread] DEBUG PrimaryStageWindow   - Target settings size: 1080.0 x 720.0
16:46:40.902 [JavaFX Application Thread] DEBUG PrimaryStageWindow   - Scaled scene size:    1080.0 x 720.0
16:46:40.902 [JavaFX Application Thread] DEBUG PrimaryStageWindow   - Scaled ratio: (1.0, 1.0)
16:46:40.909 [JavaFX Application Thread] DEBUG PrimaryStageWindow   - Set initial scene to FXGLStartupScene
16:46:40.942 [JavaFX Application Thread] DEBUG PrimaryStageWindow   - Opening main window
16:46:41.323 [JavaFX Application Thread] DEBUG PrimaryStageWindow   - Window border size: (14.4000244140625, 37.5999755859375)
16:46:41.323 [JavaFX Application Thread] DEBUG PrimaryStageWindow   - Scaled size: 1080.0 x 720.0
16:46:41.324 [JavaFX Application Thread] DEBUG PrimaryStageWindow   - Scaled ratio: (1.0, 1.0)
16:46:41.325 [JavaFX Application Thread] DEBUG PrimaryStageWindow   - Scene size: 1080.0 x 720.0
16:46:41.325 [JavaFX Application Thread] DEBUG PrimaryStageWindow   - Stage size: 1094.4000244140625 x 757.5999755859375
16:46:41.339 [FXGL Background Thread 1 ] DEBUG Engine               - Initializing environment variables
16:46:41.498 [FXGL Background Thread 1 ] DEBUG FXGLAssetLoaderServi - User app class for loading assets: class com.dam.wonder.GameApp
16:46:41.498 [FXGL Background Thread 1 ] DEBUG GameApplicationServi - Applying CSS: fxgl_dark.css
16:46:41.501 [FXGL Background Thread 1 ] DEBUG FXGLAssetLoaderServi - Loading from file system: jar:file:/C:/Users/24771/.m2/repository/com/github/almasb/fxgl/11.17/fxgl-11.17.jar!/fxglassets/ui/css/fxgl_dark.css
16:46:41.623 [FXGL Background Thread 1 ] DEBUG GameApplicationServi - Initializing application scenes
16:46:41.785 [FXGL Background Thread 1 ] DEBUG GameWorld            - Game world initialized
16:46:41.913 [FXGL Background Thread 1 ] DEBUG PhysicsWorld         - Physics world initialized: appHeight=720, physics.ppm=50.0
16:46:41.913 [FXGL Background Thread 1 ] DEBUG PhysicsWorld         - Using strategy: BRUTE_FORCE
16:46:41.918 [FXGL Background Thread 1 ] DEBUG GameScene            - Game scene initialized: 1080x720
16:46:41.939 [FXGL Background Thread 1 ] DEBUG FXGL.DefaultMenu     - createMenuBodyGameMenu()
16:46:41.969 [FXGL Background Thread 1 ] DEBUG FXGL.DefaultMenu     - createOptionsMenu()
16:46:41.987 [FXGL Background Thread 1 ] DEBUG FXGLAssetLoaderServi - Loading from file system: jar:file:/C:/Users/24771/.m2/repository/com/github/almasb/fxgl/11.17/fxgl-11.17.jar!/fxglassets/textures/particles/smoke.png
16:46:42.184 [FXGL Background Thread 1 ] DEBUG FXGLAssetLoaderServi - Loading from file system: jar:file:/C:/Users/24771/.m2/repository/com/github/almasb/fxgl/11.17/fxgl-11.17.jar!/fxglassets/textures/particles/trace_horizontal.png
16:46:42.236 [FXGL Background Thread 1 ] DEBUG GameApplicationServi - Application scenes initialized
16:46:42.272 [FXGL Background Thread 1 ] DEBUG SystemBundleService  - Loading FXGL system data
16:46:42.283 [FXGL Background Thread 1 ] DEBUG FileSystemAccess     - Reading from: C:\project\wonderfulStory\system\fxgl.bundle
16:46:42.300 [FXGL Background Thread 1 ] DEBUG SystemBundleService  - Bundle FXGL: {}
16:46:42.301 [FXGL Background Thread 1 ] DEBUG UpdaterService       - Checking for updates
16:46:42.395 [FXGL Background Thread 1 ] DEBUG FXGLApplication      - Loading default localization
16:46:42.397 [FXGL Background Thread 1 ] DEBUG FXGLAssetLoaderServi - Loading from file system: jar:file:/C:/Users/24771/.m2/repository/com/github/almasb/fxgl/11.17/fxgl-11.17.jar!/fxglassets/languages/english.lang
16:46:42.402 [FXGL Background Thread 4 ] DEBUG FXGLApplication      - Loading fonts
16:46:42.403 [FXGL Background Thread 4 ] DEBUG FXGLAssetLoaderServi - Loading from file system: jar:file:/C:/Users/24771/.m2/repository/com/github/almasb/fxgl/11.17/fxgl-11.17.jar!/fxglassets/ui/fonts/VarelaRound-Regular.ttf
16:46:42.440 [FXGL Background Thread 1 ] INFO  FXGLApplication      - FXGL initialization took: 1.099 sec
16:46:42.467 [JavaFX Application Thread] DEBUG Input                - Registered new binding: up - W
16:46:42.468 [JavaFX Application Thread] DEBUG Input                - Registered new binding: down - S
16:46:42.469 [JavaFX Application Thread] DEBUG Input                - Registered new binding: left - A
16:46:42.470 [JavaFX Application Thread] DEBUG Input                - Registered new binding: right - D
16:46:42.470 [JavaFX Application Thread] DEBUG Input                - Registered new binding: show talk - P
16:46:42.472 [JavaFX Application Thread] DEBUG FXGLAssetLoaderServi - Loading from file system: jar:file:/C:/Users/24771/.m2/repository/com/github/almasb/fxgl/11.17/fxgl-11.17.jar!/fxglassets/textures/fxgl_icon.png
16:46:42.522 [JavaFX Application Thread] DEBUG FXGLAssetLoaderServi - Loading from file system: jar:file:/C:/Users/24771/.m2/repository/com/github/almasb/fxgl/11.17/fxgl-11.17.jar!/fxglassets/textures/fxgl_default_cursor.png
16:46:42.527 [JavaFX Application Thread] DEBUG Input                - Registered new binding: Screenshot - CTRL+8
16:46:42.529 [JavaFX Application Thread] DEBUG Input                - Registered new binding: Dev Options - 1
16:46:42.530 [JavaFX Application Thread] DEBUG Input                - Registered new binding: Dev Console - 2
16:46:42.531 [JavaFX Application Thread] DEBUG Input                - Registered new binding: System info dump - CTRL+9
16:46:42.533 [JavaFX Application Thread] DEBUG Input                - Registered new binding: Restart - CTRL+R
16:46:42.535 [JavaFX Application Thread] DEBUG Input                - Registered new binding: Toggle Debug Camera - CTRL+C
16:46:42.541 [JavaFX Application Thread] DEBUG LoopRunner           - Starting loop
16:46:42.587 [JavaFX Application Thread] DEBUG LoopRunner           - Initializing JavaFX AnimationTimerLoop
16:46:42.592 [JavaFX Application Thread] DEBUG GameApplicationServi - Starting new game
16:46:42.594 [JavaFX Application Thread] DEBUG Input                - Clearing active input actions
16:46:42.623 [JavaFX Application Thread] DEBUG GameApplicationServi - Removing overlay from FXGLStartupScene and adding to FXGLLoadingScene
16:46:42.632 [JavaFX Application Thread] DEBUG PrimaryStageWindow   - FXGLStartupScene -> FXGLLoadingScene
16:46:42.632 [JavaFX Application Thread] DEBUG GameApplicationServi - Clearing previous game
16:46:42.633 [JavaFX Application Thread] DEBUG GameScene            - Clearing game scene
16:46:42.634 [JavaFX Application Thread] DEBUG GameWorld            - Clearing game world
16:46:42.634 [JavaFX Application Thread] DEBUG PhysicsWorld         - Clearing physics world
16:46:42.639 [FXGL Background Thread 1 ] DEBUG FXGLApplication      - Initializing game
16:46:42.706 [FXGL Background Thread 4 ] DEBUG FXGLAssetLoaderServi - Loading from file system: jar:file:/C:/Users/24771/.m2/repository/com/github/almasb/fxgl/11.17/fxgl-11.17.jar!/fxglassets/ui/fonts/Abel-Regular.ttf
16:46:42.720 [FXGL Background Thread 1 ] WARN  TMXLevelLoader       - TiledMap generated from 1.7.1. Supported version: 1.2.3. Some features may not be parsed fully.
16:46:42.731 [FXGL Background Thread 4 ] DEBUG FXGLAssetLoaderServi - Loading from file system: jar:file:/C:/Users/24771/.m2/repository/com/github/almasb/fxgl/11.17/fxgl-11.17.jar!/fxglassets/ui/fonts/lucida_console.ttf
16:46:42.756 [FXGL Background Thread 1 ] DEBUG TMXLevelLoader       - Parsed TiledMap: file:/C:/project/wonderfulStory/wonder/target/classes/assets/levels/tmx/new_home.tmx
16:46:42.758 [FXGL Background Thread 4 ] DEBUG FXGLAssetLoaderServi - Loading from file system: jar:file:/C:/Users/24771/.m2/repository/com/github/almasb/fxgl/11.17/fxgl-11.17.jar!/fxglassets/ui/fonts/Courier-Prime.ttf
16:46:42.760 [FXGL Background Thread 1 ] DEBUG TMXLevelLoader       - Creating tile layer entities
16:46:42.772 [FXGL Background Thread 1 ] DEBUG TilesetLoader        - Loading view for layer nowone
16:46:42.808 [FXGL Background Thread 2 ] WARN  UpdaterService       - Failed to find updates: java.net.UnknownHostException: raw.githubusercontent.com
16:46:42.815 [FXGL Background Thread 1 ] DEBUG TilesetLoader        - Created buffer with size 3200.0x3200.0
16:46:42.969 [FXGL Background Thread 1 ] DEBUG TMXLevelLoader       - Creating object layer entities
16:46:42.973 [FXGL Background Thread 1 ] DEBUG GameWorld            - Clearing removable entities
16:46:42.974 [FXGL Background Thread 1 ] DEBUG GameWorld            - Setting level: com.almasb.fxgl.entity.level.Level@e950b3f
16:46:43.025 [FXGL Background Thread 1 ] INFO  FXGLApplication      - Game initialization took: 0.386 sec
16:46:43.201 [JavaFX Application Thread] DEBUG FXGLApplication      - Registering font factories with UI factory
16:46:43.217 [JavaFX Application Thread] DEBUG Input                - Clearing active input actions
16:46:43.239 [JavaFX Application Thread] DEBUG GameApplicationServi - Removing overlay from FXGLLoadingScene and adding to GameScene
16:46:43.261 [JavaFX Application Thread] DEBUG PrimaryStageWindow   - FXGLLoadingScene -> GameScene
16:46:44.146 [JavaFX Application Thread] DEBUG Input                - Mocking key press: P
16:46:44.209 [JavaFX Application Thread] DEBUG Input                - Registered new binding: remove - LMB
16:46:44.209 [JavaFX Application Thread] DEBUG PrimaryStageWindow   - Push state: TalkScene
16:46:44.209 [JavaFX Application Thread] DEBUG Input                - Clearing active input actions
16:46:44.210 [JavaFX Application Thread] DEBUG GameApplicationServi - Removing overlay from GameScene and adding to TalkScene
16:46:44.212 [JavaFX Application Thread] DEBUG PrimaryStageWindow   - GameScene -> TalkScene
16:46:45.391 [FXGL Background Thread 3 ] DEBUG Engine               - Logging environment variables
16:46:45.391 [FXGL Background Thread 3 ] DEBUG Engine               - achievements: []
16:46:45.392 [FXGL Background Thread 3 ] DEBUG Engine               - actualHeight: 720.0
16:46:45.392 [FXGL Background Thread 3 ] DEBUG Engine               - actualHeightProperty: ReadOnlyDoubleProperty [value: 720.0]
16:46:45.392 [FXGL Background Thread 3 ] DEBUG Engine               - actualWidth: 1080.0
16:46:45.393 [FXGL Background Thread 3 ] DEBUG Engine               - actualWidthProperty: ReadOnlyDoubleProperty [value: 1080.0]
16:46:45.393 [FXGL Background Thread 3 ] DEBUG Engine               - appIcon: fxgl_icon.png
16:46:45.393 [FXGL Background Thread 3 ] DEBUG Engine               - applicationMode: DEVELOPER
16:46:45.393 [FXGL Background Thread 3 ] DEBUG Engine               - cSSList: [fxgl_dark.css]
16:46:45.393 [FXGL Background Thread 3 ] DEBUG Engine               - collisionDetectionStrategy: BRUTE_FORCE
16:46:45.394 [FXGL Background Thread 3 ] DEBUG Engine               - configClass: Optional.empty
16:46:45.394 [FXGL Background Thread 3 ] DEBUG Engine               - credits: []
16:46:45.394 [FXGL Background Thread 3 ] DEBUG Engine               - defaultCursor: CursorInfo(imageName=fxgl_default_cursor.png, hotspotX=7.0, hotspotY=6.0)
16:46:45.394 [FXGL Background Thread 3 ] DEBUG Engine               - devBBoxColorProperty: ObjectProperty [value: 0xff0000ff]
16:46:45.395 [FXGL Background Thread 3 ] DEBUG Engine               - devEnableDebugCameraProperty: BooleanProperty [value: false]
16:46:45.395 [FXGL Background Thread 3 ] DEBUG Engine               - devSensorColorProperty: ObjectProperty [value: 0xffff00ff]
16:46:45.395 [FXGL Background Thread 3 ] DEBUG Engine               - devShowBBoxProperty: BooleanProperty [value: false]
16:46:45.395 [FXGL Background Thread 3 ] DEBUG Engine               - devShowPositionProperty: BooleanProperty [value: false]
16:46:45.396 [FXGL Background Thread 3 ] DEBUG Engine               - enabledMenuItems: []
16:46:45.396 [FXGL Background Thread 3 ] DEBUG Engine               - engineServices: [class com.almasb.fxgl.app.services.FXGLAssetLoaderService, class com.almasb.fxgl.app.FXGLApplication$GameApplicationService, class com.almasb.fxgl.app.services.FXGLDialogService, class com.almasb.fxgl.app.services.IOTaskExecutorService, class com.almasb.fxgl.io.FileSystemService, class com.almasb.fxgl.localization.LocalizationService, class com.almasb.fxgl.app.services.SystemBundleService, class com.almasb.fxgl.profile.SaveLoadService, class com.almasb.fxgl.ui.FXGLUIFactoryServiceProvider, class com.almasb.fxgl.ui.FXGLDialogFactoryServiceProvider, class com.almasb.fxgl.audio.AudioPlayer, class com.almasb.fxgl.notification.impl.NotificationServiceProvider, class com.almasb.fxgl.achievement.AchievementService, class com.almasb.fxgl.cutscene.CutsceneService, class com.almasb.fxgl.minigames.MiniGameService, class com.almasb.fxgl.net.NetService, class com.almasb.fxgl.app.services.UpdaterService, class com.almasb.fxgl.dev.DevService]
16:46:45.396 [FXGL Background Thread 3 ] DEBUG Engine               - fontGame: Abel-Regular.ttf
16:46:45.396 [FXGL Background Thread 3 ] DEBUG Engine               - fontMono: lucida_console.ttf
16:46:45.396 [FXGL Background Thread 3 ] DEBUG Engine               - fontText: Courier-Prime.ttf
16:46:45.396 [FXGL Background Thread 3 ] DEBUG Engine               - fontUI: VarelaRound-Regular.ttf
16:46:45.397 [FXGL Background Thread 3 ] DEBUG Engine               - fullScreen: BooleanProperty [value: false]
16:46:45.397 [FXGL Background Thread 3 ] DEBUG Engine               - gameDifficulty: MEDIUM
16:46:45.397 [FXGL Background Thread 3 ] DEBUG Engine               - gameDifficultyProperty: ObjectProperty [value: MEDIUM]
16:46:45.397 [FXGL Background Thread 3 ] DEBUG Engine               - globalMusicVolume: 0.5
16:46:45.397 [FXGL Background Thread 3 ] DEBUG Engine               - globalMusicVolumeProperty: DoubleProperty [value: 0.5]
16:46:45.398 [FXGL Background Thread 3 ] DEBUG Engine               - globalSoundVolume: 0.5
16:46:45.398 [FXGL Background Thread 3 ] DEBUG Engine               - globalSoundVolumeProperty: DoubleProperty [value: 0.5]
16:46:45.398 [FXGL Background Thread 3 ] DEBUG Engine               - height: 720
16:46:45.398 [FXGL Background Thread 3 ] DEBUG Engine               - is3D: false
16:46:45.398 [FXGL Background Thread 3 ] DEBUG Engine               - isAndroid: false
16:46:45.399 [FXGL Background Thread 3 ] DEBUG Engine               - isBrowser: false
16:46:45.399 [FXGL Background Thread 3 ] DEBUG Engine               - isClickFeedbackEnabled: false
16:46:45.400 [FXGL Background Thread 3 ] DEBUG Engine               - isCloseConfirmation: false
16:46:45.400 [FXGL Background Thread 3 ] DEBUG Engine               - isDesktop: true
16:46:45.400 [FXGL Background Thread 3 ] DEBUG Engine               - isDeveloperMenuEnabled: true
16:46:45.401 [FXGL Background Thread 3 ] DEBUG Engine               - isEntityPreloadEnabled: true
16:46:45.401 [FXGL Background Thread 3 ] DEBUG Engine               - isExperimentalTiledLargeMap: false
16:46:45.401 [FXGL Background Thread 3 ] DEBUG Engine               - isFileSystemWriteAllowed: true
16:46:45.401 [FXGL Background Thread 3 ] DEBUG Engine               - isFullScreenAllowed: false
16:46:45.402 [FXGL Background Thread 3 ] DEBUG Engine               - isFullScreenFromStart: false
16:46:45.402 [FXGL Background Thread 3 ] DEBUG Engine               - isGameMenuEnabled: true
16:46:45.402 [FXGL Background Thread 3 ] DEBUG Engine               - isIOS: false
16:46:45.403 [FXGL Background Thread 3 ] DEBUG Engine               - isIntroEnabled: false
16:46:45.403 [FXGL Background Thread 3 ] DEBUG Engine               - isLinux: false
16:46:45.404 [FXGL Background Thread 3 ] DEBUG Engine               - isMac: false
16:46:45.405 [FXGL Background Thread 3 ] DEBUG Engine               - isMainMenuEnabled: false
16:46:45.405 [FXGL Background Thread 3 ] DEBUG Engine               - isManualResizeEnabled: false
16:46:45.406 [FXGL Background Thread 3 ] DEBUG Engine               - isMobile: false
16:46:45.406 [FXGL Background Thread 3 ] DEBUG Engine               - isNative: false
16:46:45.406 [FXGL Background Thread 3 ] DEBUG Engine               - isPauseMusicWhenMinimized: true
16:46:45.406 [FXGL Background Thread 3 ] DEBUG Engine               - isPreserveResizeRatio: false
16:46:45.406 [FXGL Background Thread 3 ] DEBUG Engine               - isProfilingEnabled: false
16:46:45.407 [FXGL Background Thread 3 ] DEBUG Engine               - isScaleAffectedOnResize: true
16:46:45.407 [FXGL Background Thread 3 ] DEBUG Engine               - isSingleStep: false
16:46:45.407 [FXGL Background Thread 3 ] DEBUG Engine               - isUserProfileEnabled: false
16:46:45.407 [FXGL Background Thread 3 ] DEBUG Engine               - isWindows: true
16:46:45.407 [FXGL Background Thread 3 ] DEBUG Engine               - language: ObjectProperty [value: ENGLISH]
16:46:45.407 [FXGL Background Thread 3 ] DEBUG Engine               - menuKey: ESCAPE
16:46:45.408 [FXGL Background Thread 3 ] DEBUG Engine               - mouseSensitivity: 0.2
16:46:45.408 [FXGL Background Thread 3 ] DEBUG Engine               - notificationViewClass: class com.almasb.fxgl.notification.view.XboxNotificationView
16:46:45.408 [FXGL Background Thread 3 ] DEBUG Engine               - pixelsPerMeter: 50.0
16:46:45.408 [FXGL Background Thread 3 ] DEBUG Engine               - platform: WINDOWS
16:46:45.409 [FXGL Background Thread 3 ] DEBUG Engine               - prefHeightProperty: ReadOnlyDoubleProperty [value: 720.0]
16:46:45.409 [FXGL Background Thread 3 ] DEBUG Engine               - prefWidthProperty: ReadOnlyDoubleProperty [value: 1080.0]
16:46:45.409 [FXGL Background Thread 3 ] DEBUG Engine               - profileDir: profiles/
16:46:45.409 [FXGL Background Thread 3 ] DEBUG Engine               - profileName: StringProperty [value: DEFAULT]
16:46:45.409 [FXGL Background Thread 3 ] DEBUG Engine               - randomSeed: -1
16:46:45.410 [FXGL Background Thread 3 ] DEBUG Engine               - runtimeInfo: RuntimeInfo(platform=WINDOWS, version=11.17, build=16.07.2021 15.46)
16:46:45.410 [FXGL Background Thread 3 ] DEBUG Engine               - saveFileExt: sav
16:46:45.410 [FXGL Background Thread 3 ] DEBUG Engine               - scaledHeightProp$fxgl: DoubleProperty [bound, value: 720.0]
16:46:45.410 [FXGL Background Thread 3 ] DEBUG Engine               - scaledWidthProp$fxgl: DoubleProperty [bound, value: 1080.0]
16:46:45.410 [FXGL Background Thread 3 ] DEBUG Engine               - sceneFactory: com.almasb.fxgl.app.scene.SceneFactory@6531ba68
16:46:45.410 [FXGL Background Thread 3 ] DEBUG Engine               - secondsIn24h: 60
16:46:45.411 [FXGL Background Thread 3 ] DEBUG Engine               - soundMenuBack: menu/back.wav
16:46:45.411 [FXGL Background Thread 3 ] DEBUG Engine               - soundMenuPress: menu/press.wav
16:46:45.411 [FXGL Background Thread 3 ] DEBUG Engine               - soundMenuSelect: menu/select.wav
16:46:45.411 [FXGL Background Thread 3 ] DEBUG Engine               - soundNotification: core/notification.wav
16:46:45.411 [FXGL Background Thread 3 ] DEBUG Engine               - stageStyle: DECORATED
16:46:45.412 [FXGL Background Thread 3 ] DEBUG Engine               - supportedLanguages: [ENGLISH, FRENCH, GERMAN, HUNGARIAN, RUSSIAN]
16:46:45.412 [FXGL Background Thread 3 ] DEBUG Engine               - ticksPerSecond: -1
16:46:45.412 [FXGL Background Thread 3 ] DEBUG Engine               - title: demo
16:46:45.412 [FXGL Background Thread 3 ] DEBUG Engine               - urlGithub: https://github.com/AlmasB/FXGL
16:46:45.412 [FXGL Background Thread 3 ] DEBUG Engine               - urlLeaderboard: http://fxgl-top.herokuapp.com/
16:46:45.412 [FXGL Background Thread 3 ] DEBUG Engine               - urlPOM: https://raw.githubusercontent.com/AlmasB/FXGL/release/README.md
16:46:45.413 [FXGL Background Thread 3 ] DEBUG Engine               - userAppClass: class com.dam.wonder.GameApp
16:46:45.413 [FXGL Background Thread 3 ] DEBUG Engine               - version: 0.0
16:46:45.413 [FXGL Background Thread 3 ] DEBUG Engine               - versionCheckDays: 7
16:46:45.413 [FXGL Background Thread 3 ] DEBUG Engine               - width: 1080
16:46:45.413 [FXGL Background Thread 3 ] DEBUG Engine               - Logging services
16:46:45.413 [FXGL Background Thread 3 ] DEBUG Engine               - class com.almasb.fxgl.app.services.FXGLAssetLoaderService
16:46:45.413 [FXGL Background Thread 3 ] DEBUG Engine               - class com.almasb.fxgl.app.FXGLApplication$GameApplicationService
16:46:45.414 [FXGL Background Thread 3 ] DEBUG Engine               - class com.almasb.fxgl.app.services.FXGLDialogService
16:46:45.415 [FXGL Background Thread 3 ] DEBUG Engine               - class com.almasb.fxgl.app.services.IOTaskExecutorService
16:46:45.415 [FXGL Background Thread 3 ] DEBUG Engine               - class com.almasb.fxgl.io.FileSystemService
16:46:45.415 [FXGL Background Thread 3 ] DEBUG Engine               - class com.almasb.fxgl.localization.LocalizationService
16:46:45.416 [FXGL Background Thread 3 ] DEBUG Engine               - class com.almasb.fxgl.app.services.SystemBundleService
16:46:45.416 [FXGL Background Thread 3 ] DEBUG Engine               - class com.almasb.fxgl.profile.SaveLoadService
16:46:45.416 [FXGL Background Thread 3 ] DEBUG Engine               - class com.almasb.fxgl.ui.FXGLUIFactoryServiceProvider
16:46:45.417 [FXGL Background Thread 3 ] DEBUG Engine               - class com.almasb.fxgl.ui.FXGLDialogFactoryServiceProvider
16:46:45.417 [FXGL Background Thread 3 ] DEBUG Engine               - class com.almasb.fxgl.audio.AudioPlayer
16:46:45.417 [FXGL Background Thread 3 ] DEBUG Engine               - class com.almasb.fxgl.notification.impl.NotificationServiceProvider
16:46:45.417 [FXGL Background Thread 3 ] DEBUG Engine               - class com.almasb.fxgl.achievement.AchievementService
16:46:45.418 [FXGL Background Thread 3 ] DEBUG Engine               - class com.almasb.fxgl.cutscene.CutsceneService
16:46:45.418 [FXGL Background Thread 3 ] DEBUG Engine               - class com.almasb.fxgl.minigames.MiniGameService
16:46:45.418 [FXGL Background Thread 3 ] DEBUG Engine               - class com.almasb.fxgl.net.NetService
16:46:45.419 [FXGL Background Thread 3 ] DEBUG Engine               - class com.almasb.fxgl.app.services.UpdaterService
16:46:45.419 [FXGL Background Thread 3 ] DEBUG Engine               - class com.almasb.fxgl.dev.DevService
16:46:56.425 [JavaFX Application Thread] DEBUG FXGLApplication      - Exiting FXGL
16:46:56.425 [JavaFX Application Thread] DEBUG LoopRunner           - Stopping loop
16:46:56.426 [JavaFX Application Thread] DEBUG SystemBundleService  - Saving FXGL system data
16:46:56.427 [JavaFX Application Thread] DEBUG FileSystemAccess     - Writing to: C:\project\wonderfulStory\system\fxgl.bundle
16:46:56.429 [JavaFX Application Thread] DEBUG Async                - Shutting down background threads
16:46:56.429 [JavaFX Application Thread] DEBUG PrimaryStageWindow   - Closing main window
16:46:56.460 [JavaFX Application Thread] DEBUG Logger               - Closing Logger
