11:44:24.678 [main                     ] DEBUG Logger               - Configured Logger
11:44:24.734 [main                     ] DEBUG GameApplication      - Logging settings
Title: demo
Version: 0.0
Width: 1080
Height: 720
Fullscreen: false
Intro: false
Profiling: false
Single step:false
App Mode: DEVELOPER
Menu Key: ESCAPE
Stage Style: DECORATED
Scene Factory: class com.almasb.fxgl.app.scene.SceneFactory

11:44:25.744 [JavaFX Application Thread] DEBUG FXGLApplication      - Initializing FXGL
11:44:25.752 [JavaFX Application Thread] INFO  Engine               - FXGL-11.17 (16.07.2021 15.46) on WINDOWS (J:16.0.1 FX:16)
11:44:25.753 [JavaFX Application Thread] DEBUG Engine               - JRE Vendor Name: Oracle Corporation
11:44:25.753 [JavaFX Application Thread] DEBUG Engine               - Running on OS: Windows 10 version 10.0
11:44:25.754 [JavaFX Application Thread] DEBUG Engine               - Architecture: amd64
11:44:25.758 [JavaFX Application Thread] INFO  Engine               - Source code and latest versions at: https://github.com/AlmasB/FXGL
11:44:25.760 [JavaFX Application Thread] INFO  Engine               -              Join the FXGL chat at: https://gitter.im/AlmasB/FXGL
11:44:26.292 [JavaFX Application Thread] DEBUG PrimaryStageWindow   - Creating a JavaFX scene
11:44:26.447 [JavaFX Application Thread] DEBUG PrimaryStageWindow   - Target settings size: 1080.0 x 720.0
11:44:26.448 [JavaFX Application Thread] DEBUG PrimaryStageWindow   - Scaled scene size:    1080.0 x 720.0
11:44:26.448 [JavaFX Application Thread] DEBUG PrimaryStageWindow   - Scaled ratio: (1.0, 1.0)
11:44:26.451 [JavaFX Application Thread] DEBUG PrimaryStageWindow   - Set initial scene to FXGLStartupScene
11:44:26.478 [JavaFX Application Thread] DEBUG PrimaryStageWindow   - Opening main window
11:44:26.710 [JavaFX Application Thread] DEBUG PrimaryStageWindow   - Window border size: (14.4000244140625, 37.5999755859375)
11:44:26.711 [JavaFX Application Thread] DEBUG PrimaryStageWindow   - Scaled size: 1080.0 x 720.0
11:44:26.712 [JavaFX Application Thread] DEBUG PrimaryStageWindow   - Scaled ratio: (1.0, 1.0)
11:44:26.713 [JavaFX Application Thread] DEBUG PrimaryStageWindow   - Scene size: 1080.0 x 720.0
11:44:26.713 [JavaFX Application Thread] DEBUG PrimaryStageWindow   - Stage size: 1094.4000244140625 x 757.5999755859375
11:44:26.737 [FXGL Background Thread 1 ] DEBUG Engine               - Initializing environment variables
11:44:27.010 [FXGL Background Thread 1 ] DEBUG FXGLAssetLoaderServi - User app class for loading assets: class com.dam.wonder.GameApp
11:44:27.010 [FXGL Background Thread 1 ] DEBUG GameApplicationServi - Applying CSS: fxgl_dark.css
11:44:27.013 [FXGL Background Thread 1 ] DEBUG FXGLAssetLoaderServi - Loading from file system: jar:file:/C:/Users/24771/.m2/repository/com/github/almasb/fxgl/11.17/fxgl-11.17.jar!/fxglassets/ui/css/fxgl_dark.css
11:44:27.130 [FXGL Background Thread 1 ] DEBUG GameApplicationServi - Initializing application scenes
11:44:27.331 [FXGL Background Thread 1 ] DEBUG GameWorld            - Game world initialized
11:44:27.513 [FXGL Background Thread 1 ] DEBUG PhysicsWorld         - Physics world initialized: appHeight=720, physics.ppm=50.0
11:44:27.513 [FXGL Background Thread 1 ] DEBUG PhysicsWorld         - Using strategy: BRUTE_FORCE
11:44:27.520 [FXGL Background Thread 1 ] DEBUG GameScene            - Game scene initialized: 1080x720
11:44:27.551 [FXGL Background Thread 1 ] DEBUG FXGL.DefaultMenu     - createMenuBodyGameMenu()
11:44:27.601 [FXGL Background Thread 1 ] DEBUG FXGL.DefaultMenu     - createOptionsMenu()
11:44:27.633 [FXGL Background Thread 1 ] DEBUG FXGLAssetLoaderServi - Loading from file system: jar:file:/C:/Users/24771/.m2/repository/com/github/almasb/fxgl/11.17/fxgl-11.17.jar!/fxglassets/textures/particles/smoke.png
11:44:27.905 [FXGL Background Thread 1 ] DEBUG FXGLAssetLoaderServi - Loading from file system: jar:file:/C:/Users/24771/.m2/repository/com/github/almasb/fxgl/11.17/fxgl-11.17.jar!/fxglassets/textures/particles/trace_horizontal.png
11:44:27.977 [FXGL Background Thread 1 ] DEBUG GameApplicationServi - Application scenes initialized
11:44:28.011 [FXGL Background Thread 1 ] DEBUG SystemBundleService  - Loading FXGL system data
11:44:28.022 [FXGL Background Thread 1 ] DEBUG FileSystemAccess     - Reading from: C:\project\wonderfulStory\system\fxgl.bundle
11:44:28.059 [FXGL Background Thread 1 ] DEBUG SystemBundleService  - Bundle FXGL: {}
11:44:28.060 [FXGL Background Thread 1 ] DEBUG UpdaterService       - Checking for updates
11:44:28.075 [FXGL Background Thread 1 ] DEBUG FXGLApplication      - Loading default localization
11:44:28.076 [FXGL Background Thread 4 ] DEBUG FXGLApplication      - Loading fonts
11:44:28.077 [FXGL Background Thread 1 ] DEBUG FXGLAssetLoaderServi - Loading from file system: jar:file:/C:/Users/24771/.m2/repository/com/github/almasb/fxgl/11.17/fxgl-11.17.jar!/fxglassets/languages/english.lang
11:44:28.079 [FXGL Background Thread 4 ] DEBUG FXGLAssetLoaderServi - Loading from file system: jar:file:/C:/Users/24771/.m2/repository/com/github/almasb/fxgl/11.17/fxgl-11.17.jar!/fxglassets/ui/fonts/VarelaRound-Regular.ttf
11:44:28.114 [FXGL Background Thread 1 ] INFO  FXGLApplication      - FXGL initialization took: 1.377 sec
11:44:28.116 [JavaFX Application Thread] DEBUG FXGLAssetLoaderServi - Loading from file system: jar:file:/C:/Users/24771/.m2/repository/com/github/almasb/fxgl/11.17/fxgl-11.17.jar!/fxglassets/textures/fxgl_icon.png
11:44:28.163 [JavaFX Application Thread] DEBUG FXGLAssetLoaderServi - Loading from file system: jar:file:/C:/Users/24771/.m2/repository/com/github/almasb/fxgl/11.17/fxgl-11.17.jar!/fxglassets/textures/fxgl_default_cursor.png
11:44:28.186 [JavaFX Application Thread] DEBUG Input                - Registered new binding: Screenshot - CTRL+8
11:44:28.188 [JavaFX Application Thread] DEBUG Input                - Registered new binding: System info dump - CTRL+9
11:44:28.189 [JavaFX Application Thread] DEBUG Input                - Registered new binding: Restart - CTRL+R
11:44:28.191 [JavaFX Application Thread] DEBUG Input                - Registered new binding: Toggle Debug Camera - CTRL+C
11:44:28.198 [JavaFX Application Thread] DEBUG LoopRunner           - Starting loop
11:44:28.199 [JavaFX Application Thread] DEBUG LoopRunner           - Initializing JavaFX AnimationTimerLoop
11:44:28.204 [JavaFX Application Thread] DEBUG GameApplicationServi - Starting new game
11:44:28.204 [JavaFX Application Thread] DEBUG Input                - Clearing active input actions
11:44:28.237 [JavaFX Application Thread] DEBUG GameApplicationServi - Removing overlay from FXGLStartupScene and adding to FXGLLoadingScene
11:44:28.238 [JavaFX Application Thread] DEBUG PrimaryStageWindow   - FXGLStartupScene -> FXGLLoadingScene
11:44:28.238 [JavaFX Application Thread] DEBUG GameApplicationServi - Clearing previous game
11:44:28.239 [JavaFX Application Thread] DEBUG GameScene            - Clearing game scene
11:44:28.239 [JavaFX Application Thread] DEBUG GameWorld            - Clearing game world
11:44:28.240 [JavaFX Application Thread] DEBUG PhysicsWorld         - Clearing physics world
11:44:28.244 [FXGL Background Thread 1 ] DEBUG FXGLApplication      - Initializing game
11:44:28.269 [FXGL Background Thread 1 ] DEBUG FXGLAssetLoaderServi - Loading from file system: file:/C:/project/wonderfulStory/wonder/target/classes/assets/textures/player.png
11:44:28.649 [FXGL Background Thread 1 ] DEBUG Input                - Registered new binding: up - W
11:44:28.650 [FXGL Background Thread 1 ] DEBUG Input                - Registered new binding: down - S
11:44:28.651 [FXGL Background Thread 1 ] DEBUG Input                - Registered new binding: left - A
11:44:28.652 [FXGL Background Thread 1 ] DEBUG Input                - Registered new binding: right - D
11:44:28.652 [FXGL Background Thread 1 ] INFO  FXGLApplication      - Game initialization took: 0.408 sec
11:44:28.674 [JavaFX Application Thread] DEBUG Input                - Clearing active input actions
11:44:28.695 [JavaFX Application Thread] DEBUG GameApplicationServi - Removing overlay from FXGLLoadingScene and adding to GameScene
11:44:28.696 [JavaFX Application Thread] DEBUG PrimaryStageWindow   - FXGLLoadingScene -> GameScene
11:44:28.800 [FXGL Background Thread 4 ] DEBUG FXGLAssetLoaderServi - Loading from file system: jar:file:/C:/Users/24771/.m2/repository/com/github/almasb/fxgl/11.17/fxgl-11.17.jar!/fxglassets/ui/fonts/Abel-Regular.ttf
11:44:28.822 [FXGL Background Thread 4 ] DEBUG FXGLAssetLoaderServi - Loading from file system: jar:file:/C:/Users/24771/.m2/repository/com/github/almasb/fxgl/11.17/fxgl-11.17.jar!/fxglassets/ui/fonts/lucida_console.ttf
11:44:28.851 [FXGL Background Thread 4 ] DEBUG FXGLAssetLoaderServi - Loading from file system: jar:file:/C:/Users/24771/.m2/repository/com/github/almasb/fxgl/11.17/fxgl-11.17.jar!/fxglassets/ui/fonts/Courier-Prime.ttf
11:44:28.879 [JavaFX Application Thread] DEBUG FXGLApplication      - Registering font factories with UI factory
11:44:28.887 [FXGL Background Thread 2 ] WARN  UpdaterService       - Failed to find updates: java.net.UnknownHostException: raw.githubusercontent.com
11:44:31.071 [FXGL Background Thread 3 ] DEBUG Engine               - Logging environment variables
11:44:31.071 [FXGL Background Thread 3 ] DEBUG Engine               - achievements: []
11:44:31.071 [FXGL Background Thread 3 ] DEBUG Engine               - actualHeight: 720.0
11:44:31.072 [FXGL Background Thread 3 ] DEBUG Engine               - actualHeightProperty: ReadOnlyDoubleProperty [value: 720.0]
11:44:31.072 [FXGL Background Thread 3 ] DEBUG Engine               - actualWidth: 1080.0
11:44:31.072 [FXGL Background Thread 3 ] DEBUG Engine               - actualWidthProperty: ReadOnlyDoubleProperty [value: 1080.0]
11:44:31.072 [FXGL Background Thread 3 ] DEBUG Engine               - appIcon: fxgl_icon.png
11:44:31.072 [FXGL Background Thread 3 ] DEBUG Engine               - applicationMode: DEVELOPER
11:44:31.072 [FXGL Background Thread 3 ] DEBUG Engine               - cSSList: [fxgl_dark.css]
11:44:31.072 [FXGL Background Thread 3 ] DEBUG Engine               - collisionDetectionStrategy: BRUTE_FORCE
11:44:31.072 [FXGL Background Thread 3 ] DEBUG Engine               - configClass: Optional.empty
11:44:31.073 [FXGL Background Thread 3 ] DEBUG Engine               - credits: []
11:44:31.073 [FXGL Background Thread 3 ] DEBUG Engine               - defaultCursor: CursorInfo(imageName=fxgl_default_cursor.png, hotspotX=7.0, hotspotY=6.0)
11:44:31.073 [FXGL Background Thread 3 ] DEBUG Engine               - devBBoxColorProperty: ObjectProperty [value: 0xff0000ff]
11:44:31.073 [FXGL Background Thread 3 ] DEBUG Engine               - devEnableDebugCameraProperty: BooleanProperty [value: false]
11:44:31.073 [FXGL Background Thread 3 ] DEBUG Engine               - devSensorColorProperty: ObjectProperty [value: 0xffff00ff]
11:44:31.073 [FXGL Background Thread 3 ] DEBUG Engine               - devShowBBoxProperty: BooleanProperty [value: false]
11:44:31.074 [FXGL Background Thread 3 ] DEBUG Engine               - devShowPositionProperty: BooleanProperty [value: false]
11:44:31.074 [FXGL Background Thread 3 ] DEBUG Engine               - enabledMenuItems: []
11:44:31.074 [FXGL Background Thread 3 ] DEBUG Engine               - engineServices: [class com.almasb.fxgl.app.services.FXGLAssetLoaderService, class com.almasb.fxgl.app.FXGLApplication$GameApplicationService, class com.almasb.fxgl.app.services.FXGLDialogService, class com.almasb.fxgl.app.services.IOTaskExecutorService, class com.almasb.fxgl.io.FileSystemService, class com.almasb.fxgl.localization.LocalizationService, class com.almasb.fxgl.app.services.SystemBundleService, class com.almasb.fxgl.profile.SaveLoadService, class com.almasb.fxgl.ui.FXGLUIFactoryServiceProvider, class com.almasb.fxgl.ui.FXGLDialogFactoryServiceProvider, class com.almasb.fxgl.audio.AudioPlayer, class com.almasb.fxgl.notification.impl.NotificationServiceProvider, class com.almasb.fxgl.achievement.AchievementService, class com.almasb.fxgl.cutscene.CutsceneService, class com.almasb.fxgl.minigames.MiniGameService, class com.almasb.fxgl.net.NetService, class com.almasb.fxgl.app.services.UpdaterService, class com.almasb.fxgl.dev.DevService]
11:44:31.074 [FXGL Background Thread 3 ] DEBUG Engine               - fontGame: Abel-Regular.ttf
11:44:31.074 [FXGL Background Thread 3 ] DEBUG Engine               - fontMono: lucida_console.ttf
11:44:31.074 [FXGL Background Thread 3 ] DEBUG Engine               - fontText: Courier-Prime.ttf
11:44:31.075 [FXGL Background Thread 3 ] DEBUG Engine               - fontUI: VarelaRound-Regular.ttf
11:44:31.075 [FXGL Background Thread 3 ] DEBUG Engine               - fullScreen: BooleanProperty [value: false]
11:44:31.075 [FXGL Background Thread 3 ] DEBUG Engine               - gameDifficulty: MEDIUM
11:44:31.075 [FXGL Background Thread 3 ] DEBUG Engine               - gameDifficultyProperty: ObjectProperty [value: MEDIUM]
11:44:31.075 [FXGL Background Thread 3 ] DEBUG Engine               - globalMusicVolume: 0.5
11:44:31.076 [FXGL Background Thread 3 ] DEBUG Engine               - globalMusicVolumeProperty: DoubleProperty [value: 0.5]
11:44:31.076 [FXGL Background Thread 3 ] DEBUG Engine               - globalSoundVolume: 0.5
11:44:31.076 [FXGL Background Thread 3 ] DEBUG Engine               - globalSoundVolumeProperty: DoubleProperty [value: 0.5]
11:44:31.076 [FXGL Background Thread 3 ] DEBUG Engine               - height: 720
11:44:31.076 [FXGL Background Thread 3 ] DEBUG Engine               - is3D: false
11:44:31.077 [FXGL Background Thread 3 ] DEBUG Engine               - isAndroid: false
11:44:31.077 [FXGL Background Thread 3 ] DEBUG Engine               - isBrowser: false
11:44:31.077 [FXGL Background Thread 3 ] DEBUG Engine               - isClickFeedbackEnabled: false
11:44:31.077 [FXGL Background Thread 3 ] DEBUG Engine               - isCloseConfirmation: false
11:44:31.078 [FXGL Background Thread 3 ] DEBUG Engine               - isDesktop: true
11:44:31.078 [FXGL Background Thread 3 ] DEBUG Engine               - isDeveloperMenuEnabled: false
11:44:31.078 [FXGL Background Thread 3 ] DEBUG Engine               - isEntityPreloadEnabled: true
11:44:31.078 [FXGL Background Thread 3 ] DEBUG Engine               - isExperimentalTiledLargeMap: false
11:44:31.078 [FXGL Background Thread 3 ] DEBUG Engine               - isFileSystemWriteAllowed: true
11:44:31.078 [FXGL Background Thread 3 ] DEBUG Engine               - isFullScreenAllowed: false
11:44:31.078 [FXGL Background Thread 3 ] DEBUG Engine               - isFullScreenFromStart: false
11:44:31.080 [FXGL Background Thread 3 ] DEBUG Engine               - isGameMenuEnabled: true
11:44:31.080 [FXGL Background Thread 3 ] DEBUG Engine               - isIOS: false
11:44:31.080 [FXGL Background Thread 3 ] DEBUG Engine               - isIntroEnabled: false
11:44:31.081 [FXGL Background Thread 3 ] DEBUG Engine               - isLinux: false
11:44:31.081 [FXGL Background Thread 3 ] DEBUG Engine               - isMac: false
11:44:31.081 [FXGL Background Thread 3 ] DEBUG Engine               - isMainMenuEnabled: false
11:44:31.081 [FXGL Background Thread 3 ] DEBUG Engine               - isManualResizeEnabled: false
11:44:31.082 [FXGL Background Thread 3 ] DEBUG Engine               - isMobile: false
11:44:31.082 [FXGL Background Thread 3 ] DEBUG Engine               - isNative: false
11:44:31.082 [FXGL Background Thread 3 ] DEBUG Engine               - isPauseMusicWhenMinimized: true
11:44:31.082 [FXGL Background Thread 3 ] DEBUG Engine               - isPreserveResizeRatio: false
11:44:31.082 [FXGL Background Thread 3 ] DEBUG Engine               - isProfilingEnabled: false
11:44:31.082 [FXGL Background Thread 3 ] DEBUG Engine               - isScaleAffectedOnResize: true
11:44:31.082 [FXGL Background Thread 3 ] DEBUG Engine               - isSingleStep: false
11:44:31.082 [FXGL Background Thread 3 ] DEBUG Engine               - isUserProfileEnabled: false
11:44:31.084 [FXGL Background Thread 3 ] DEBUG Engine               - isWindows: true
11:44:31.084 [FXGL Background Thread 3 ] DEBUG Engine               - language: ObjectProperty [value: ENGLISH]
11:44:31.084 [FXGL Background Thread 3 ] DEBUG Engine               - menuKey: ESCAPE
11:44:31.084 [FXGL Background Thread 3 ] DEBUG Engine               - mouseSensitivity: 0.2
11:44:31.084 [FXGL Background Thread 3 ] DEBUG Engine               - notificationViewClass: class com.almasb.fxgl.notification.view.XboxNotificationView
11:44:31.084 [FXGL Background Thread 3 ] DEBUG Engine               - pixelsPerMeter: 50.0
11:44:31.084 [FXGL Background Thread 3 ] DEBUG Engine               - platform: WINDOWS
11:44:31.084 [FXGL Background Thread 3 ] DEBUG Engine               - prefHeightProperty: ReadOnlyDoubleProperty [value: 720.0]
11:44:31.085 [FXGL Background Thread 3 ] DEBUG Engine               - prefWidthProperty: ReadOnlyDoubleProperty [value: 1080.0]
11:44:31.085 [FXGL Background Thread 3 ] DEBUG Engine               - profileDir: profiles/
11:44:31.085 [FXGL Background Thread 3 ] DEBUG Engine               - profileName: StringProperty [value: DEFAULT]
11:44:31.085 [FXGL Background Thread 3 ] DEBUG Engine               - randomSeed: -1
11:44:31.085 [FXGL Background Thread 3 ] DEBUG Engine               - runtimeInfo: RuntimeInfo(platform=WINDOWS, version=11.17, build=16.07.2021 15.46)
11:44:31.085 [FXGL Background Thread 3 ] DEBUG Engine               - saveFileExt: sav
11:44:31.085 [FXGL Background Thread 3 ] DEBUG Engine               - scaledHeightProp$fxgl: DoubleProperty [bound, value: 720.0]
11:44:31.085 [FXGL Background Thread 3 ] DEBUG Engine               - scaledWidthProp$fxgl: DoubleProperty [bound, value: 1080.0]
11:44:31.086 [FXGL Background Thread 3 ] DEBUG Engine               - sceneFactory: com.almasb.fxgl.app.scene.SceneFactory@a436381
11:44:31.086 [FXGL Background Thread 3 ] DEBUG Engine               - secondsIn24h: 60
11:44:31.086 [FXGL Background Thread 3 ] DEBUG Engine               - soundMenuBack: menu/back.wav
11:44:31.086 [FXGL Background Thread 3 ] DEBUG Engine               - soundMenuPress: menu/press.wav
11:44:31.086 [FXGL Background Thread 3 ] DEBUG Engine               - soundMenuSelect: menu/select.wav
11:44:31.087 [FXGL Background Thread 3 ] DEBUG Engine               - soundNotification: core/notification.wav
11:44:31.087 [FXGL Background Thread 3 ] DEBUG Engine               - stageStyle: DECORATED
11:44:31.087 [FXGL Background Thread 3 ] DEBUG Engine               - supportedLanguages: [ENGLISH, FRENCH, GERMAN, HUNGARIAN, RUSSIAN]
11:44:31.087 [FXGL Background Thread 3 ] DEBUG Engine               - ticksPerSecond: -1
11:44:31.087 [FXGL Background Thread 3 ] DEBUG Engine               - title: demo
11:44:31.087 [FXGL Background Thread 3 ] DEBUG Engine               - urlGithub: https://github.com/AlmasB/FXGL
11:44:31.087 [FXGL Background Thread 3 ] DEBUG Engine               - urlLeaderboard: http://fxgl-top.herokuapp.com/
11:44:31.087 [FXGL Background Thread 3 ] DEBUG Engine               - urlPOM: https://raw.githubusercontent.com/AlmasB/FXGL/release/README.md
11:44:31.087 [FXGL Background Thread 3 ] DEBUG Engine               - userAppClass: class com.dam.wonder.GameApp
11:44:31.088 [FXGL Background Thread 3 ] DEBUG Engine               - version: 0.0
11:44:31.088 [FXGL Background Thread 3 ] DEBUG Engine               - versionCheckDays: 7
11:44:31.088 [FXGL Background Thread 3 ] DEBUG Engine               - width: 1080
11:44:31.088 [FXGL Background Thread 3 ] DEBUG Engine               - Logging services
11:44:31.088 [FXGL Background Thread 3 ] DEBUG Engine               - class com.almasb.fxgl.app.services.FXGLAssetLoaderService
11:44:31.088 [FXGL Background Thread 3 ] DEBUG Engine               - class com.almasb.fxgl.app.FXGLApplication$GameApplicationService
11:44:31.088 [FXGL Background Thread 3 ] DEBUG Engine               - class com.almasb.fxgl.app.services.FXGLDialogService
11:44:31.089 [FXGL Background Thread 3 ] DEBUG Engine               - class com.almasb.fxgl.app.services.IOTaskExecutorService
11:44:31.089 [FXGL Background Thread 3 ] DEBUG Engine               - class com.almasb.fxgl.io.FileSystemService
11:44:31.089 [FXGL Background Thread 3 ] DEBUG Engine               - class com.almasb.fxgl.localization.LocalizationService
11:44:31.089 [FXGL Background Thread 3 ] DEBUG Engine               - class com.almasb.fxgl.app.services.SystemBundleService
11:44:31.089 [FXGL Background Thread 3 ] DEBUG Engine               - class com.almasb.fxgl.profile.SaveLoadService
11:44:31.089 [FXGL Background Thread 3 ] DEBUG Engine               - class com.almasb.fxgl.ui.FXGLUIFactoryServiceProvider
11:44:31.089 [FXGL Background Thread 3 ] DEBUG Engine               - class com.almasb.fxgl.ui.FXGLDialogFactoryServiceProvider
11:44:31.089 [FXGL Background Thread 3 ] DEBUG Engine               - class com.almasb.fxgl.audio.AudioPlayer
11:44:31.089 [FXGL Background Thread 3 ] DEBUG Engine               - class com.almasb.fxgl.notification.impl.NotificationServiceProvider
11:44:31.089 [FXGL Background Thread 3 ] DEBUG Engine               - class com.almasb.fxgl.achievement.AchievementService
11:44:31.090 [FXGL Background Thread 3 ] DEBUG Engine               - class com.almasb.fxgl.cutscene.CutsceneService
11:44:31.090 [FXGL Background Thread 3 ] DEBUG Engine               - class com.almasb.fxgl.minigames.MiniGameService
11:44:31.090 [FXGL Background Thread 3 ] DEBUG Engine               - class com.almasb.fxgl.net.NetService
11:44:31.090 [FXGL Background Thread 3 ] DEBUG Engine               - class com.almasb.fxgl.app.services.UpdaterService
11:44:31.090 [FXGL Background Thread 3 ] DEBUG Engine               - class com.almasb.fxgl.dev.DevService
11:44:39.767 [JavaFX Application Thread] DEBUG FXGLApplication      - Exiting FXGL
11:44:39.768 [JavaFX Application Thread] DEBUG LoopRunner           - Stopping loop
11:44:39.768 [JavaFX Application Thread] DEBUG SystemBundleService  - Saving FXGL system data
11:44:39.770 [JavaFX Application Thread] DEBUG FileSystemAccess     - Writing to: C:\project\wonderfulStory\system\fxgl.bundle
11:44:39.771 [JavaFX Application Thread] DEBUG Async                - Shutting down background threads
11:44:39.772 [JavaFX Application Thread] DEBUG PrimaryStageWindow   - Closing main window
11:44:39.819 [JavaFX Application Thread] DEBUG Logger               - Closing Logger
