10:23:22.732 [main                     ] DEBUG Logger               - Configured Logger
10:23:22.738 [main                     ] DEBUG GameApplication      - Logging settings
Title: demo
Version: 0.0
Width: 1080
Height: 720
Fullscreen: false
Intro: false
Profiling: false
Single step:false
App Mode: DEVELOPER
Menu Key: ESCAPE
Stage Style: DECORATED
Scene Factory: class com.almasb.fxgl.app.scene.SceneFactory

10:23:23.198 [JavaFX Application Thread] DEBUG FXGLApplication      - Initializing FXGL
10:23:23.201 [JavaFX Application Thread] INFO  Engine               - FXGL-11.17 (16.07.2021 15.46) on WINDOWS (J:16.0.1 FX:16)
10:23:23.201 [JavaFX Application Thread] DEBUG Engine               - JRE Vendor Name: Oracle Corporation
10:23:23.201 [JavaFX Application Thread] DEBUG Engine               - Running on OS: Windows 10 version 10.0
10:23:23.202 [JavaFX Application Thread] DEBUG Engine               - Architecture: amd64
10:23:23.202 [JavaFX Application Thread] INFO  Engine               - Source code and latest versions at: https://github.com/AlmasB/FXGL
10:23:23.202 [JavaFX Application Thread] INFO  Engine               -              Join the FXGL chat at: https://gitter.im/AlmasB/FXGL
10:23:23.345 [JavaFX Application Thread] DEBUG PrimaryStageWindow   - Creating a JavaFX scene
10:23:23.424 [JavaFX Application Thread] DEBUG PrimaryStageWindow   - Target settings size: 1080.0 x 720.0
10:23:23.425 [JavaFX Application Thread] DEBUG PrimaryStageWindow   - Scaled scene size:    1080.0 x 720.0
10:23:23.425 [JavaFX Application Thread] DEBUG PrimaryStageWindow   - Scaled ratio: (1.0, 1.0)
10:23:23.426 [JavaFX Application Thread] DEBUG PrimaryStageWindow   - Set initial scene to FXGLStartupScene
10:23:23.437 [JavaFX Application Thread] DEBUG PrimaryStageWindow   - Opening main window
10:23:23.635 [JavaFX Application Thread] DEBUG PrimaryStageWindow   - Window border size: (14.4000244140625, 37.5999755859375)
10:23:23.635 [JavaFX Application Thread] DEBUG PrimaryStageWindow   - Scaled size: 1080.0 x 720.0
10:23:23.635 [JavaFX Application Thread] DEBUG PrimaryStageWindow   - Scaled ratio: (1.0, 1.0)
10:23:23.636 [JavaFX Application Thread] DEBUG PrimaryStageWindow   - Scene size: 1080.0 x 720.0
10:23:23.636 [JavaFX Application Thread] DEBUG PrimaryStageWindow   - Stage size: 1094.4000244140625 x 757.5999755859375
10:23:23.649 [FXGL Background Thread 1 ] DEBUG Engine               - Initializing environment variables
10:23:23.722 [FXGL Background Thread 1 ] DEBUG FXGLAssetLoaderServi - User app class for loading assets: class com.dam.wonder.GameApp
10:23:23.723 [FXGL Background Thread 1 ] DEBUG GameApplicationServi - Applying CSS: fxgl_dark.css
10:23:23.725 [FXGL Background Thread 1 ] DEBUG FXGLAssetLoaderServi - Loading from file system: jar:file:/C:/Users/24771/.m2/repository/com/github/almasb/fxgl/11.17/fxgl-11.17.jar!/fxglassets/ui/css/fxgl_dark.css
10:23:23.782 [FXGL Background Thread 1 ] DEBUG GameApplicationServi - Initializing application scenes
10:23:23.882 [FXGL Background Thread 1 ] DEBUG GameWorld            - Game world initialized
10:23:23.966 [FXGL Background Thread 1 ] DEBUG PhysicsWorld         - Physics world initialized: appHeight=720, physics.ppm=50.0
10:23:23.967 [FXGL Background Thread 1 ] DEBUG PhysicsWorld         - Using strategy: BRUTE_FORCE
10:23:23.970 [FXGL Background Thread 1 ] DEBUG GameScene            - Game scene initialized: 1080x720
10:23:23.986 [FXGL Background Thread 1 ] DEBUG FXGL.DefaultMenu     - createMenuBodyGameMenu()
10:23:24.006 [FXGL Background Thread 1 ] DEBUG FXGL.DefaultMenu     - createOptionsMenu()
10:23:24.018 [FXGL Background Thread 1 ] DEBUG FXGLAssetLoaderServi - Loading from file system: jar:file:/C:/Users/24771/.m2/repository/com/github/almasb/fxgl/11.17/fxgl-11.17.jar!/fxglassets/textures/particles/smoke.png
10:23:24.122 [FXGL Background Thread 1 ] DEBUG FXGLAssetLoaderServi - Loading from file system: jar:file:/C:/Users/24771/.m2/repository/com/github/almasb/fxgl/11.17/fxgl-11.17.jar!/fxglassets/textures/particles/trace_horizontal.png
10:23:24.156 [FXGL Background Thread 1 ] DEBUG GameApplicationServi - Application scenes initialized
10:23:24.168 [FXGL Background Thread 1 ] DEBUG SystemBundleService  - Loading FXGL system data
10:23:24.176 [FXGL Background Thread 1 ] DEBUG FileSystemAccess     - Reading from: C:\project\wonderfulStory\system\fxgl.bundle
10:23:24.183 [FXGL Background Thread 1 ] DEBUG SystemBundleService  - Bundle FXGL: {}
10:23:24.183 [FXGL Background Thread 1 ] DEBUG UpdaterService       - Checking for updates
10:23:24.218 [FXGL Background Thread 4 ] DEBUG FXGLApplication      - Loading fonts
10:23:24.219 [FXGL Background Thread 1 ] DEBUG FXGLApplication      - Loading default localization
10:23:24.219 [FXGL Background Thread 4 ] DEBUG FXGLAssetLoaderServi - Loading from file system: jar:file:/C:/Users/24771/.m2/repository/com/github/almasb/fxgl/11.17/fxgl-11.17.jar!/fxglassets/ui/fonts/VarelaRound-Regular.ttf
10:23:24.220 [FXGL Background Thread 1 ] DEBUG FXGLAssetLoaderServi - Loading from file system: jar:file:/C:/Users/24771/.m2/repository/com/github/almasb/fxgl/11.17/fxgl-11.17.jar!/fxglassets/languages/english.lang
10:23:24.242 [FXGL Background Thread 1 ] INFO  FXGLApplication      - FXGL initialization took: 0.592 sec
10:23:24.256 [JavaFX Application Thread] DEBUG Input                - Registered new binding: up - W
10:23:24.256 [JavaFX Application Thread] DEBUG Input                - Registered new binding: down - S
10:23:24.257 [JavaFX Application Thread] DEBUG Input                - Registered new binding: left - A
10:23:24.258 [JavaFX Application Thread] DEBUG Input                - Registered new binding: right - D
10:23:24.258 [JavaFX Application Thread] DEBUG Input                - Registered new binding: show talk - P
10:23:24.259 [JavaFX Application Thread] DEBUG FXGLAssetLoaderServi - Loading from file system: jar:file:/C:/Users/24771/.m2/repository/com/github/almasb/fxgl/11.17/fxgl-11.17.jar!/fxglassets/textures/fxgl_icon.png
10:23:24.291 [JavaFX Application Thread] DEBUG FXGLAssetLoaderServi - Loading from file system: jar:file:/C:/Users/24771/.m2/repository/com/github/almasb/fxgl/11.17/fxgl-11.17.jar!/fxglassets/textures/fxgl_default_cursor.png
10:23:24.296 [JavaFX Application Thread] DEBUG Input                - Registered new binding: Screenshot - CTRL+8
10:23:24.298 [JavaFX Application Thread] DEBUG Input                - Registered new binding: Dev Options - 1
10:23:24.299 [JavaFX Application Thread] DEBUG Input                - Registered new binding: Dev Console - 2
10:23:24.301 [JavaFX Application Thread] DEBUG Input                - Registered new binding: System info dump - CTRL+9
10:23:24.302 [JavaFX Application Thread] DEBUG Input                - Registered new binding: Restart - CTRL+R
10:23:24.304 [JavaFX Application Thread] DEBUG Input                - Registered new binding: Toggle Debug Camera - CTRL+C
10:23:24.311 [JavaFX Application Thread] DEBUG LoopRunner           - Starting loop
10:23:24.361 [FXGL Background Thread 4 ] DEBUG FXGLAssetLoaderServi - Loading from file system: jar:file:/C:/Users/24771/.m2/repository/com/github/almasb/fxgl/11.17/fxgl-11.17.jar!/fxglassets/ui/fonts/Abel-Regular.ttf
10:23:24.368 [JavaFX Application Thread] DEBUG LoopRunner           - Initializing JavaFX AnimationTimerLoop
10:23:24.373 [JavaFX Application Thread] DEBUG GameApplicationServi - Starting new game
10:23:24.375 [JavaFX Application Thread] DEBUG Input                - Clearing active input actions
10:23:24.382 [FXGL Background Thread 4 ] DEBUG FXGLAssetLoaderServi - Loading from file system: jar:file:/C:/Users/24771/.m2/repository/com/github/almasb/fxgl/11.17/fxgl-11.17.jar!/fxglassets/ui/fonts/lucida_console.ttf
10:23:24.396 [JavaFX Application Thread] DEBUG GameApplicationServi - Removing overlay from FXGLStartupScene and adding to FXGLLoadingScene
10:23:24.399 [FXGL Background Thread 4 ] DEBUG FXGLAssetLoaderServi - Loading from file system: jar:file:/C:/Users/24771/.m2/repository/com/github/almasb/fxgl/11.17/fxgl-11.17.jar!/fxglassets/ui/fonts/Courier-Prime.ttf
10:23:24.403 [JavaFX Application Thread] DEBUG PrimaryStageWindow   - FXGLStartupScene -> FXGLLoadingScene
10:23:24.403 [JavaFX Application Thread] DEBUG GameApplicationServi - Clearing previous game
10:23:24.404 [JavaFX Application Thread] DEBUG GameScene            - Clearing game scene
10:23:24.406 [JavaFX Application Thread] DEBUG GameWorld            - Clearing game world
10:23:24.407 [JavaFX Application Thread] DEBUG PhysicsWorld         - Clearing physics world
10:23:24.410 [FXGL Background Thread 1 ] DEBUG FXGLApplication      - Initializing game
10:23:24.610 [FXGL Background Thread 1 ] WARN  TMXLevelLoader       - TiledMap generated from 1.7.1. Supported version: 1.2.3. Some features may not be parsed fully.
10:23:24.640 [FXGL Background Thread 1 ] DEBUG TMXLevelLoader       - Parsed TiledMap: file:/C:/project/wonderfulStory/wonder/target/classes/assets/levels/tmx/new_home.tmx
10:23:24.644 [FXGL Background Thread 1 ] DEBUG TMXLevelLoader       - Creating tile layer entities
10:23:24.645 [FXGL Background Thread 1 ] DEBUG TilesetLoader        - Loading view for layer nowone
10:23:24.668 [FXGL Background Thread 1 ] DEBUG TilesetLoader        - Created buffer with size 3200.0x3200.0
10:23:24.744 [FXGL Background Thread 1 ] DEBUG TMXLevelLoader       - Creating object layer entities
10:23:24.747 [FXGL Background Thread 1 ] DEBUG GameWorld            - Clearing removable entities
10:23:24.748 [FXGL Background Thread 1 ] DEBUG GameWorld            - Setting level: com.almasb.fxgl.entity.level.Level@fcc7f8f
10:23:24.869 [FXGL Background Thread 1 ] INFO  FXGLApplication      - Game initialization took: 0.459 sec
10:23:24.933 [FXGL Background Thread 2 ] WARN  UpdaterService       - Failed to find updates: java.net.UnknownHostException: raw.githubusercontent.com
10:23:24.943 [JavaFX Application Thread] DEBUG Input                - Clearing active input actions
10:23:24.958 [JavaFX Application Thread] DEBUG GameApplicationServi - Removing overlay from FXGLLoadingScene and adding to GameScene
10:23:24.964 [JavaFX Application Thread] DEBUG PrimaryStageWindow   - FXGLLoadingScene -> GameScene
10:23:27.217 [FXGL Background Thread 3 ] DEBUG Engine               - Logging environment variables
10:23:27.218 [FXGL Background Thread 3 ] DEBUG Engine               - achievements: []
10:23:27.219 [FXGL Background Thread 3 ] DEBUG Engine               - actualHeight: 720.0
10:23:27.219 [FXGL Background Thread 3 ] DEBUG Engine               - actualHeightProperty: ReadOnlyDoubleProperty [value: 720.0]
10:23:27.220 [FXGL Background Thread 3 ] DEBUG Engine               - actualWidth: 1080.0
10:23:27.220 [FXGL Background Thread 3 ] DEBUG Engine               - actualWidthProperty: ReadOnlyDoubleProperty [value: 1080.0]
10:23:27.221 [FXGL Background Thread 3 ] DEBUG Engine               - appIcon: fxgl_icon.png
10:23:27.222 [FXGL Background Thread 3 ] DEBUG Engine               - applicationMode: DEVELOPER
10:23:27.223 [FXGL Background Thread 3 ] DEBUG Engine               - cSSList: [fxgl_dark.css]
10:23:27.223 [FXGL Background Thread 3 ] DEBUG Engine               - collisionDetectionStrategy: BRUTE_FORCE
10:23:27.224 [FXGL Background Thread 3 ] DEBUG Engine               - configClass: Optional.empty
10:23:27.224 [FXGL Background Thread 3 ] DEBUG Engine               - credits: []
10:23:27.224 [FXGL Background Thread 3 ] DEBUG Engine               - defaultCursor: CursorInfo(imageName=fxgl_default_cursor.png, hotspotX=7.0, hotspotY=6.0)
10:23:27.224 [FXGL Background Thread 3 ] DEBUG Engine               - devBBoxColorProperty: ObjectProperty [value: 0xff0000ff]
10:23:27.224 [FXGL Background Thread 3 ] DEBUG Engine               - devEnableDebugCameraProperty: BooleanProperty [value: false]
10:23:27.225 [FXGL Background Thread 3 ] DEBUG Engine               - devSensorColorProperty: ObjectProperty [value: 0xffff00ff]
10:23:27.225 [FXGL Background Thread 3 ] DEBUG Engine               - devShowBBoxProperty: BooleanProperty [value: false]
10:23:27.225 [FXGL Background Thread 3 ] DEBUG Engine               - devShowPositionProperty: BooleanProperty [value: false]
10:23:27.226 [FXGL Background Thread 3 ] DEBUG Engine               - enabledMenuItems: []
10:23:27.226 [FXGL Background Thread 3 ] DEBUG Engine               - engineServices: [class com.almasb.fxgl.app.services.FXGLAssetLoaderService, class com.almasb.fxgl.app.FXGLApplication$GameApplicationService, class com.almasb.fxgl.app.services.FXGLDialogService, class com.almasb.fxgl.app.services.IOTaskExecutorService, class com.almasb.fxgl.io.FileSystemService, class com.almasb.fxgl.localization.LocalizationService, class com.almasb.fxgl.app.services.SystemBundleService, class com.almasb.fxgl.profile.SaveLoadService, class com.almasb.fxgl.ui.FXGLUIFactoryServiceProvider, class com.almasb.fxgl.ui.FXGLDialogFactoryServiceProvider, class com.almasb.fxgl.audio.AudioPlayer, class com.almasb.fxgl.notification.impl.NotificationServiceProvider, class com.almasb.fxgl.achievement.AchievementService, class com.almasb.fxgl.cutscene.CutsceneService, class com.almasb.fxgl.minigames.MiniGameService, class com.almasb.fxgl.net.NetService, class com.almasb.fxgl.app.services.UpdaterService, class com.almasb.fxgl.dev.DevService]
10:23:27.226 [FXGL Background Thread 3 ] DEBUG Engine               - fontGame: Abel-Regular.ttf
10:23:27.226 [FXGL Background Thread 3 ] DEBUG Engine               - fontMono: lucida_console.ttf
10:23:27.227 [FXGL Background Thread 3 ] DEBUG Engine               - fontText: Courier-Prime.ttf
10:23:27.227 [FXGL Background Thread 3 ] DEBUG Engine               - fontUI: VarelaRound-Regular.ttf
10:23:27.227 [FXGL Background Thread 3 ] DEBUG Engine               - fullScreen: BooleanProperty [value: false]
10:23:27.227 [FXGL Background Thread 3 ] DEBUG Engine               - gameDifficulty: MEDIUM
10:23:27.228 [FXGL Background Thread 3 ] DEBUG Engine               - gameDifficultyProperty: ObjectProperty [value: MEDIUM]
10:23:27.228 [FXGL Background Thread 3 ] DEBUG Engine               - globalMusicVolume: 0.5
10:23:27.228 [FXGL Background Thread 3 ] DEBUG Engine               - globalMusicVolumeProperty: DoubleProperty [value: 0.5]
10:23:27.228 [FXGL Background Thread 3 ] DEBUG Engine               - globalSoundVolume: 0.5
10:23:27.228 [FXGL Background Thread 3 ] DEBUG Engine               - globalSoundVolumeProperty: DoubleProperty [value: 0.5]
10:23:27.228 [FXGL Background Thread 3 ] DEBUG Engine               - height: 720
10:23:27.229 [FXGL Background Thread 3 ] DEBUG Engine               - is3D: false
10:23:27.229 [FXGL Background Thread 3 ] DEBUG Engine               - isAndroid: false
10:23:27.229 [FXGL Background Thread 3 ] DEBUG Engine               - isBrowser: false
10:23:27.229 [FXGL Background Thread 3 ] DEBUG Engine               - isClickFeedbackEnabled: false
10:23:27.229 [FXGL Background Thread 3 ] DEBUG Engine               - isCloseConfirmation: false
10:23:27.229 [FXGL Background Thread 3 ] DEBUG Engine               - isDesktop: true
10:23:27.230 [FXGL Background Thread 3 ] DEBUG Engine               - isDeveloperMenuEnabled: true
10:23:27.230 [FXGL Background Thread 3 ] DEBUG Engine               - isEntityPreloadEnabled: true
10:23:27.230 [FXGL Background Thread 3 ] DEBUG Engine               - isExperimentalTiledLargeMap: false
10:23:27.230 [FXGL Background Thread 3 ] DEBUG Engine               - isFileSystemWriteAllowed: true
10:23:27.230 [FXGL Background Thread 3 ] DEBUG Engine               - isFullScreenAllowed: false
10:23:27.231 [FXGL Background Thread 3 ] DEBUG Engine               - isFullScreenFromStart: false
10:23:27.231 [FXGL Background Thread 3 ] DEBUG Engine               - isGameMenuEnabled: true
10:23:27.231 [FXGL Background Thread 3 ] DEBUG Engine               - isIOS: false
10:23:27.231 [FXGL Background Thread 3 ] DEBUG Engine               - isIntroEnabled: false
10:23:27.231 [FXGL Background Thread 3 ] DEBUG Engine               - isLinux: false
10:23:27.231 [FXGL Background Thread 3 ] DEBUG Engine               - isMac: false
10:23:27.231 [FXGL Background Thread 3 ] DEBUG Engine               - isMainMenuEnabled: false
10:23:27.232 [FXGL Background Thread 3 ] DEBUG Engine               - isManualResizeEnabled: false
10:23:27.232 [FXGL Background Thread 3 ] DEBUG Engine               - isMobile: false
10:23:27.232 [FXGL Background Thread 3 ] DEBUG Engine               - isNative: false
10:23:27.232 [FXGL Background Thread 3 ] DEBUG Engine               - isPauseMusicWhenMinimized: true
10:23:27.232 [FXGL Background Thread 3 ] DEBUG Engine               - isPreserveResizeRatio: false
10:23:27.232 [FXGL Background Thread 3 ] DEBUG Engine               - isProfilingEnabled: false
10:23:27.233 [FXGL Background Thread 3 ] DEBUG Engine               - isScaleAffectedOnResize: true
10:23:27.233 [FXGL Background Thread 3 ] DEBUG Engine               - isSingleStep: false
10:23:27.233 [FXGL Background Thread 3 ] DEBUG Engine               - isUserProfileEnabled: false
10:23:27.233 [FXGL Background Thread 3 ] DEBUG Engine               - isWindows: true
10:23:27.233 [FXGL Background Thread 3 ] DEBUG Engine               - language: ObjectProperty [value: ENGLISH]
10:23:27.233 [FXGL Background Thread 3 ] DEBUG Engine               - menuKey: ESCAPE
10:23:27.234 [FXGL Background Thread 3 ] DEBUG Engine               - mouseSensitivity: 0.2
10:23:27.234 [FXGL Background Thread 3 ] DEBUG Engine               - notificationViewClass: class com.almasb.fxgl.notification.view.XboxNotificationView
10:23:27.234 [FXGL Background Thread 3 ] DEBUG Engine               - pixelsPerMeter: 50.0
10:23:27.234 [FXGL Background Thread 3 ] DEBUG Engine               - platform: WINDOWS
10:23:27.234 [FXGL Background Thread 3 ] DEBUG Engine               - prefHeightProperty: ReadOnlyDoubleProperty [value: 720.0]
10:23:27.234 [FXGL Background Thread 3 ] DEBUG Engine               - prefWidthProperty: ReadOnlyDoubleProperty [value: 1080.0]
10:23:27.234 [FXGL Background Thread 3 ] DEBUG Engine               - profileDir: profiles/
10:23:27.235 [FXGL Background Thread 3 ] DEBUG Engine               - profileName: StringProperty [value: DEFAULT]
10:23:27.235 [FXGL Background Thread 3 ] DEBUG Engine               - randomSeed: -1
10:23:27.235 [FXGL Background Thread 3 ] DEBUG Engine               - runtimeInfo: RuntimeInfo(platform=WINDOWS, version=11.17, build=16.07.2021 15.46)
10:23:27.235 [FXGL Background Thread 3 ] DEBUG Engine               - saveFileExt: sav
10:23:27.235 [FXGL Background Thread 3 ] DEBUG Engine               - scaledHeightProp$fxgl: DoubleProperty [bound, value: 720.0]
10:23:27.235 [FXGL Background Thread 3 ] DEBUG Engine               - scaledWidthProp$fxgl: DoubleProperty [bound, value: 1080.0]
10:23:27.236 [FXGL Background Thread 3 ] DEBUG Engine               - sceneFactory: com.almasb.fxgl.app.scene.SceneFactory@7858f69d
10:23:27.236 [FXGL Background Thread 3 ] DEBUG Engine               - secondsIn24h: 60
10:23:27.237 [FXGL Background Thread 3 ] DEBUG Engine               - soundMenuBack: menu/back.wav
10:23:27.237 [FXGL Background Thread 3 ] DEBUG Engine               - soundMenuPress: menu/press.wav
10:23:27.237 [FXGL Background Thread 3 ] DEBUG Engine               - soundMenuSelect: menu/select.wav
10:23:27.238 [FXGL Background Thread 3 ] DEBUG Engine               - soundNotification: core/notification.wav
10:23:27.238 [FXGL Background Thread 3 ] DEBUG Engine               - stageStyle: DECORATED
10:23:27.238 [FXGL Background Thread 3 ] DEBUG Engine               - supportedLanguages: [ENGLISH, FRENCH, GERMAN, HUNGARIAN, RUSSIAN]
10:23:27.238 [FXGL Background Thread 3 ] DEBUG Engine               - ticksPerSecond: -1
10:23:27.238 [FXGL Background Thread 3 ] DEBUG Engine               - title: demo
10:23:27.238 [FXGL Background Thread 3 ] DEBUG Engine               - urlGithub: https://github.com/AlmasB/FXGL
10:23:27.238 [FXGL Background Thread 3 ] DEBUG Engine               - urlLeaderboard: http://fxgl-top.herokuapp.com/
10:23:27.238 [FXGL Background Thread 3 ] DEBUG Engine               - urlPOM: https://raw.githubusercontent.com/AlmasB/FXGL/release/README.md
10:23:27.240 [FXGL Background Thread 3 ] DEBUG Engine               - userAppClass: class com.dam.wonder.GameApp
10:23:27.240 [FXGL Background Thread 3 ] DEBUG Engine               - version: 0.0
10:23:27.240 [FXGL Background Thread 3 ] DEBUG Engine               - versionCheckDays: 7
10:23:27.240 [FXGL Background Thread 3 ] DEBUG Engine               - width: 1080
10:23:27.240 [FXGL Background Thread 3 ] DEBUG Engine               - Logging services
10:23:27.240 [FXGL Background Thread 3 ] DEBUG Engine               - class com.almasb.fxgl.app.services.FXGLAssetLoaderService
10:23:27.240 [FXGL Background Thread 3 ] DEBUG Engine               - class com.almasb.fxgl.app.FXGLApplication$GameApplicationService
10:23:27.240 [FXGL Background Thread 3 ] DEBUG Engine               - class com.almasb.fxgl.app.services.FXGLDialogService
10:23:27.241 [FXGL Background Thread 3 ] DEBUG Engine               - class com.almasb.fxgl.app.services.IOTaskExecutorService
10:23:27.241 [FXGL Background Thread 3 ] DEBUG Engine               - class com.almasb.fxgl.io.FileSystemService
10:23:27.241 [FXGL Background Thread 3 ] DEBUG Engine               - class com.almasb.fxgl.localization.LocalizationService
10:23:27.241 [FXGL Background Thread 3 ] DEBUG Engine               - class com.almasb.fxgl.app.services.SystemBundleService
10:23:27.241 [FXGL Background Thread 3 ] DEBUG Engine               - class com.almasb.fxgl.profile.SaveLoadService
10:23:27.241 [FXGL Background Thread 3 ] DEBUG Engine               - class com.almasb.fxgl.ui.FXGLUIFactoryServiceProvider
10:23:27.242 [FXGL Background Thread 3 ] DEBUG Engine               - class com.almasb.fxgl.ui.FXGLDialogFactoryServiceProvider
10:23:27.242 [FXGL Background Thread 3 ] DEBUG Engine               - class com.almasb.fxgl.audio.AudioPlayer
10:23:27.242 [FXGL Background Thread 3 ] DEBUG Engine               - class com.almasb.fxgl.notification.impl.NotificationServiceProvider
10:23:27.242 [FXGL Background Thread 3 ] DEBUG Engine               - class com.almasb.fxgl.achievement.AchievementService
10:23:27.242 [FXGL Background Thread 3 ] DEBUG Engine               - class com.almasb.fxgl.cutscene.CutsceneService
10:23:27.242 [FXGL Background Thread 3 ] DEBUG Engine               - class com.almasb.fxgl.minigames.MiniGameService
10:23:27.242 [FXGL Background Thread 3 ] DEBUG Engine               - class com.almasb.fxgl.net.NetService
10:23:27.242 [FXGL Background Thread 3 ] DEBUG Engine               - class com.almasb.fxgl.app.services.UpdaterService
10:23:27.242 [FXGL Background Thread 3 ] DEBUG Engine               - class com.almasb.fxgl.dev.DevService
10:23:27.387 [JavaFX Application Thread] DEBUG Input                - Mocking key press: P
10:23:27.434 [JavaFX Application Thread] DEBUG Input                - Registered new binding: remove - LMB
10:23:27.435 [JavaFX Application Thread] DEBUG PrimaryStageWindow   - Push state: TalkScene
10:23:27.435 [JavaFX Application Thread] DEBUG Input                - Clearing active input actions
10:23:27.436 [JavaFX Application Thread] DEBUG GameApplicationServi - Removing overlay from GameScene and adding to TalkScene
10:23:27.437 [JavaFX Application Thread] DEBUG PrimaryStageWindow   - GameScene -> TalkScene
10:23:29.194 [JavaFX Application Thread] DEBUG Input                - Clearing active input actions
10:23:29.194 [JavaFX Application Thread] DEBUG PrimaryStageWindow   - Pop state: TalkScene
10:23:29.195 [JavaFX Application Thread] DEBUG Input                - Clearing active input actions
10:23:29.195 [JavaFX Application Thread] DEBUG GameApplicationServi - Removing overlay from TalkScene and adding to GameScene
10:23:29.197 [JavaFX Application Thread] DEBUG PrimaryStageWindow   - GameScene <- TalkScene
10:23:56.260 [JavaFX Application Thread] DEBUG Input                - Mocking key press: P
10:23:56.261 [JavaFX Application Thread] DEBUG PrimaryStageWindow   - Push state: TalkScene
10:23:56.261 [JavaFX Application Thread] DEBUG Input                - Clearing active input actions
10:23:56.261 [JavaFX Application Thread] DEBUG GameApplicationServi - Removing overlay from GameScene and adding to TalkScene
10:23:56.262 [JavaFX Application Thread] DEBUG PrimaryStageWindow   - GameScene -> TalkScene
10:23:57.768 [JavaFX Application Thread] DEBUG Input                - Clearing active input actions
10:23:57.769 [JavaFX Application Thread] DEBUG PrimaryStageWindow   - Pop state: TalkScene
10:23:57.769 [JavaFX Application Thread] DEBUG Input                - Clearing active input actions
10:23:57.770 [JavaFX Application Thread] DEBUG GameApplicationServi - Removing overlay from TalkScene and adding to GameScene
10:23:57.771 [JavaFX Application Thread] DEBUG PrimaryStageWindow   - GameScene <- TalkScene
10:24:02.869 [JavaFX Application Thread] DEBUG FXGLApplication      - Exiting FXGL
10:24:02.870 [JavaFX Application Thread] DEBUG LoopRunner           - Stopping loop
10:24:02.870 [JavaFX Application Thread] DEBUG SystemBundleService  - Saving FXGL system data
10:24:02.878 [JavaFX Application Thread] DEBUG FileSystemAccess     - Writing to: C:\project\wonderfulStory\system\fxgl.bundle
10:24:02.880 [JavaFX Application Thread] DEBUG Async                - Shutting down background threads
10:24:02.880 [JavaFX Application Thread] DEBUG PrimaryStageWindow   - Closing main window
10:24:02.911 [JavaFX Application Thread] DEBUG Logger               - Closing Logger
