17:30:01.705 [main                     ] DEBUG Logger               - Configured Logger
17:30:01.730 [main                     ] DEBUG GameApplication      - Logging settings
Title: FXGL RTS Game
Version: 0.0
Width: 1280
Height: 720
Fullscreen: false
Intro: false
Profiling: false
Single step:false
App Mode: DEVELOPER
Menu Key: ESCAPE
Stage Style: DECORATED
Scene Factory: class com.almasb.fxgl.app.scene.SceneFactory

17:30:02.342 [JavaFX Application Thread] DEBUG FXGLApplication      - Initializing FXGL
17:30:02.344 [JavaFX Application Thread] INFO  Engine               - FXGL-11.16 (25.05.2021 08.16) on WINDOWS (J:16.0.1 FX:16)
17:30:02.345 [JavaFX Application Thread] DEBUG Engine               - JRE Vendor Name: Oracle Corporation
17:30:02.345 [JavaFX Application Thread] DEBUG Engine               - Running on OS: Windows 10 version 10.0
17:30:02.345 [JavaFX Application Thread] DEBUG Engine               - Architecture: amd64
17:30:02.345 [JavaFX Application Thread] INFO  Engine               - Source code and latest versions at: https://github.com/AlmasB/FXGL
17:30:02.345 [JavaFX Application Thread] INFO  Engine               -              Join the FXGL chat at: https://gitter.im/AlmasB/FXGL
17:30:02.525 [JavaFX Application Thread] DEBUG PrimaryStageWindow   - Creating a JavaFX scene
17:30:02.594 [JavaFX Application Thread] DEBUG PrimaryStageWindow   - Target settings size: 1280.0 x 720.0
17:30:02.594 [JavaFX Application Thread] DEBUG PrimaryStageWindow   - Scaled scene size:    1280.0 x 720.0
17:30:02.594 [JavaFX Application Thread] DEBUG PrimaryStageWindow   - Scaled ratio: (1.0, 1.0)
17:30:02.596 [JavaFX Application Thread] DEBUG PrimaryStageWindow   - Set initial scene to FXGLStartupScene
17:30:02.606 [JavaFX Application Thread] DEBUG PrimaryStageWindow   - Opening main window
17:30:02.773 [JavaFX Application Thread] DEBUG PrimaryStageWindow   - Window border size: (14.4000244140625, 37.5999755859375)
17:30:02.773 [JavaFX Application Thread] DEBUG PrimaryStageWindow   - Scaled size: 1280.0 x 720.0
17:30:02.774 [JavaFX Application Thread] DEBUG PrimaryStageWindow   - Scaled ratio: (1.0, 1.0)
17:30:02.774 [JavaFX Application Thread] DEBUG PrimaryStageWindow   - Scene size: 1280.0 x 720.0
17:30:02.775 [JavaFX Application Thread] DEBUG PrimaryStageWindow   - Stage size: 1294.4000244140625 x 757.5999755859375
17:30:02.783 [FXGL Background Thread 1 ] DEBUG Engine               - Initializing environment variables
17:30:02.838 [FXGL Background Thread 1 ] DEBUG FXGLAssetLoaderServi - User app class for loading assets: class com.dam.wonder.view.rts.RTSApp
17:30:02.838 [FXGL Background Thread 1 ] DEBUG GameApplicationServi - Applying CSS: fxgl_dark.css
17:30:02.841 [FXGL Background Thread 1 ] DEBUG FXGLAssetLoaderServi - Loading from file system: jar:file:/C:/Users/24771/.m2/repository/com/github/almasb/fxgl/11.16/fxgl-11.16.jar!/fxglassets/ui/css/fxgl_dark.css
17:30:02.907 [FXGL Background Thread 1 ] DEBUG GameApplicationServi - Initializing application scenes
17:30:03.009 [FXGL Background Thread 1 ] DEBUG GameWorld            - Game world initialized
17:30:03.097 [FXGL Background Thread 1 ] DEBUG PhysicsWorld         - Physics world initialized: appHeight=720, physics.ppm=50.0
17:30:03.097 [FXGL Background Thread 1 ] DEBUG PhysicsWorld         - Using strategy: BRUTE_FORCE
17:30:03.100 [FXGL Background Thread 1 ] DEBUG GameScene            - Game scene initialized: 1280x720
17:30:03.116 [FXGL Background Thread 1 ] DEBUG FXGL.DefaultMenu     - createMenuBodyGameMenu()
17:30:03.136 [FXGL Background Thread 1 ] DEBUG FXGL.DefaultMenu     - createOptionsMenu()
17:30:03.147 [FXGL Background Thread 1 ] DEBUG FXGLAssetLoaderServi - Loading from file system: jar:file:/C:/Users/24771/.m2/repository/com/github/almasb/fxgl/11.16/fxgl-11.16.jar!/fxglassets/textures/particles/smoke.png
17:30:03.257 [FXGL Background Thread 1 ] DEBUG FXGLAssetLoaderServi - Loading from file system: jar:file:/C:/Users/24771/.m2/repository/com/github/almasb/fxgl/11.16/fxgl-11.16.jar!/fxglassets/textures/particles/trace_horizontal.png
17:30:03.287 [FXGL Background Thread 1 ] DEBUG GameApplicationServi - Application scenes initialized
17:30:03.301 [FXGL Background Thread 1 ] DEBUG SystemBundleService  - Loading FXGL system data
17:30:03.305 [FXGL Background Thread 1 ] DEBUG FileSystemAccess     - Reading from: C:\project\wonderfulStory\system\fxgl.bundle
17:30:03.314 [FXGL Background Thread 1 ] DEBUG SystemBundleService  - Bundle FXGL: {}
17:30:03.314 [FXGL Background Thread 1 ] DEBUG UpdaterService       - Checking for updates
17:30:03.319 [FXGL Background Thread 4 ] DEBUG FXGLApplication      - Loading fonts
17:30:03.320 [FXGL Background Thread 1 ] DEBUG FXGLApplication      - Loading default localization
17:30:03.321 [FXGL Background Thread 1 ] DEBUG FXGLAssetLoaderServi - Loading from file system: jar:file:/C:/Users/24771/.m2/repository/com/github/almasb/fxgl/11.16/fxgl-11.16.jar!/fxglassets/languages/english.lang
17:30:03.349 [FXGL Background Thread 1 ] INFO  FXGLApplication      - FXGL initialization took: 0.565 sec
17:30:03.356 [JavaFX Application Thread] DEBUG Input                - Registered new binding: action0 - LMB
17:30:03.357 [JavaFX Application Thread] DEBUG FXGLAssetLoaderServi - Loading from file system: jar:file:/C:/Users/24771/.m2/repository/com/github/almasb/fxgl/11.16/fxgl-11.16.jar!/fxglassets/textures/fxgl_icon.png
17:30:03.389 [JavaFX Application Thread] DEBUG FXGLAssetLoaderServi - Loading from file system: jar:file:/C:/Users/24771/.m2/repository/com/github/almasb/fxgl/11.16/fxgl-11.16.jar!/fxglassets/textures/fxgl_default_cursor.png
17:30:03.402 [JavaFX Application Thread] DEBUG Input                - Registered new binding: Screenshot - CTRL+8
17:30:03.404 [JavaFX Application Thread] DEBUG Input                - Registered new binding: System info dump - CTRL+9
17:30:03.405 [JavaFX Application Thread] DEBUG Input                - Registered new binding: Restart - CTRL+R
17:30:03.407 [JavaFX Application Thread] DEBUG Input                - Registered new binding: Toggle Debug Camera - CTRL+C
17:30:03.411 [JavaFX Application Thread] DEBUG LoopRunner           - Starting loop
17:30:03.412 [JavaFX Application Thread] DEBUG LoopRunner           - Initializing JavaFX AnimationTimerLoop
17:30:03.415 [JavaFX Application Thread] DEBUG GameApplicationServi - Starting new game
17:30:03.416 [JavaFX Application Thread] DEBUG Input                - Clearing active input actions
17:30:03.433 [JavaFX Application Thread] DEBUG GameApplicationServi - Removing overlay from FXGLStartupScene and adding to FXGLLoadingScene
17:30:03.434 [JavaFX Application Thread] DEBUG PrimaryStageWindow   - FXGLStartupScene -> FXGLLoadingScene
17:30:03.434 [JavaFX Application Thread] DEBUG GameApplicationServi - Clearing previous game
17:30:03.434 [JavaFX Application Thread] DEBUG GameScene            - Clearing game scene
17:30:03.435 [JavaFX Application Thread] DEBUG GameWorld            - Clearing game world
17:30:03.435 [JavaFX Application Thread] DEBUG PhysicsWorld         - Clearing physics world
17:30:03.437 [FXGL Background Thread 1 ] DEBUG FXGLApplication      - Initializing game
17:30:03.452 [FXGL Background Thread 4 ] DEBUG FXGLAssetLoaderServi - Loading from file system: jar:file:/C:/Users/24771/.m2/repository/com/github/almasb/fxgl/11.16/fxgl-11.16.jar!/fxglassets/ui/fonts/Abel-Regular.ttf
17:30:03.452 [FXGL Background Thread 1 ] WARN  FXGLAssetLoaderServi - Failed to load IMAGE
17:30:03.467 [FXGL Background Thread 4 ] DEBUG FXGLAssetLoaderServi - Loading from file system: jar:file:/C:/Users/24771/.m2/repository/com/github/almasb/fxgl/11.16/fxgl-11.16.jar!/fxglassets/ui/fonts/lucida_console.ttf
17:30:03.485 [FXGL Background Thread 4 ] DEBUG FXGLAssetLoaderServi - Loading from file system: jar:file:/C:/Users/24771/.m2/repository/com/github/almasb/fxgl/11.16/fxgl-11.16.jar!/fxglassets/ui/fonts/Courier-Prime.ttf
17:30:03.621 [FXGL Background Thread 2 ] WARN  UpdaterService       - Failed to find updates: java.net.UnknownHostException: raw.githubusercontent.com
17:30:03.650 [JavaFX Application Thread] DEBUG FXGLApplication      - Registering font factories with UI factory
17:30:03.669 [FXGL Background Thread 1 ] WARN  FXGLAssetLoaderServi - Asset "/assets/textures/tree.png" was not found!
17:30:03.669 [FXGL Background Thread 1 ] WARN  FXGLAssetLoaderServi - Failed to load IMAGE
17:30:03.671 [FXGL Background Thread 1 ] WARN  FXGLAssetLoaderServi - Asset "/assets/textures/tree.png" was not found!
17:30:03.671 [FXGL Background Thread 1 ] WARN  FXGLAssetLoaderServi - Failed to load IMAGE
17:30:03.673 [FXGL Background Thread 1 ] WARN  FXGLAssetLoaderServi - Asset "/assets/textures/stone.png" was not found!
17:30:03.674 [FXGL Background Thread 1 ] WARN  FXGLAssetLoaderServi - Failed to load IMAGE
17:30:03.676 [FXGL Background Thread 1 ] WARN  FXGLAssetLoaderServi - Asset "/assets/textures/stone.png" was not found!
17:30:03.677 [FXGL Background Thread 1 ] WARN  FXGLAssetLoaderServi - Failed to load IMAGE
17:30:03.678 [FXGL Background Thread 1 ] WARN  FXGLAssetLoaderServi - Asset "/assets/textures/stone.png" was not found!
17:30:03.678 [FXGL Background Thread 1 ] WARN  FXGLAssetLoaderServi - Failed to load IMAGE
17:30:03.699 [FXGL Background Thread 1 ] INFO  FXGLApplication      - Game initialization took: 0.261 sec
17:30:03.700 [JavaFX Application Thread] DEBUG Input                - Clearing active input actions
17:30:03.714 [JavaFX Application Thread] DEBUG GameApplicationServi - Removing overlay from FXGLLoadingScene and adding to GameScene
17:30:03.714 [JavaFX Application Thread] DEBUG PrimaryStageWindow   - FXGLLoadingScene -> GameScene
17:30:06.319 [FXGL Background Thread 3 ] DEBUG Engine               - Logging environment variables
17:30:06.319 [FXGL Background Thread 3 ] DEBUG Engine               - achievements: []
17:30:06.319 [FXGL Background Thread 3 ] DEBUG Engine               - actualHeight: 720.0
17:30:06.319 [FXGL Background Thread 3 ] DEBUG Engine               - actualHeightProperty: ReadOnlyDoubleProperty [value: 720.0]
17:30:06.320 [FXGL Background Thread 3 ] DEBUG Engine               - actualWidth: 1280.0
17:30:06.320 [FXGL Background Thread 3 ] DEBUG Engine               - actualWidthProperty: ReadOnlyDoubleProperty [value: 1280.0]
17:30:06.320 [FXGL Background Thread 3 ] DEBUG Engine               - appIcon: fxgl_icon.png
17:30:06.320 [FXGL Background Thread 3 ] DEBUG Engine               - applicationMode: DEVELOPER
17:30:06.320 [FXGL Background Thread 3 ] DEBUG Engine               - cSSList: [fxgl_dark.css]
17:30:06.320 [FXGL Background Thread 3 ] DEBUG Engine               - collisionDetectionStrategy: BRUTE_FORCE
17:30:06.320 [FXGL Background Thread 3 ] DEBUG Engine               - configClass: Optional.empty
17:30:06.320 [FXGL Background Thread 3 ] DEBUG Engine               - credits: []
17:30:06.321 [FXGL Background Thread 3 ] DEBUG Engine               - defaultCursor: CursorInfo(imageName=fxgl_default_cursor.png, hotspotX=7.0, hotspotY=6.0)
17:30:06.321 [FXGL Background Thread 3 ] DEBUG Engine               - devBBoxColorProperty: ObjectProperty [value: 0xff0000ff]
17:30:06.321 [FXGL Background Thread 3 ] DEBUG Engine               - devEnableDebugCameraProperty: BooleanProperty [value: false]
17:30:06.321 [FXGL Background Thread 3 ] DEBUG Engine               - devSensorColorProperty: ObjectProperty [value: 0xffff00ff]
17:30:06.322 [FXGL Background Thread 3 ] DEBUG Engine               - devShowBBoxProperty: BooleanProperty [value: false]
17:30:06.322 [FXGL Background Thread 3 ] DEBUG Engine               - devShowPositionProperty: BooleanProperty [value: false]
17:30:06.322 [FXGL Background Thread 3 ] DEBUG Engine               - enabledMenuItems: []
17:30:06.322 [FXGL Background Thread 3 ] DEBUG Engine               - engineServices: [class com.almasb.fxgl.app.services.FXGLAssetLoaderService, class com.almasb.fxgl.app.FXGLApplication$GameApplicationService, class com.almasb.fxgl.app.services.FXGLDialogService, class com.almasb.fxgl.app.services.IOTaskExecutorService, class com.almasb.fxgl.io.FileSystemService, class com.almasb.fxgl.localization.LocalizationService, class com.almasb.fxgl.app.services.SystemBundleService, class com.almasb.fxgl.profile.SaveLoadService, class com.almasb.fxgl.ui.FXGLUIFactoryServiceProvider, class com.almasb.fxgl.ui.FXGLDialogFactoryServiceProvider, class com.almasb.fxgl.audio.AudioPlayer, class com.almasb.fxgl.notification.impl.NotificationServiceProvider, class com.almasb.fxgl.achievement.AchievementService, class com.almasb.fxgl.cutscene.CutsceneService, class com.almasb.fxgl.minigames.MiniGameService, class com.almasb.fxgl.net.NetService, class com.almasb.fxgl.app.services.UpdaterService, class com.almasb.fxgl.dev.DevService]
17:30:06.323 [FXGL Background Thread 3 ] DEBUG Engine               - fontGame: Abel-Regular.ttf
17:30:06.323 [FXGL Background Thread 3 ] DEBUG Engine               - fontMono: lucida_console.ttf
17:30:06.323 [FXGL Background Thread 3 ] DEBUG Engine               - fontText: Courier-Prime.ttf
17:30:06.323 [FXGL Background Thread 3 ] DEBUG Engine               - fontUI: VarelaRound-Regular.ttf
17:30:06.323 [FXGL Background Thread 3 ] DEBUG Engine               - fullScreen: BooleanProperty [value: false]
17:30:06.323 [FXGL Background Thread 3 ] DEBUG Engine               - gameDifficulty: MEDIUM
17:30:06.323 [FXGL Background Thread 3 ] DEBUG Engine               - gameDifficultyProperty: ObjectProperty [value: MEDIUM]
17:30:06.323 [FXGL Background Thread 3 ] DEBUG Engine               - globalMusicVolume: 0.5
17:30:06.324 [FXGL Background Thread 3 ] DEBUG Engine               - globalMusicVolumeProperty: DoubleProperty [value: 0.5]
17:30:06.324 [FXGL Background Thread 3 ] DEBUG Engine               - globalSoundVolume: 0.5
17:30:06.324 [FXGL Background Thread 3 ] DEBUG Engine               - globalSoundVolumeProperty: DoubleProperty [value: 0.5]
17:30:06.324 [FXGL Background Thread 3 ] DEBUG Engine               - height: 720
17:30:06.324 [FXGL Background Thread 3 ] DEBUG Engine               - is3D: false
17:30:06.325 [FXGL Background Thread 3 ] DEBUG Engine               - isAndroid: false
17:30:06.325 [FXGL Background Thread 3 ] DEBUG Engine               - isBrowser: false
17:30:06.325 [FXGL Background Thread 3 ] DEBUG Engine               - isClickFeedbackEnabled: false
17:30:06.325 [FXGL Background Thread 3 ] DEBUG Engine               - isCloseConfirmation: false
17:30:06.326 [FXGL Background Thread 3 ] DEBUG Engine               - isDesktop: true
17:30:06.326 [FXGL Background Thread 3 ] DEBUG Engine               - isDeveloperMenuEnabled: false
17:30:06.326 [FXGL Background Thread 3 ] DEBUG Engine               - isEntityPreloadEnabled: true
17:30:06.327 [FXGL Background Thread 3 ] DEBUG Engine               - isExperimentalTiledLargeMap: false
17:30:06.327 [FXGL Background Thread 3 ] DEBUG Engine               - isFileSystemWriteAllowed: true
17:30:06.327 [FXGL Background Thread 3 ] DEBUG Engine               - isFullScreenAllowed: false
17:30:06.327 [FXGL Background Thread 3 ] DEBUG Engine               - isFullScreenFromStart: false
17:30:06.327 [FXGL Background Thread 3 ] DEBUG Engine               - isGameMenuEnabled: true
17:30:06.327 [FXGL Background Thread 3 ] DEBUG Engine               - isIOS: false
17:30:06.327 [FXGL Background Thread 3 ] DEBUG Engine               - isIntroEnabled: false
17:30:06.327 [FXGL Background Thread 3 ] DEBUG Engine               - isLinux: false
17:30:06.327 [FXGL Background Thread 3 ] DEBUG Engine               - isMac: false
17:30:06.328 [FXGL Background Thread 3 ] DEBUG Engine               - isMainMenuEnabled: false
17:30:06.328 [FXGL Background Thread 3 ] DEBUG Engine               - isManualResizeEnabled: false
17:30:06.328 [FXGL Background Thread 3 ] DEBUG Engine               - isMobile: false
17:30:06.328 [FXGL Background Thread 3 ] DEBUG Engine               - isNative: false
17:30:06.328 [FXGL Background Thread 3 ] DEBUG Engine               - isPreserveResizeRatio: false
17:30:06.328 [FXGL Background Thread 3 ] DEBUG Engine               - isProfilingEnabled: false
17:30:06.328 [FXGL Background Thread 3 ] DEBUG Engine               - isScaleAffectedOnResize: true
17:30:06.328 [FXGL Background Thread 3 ] DEBUG Engine               - isSingleStep: false
17:30:06.328 [FXGL Background Thread 3 ] DEBUG Engine               - isUserProfileEnabled: false
17:30:06.328 [FXGL Background Thread 3 ] DEBUG Engine               - isWindows: true
17:30:06.329 [FXGL Background Thread 3 ] DEBUG Engine               - language: ObjectProperty [value: ENGLISH]
17:30:06.329 [FXGL Background Thread 3 ] DEBUG Engine               - menuKey: ESCAPE
17:30:06.329 [FXGL Background Thread 3 ] DEBUG Engine               - mouseSensitivity: 0.2
17:30:06.329 [FXGL Background Thread 3 ] DEBUG Engine               - notificationViewClass: class com.almasb.fxgl.notification.view.XboxNotificationView
17:30:06.329 [FXGL Background Thread 3 ] DEBUG Engine               - pixelsPerMeter: 50.0
17:30:06.329 [FXGL Background Thread 3 ] DEBUG Engine               - platform: WINDOWS
17:30:06.329 [FXGL Background Thread 3 ] DEBUG Engine               - prefHeightProperty: ReadOnlyDoubleProperty [value: 720.0]
17:30:06.330 [FXGL Background Thread 3 ] DEBUG Engine               - prefWidthProperty: ReadOnlyDoubleProperty [value: 1280.0]
17:30:06.330 [FXGL Background Thread 3 ] DEBUG Engine               - profileDir: profiles/
17:30:06.330 [FXGL Background Thread 3 ] DEBUG Engine               - profileName: StringProperty [value: DEFAULT]
17:30:06.330 [FXGL Background Thread 3 ] DEBUG Engine               - randomSeed: -1
17:30:06.330 [FXGL Background Thread 3 ] DEBUG Engine               - runtimeInfo: RuntimeInfo(platform=WINDOWS, version=11.16, build=25.05.2021 08.16)
17:30:06.330 [FXGL Background Thread 3 ] DEBUG Engine               - saveFileExt: sav
17:30:06.330 [FXGL Background Thread 3 ] DEBUG Engine               - scaledHeightProp$fxgl: DoubleProperty [bound, value: 720.0]
17:30:06.330 [FXGL Background Thread 3 ] DEBUG Engine               - scaledWidthProp$fxgl: DoubleProperty [bound, value: 1280.0]
17:30:06.330 [FXGL Background Thread 3 ] DEBUG Engine               - sceneFactory: com.almasb.fxgl.app.scene.SceneFactory@6a926ab7
17:30:06.331 [FXGL Background Thread 3 ] DEBUG Engine               - secondsIn24h: 60
17:30:06.331 [FXGL Background Thread 3 ] DEBUG Engine               - soundMenuBack: menu/back.wav
17:30:06.331 [FXGL Background Thread 3 ] DEBUG Engine               - soundMenuPress: menu/press.wav
17:30:06.331 [FXGL Background Thread 3 ] DEBUG Engine               - soundMenuSelect: menu/select.wav
17:30:06.331 [FXGL Background Thread 3 ] DEBUG Engine               - soundNotification: core/notification.wav
17:30:06.331 [FXGL Background Thread 3 ] DEBUG Engine               - stageStyle: DECORATED
17:30:06.332 [FXGL Background Thread 3 ] DEBUG Engine               - supportedLanguages: [ENGLISH, FRENCH, GERMAN, HUNGARIAN, RUSSIAN]
17:30:06.332 [FXGL Background Thread 3 ] DEBUG Engine               - ticksPerSecond: -1
17:30:06.332 [FXGL Background Thread 3 ] DEBUG Engine               - title: FXGL RTS Game
17:30:06.332 [FXGL Background Thread 3 ] DEBUG Engine               - urlGithub: https://github.com/AlmasB/FXGL
17:30:06.332 [FXGL Background Thread 3 ] DEBUG Engine               - urlLeaderboard: http://fxgl-top.herokuapp.com/
17:30:06.332 [FXGL Background Thread 3 ] DEBUG Engine               - urlPOM: https://raw.githubusercontent.com/AlmasB/FXGL/release/README.md
17:30:06.332 [FXGL Background Thread 3 ] DEBUG Engine               - userAppClass: class com.dam.wonder.view.rts.RTSApp
17:30:06.332 [FXGL Background Thread 3 ] DEBUG Engine               - version: 0.0
17:30:06.333 [FXGL Background Thread 3 ] DEBUG Engine               - versionCheckDays: 7
17:30:06.333 [FXGL Background Thread 3 ] DEBUG Engine               - width: 1280
17:30:06.333 [FXGL Background Thread 3 ] DEBUG Engine               - Logging services
17:30:06.333 [FXGL Background Thread 3 ] DEBUG Engine               - class com.almasb.fxgl.app.services.FXGLAssetLoaderService
17:30:06.333 [FXGL Background Thread 3 ] DEBUG Engine               - class com.almasb.fxgl.app.FXGLApplication$GameApplicationService
17:30:06.333 [FXGL Background Thread 3 ] DEBUG Engine               - class com.almasb.fxgl.app.services.FXGLDialogService
17:30:06.333 [FXGL Background Thread 3 ] DEBUG Engine               - class com.almasb.fxgl.app.services.IOTaskExecutorService
17:30:06.333 [FXGL Background Thread 3 ] DEBUG Engine               - class com.almasb.fxgl.io.FileSystemService
17:30:06.333 [FXGL Background Thread 3 ] DEBUG Engine               - class com.almasb.fxgl.localization.LocalizationService
17:30:06.333 [FXGL Background Thread 3 ] DEBUG Engine               - class com.almasb.fxgl.app.services.SystemBundleService
17:30:06.334 [FXGL Background Thread 3 ] DEBUG Engine               - class com.almasb.fxgl.profile.SaveLoadService
17:30:06.334 [FXGL Background Thread 3 ] DEBUG Engine               - class com.almasb.fxgl.ui.FXGLUIFactoryServiceProvider
17:30:06.334 [FXGL Background Thread 3 ] DEBUG Engine               - class com.almasb.fxgl.ui.FXGLDialogFactoryServiceProvider
17:30:06.334 [FXGL Background Thread 3 ] DEBUG Engine               - class com.almasb.fxgl.audio.AudioPlayer
17:30:06.334 [FXGL Background Thread 3 ] DEBUG Engine               - class com.almasb.fxgl.notification.impl.NotificationServiceProvider
17:30:06.334 [FXGL Background Thread 3 ] DEBUG Engine               - class com.almasb.fxgl.achievement.AchievementService
17:30:06.334 [FXGL Background Thread 3 ] DEBUG Engine               - class com.almasb.fxgl.cutscene.CutsceneService
17:30:06.334 [FXGL Background Thread 3 ] DEBUG Engine               - class com.almasb.fxgl.minigames.MiniGameService
17:30:06.334 [FXGL Background Thread 3 ] DEBUG Engine               - class com.almasb.fxgl.net.NetService
17:30:06.335 [FXGL Background Thread 3 ] DEBUG Engine               - class com.almasb.fxgl.app.services.UpdaterService
17:30:06.335 [FXGL Background Thread 3 ] DEBUG Engine               - class com.almasb.fxgl.dev.DevService
17:32:01.661 [JavaFX Application Thread] DEBUG FXGLApplication      - Exiting FXGL
17:32:01.662 [JavaFX Application Thread] DEBUG LoopRunner           - Stopping loop
17:32:01.662 [JavaFX Application Thread] DEBUG SystemBundleService  - Saving FXGL system data
17:32:01.664 [JavaFX Application Thread] DEBUG FileSystemAccess     - Writing to: C:\project\wonderfulStory\system\fxgl.bundle
17:32:01.665 [JavaFX Application Thread] DEBUG Async                - Shutting down background threads
17:32:01.665 [JavaFX Application Thread] DEBUG PrimaryStageWindow   - Closing main window
17:32:01.690 [JavaFX Application Thread] DEBUG Logger               - Closing Logger
