16:23:20.383 [restartedMain            ] DEBUG Logger               - Configured Logger
16:23:20.384 [restartedMain            ] DEBUG GameApplication      - Logging settings
Title: 奇妙物语
Version: demo01
Width: 1080
Height: 720
Fullscreen: false
Intro: false
Profiling: false
Single step:false
App Mode: DEVELOPER
Menu Key: ESCAPE
Stage Style: DECORATED
Scene Factory: class com.almasb.fxgl.app.scene.SceneFactory

16:23:20.861 [JavaFX Application Thread] DEBUG FXGLApplication      - Initializing FXGL
16:23:20.865 [JavaFX Application Thread] INFO  Engine               - FXGL-11.16 (25.05.2021 08.16) on WINDOWS (J:16.0.1 FX:16)
16:23:20.866 [JavaFX Application Thread] DEBUG Engine               - JRE Vendor Name: Oracle Corporation
16:23:20.866 [JavaFX Application Thread] DEBUG Engine               - Running on OS: Windows 10 version 10.0
16:23:20.868 [JavaFX Application Thread] DEBUG Engine               - Architecture: amd64
16:23:20.869 [JavaFX Application Thread] INFO  Engine               - Source code and latest versions at: https://github.com/AlmasB/FXGL
16:23:20.870 [JavaFX Application Thread] INFO  Engine               -              Join the FXGL chat at: https://gitter.im/AlmasB/FXGL
16:23:21.103 [JavaFX Application Thread] DEBUG PrimaryStageWindow   - Creating a JavaFX scene
16:23:21.173 [JavaFX Application Thread] DEBUG PrimaryStageWindow   - Target settings size: 1080.0 x 720.0
16:23:21.173 [JavaFX Application Thread] DEBUG PrimaryStageWindow   - Scaled scene size:    1080.0 x 720.0
16:23:21.174 [JavaFX Application Thread] DEBUG PrimaryStageWindow   - Scaled ratio: (1.0, 1.0)
16:23:21.176 [JavaFX Application Thread] DEBUG PrimaryStageWindow   - Set initial scene to FXGLStartupScene
16:23:21.196 [JavaFX Application Thread] DEBUG PrimaryStageWindow   - Opening main window
16:23:21.558 [JavaFX Application Thread] DEBUG PrimaryStageWindow   - Window border size: (14.4000244140625, 37.5999755859375)
16:23:21.558 [JavaFX Application Thread] DEBUG PrimaryStageWindow   - Scaled size: 1080.0 x 720.0
16:23:21.559 [JavaFX Application Thread] DEBUG PrimaryStageWindow   - Scaled ratio: (1.0, 1.0)
16:23:21.560 [JavaFX Application Thread] DEBUG PrimaryStageWindow   - Scene size: 1080.0 x 720.0
16:23:21.560 [JavaFX Application Thread] DEBUG PrimaryStageWindow   - Stage size: 1094.4000244140625 x 757.5999755859375
16:23:21.571 [FXGL Background Thread 1 ] DEBUG Engine               - Initializing environment variables
16:23:21.621 [FXGL Background Thread 1 ] DEBUG FXGLAssetLoaderServi - User app class for loading assets: class com.dam.wonder.view.game.BasicGameSample
16:23:21.622 [FXGL Background Thread 1 ] DEBUG GameApplicationServi - Applying CSS: fxgl_dark.css
16:23:21.623 [FXGL Background Thread 1 ] DEBUG FXGLAssetLoaderServi - Loading from file system: jar:file:/C:/Users/24771/.m2/repository/com/github/almasb/fxgl/11.16/fxgl-11.16.jar!/fxglassets/ui/css/fxgl_dark.css
16:23:21.770 [FXGL Background Thread 1 ] DEBUG GameApplicationServi - Initializing application scenes
16:23:21.909 [FXGL Background Thread 1 ] DEBUG GameWorld            - Game world initialized
16:23:22.033 [FXGL Background Thread 1 ] DEBUG PhysicsWorld         - Physics world initialized: appHeight=720, physics.ppm=50.0
16:23:22.034 [FXGL Background Thread 1 ] DEBUG PhysicsWorld         - Using strategy: BRUTE_FORCE
16:23:22.045 [FXGL Background Thread 1 ] DEBUG GameScene            - Game scene initialized: 1080x720
16:23:22.075 [FXGL Background Thread 1 ] DEBUG FXGL.DefaultMenu     - createMenuBodyGameMenu()
16:23:22.115 [FXGL Background Thread 1 ] DEBUG FXGL.DefaultMenu     - createOptionsMenu()
16:23:22.145 [FXGL Background Thread 1 ] DEBUG FXGLAssetLoaderServi - Loading from file system: jar:file:/C:/Users/24771/.m2/repository/com/github/almasb/fxgl/11.16/fxgl-11.16.jar!/fxglassets/textures/particles/smoke.png
16:23:22.397 [FXGL Background Thread 1 ] DEBUG FXGLAssetLoaderServi - Loading from file system: jar:file:/C:/Users/24771/.m2/repository/com/github/almasb/fxgl/11.16/fxgl-11.16.jar!/fxglassets/textures/particles/trace_horizontal.png
16:23:22.432 [FXGL Background Thread 1 ] DEBUG GameApplicationServi - Application scenes initialized
16:23:22.453 [FXGL Background Thread 1 ] DEBUG SystemBundleService  - Loading FXGL system data
16:23:22.458 [FXGL Background Thread 1 ] DEBUG FileSystemAccess     - Reading from: C:\project\wonderfulStory\system\fxgl.bundle
16:23:22.465 [FXGL Background Thread 1 ] DEBUG SystemBundleService  - Bundle FXGL: {}
16:23:22.465 [FXGL Background Thread 1 ] DEBUG UpdaterService       - Checking for updates
16:23:22.477 [FXGL Background Thread 1 ] DEBUG FXGLApplication      - Loading default localization
16:23:22.478 [FXGL Background Thread 4 ] DEBUG FXGLApplication      - Loading fonts
16:23:22.479 [FXGL Background Thread 1 ] DEBUG FXGLAssetLoaderServi - Loading from file system: jar:file:/C:/Users/24771/.m2/repository/com/github/almasb/fxgl/11.16/fxgl-11.16.jar!/fxglassets/languages/english.lang
16:23:22.479 [FXGL Background Thread 4 ] DEBUG FXGLAssetLoaderServi - Loading from file system: jar:file:/C:/Users/24771/.m2/repository/com/github/almasb/fxgl/11.16/fxgl-11.16.jar!/fxglassets/ui/fonts/VarelaRound-Regular.ttf
16:23:22.513 [FXGL Background Thread 1 ] INFO  FXGLApplication      - FXGL initialization took: 0.941 sec
16:23:22.522 [JavaFX Application Thread] DEBUG Input                - Registered new binding: move up - W
16:23:22.523 [FXGL Background Thread 4 ] DEBUG FXGLAssetLoaderServi - Loading from file system: jar:file:/C:/Users/24771/.m2/repository/com/github/almasb/fxgl/11.16/fxgl-11.16.jar!/fxglassets/ui/fonts/Abel-Regular.ttf
16:23:22.549 [FXGL Background Thread 4 ] DEBUG FXGLAssetLoaderServi - Loading from file system: jar:file:/C:/Users/24771/.m2/repository/com/github/almasb/fxgl/11.16/fxgl-11.16.jar!/fxglassets/ui/fonts/lucida_console.ttf
16:23:22.579 [FXGL Background Thread 4 ] DEBUG FXGLAssetLoaderServi - Loading from file system: jar:file:/C:/Users/24771/.m2/repository/com/github/almasb/fxgl/11.16/fxgl-11.16.jar!/fxglassets/ui/fonts/Courier-Prime.ttf
16:23:22.687 [JavaFX Application Thread] DEBUG FXGLAssetLoaderServi - Loading from file system: file:/C:/project/wonderfulStory/wonder/target/classes/assets/textures/player.png
16:23:22.702 [JavaFX Application Thread] DEBUG FXGLAssetLoaderServi - Loading from file system: jar:file:/C:/Users/24771/.m2/repository/com/github/almasb/fxgl/11.16/fxgl-11.16.jar!/fxglassets/textures/fxgl_icon.png
16:23:22.738 [JavaFX Application Thread] DEBUG FXGLAssetLoaderServi - Loading from file system: jar:file:/C:/Users/24771/.m2/repository/com/github/almasb/fxgl/11.16/fxgl-11.16.jar!/fxglassets/textures/fxgl_default_cursor.png
16:23:22.743 [JavaFX Application Thread] DEBUG Input                - Registered new binding: Screenshot - CTRL+8
16:23:22.745 [JavaFX Application Thread] DEBUG Input                - Registered new binding: System info dump - CTRL+9
16:23:22.746 [JavaFX Application Thread] DEBUG Input                - Registered new binding: Restart - CTRL+R
16:23:22.748 [JavaFX Application Thread] DEBUG Input                - Registered new binding: Toggle Debug Camera - CTRL+C
16:23:22.752 [JavaFX Application Thread] DEBUG LoopRunner           - Starting loop
16:23:22.753 [JavaFX Application Thread] DEBUG LoopRunner           - Initializing JavaFX AnimationTimerLoop
16:23:22.757 [JavaFX Application Thread] DEBUG GameApplicationServi - Starting new game
16:23:22.758 [JavaFX Application Thread] DEBUG Input                - Clearing active input actions
16:23:22.781 [JavaFX Application Thread] DEBUG GameApplicationServi - Removing overlay from FXGLStartupScene and adding to FXGLLoadingScene
16:23:22.782 [JavaFX Application Thread] DEBUG PrimaryStageWindow   - FXGLStartupScene -> FXGLLoadingScene
16:23:22.782 [JavaFX Application Thread] DEBUG GameApplicationServi - Clearing previous game
16:23:22.782 [JavaFX Application Thread] DEBUG GameScene            - Clearing game scene
16:23:22.783 [JavaFX Application Thread] DEBUG GameWorld            - Clearing game world
16:23:22.783 [JavaFX Application Thread] DEBUG PhysicsWorld         - Clearing physics world
16:23:22.788 [FXGL Background Thread 4 ] DEBUG FXGLApplication      - Initializing game
16:23:22.788 [JavaFX Application Thread] DEBUG FXGLApplication      - Registering font factories with UI factory
16:23:22.798 [FXGL Background Thread 4 ] INFO  FXGLApplication      - Game initialization took: 0.010 sec
16:23:22.863 [JavaFX Application Thread] DEBUG Input                - Clearing active input actions
16:23:22.876 [JavaFX Application Thread] DEBUG GameApplicationServi - Removing overlay from FXGLLoadingScene and adding to GameScene
16:23:22.877 [JavaFX Application Thread] DEBUG PrimaryStageWindow   - FXGLLoadingScene -> GameScene
16:23:22.903 [FXGL Background Thread 2 ] WARN  UpdaterService       - Failed to find updates: java.net.UnknownHostException: raw.githubusercontent.com
16:23:24.055 [JavaFX Application Thread] DEBUG FXGLApplication      - Exiting FXGL
16:23:24.055 [JavaFX Application Thread] DEBUG LoopRunner           - Stopping loop
16:23:24.056 [JavaFX Application Thread] DEBUG SystemBundleService  - Saving FXGL system data
16:23:24.057 [JavaFX Application Thread] DEBUG FileSystemAccess     - Writing to: C:\project\wonderfulStory\system\fxgl.bundle
16:23:24.058 [JavaFX Application Thread] DEBUG Async                - Shutting down background threads
16:23:24.058 [JavaFX Application Thread] DEBUG PrimaryStageWindow   - Closing main window
16:23:24.090 [JavaFX Application Thread] DEBUG Logger               - Closing Logger
