11:01:27.398 [main                     ] DEBUG Logger               - Configured Logger
11:01:27.405 [main                     ] DEBUG GameApplication      - Logging settings
Title: demo
Version: 0.0
Width: 1080
Height: 720
Fullscreen: false
Intro: false
Profiling: false
Single step:false
App Mode: DEVELOPER
Menu Key: ESCAPE
Stage Style: DECORATED
Scene Factory: class com.almasb.fxgl.app.scene.SceneFactory

11:01:27.854 [JavaFX Application Thread] DEBUG FXGLApplication      - Initializing FXGL
11:01:27.858 [JavaFX Application Thread] INFO  Engine               - FXGL-11.17 (16.07.2021 15.46) on WINDOWS (J:16.0.1 FX:16)
11:01:27.859 [JavaFX Application Thread] DEBUG Engine               - JRE Vendor Name: Oracle Corporation
11:01:27.859 [JavaFX Application Thread] DEBUG Engine               - Running on OS: Windows 10 version 10.0
11:01:27.859 [JavaFX Application Thread] DEBUG Engine               - Architecture: amd64
11:01:27.859 [JavaFX Application Thread] INFO  Engine               - Source code and latest versions at: https://github.com/AlmasB/FXGL
11:01:27.860 [JavaFX Application Thread] INFO  Engine               -              Join the FXGL chat at: https://gitter.im/AlmasB/FXGL
11:01:28.045 [JavaFX Application Thread] DEBUG PrimaryStageWindow   - Creating a JavaFX scene
11:01:28.101 [JavaFX Application Thread] DEBUG PrimaryStageWindow   - Target settings size: 1080.0 x 720.0
11:01:28.102 [JavaFX Application Thread] DEBUG PrimaryStageWindow   - Scaled scene size:    1080.0 x 720.0
11:01:28.102 [JavaFX Application Thread] DEBUG PrimaryStageWindow   - Scaled ratio: (1.0, 1.0)
11:01:28.103 [JavaFX Application Thread] DEBUG PrimaryStageWindow   - Set initial scene to FXGLStartupScene
11:01:28.115 [JavaFX Application Thread] DEBUG PrimaryStageWindow   - Opening main window
11:01:28.276 [JavaFX Application Thread] DEBUG PrimaryStageWindow   - Window border size: (14.4000244140625, 37.5999755859375)
11:01:28.276 [JavaFX Application Thread] DEBUG PrimaryStageWindow   - Scaled size: 1080.0 x 720.0
11:01:28.277 [JavaFX Application Thread] DEBUG PrimaryStageWindow   - Scaled ratio: (1.0, 1.0)
11:01:28.277 [JavaFX Application Thread] DEBUG PrimaryStageWindow   - Scene size: 1080.0 x 720.0
11:01:28.277 [JavaFX Application Thread] DEBUG PrimaryStageWindow   - Stage size: 1094.4000244140625 x 757.5999755859375
11:01:28.286 [FXGL Background Thread 1 ] DEBUG Engine               - Initializing environment variables
11:01:28.353 [FXGL Background Thread 1 ] DEBUG FXGLAssetLoaderServi - User app class for loading assets: class com.dam.wonder.GameApp
11:01:28.353 [FXGL Background Thread 1 ] DEBUG GameApplicationServi - Applying CSS: fxgl_dark.css
11:01:28.354 [FXGL Background Thread 1 ] DEBUG FXGLAssetLoaderServi - Loading from file system: jar:file:/C:/Users/24771/.m2/repository/com/github/almasb/fxgl/11.17/fxgl-11.17.jar!/fxglassets/ui/css/fxgl_dark.css
11:01:28.410 [FXGL Background Thread 1 ] DEBUG GameApplicationServi - Initializing application scenes
11:01:28.495 [FXGL Background Thread 1 ] DEBUG GameWorld            - Game world initialized
11:01:28.560 [FXGL Background Thread 1 ] DEBUG PhysicsWorld         - Physics world initialized: appHeight=720, physics.ppm=50.0
11:01:28.561 [FXGL Background Thread 1 ] DEBUG PhysicsWorld         - Using strategy: BRUTE_FORCE
11:01:28.564 [FXGL Background Thread 1 ] DEBUG GameScene            - Game scene initialized: 1080x720
11:01:28.583 [FXGL Background Thread 1 ] DEBUG FXGL.DefaultMenu     - createMenuBodyGameMenu()
11:01:28.604 [FXGL Background Thread 1 ] DEBUG FXGL.DefaultMenu     - createOptionsMenu()
11:01:28.617 [FXGL Background Thread 1 ] DEBUG FXGLAssetLoaderServi - Loading from file system: jar:file:/C:/Users/24771/.m2/repository/com/github/almasb/fxgl/11.17/fxgl-11.17.jar!/fxglassets/textures/particles/smoke.png
11:01:28.721 [FXGL Background Thread 1 ] DEBUG FXGLAssetLoaderServi - Loading from file system: jar:file:/C:/Users/24771/.m2/repository/com/github/almasb/fxgl/11.17/fxgl-11.17.jar!/fxglassets/textures/particles/trace_horizontal.png
11:01:28.753 [FXGL Background Thread 1 ] DEBUG GameApplicationServi - Application scenes initialized
11:01:28.766 [FXGL Background Thread 1 ] DEBUG SystemBundleService  - Loading FXGL system data
11:01:28.771 [FXGL Background Thread 1 ] DEBUG FileSystemAccess     - Reading from: C:\project\wonderfulStory\system\fxgl.bundle
11:01:28.778 [FXGL Background Thread 1 ] DEBUG SystemBundleService  - Bundle FXGL: {}
11:01:28.778 [FXGL Background Thread 1 ] DEBUG UpdaterService       - Checking for updates
11:01:28.811 [FXGL Background Thread 4 ] DEBUG FXGLApplication      - Loading fonts
11:01:28.812 [FXGL Background Thread 1 ] DEBUG FXGLApplication      - Loading default localization
11:01:28.812 [FXGL Background Thread 4 ] DEBUG FXGLAssetLoaderServi - Loading from file system: jar:file:/C:/Users/24771/.m2/repository/com/github/almasb/fxgl/11.17/fxgl-11.17.jar!/fxglassets/ui/fonts/VarelaRound-Regular.ttf
11:01:28.812 [FXGL Background Thread 1 ] DEBUG FXGLAssetLoaderServi - Loading from file system: jar:file:/C:/Users/24771/.m2/repository/com/github/almasb/fxgl/11.17/fxgl-11.17.jar!/fxglassets/languages/english.lang
11:01:28.832 [FXGL Background Thread 1 ] INFO  FXGLApplication      - FXGL initialization took: 0.546 sec
11:01:28.845 [JavaFX Application Thread] DEBUG Input                - Registered new binding: up - W
11:01:28.845 [JavaFX Application Thread] DEBUG Input                - Registered new binding: down - S
11:01:28.846 [JavaFX Application Thread] DEBUG Input                - Registered new binding: left - A
11:01:28.847 [JavaFX Application Thread] DEBUG Input                - Registered new binding: right - D
11:01:28.847 [JavaFX Application Thread] DEBUG Input                - Registered new binding: show talk - P
11:01:28.848 [JavaFX Application Thread] DEBUG FXGLAssetLoaderServi - Loading from file system: jar:file:/C:/Users/24771/.m2/repository/com/github/almasb/fxgl/11.17/fxgl-11.17.jar!/fxglassets/textures/fxgl_icon.png
11:01:28.875 [JavaFX Application Thread] DEBUG FXGLAssetLoaderServi - Loading from file system: jar:file:/C:/Users/24771/.m2/repository/com/github/almasb/fxgl/11.17/fxgl-11.17.jar!/fxglassets/textures/fxgl_default_cursor.png
11:01:28.879 [JavaFX Application Thread] DEBUG Input                - Registered new binding: Screenshot - CTRL+8
11:01:28.879 [JavaFX Application Thread] DEBUG Input                - Registered new binding: Dev Options - 1
11:01:28.880 [JavaFX Application Thread] DEBUG Input                - Registered new binding: Dev Console - 2
11:01:28.881 [JavaFX Application Thread] DEBUG Input                - Registered new binding: System info dump - CTRL+9
11:01:28.882 [JavaFX Application Thread] DEBUG Input                - Registered new binding: Restart - CTRL+R
11:01:28.884 [JavaFX Application Thread] DEBUG Input                - Registered new binding: Toggle Debug Camera - CTRL+C
11:01:28.890 [JavaFX Application Thread] DEBUG LoopRunner           - Starting loop
11:01:28.922 [FXGL Background Thread 4 ] DEBUG FXGLAssetLoaderServi - Loading from file system: jar:file:/C:/Users/24771/.m2/repository/com/github/almasb/fxgl/11.17/fxgl-11.17.jar!/fxglassets/ui/fonts/Abel-Regular.ttf
11:01:28.931 [JavaFX Application Thread] DEBUG LoopRunner           - Initializing JavaFX AnimationTimerLoop
11:01:28.935 [JavaFX Application Thread] DEBUG GameApplicationServi - Starting new game
11:01:28.936 [JavaFX Application Thread] DEBUG Input                - Clearing active input actions
11:01:28.943 [FXGL Background Thread 4 ] DEBUG FXGLAssetLoaderServi - Loading from file system: jar:file:/C:/Users/24771/.m2/repository/com/github/almasb/fxgl/11.17/fxgl-11.17.jar!/fxglassets/ui/fonts/lucida_console.ttf
11:01:28.954 [JavaFX Application Thread] DEBUG GameApplicationServi - Removing overlay from FXGLStartupScene and adding to FXGLLoadingScene
11:01:28.964 [FXGL Background Thread 4 ] DEBUG FXGLAssetLoaderServi - Loading from file system: jar:file:/C:/Users/24771/.m2/repository/com/github/almasb/fxgl/11.17/fxgl-11.17.jar!/fxglassets/ui/fonts/Courier-Prime.ttf
11:01:28.966 [JavaFX Application Thread] DEBUG PrimaryStageWindow   - FXGLStartupScene -> FXGLLoadingScene
11:01:28.967 [JavaFX Application Thread] DEBUG GameApplicationServi - Clearing previous game
11:01:28.967 [JavaFX Application Thread] DEBUG GameScene            - Clearing game scene
11:01:28.969 [JavaFX Application Thread] DEBUG GameWorld            - Clearing game world
11:01:28.969 [JavaFX Application Thread] DEBUG PhysicsWorld         - Clearing physics world
11:01:28.976 [FXGL Background Thread 1 ] DEBUG FXGLApplication      - Initializing game
11:01:29.022 [FXGL Background Thread 1 ] WARN  TMXLevelLoader       - TiledMap generated from 1.7.1. Supported version: 1.2.3. Some features may not be parsed fully.
11:01:29.040 [FXGL Background Thread 1 ] DEBUG TMXLevelLoader       - Parsed TiledMap: file:/C:/project/wonderfulStory/wonder/target/classes/assets/levels/tmx/new_home.tmx
11:01:29.042 [FXGL Background Thread 1 ] DEBUG TMXLevelLoader       - Creating tile layer entities
11:01:29.044 [FXGL Background Thread 1 ] DEBUG TilesetLoader        - Loading view for layer nowone
11:01:29.049 [FXGL Background Thread 2 ] WARN  UpdaterService       - Failed to find updates: java.net.UnknownHostException: raw.githubusercontent.com
11:01:29.065 [FXGL Background Thread 1 ] DEBUG TilesetLoader        - Created buffer with size 3200.0x3200.0
11:01:29.147 [FXGL Background Thread 1 ] DEBUG TMXLevelLoader       - Creating object layer entities
11:01:29.149 [FXGL Background Thread 1 ] DEBUG GameWorld            - Clearing removable entities
11:01:29.149 [FXGL Background Thread 1 ] DEBUG GameWorld            - Setting level: com.almasb.fxgl.entity.level.Level@25d285f7
11:01:29.186 [FXGL Background Thread 1 ] INFO  FXGLApplication      - Game initialization took: 0.210 sec
11:01:29.272 [JavaFX Application Thread] DEBUG FXGLApplication      - Registering font factories with UI factory
11:01:29.283 [JavaFX Application Thread] DEBUG Input                - Clearing active input actions
11:01:29.293 [JavaFX Application Thread] DEBUG GameApplicationServi - Removing overlay from FXGLLoadingScene and adding to GameScene
11:01:29.301 [JavaFX Application Thread] DEBUG PrimaryStageWindow   - FXGLLoadingScene -> GameScene
11:01:31.810 [FXGL Background Thread 3 ] DEBUG Engine               - Logging environment variables
11:01:31.811 [FXGL Background Thread 3 ] DEBUG Engine               - achievements: []
11:01:31.812 [FXGL Background Thread 3 ] DEBUG Engine               - actualHeight: 720.0
11:01:31.812 [FXGL Background Thread 3 ] DEBUG Engine               - actualHeightProperty: ReadOnlyDoubleProperty [value: 720.0]
11:01:31.813 [FXGL Background Thread 3 ] DEBUG Engine               - actualWidth: 1080.0
11:01:31.813 [FXGL Background Thread 3 ] DEBUG Engine               - actualWidthProperty: ReadOnlyDoubleProperty [value: 1080.0]
11:01:31.813 [FXGL Background Thread 3 ] DEBUG Engine               - appIcon: fxgl_icon.png
11:01:31.814 [FXGL Background Thread 3 ] DEBUG Engine               - applicationMode: DEVELOPER
11:01:31.814 [FXGL Background Thread 3 ] DEBUG Engine               - cSSList: [fxgl_dark.css]
11:01:31.815 [FXGL Background Thread 3 ] DEBUG Engine               - collisionDetectionStrategy: BRUTE_FORCE
11:01:31.815 [FXGL Background Thread 3 ] DEBUG Engine               - configClass: Optional.empty
11:01:31.816 [FXGL Background Thread 3 ] DEBUG Engine               - credits: []
11:01:31.817 [FXGL Background Thread 3 ] DEBUG Engine               - defaultCursor: CursorInfo(imageName=fxgl_default_cursor.png, hotspotX=7.0, hotspotY=6.0)
11:01:31.817 [FXGL Background Thread 3 ] DEBUG Engine               - devBBoxColorProperty: ObjectProperty [value: 0xff0000ff]
11:01:31.817 [FXGL Background Thread 3 ] DEBUG Engine               - devEnableDebugCameraProperty: BooleanProperty [value: false]
11:01:31.818 [FXGL Background Thread 3 ] DEBUG Engine               - devSensorColorProperty: ObjectProperty [value: 0xffff00ff]
11:01:31.818 [FXGL Background Thread 3 ] DEBUG Engine               - devShowBBoxProperty: BooleanProperty [value: false]
11:01:31.818 [FXGL Background Thread 3 ] DEBUG Engine               - devShowPositionProperty: BooleanProperty [value: false]
11:01:31.818 [FXGL Background Thread 3 ] DEBUG Engine               - enabledMenuItems: []
11:01:31.819 [FXGL Background Thread 3 ] DEBUG Engine               - engineServices: [class com.almasb.fxgl.app.services.FXGLAssetLoaderService, class com.almasb.fxgl.app.FXGLApplication$GameApplicationService, class com.almasb.fxgl.app.services.FXGLDialogService, class com.almasb.fxgl.app.services.IOTaskExecutorService, class com.almasb.fxgl.io.FileSystemService, class com.almasb.fxgl.localization.LocalizationService, class com.almasb.fxgl.app.services.SystemBundleService, class com.almasb.fxgl.profile.SaveLoadService, class com.almasb.fxgl.ui.FXGLUIFactoryServiceProvider, class com.almasb.fxgl.ui.FXGLDialogFactoryServiceProvider, class com.almasb.fxgl.audio.AudioPlayer, class com.almasb.fxgl.notification.impl.NotificationServiceProvider, class com.almasb.fxgl.achievement.AchievementService, class com.almasb.fxgl.cutscene.CutsceneService, class com.almasb.fxgl.minigames.MiniGameService, class com.almasb.fxgl.net.NetService, class com.almasb.fxgl.app.services.UpdaterService, class com.almasb.fxgl.dev.DevService]
11:01:31.819 [FXGL Background Thread 3 ] DEBUG Engine               - fontGame: Abel-Regular.ttf
11:01:31.819 [FXGL Background Thread 3 ] DEBUG Engine               - fontMono: lucida_console.ttf
11:01:31.819 [FXGL Background Thread 3 ] DEBUG Engine               - fontText: Courier-Prime.ttf
11:01:31.819 [FXGL Background Thread 3 ] DEBUG Engine               - fontUI: VarelaRound-Regular.ttf
11:01:31.820 [FXGL Background Thread 3 ] DEBUG Engine               - fullScreen: BooleanProperty [value: false]
11:01:31.820 [FXGL Background Thread 3 ] DEBUG Engine               - gameDifficulty: MEDIUM
11:01:31.820 [FXGL Background Thread 3 ] DEBUG Engine               - gameDifficultyProperty: ObjectProperty [value: MEDIUM]
11:01:31.821 [FXGL Background Thread 3 ] DEBUG Engine               - globalMusicVolume: 0.5
11:01:31.821 [FXGL Background Thread 3 ] DEBUG Engine               - globalMusicVolumeProperty: DoubleProperty [value: 0.5]
11:01:31.821 [FXGL Background Thread 3 ] DEBUG Engine               - globalSoundVolume: 0.5
11:01:31.821 [FXGL Background Thread 3 ] DEBUG Engine               - globalSoundVolumeProperty: DoubleProperty [value: 0.5]
11:01:31.822 [FXGL Background Thread 3 ] DEBUG Engine               - height: 720
11:01:31.822 [FXGL Background Thread 3 ] DEBUG Engine               - is3D: false
11:01:31.822 [FXGL Background Thread 3 ] DEBUG Engine               - isAndroid: false
11:01:31.822 [FXGL Background Thread 3 ] DEBUG Engine               - isBrowser: false
11:01:31.822 [FXGL Background Thread 3 ] DEBUG Engine               - isClickFeedbackEnabled: false
11:01:31.823 [FXGL Background Thread 3 ] DEBUG Engine               - isCloseConfirmation: false
11:01:31.823 [FXGL Background Thread 3 ] DEBUG Engine               - isDesktop: true
11:01:31.823 [FXGL Background Thread 3 ] DEBUG Engine               - isDeveloperMenuEnabled: true
11:01:31.823 [FXGL Background Thread 3 ] DEBUG Engine               - isEntityPreloadEnabled: true
11:01:31.825 [FXGL Background Thread 3 ] DEBUG Engine               - isExperimentalTiledLargeMap: false
11:01:31.825 [FXGL Background Thread 3 ] DEBUG Engine               - isFileSystemWriteAllowed: true
11:01:31.825 [FXGL Background Thread 3 ] DEBUG Engine               - isFullScreenAllowed: false
11:01:31.825 [FXGL Background Thread 3 ] DEBUG Engine               - isFullScreenFromStart: false
11:01:31.825 [FXGL Background Thread 3 ] DEBUG Engine               - isGameMenuEnabled: true
11:01:31.825 [FXGL Background Thread 3 ] DEBUG Engine               - isIOS: false
11:01:31.825 [FXGL Background Thread 3 ] DEBUG Engine               - isIntroEnabled: false
11:01:31.826 [FXGL Background Thread 3 ] DEBUG Engine               - isLinux: false
11:01:31.826 [FXGL Background Thread 3 ] DEBUG Engine               - isMac: false
11:01:31.826 [FXGL Background Thread 3 ] DEBUG Engine               - isMainMenuEnabled: false
11:01:31.826 [FXGL Background Thread 3 ] DEBUG Engine               - isManualResizeEnabled: false
11:01:31.826 [FXGL Background Thread 3 ] DEBUG Engine               - isMobile: false
11:01:31.827 [FXGL Background Thread 3 ] DEBUG Engine               - isNative: false
11:01:31.827 [FXGL Background Thread 3 ] DEBUG Engine               - isPauseMusicWhenMinimized: true
11:01:31.827 [FXGL Background Thread 3 ] DEBUG Engine               - isPreserveResizeRatio: false
11:01:31.827 [FXGL Background Thread 3 ] DEBUG Engine               - isProfilingEnabled: false
11:01:31.827 [FXGL Background Thread 3 ] DEBUG Engine               - isScaleAffectedOnResize: true
11:01:31.828 [FXGL Background Thread 3 ] DEBUG Engine               - isSingleStep: false
11:01:31.828 [FXGL Background Thread 3 ] DEBUG Engine               - isUserProfileEnabled: false
11:01:31.829 [FXGL Background Thread 3 ] DEBUG Engine               - isWindows: true
11:01:31.829 [FXGL Background Thread 3 ] DEBUG Engine               - language: ObjectProperty [value: ENGLISH]
11:01:31.829 [FXGL Background Thread 3 ] DEBUG Engine               - menuKey: ESCAPE
11:01:31.829 [FXGL Background Thread 3 ] DEBUG Engine               - mouseSensitivity: 0.2
11:01:31.829 [FXGL Background Thread 3 ] DEBUG Engine               - notificationViewClass: class com.almasb.fxgl.notification.view.XboxNotificationView
11:01:31.829 [FXGL Background Thread 3 ] DEBUG Engine               - pixelsPerMeter: 50.0
11:01:31.830 [FXGL Background Thread 3 ] DEBUG Engine               - platform: WINDOWS
11:01:31.830 [FXGL Background Thread 3 ] DEBUG Engine               - prefHeightProperty: ReadOnlyDoubleProperty [value: 720.0]
11:01:31.830 [FXGL Background Thread 3 ] DEBUG Engine               - prefWidthProperty: ReadOnlyDoubleProperty [value: 1080.0]
11:01:31.830 [FXGL Background Thread 3 ] DEBUG Engine               - profileDir: profiles/
11:01:31.830 [FXGL Background Thread 3 ] DEBUG Engine               - profileName: StringProperty [value: DEFAULT]
11:01:31.830 [FXGL Background Thread 3 ] DEBUG Engine               - randomSeed: -1
11:01:31.830 [FXGL Background Thread 3 ] DEBUG Engine               - runtimeInfo: RuntimeInfo(platform=WINDOWS, version=11.17, build=16.07.2021 15.46)
11:01:31.830 [FXGL Background Thread 3 ] DEBUG Engine               - saveFileExt: sav
11:01:31.831 [FXGL Background Thread 3 ] DEBUG Engine               - scaledHeightProp$fxgl: DoubleProperty [bound, value: 720.0]
11:01:31.831 [FXGL Background Thread 3 ] DEBUG Engine               - scaledWidthProp$fxgl: DoubleProperty [bound, value: 1080.0]
11:01:31.831 [FXGL Background Thread 3 ] DEBUG Engine               - sceneFactory: com.almasb.fxgl.app.scene.SceneFactory@95badef
11:01:31.831 [FXGL Background Thread 3 ] DEBUG Engine               - secondsIn24h: 60
11:01:31.831 [FXGL Background Thread 3 ] DEBUG Engine               - soundMenuBack: menu/back.wav
11:01:31.831 [FXGL Background Thread 3 ] DEBUG Engine               - soundMenuPress: menu/press.wav
11:01:31.831 [FXGL Background Thread 3 ] DEBUG Engine               - soundMenuSelect: menu/select.wav
11:01:31.831 [FXGL Background Thread 3 ] DEBUG Engine               - soundNotification: core/notification.wav
11:01:31.832 [FXGL Background Thread 3 ] DEBUG Engine               - stageStyle: DECORATED
11:01:31.832 [FXGL Background Thread 3 ] DEBUG Engine               - supportedLanguages: [ENGLISH, FRENCH, GERMAN, HUNGARIAN, RUSSIAN]
11:01:31.832 [FXGL Background Thread 3 ] DEBUG Engine               - ticksPerSecond: -1
11:01:31.832 [FXGL Background Thread 3 ] DEBUG Engine               - title: demo
11:01:31.832 [FXGL Background Thread 3 ] DEBUG Engine               - urlGithub: https://github.com/AlmasB/FXGL
11:01:31.832 [FXGL Background Thread 3 ] DEBUG Engine               - urlLeaderboard: http://fxgl-top.herokuapp.com/
11:01:31.832 [FXGL Background Thread 3 ] DEBUG Engine               - urlPOM: https://raw.githubusercontent.com/AlmasB/FXGL/release/README.md
11:01:31.832 [FXGL Background Thread 3 ] DEBUG Engine               - userAppClass: class com.dam.wonder.GameApp
11:01:31.833 [FXGL Background Thread 3 ] DEBUG Engine               - version: 0.0
11:01:31.833 [FXGL Background Thread 3 ] DEBUG Engine               - versionCheckDays: 7
11:01:31.833 [FXGL Background Thread 3 ] DEBUG Engine               - width: 1080
11:01:31.833 [FXGL Background Thread 3 ] DEBUG Engine               - Logging services
11:01:31.833 [FXGL Background Thread 3 ] DEBUG Engine               - class com.almasb.fxgl.app.services.FXGLAssetLoaderService
11:01:31.833 [FXGL Background Thread 3 ] DEBUG Engine               - class com.almasb.fxgl.app.FXGLApplication$GameApplicationService
11:01:31.833 [FXGL Background Thread 3 ] DEBUG Engine               - class com.almasb.fxgl.app.services.FXGLDialogService
11:01:31.834 [FXGL Background Thread 3 ] DEBUG Engine               - class com.almasb.fxgl.app.services.IOTaskExecutorService
11:01:31.834 [FXGL Background Thread 3 ] DEBUG Engine               - class com.almasb.fxgl.io.FileSystemService
11:01:31.834 [FXGL Background Thread 3 ] DEBUG Engine               - class com.almasb.fxgl.localization.LocalizationService
11:01:31.834 [FXGL Background Thread 3 ] DEBUG Engine               - class com.almasb.fxgl.app.services.SystemBundleService
11:01:31.834 [FXGL Background Thread 3 ] DEBUG Engine               - class com.almasb.fxgl.profile.SaveLoadService
11:01:31.834 [FXGL Background Thread 3 ] DEBUG Engine               - class com.almasb.fxgl.ui.FXGLUIFactoryServiceProvider
11:01:31.834 [FXGL Background Thread 3 ] DEBUG Engine               - class com.almasb.fxgl.ui.FXGLDialogFactoryServiceProvider
11:01:31.834 [FXGL Background Thread 3 ] DEBUG Engine               - class com.almasb.fxgl.audio.AudioPlayer
11:01:31.835 [FXGL Background Thread 3 ] DEBUG Engine               - class com.almasb.fxgl.notification.impl.NotificationServiceProvider
11:01:31.835 [FXGL Background Thread 3 ] DEBUG Engine               - class com.almasb.fxgl.achievement.AchievementService
11:01:31.835 [FXGL Background Thread 3 ] DEBUG Engine               - class com.almasb.fxgl.cutscene.CutsceneService
11:01:31.835 [FXGL Background Thread 3 ] DEBUG Engine               - class com.almasb.fxgl.minigames.MiniGameService
11:01:31.835 [FXGL Background Thread 3 ] DEBUG Engine               - class com.almasb.fxgl.net.NetService
11:01:31.836 [FXGL Background Thread 3 ] DEBUG Engine               - class com.almasb.fxgl.app.services.UpdaterService
11:01:31.836 [FXGL Background Thread 3 ] DEBUG Engine               - class com.almasb.fxgl.dev.DevService
11:02:32.972 [JavaFX Application Thread] DEBUG FXGLApplication      - Exiting FXGL
11:02:32.972 [JavaFX Application Thread] DEBUG LoopRunner           - Stopping loop
11:02:32.973 [JavaFX Application Thread] DEBUG SystemBundleService  - Saving FXGL system data
11:02:32.976 [JavaFX Application Thread] DEBUG FileSystemAccess     - Writing to: C:\project\wonderfulStory\system\fxgl.bundle
11:02:32.980 [JavaFX Application Thread] DEBUG Async                - Shutting down background threads
11:02:32.980 [JavaFX Application Thread] DEBUG PrimaryStageWindow   - Closing main window
11:02:33.001 [JavaFX Application Thread] DEBUG Logger               - Closing Logger
