10:48:14.118 [main                     ] DEBUG Logger               - Configured Logger
10:48:14.132 [main                     ] DEBUG GameApplication      - Logging settings
Title: demo
Version: 0.0
Width: 1080
Height: 720
Fullscreen: false
Intro: false
Profiling: false
Single step:false
App Mode: DEVELOPER
Menu Key: ESCAPE
Stage Style: DECORATED
Scene Factory: class com.almasb.fxgl.app.scene.SceneFactory

10:48:14.684 [JavaFX Application Thread] DEBUG FXGLApplication      - Initializing FXGL
10:48:14.687 [JavaFX Application Thread] INFO  Engine               - FXGL-11.17 (16.07.2021 15.46) on WINDOWS (J:16.0.1 FX:16)
10:48:14.688 [JavaFX Application Thread] DEBUG Engine               - JRE Vendor Name: Oracle Corporation
10:48:14.689 [JavaFX Application Thread] DEBUG Engine               - Running on OS: Windows 10 version 10.0
10:48:14.689 [JavaFX Application Thread] DEBUG Engine               - Architecture: amd64
10:48:14.690 [JavaFX Application Thread] INFO  Engine               - Source code and latest versions at: https://github.com/AlmasB/FXGL
10:48:14.690 [JavaFX Application Thread] INFO  Engine               -              Join the FXGL chat at: https://gitter.im/AlmasB/FXGL
10:48:14.907 [JavaFX Application Thread] DEBUG PrimaryStageWindow   - Creating a JavaFX scene
10:48:14.980 [JavaFX Application Thread] DEBUG PrimaryStageWindow   - Target settings size: 1080.0 x 720.0
10:48:14.981 [JavaFX Application Thread] DEBUG PrimaryStageWindow   - Scaled scene size:    1080.0 x 720.0
10:48:14.981 [JavaFX Application Thread] DEBUG PrimaryStageWindow   - Scaled ratio: (1.0, 1.0)
10:48:14.983 [JavaFX Application Thread] DEBUG PrimaryStageWindow   - Set initial scene to FXGLStartupScene
10:48:14.993 [JavaFX Application Thread] DEBUG PrimaryStageWindow   - Opening main window
10:48:15.099 [JavaFX Application Thread] DEBUG PrimaryStageWindow   - Window border size: (14.4000244140625, 37.5999755859375)
10:48:15.099 [JavaFX Application Thread] DEBUG PrimaryStageWindow   - Scaled size: 1080.0 x 720.0
10:48:15.099 [JavaFX Application Thread] DEBUG PrimaryStageWindow   - Scaled ratio: (1.0, 1.0)
10:48:15.100 [JavaFX Application Thread] DEBUG PrimaryStageWindow   - Scene size: 1080.0 x 720.0
10:48:15.100 [JavaFX Application Thread] DEBUG PrimaryStageWindow   - Stage size: 1094.4000244140625 x 757.5999755859375
10:48:15.112 [FXGL Background Thread 1 ] DEBUG Engine               - Initializing environment variables
10:48:15.195 [FXGL Background Thread 1 ] DEBUG FXGLAssetLoaderServi - User app class for loading assets: class com.dam.wonder.GameApp
10:48:15.195 [FXGL Background Thread 1 ] DEBUG GameApplicationServi - Applying CSS: fxgl_dark.css
10:48:15.196 [FXGL Background Thread 1 ] DEBUG FXGLAssetLoaderServi - Loading from file system: jar:file:/C:/Users/24771/.m2/repository/com/github/almasb/fxgl/11.17/fxgl-11.17.jar!/fxglassets/ui/css/fxgl_dark.css
10:48:15.261 [FXGL Background Thread 1 ] DEBUG GameApplicationServi - Initializing application scenes
10:48:15.349 [FXGL Background Thread 1 ] DEBUG GameWorld            - Game world initialized
10:48:15.413 [FXGL Background Thread 1 ] DEBUG PhysicsWorld         - Physics world initialized: appHeight=720, physics.ppm=50.0
10:48:15.414 [FXGL Background Thread 1 ] DEBUG PhysicsWorld         - Using strategy: BRUTE_FORCE
10:48:15.418 [FXGL Background Thread 1 ] DEBUG GameScene            - Game scene initialized: 1080x720
10:48:15.436 [FXGL Background Thread 1 ] DEBUG FXGL.DefaultMenu     - createMenuBodyGameMenu()
10:48:15.458 [FXGL Background Thread 1 ] DEBUG FXGL.DefaultMenu     - createOptionsMenu()
10:48:15.473 [FXGL Background Thread 1 ] DEBUG FXGLAssetLoaderServi - Loading from file system: jar:file:/C:/Users/24771/.m2/repository/com/github/almasb/fxgl/11.17/fxgl-11.17.jar!/fxglassets/textures/particles/smoke.png
10:48:15.596 [FXGL Background Thread 1 ] DEBUG FXGLAssetLoaderServi - Loading from file system: jar:file:/C:/Users/24771/.m2/repository/com/github/almasb/fxgl/11.17/fxgl-11.17.jar!/fxglassets/textures/particles/trace_horizontal.png
10:48:15.632 [FXGL Background Thread 1 ] DEBUG GameApplicationServi - Application scenes initialized
10:48:15.644 [FXGL Background Thread 1 ] DEBUG SystemBundleService  - Loading FXGL system data
10:48:15.648 [FXGL Background Thread 1 ] DEBUG FileSystemAccess     - Reading from: C:\project\wonderfulStory\system\fxgl.bundle
10:48:15.655 [FXGL Background Thread 1 ] DEBUG SystemBundleService  - Bundle FXGL: {}
10:48:15.655 [FXGL Background Thread 1 ] DEBUG UpdaterService       - Checking for updates
10:48:15.690 [FXGL Background Thread 4 ] DEBUG FXGLApplication      - Loading fonts
10:48:15.690 [FXGL Background Thread 4 ] DEBUG FXGLAssetLoaderServi - Loading from file system: jar:file:/C:/Users/24771/.m2/repository/com/github/almasb/fxgl/11.17/fxgl-11.17.jar!/fxglassets/ui/fonts/VarelaRound-Regular.ttf
10:48:15.690 [FXGL Background Thread 1 ] DEBUG FXGLApplication      - Loading default localization
10:48:15.691 [FXGL Background Thread 1 ] DEBUG FXGLAssetLoaderServi - Loading from file system: jar:file:/C:/Users/24771/.m2/repository/com/github/almasb/fxgl/11.17/fxgl-11.17.jar!/fxglassets/languages/english.lang
10:48:15.712 [FXGL Background Thread 1 ] INFO  FXGLApplication      - FXGL initialization took: 0.599 sec
10:48:15.726 [JavaFX Application Thread] DEBUG Input                - Registered new binding: up - W
10:48:15.726 [JavaFX Application Thread] DEBUG Input                - Registered new binding: down - S
10:48:15.726 [JavaFX Application Thread] DEBUG Input                - Registered new binding: left - A
10:48:15.727 [JavaFX Application Thread] DEBUG Input                - Registered new binding: right - D
10:48:15.728 [JavaFX Application Thread] DEBUG Input                - Registered new binding: show talk - P
10:48:15.728 [JavaFX Application Thread] DEBUG FXGLAssetLoaderServi - Loading from file system: jar:file:/C:/Users/24771/.m2/repository/com/github/almasb/fxgl/11.17/fxgl-11.17.jar!/fxglassets/textures/fxgl_icon.png
10:48:15.752 [JavaFX Application Thread] DEBUG FXGLAssetLoaderServi - Loading from file system: jar:file:/C:/Users/24771/.m2/repository/com/github/almasb/fxgl/11.17/fxgl-11.17.jar!/fxglassets/textures/fxgl_default_cursor.png
10:48:15.755 [JavaFX Application Thread] DEBUG Input                - Registered new binding: Screenshot - CTRL+8
10:48:15.757 [JavaFX Application Thread] DEBUG Input                - Registered new binding: Dev Options - 1
10:48:15.758 [JavaFX Application Thread] DEBUG Input                - Registered new binding: Dev Console - 2
10:48:15.759 [JavaFX Application Thread] DEBUG Input                - Registered new binding: System info dump - CTRL+9
10:48:15.760 [JavaFX Application Thread] DEBUG Input                - Registered new binding: Restart - CTRL+R
10:48:15.761 [JavaFX Application Thread] DEBUG Input                - Registered new binding: Toggle Debug Camera - CTRL+C
10:48:15.766 [JavaFX Application Thread] DEBUG LoopRunner           - Starting loop
10:48:15.793 [FXGL Background Thread 4 ] DEBUG FXGLAssetLoaderServi - Loading from file system: jar:file:/C:/Users/24771/.m2/repository/com/github/almasb/fxgl/11.17/fxgl-11.17.jar!/fxglassets/ui/fonts/Abel-Regular.ttf
10:48:15.801 [JavaFX Application Thread] DEBUG LoopRunner           - Initializing JavaFX AnimationTimerLoop
10:48:15.804 [JavaFX Application Thread] DEBUG GameApplicationServi - Starting new game
10:48:15.805 [JavaFX Application Thread] DEBUG Input                - Clearing active input actions
10:48:15.813 [FXGL Background Thread 4 ] DEBUG FXGLAssetLoaderServi - Loading from file system: jar:file:/C:/Users/24771/.m2/repository/com/github/almasb/fxgl/11.17/fxgl-11.17.jar!/fxglassets/ui/fonts/lucida_console.ttf
10:48:15.828 [JavaFX Application Thread] DEBUG GameApplicationServi - Removing overlay from FXGLStartupScene and adding to FXGLLoadingScene
10:48:15.834 [FXGL Background Thread 4 ] DEBUG FXGLAssetLoaderServi - Loading from file system: jar:file:/C:/Users/24771/.m2/repository/com/github/almasb/fxgl/11.17/fxgl-11.17.jar!/fxglassets/ui/fonts/Courier-Prime.ttf
10:48:15.835 [JavaFX Application Thread] DEBUG PrimaryStageWindow   - FXGLStartupScene -> FXGLLoadingScene
10:48:15.835 [JavaFX Application Thread] DEBUG GameApplicationServi - Clearing previous game
10:48:15.836 [JavaFX Application Thread] DEBUG GameScene            - Clearing game scene
10:48:15.836 [JavaFX Application Thread] DEBUG GameWorld            - Clearing game world
10:48:15.837 [JavaFX Application Thread] DEBUG PhysicsWorld         - Clearing physics world
10:48:15.839 [FXGL Background Thread 1 ] DEBUG FXGLApplication      - Initializing game
10:48:15.878 [FXGL Background Thread 1 ] WARN  TMXLevelLoader       - TiledMap generated from 1.7.1. Supported version: 1.2.3. Some features may not be parsed fully.
10:48:15.886 [FXGL Background Thread 2 ] WARN  UpdaterService       - Failed to find updates: java.net.UnknownHostException: raw.githubusercontent.com
10:48:15.894 [FXGL Background Thread 1 ] DEBUG TMXLevelLoader       - Parsed TiledMap: file:/C:/project/wonderfulStory/wonder/target/classes/assets/levels/tmx/new_home.tmx
10:48:15.896 [FXGL Background Thread 1 ] DEBUG TMXLevelLoader       - Creating tile layer entities
10:48:15.898 [FXGL Background Thread 1 ] DEBUG TilesetLoader        - Loading view for layer nowone
10:48:15.918 [FXGL Background Thread 1 ] DEBUG TilesetLoader        - Created buffer with size 3200.0x3200.0
10:48:15.989 [FXGL Background Thread 1 ] DEBUG TMXLevelLoader       - Creating object layer entities
10:48:15.990 [FXGL Background Thread 1 ] DEBUG GameWorld            - Clearing removable entities
10:48:15.992 [FXGL Background Thread 1 ] DEBUG GameWorld            - Setting level: com.almasb.fxgl.entity.level.Level@75dc3fa8
10:48:16.027 [FXGL Background Thread 1 ] INFO  FXGLApplication      - Game initialization took: 0.187 sec
10:48:16.114 [JavaFX Application Thread] DEBUG FXGLApplication      - Registering font factories with UI factory
10:48:16.125 [JavaFX Application Thread] DEBUG Input                - Clearing active input actions
10:48:16.137 [JavaFX Application Thread] DEBUG GameApplicationServi - Removing overlay from FXGLLoadingScene and adding to GameScene
10:48:16.144 [JavaFX Application Thread] DEBUG PrimaryStageWindow   - FXGLLoadingScene -> GameScene
10:48:18.688 [FXGL Background Thread 3 ] DEBUG Engine               - Logging environment variables
10:48:18.688 [FXGL Background Thread 3 ] DEBUG Engine               - achievements: []
10:48:18.689 [FXGL Background Thread 3 ] DEBUG Engine               - actualHeight: 720.0
10:48:18.689 [FXGL Background Thread 3 ] DEBUG Engine               - actualHeightProperty: ReadOnlyDoubleProperty [value: 720.0]
10:48:18.689 [FXGL Background Thread 3 ] DEBUG Engine               - actualWidth: 1080.0
10:48:18.690 [FXGL Background Thread 3 ] DEBUG Engine               - actualWidthProperty: ReadOnlyDoubleProperty [value: 1080.0]
10:48:18.690 [FXGL Background Thread 3 ] DEBUG Engine               - appIcon: fxgl_icon.png
10:48:18.690 [FXGL Background Thread 3 ] DEBUG Engine               - applicationMode: DEVELOPER
10:48:18.690 [FXGL Background Thread 3 ] DEBUG Engine               - cSSList: [fxgl_dark.css]
10:48:18.691 [FXGL Background Thread 3 ] DEBUG Engine               - collisionDetectionStrategy: BRUTE_FORCE
10:48:18.691 [FXGL Background Thread 3 ] DEBUG Engine               - configClass: Optional.empty
10:48:18.691 [FXGL Background Thread 3 ] DEBUG Engine               - credits: []
10:48:18.692 [FXGL Background Thread 3 ] DEBUG Engine               - defaultCursor: CursorInfo(imageName=fxgl_default_cursor.png, hotspotX=7.0, hotspotY=6.0)
10:48:18.692 [FXGL Background Thread 3 ] DEBUG Engine               - devBBoxColorProperty: ObjectProperty [value: 0xff0000ff]
10:48:18.692 [FXGL Background Thread 3 ] DEBUG Engine               - devEnableDebugCameraProperty: BooleanProperty [value: false]
10:48:18.692 [FXGL Background Thread 3 ] DEBUG Engine               - devSensorColorProperty: ObjectProperty [value: 0xffff00ff]
10:48:18.693 [FXGL Background Thread 3 ] DEBUG Engine               - devShowBBoxProperty: BooleanProperty [value: false]
10:48:18.693 [FXGL Background Thread 3 ] DEBUG Engine               - devShowPositionProperty: BooleanProperty [value: false]
10:48:18.693 [FXGL Background Thread 3 ] DEBUG Engine               - enabledMenuItems: []
10:48:18.693 [FXGL Background Thread 3 ] DEBUG Engine               - engineServices: [class com.almasb.fxgl.app.services.FXGLAssetLoaderService, class com.almasb.fxgl.app.FXGLApplication$GameApplicationService, class com.almasb.fxgl.app.services.FXGLDialogService, class com.almasb.fxgl.app.services.IOTaskExecutorService, class com.almasb.fxgl.io.FileSystemService, class com.almasb.fxgl.localization.LocalizationService, class com.almasb.fxgl.app.services.SystemBundleService, class com.almasb.fxgl.profile.SaveLoadService, class com.almasb.fxgl.ui.FXGLUIFactoryServiceProvider, class com.almasb.fxgl.ui.FXGLDialogFactoryServiceProvider, class com.almasb.fxgl.audio.AudioPlayer, class com.almasb.fxgl.notification.impl.NotificationServiceProvider, class com.almasb.fxgl.achievement.AchievementService, class com.almasb.fxgl.cutscene.CutsceneService, class com.almasb.fxgl.minigames.MiniGameService, class com.almasb.fxgl.net.NetService, class com.almasb.fxgl.app.services.UpdaterService, class com.almasb.fxgl.dev.DevService]
10:48:18.693 [FXGL Background Thread 3 ] DEBUG Engine               - fontGame: Abel-Regular.ttf
10:48:18.693 [FXGL Background Thread 3 ] DEBUG Engine               - fontMono: lucida_console.ttf
10:48:18.694 [FXGL Background Thread 3 ] DEBUG Engine               - fontText: Courier-Prime.ttf
10:48:18.694 [FXGL Background Thread 3 ] DEBUG Engine               - fontUI: VarelaRound-Regular.ttf
10:48:18.694 [FXGL Background Thread 3 ] DEBUG Engine               - fullScreen: BooleanProperty [value: false]
10:48:18.694 [FXGL Background Thread 3 ] DEBUG Engine               - gameDifficulty: MEDIUM
10:48:18.694 [FXGL Background Thread 3 ] DEBUG Engine               - gameDifficultyProperty: ObjectProperty [value: MEDIUM]
10:48:18.695 [FXGL Background Thread 3 ] DEBUG Engine               - globalMusicVolume: 0.5
10:48:18.695 [FXGL Background Thread 3 ] DEBUG Engine               - globalMusicVolumeProperty: DoubleProperty [value: 0.5]
10:48:18.695 [FXGL Background Thread 3 ] DEBUG Engine               - globalSoundVolume: 0.5
10:48:18.695 [FXGL Background Thread 3 ] DEBUG Engine               - globalSoundVolumeProperty: DoubleProperty [value: 0.5]
10:48:18.695 [FXGL Background Thread 3 ] DEBUG Engine               - height: 720
10:48:18.695 [FXGL Background Thread 3 ] DEBUG Engine               - is3D: false
10:48:18.695 [FXGL Background Thread 3 ] DEBUG Engine               - isAndroid: false
10:48:18.696 [FXGL Background Thread 3 ] DEBUG Engine               - isBrowser: false
10:48:18.696 [FXGL Background Thread 3 ] DEBUG Engine               - isClickFeedbackEnabled: false
10:48:18.696 [FXGL Background Thread 3 ] DEBUG Engine               - isCloseConfirmation: false
10:48:18.696 [FXGL Background Thread 3 ] DEBUG Engine               - isDesktop: true
10:48:18.696 [FXGL Background Thread 3 ] DEBUG Engine               - isDeveloperMenuEnabled: true
10:48:18.697 [FXGL Background Thread 3 ] DEBUG Engine               - isEntityPreloadEnabled: true
10:48:18.697 [FXGL Background Thread 3 ] DEBUG Engine               - isExperimentalTiledLargeMap: false
10:48:18.697 [FXGL Background Thread 3 ] DEBUG Engine               - isFileSystemWriteAllowed: true
10:48:18.697 [FXGL Background Thread 3 ] DEBUG Engine               - isFullScreenAllowed: false
10:48:18.697 [FXGL Background Thread 3 ] DEBUG Engine               - isFullScreenFromStart: false
10:48:18.697 [FXGL Background Thread 3 ] DEBUG Engine               - isGameMenuEnabled: true
10:48:18.697 [FXGL Background Thread 3 ] DEBUG Engine               - isIOS: false
10:48:18.698 [FXGL Background Thread 3 ] DEBUG Engine               - isIntroEnabled: false
10:48:18.698 [FXGL Background Thread 3 ] DEBUG Engine               - isLinux: false
10:48:18.698 [FXGL Background Thread 3 ] DEBUG Engine               - isMac: false
10:48:18.698 [FXGL Background Thread 3 ] DEBUG Engine               - isMainMenuEnabled: false
10:48:18.698 [FXGL Background Thread 3 ] DEBUG Engine               - isManualResizeEnabled: false
10:48:18.698 [FXGL Background Thread 3 ] DEBUG Engine               - isMobile: false
10:48:18.698 [FXGL Background Thread 3 ] DEBUG Engine               - isNative: false
10:48:18.698 [FXGL Background Thread 3 ] DEBUG Engine               - isPauseMusicWhenMinimized: true
10:48:18.699 [FXGL Background Thread 3 ] DEBUG Engine               - isPreserveResizeRatio: false
10:48:18.699 [FXGL Background Thread 3 ] DEBUG Engine               - isProfilingEnabled: false
10:48:18.699 [FXGL Background Thread 3 ] DEBUG Engine               - isScaleAffectedOnResize: true
10:48:18.699 [FXGL Background Thread 3 ] DEBUG Engine               - isSingleStep: false
10:48:18.700 [FXGL Background Thread 3 ] DEBUG Engine               - isUserProfileEnabled: false
10:48:18.700 [FXGL Background Thread 3 ] DEBUG Engine               - isWindows: true
10:48:18.700 [FXGL Background Thread 3 ] DEBUG Engine               - language: ObjectProperty [value: ENGLISH]
10:48:18.700 [FXGL Background Thread 3 ] DEBUG Engine               - menuKey: ESCAPE
10:48:18.700 [FXGL Background Thread 3 ] DEBUG Engine               - mouseSensitivity: 0.2
10:48:18.700 [FXGL Background Thread 3 ] DEBUG Engine               - notificationViewClass: class com.almasb.fxgl.notification.view.XboxNotificationView
10:48:18.700 [FXGL Background Thread 3 ] DEBUG Engine               - pixelsPerMeter: 50.0
10:48:18.700 [FXGL Background Thread 3 ] DEBUG Engine               - platform: WINDOWS
10:48:18.700 [FXGL Background Thread 3 ] DEBUG Engine               - prefHeightProperty: ReadOnlyDoubleProperty [value: 720.0]
10:48:18.701 [FXGL Background Thread 3 ] DEBUG Engine               - prefWidthProperty: ReadOnlyDoubleProperty [value: 1080.0]
10:48:18.701 [FXGL Background Thread 3 ] DEBUG Engine               - profileDir: profiles/
10:48:18.701 [FXGL Background Thread 3 ] DEBUG Engine               - profileName: StringProperty [value: DEFAULT]
10:48:18.701 [FXGL Background Thread 3 ] DEBUG Engine               - randomSeed: -1
10:48:18.701 [FXGL Background Thread 3 ] DEBUG Engine               - runtimeInfo: RuntimeInfo(platform=WINDOWS, version=11.17, build=16.07.2021 15.46)
10:48:18.702 [FXGL Background Thread 3 ] DEBUG Engine               - saveFileExt: sav
10:48:18.702 [FXGL Background Thread 3 ] DEBUG Engine               - scaledHeightProp$fxgl: DoubleProperty [bound, value: 720.0]
10:48:18.702 [FXGL Background Thread 3 ] DEBUG Engine               - scaledWidthProp$fxgl: DoubleProperty [bound, value: 1080.0]
10:48:18.702 [FXGL Background Thread 3 ] DEBUG Engine               - sceneFactory: com.almasb.fxgl.app.scene.SceneFactory@3d8e6202
10:48:18.702 [FXGL Background Thread 3 ] DEBUG Engine               - secondsIn24h: 60
10:48:18.702 [FXGL Background Thread 3 ] DEBUG Engine               - soundMenuBack: menu/back.wav
10:48:18.702 [FXGL Background Thread 3 ] DEBUG Engine               - soundMenuPress: menu/press.wav
10:48:18.702 [FXGL Background Thread 3 ] DEBUG Engine               - soundMenuSelect: menu/select.wav
10:48:18.703 [FXGL Background Thread 3 ] DEBUG Engine               - soundNotification: core/notification.wav
10:48:18.703 [FXGL Background Thread 3 ] DEBUG Engine               - stageStyle: DECORATED
10:48:18.703 [FXGL Background Thread 3 ] DEBUG Engine               - supportedLanguages: [ENGLISH, FRENCH, GERMAN, HUNGARIAN, RUSSIAN]
10:48:18.703 [FXGL Background Thread 3 ] DEBUG Engine               - ticksPerSecond: -1
10:48:18.704 [FXGL Background Thread 3 ] DEBUG Engine               - title: demo
10:48:18.704 [FXGL Background Thread 3 ] DEBUG Engine               - urlGithub: https://github.com/AlmasB/FXGL
10:48:18.705 [FXGL Background Thread 3 ] DEBUG Engine               - urlLeaderboard: http://fxgl-top.herokuapp.com/
10:48:18.705 [FXGL Background Thread 3 ] DEBUG Engine               - urlPOM: https://raw.githubusercontent.com/AlmasB/FXGL/release/README.md
10:48:18.705 [FXGL Background Thread 3 ] DEBUG Engine               - userAppClass: class com.dam.wonder.GameApp
10:48:18.705 [FXGL Background Thread 3 ] DEBUG Engine               - version: 0.0
10:48:18.705 [FXGL Background Thread 3 ] DEBUG Engine               - versionCheckDays: 7
10:48:18.706 [FXGL Background Thread 3 ] DEBUG Engine               - width: 1080
10:48:18.706 [FXGL Background Thread 3 ] DEBUG Engine               - Logging services
10:48:18.706 [FXGL Background Thread 3 ] DEBUG Engine               - class com.almasb.fxgl.app.services.FXGLAssetLoaderService
10:48:18.706 [FXGL Background Thread 3 ] DEBUG Engine               - class com.almasb.fxgl.app.FXGLApplication$GameApplicationService
10:48:18.707 [FXGL Background Thread 3 ] DEBUG Engine               - class com.almasb.fxgl.app.services.FXGLDialogService
10:48:18.707 [FXGL Background Thread 3 ] DEBUG Engine               - class com.almasb.fxgl.app.services.IOTaskExecutorService
10:48:18.707 [FXGL Background Thread 3 ] DEBUG Engine               - class com.almasb.fxgl.io.FileSystemService
10:48:18.707 [FXGL Background Thread 3 ] DEBUG Engine               - class com.almasb.fxgl.localization.LocalizationService
10:48:18.707 [FXGL Background Thread 3 ] DEBUG Engine               - class com.almasb.fxgl.app.services.SystemBundleService
10:48:18.707 [FXGL Background Thread 3 ] DEBUG Engine               - class com.almasb.fxgl.profile.SaveLoadService
10:48:18.708 [FXGL Background Thread 3 ] DEBUG Engine               - class com.almasb.fxgl.ui.FXGLUIFactoryServiceProvider
10:48:18.708 [FXGL Background Thread 3 ] DEBUG Engine               - class com.almasb.fxgl.ui.FXGLDialogFactoryServiceProvider
10:48:18.708 [FXGL Background Thread 3 ] DEBUG Engine               - class com.almasb.fxgl.audio.AudioPlayer
10:48:18.708 [FXGL Background Thread 3 ] DEBUG Engine               - class com.almasb.fxgl.notification.impl.NotificationServiceProvider
10:48:18.709 [FXGL Background Thread 3 ] DEBUG Engine               - class com.almasb.fxgl.achievement.AchievementService
10:48:18.709 [FXGL Background Thread 3 ] DEBUG Engine               - class com.almasb.fxgl.cutscene.CutsceneService
10:48:18.709 [FXGL Background Thread 3 ] DEBUG Engine               - class com.almasb.fxgl.minigames.MiniGameService
10:48:18.709 [FXGL Background Thread 3 ] DEBUG Engine               - class com.almasb.fxgl.net.NetService
10:48:18.709 [FXGL Background Thread 3 ] DEBUG Engine               - class com.almasb.fxgl.app.services.UpdaterService
10:48:18.710 [FXGL Background Thread 3 ] DEBUG Engine               - class com.almasb.fxgl.dev.DevService
10:48:42.221 [JavaFX Application Thread] DEBUG LoopRunner           - Pausing loop
10:49:00.587 [JavaFX Application Thread] DEBUG LoopRunner           - Resuming loop
10:51:05.256 [JavaFX Application Thread] DEBUG FXGLApplication      - Exiting FXGL
10:51:05.256 [JavaFX Application Thread] DEBUG LoopRunner           - Stopping loop
10:51:05.257 [JavaFX Application Thread] DEBUG SystemBundleService  - Saving FXGL system data
10:51:05.262 [JavaFX Application Thread] DEBUG FileSystemAccess     - Writing to: C:\project\wonderfulStory\system\fxgl.bundle
10:51:05.264 [JavaFX Application Thread] DEBUG Async                - Shutting down background threads
10:51:05.264 [JavaFX Application Thread] DEBUG PrimaryStageWindow   - Closing main window
10:51:05.280 [JavaFX Application Thread] DEBUG Logger               - Closing Logger
