16:59:49.107 [main                     ] DEBUG Logger               - Configured Logger
16:59:49.120 [main                     ] DEBUG GameApplication      - Logging settings
Title: demo
Version: 0.0
Width: 1080
Height: 720
Fullscreen: false
Intro: false
Profiling: false
Single step:false
App Mode: DEVELOPER
Menu Key: ESCAPE
Stage Style: DECORATED
Scene Factory: class com.almasb.fxgl.app.scene.SceneFactory

16:59:49.992 [JavaFX Application Thread] DEBUG FXGLApplication      - Initializing FXGL
16:59:49.995 [JavaFX Application Thread] INFO  Engine               - FXGL-11.17 (16.07.2021 15.46) on WINDOWS (J:16.0.1 FX:16)
16:59:49.996 [JavaFX Application Thread] DEBUG Engine               - JRE Vendor Name: Oracle Corporation
16:59:49.996 [JavaFX Application Thread] DEBUG Engine               - Running on OS: Windows 10 version 10.0
16:59:49.997 [JavaFX Application Thread] DEBUG Engine               - Architecture: amd64
16:59:49.997 [JavaFX Application Thread] INFO  Engine               - Source code and latest versions at: https://github.com/AlmasB/FXGL
16:59:49.997 [JavaFX Application Thread] INFO  Engine               -              Join the FXGL chat at: https://gitter.im/AlmasB/FXGL
16:59:50.265 [JavaFX Application Thread] DEBUG PrimaryStageWindow   - Creating a JavaFX scene
16:59:50.364 [JavaFX Application Thread] DEBUG PrimaryStageWindow   - Target settings size: 1080.0 x 720.0
16:59:50.364 [JavaFX Application Thread] DEBUG PrimaryStageWindow   - Scaled scene size:    1080.0 x 720.0
16:59:50.365 [JavaFX Application Thread] DEBUG PrimaryStageWindow   - Scaled ratio: (1.0, 1.0)
16:59:50.367 [JavaFX Application Thread] DEBUG PrimaryStageWindow   - Set initial scene to FXGLStartupScene
16:59:50.391 [JavaFX Application Thread] DEBUG PrimaryStageWindow   - Opening main window
16:59:50.733 [JavaFX Application Thread] DEBUG PrimaryStageWindow   - Window border size: (14.4000244140625, 37.5999755859375)
16:59:50.733 [JavaFX Application Thread] DEBUG PrimaryStageWindow   - Scaled size: 1080.0 x 720.0
16:59:50.735 [JavaFX Application Thread] DEBUG PrimaryStageWindow   - Scaled ratio: (1.0, 1.0)
16:59:50.735 [JavaFX Application Thread] DEBUG PrimaryStageWindow   - Scene size: 1080.0 x 720.0
16:59:50.735 [JavaFX Application Thread] DEBUG PrimaryStageWindow   - Stage size: 1094.4000244140625 x 757.5999755859375
16:59:50.753 [FXGL Background Thread 1 ] DEBUG Engine               - Initializing environment variables
16:59:50.884 [FXGL Background Thread 1 ] DEBUG FXGLAssetLoaderServi - User app class for loading assets: class com.dam.wonder.GameApp
16:59:50.885 [FXGL Background Thread 1 ] DEBUG GameApplicationServi - Applying CSS: fxgl_dark.css
16:59:50.887 [FXGL Background Thread 1 ] DEBUG FXGLAssetLoaderServi - Loading from file system: jar:file:/C:/Users/24771/.m2/repository/com/github/almasb/fxgl/11.17/fxgl-11.17.jar!/fxglassets/ui/css/fxgl_dark.css
16:59:51.002 [FXGL Background Thread 1 ] DEBUG GameApplicationServi - Initializing application scenes
16:59:51.167 [FXGL Background Thread 1 ] DEBUG GameWorld            - Game world initialized
16:59:51.301 [FXGL Background Thread 1 ] DEBUG PhysicsWorld         - Physics world initialized: appHeight=720, physics.ppm=50.0
16:59:51.302 [FXGL Background Thread 1 ] DEBUG PhysicsWorld         - Using strategy: BRUTE_FORCE
16:59:51.308 [FXGL Background Thread 1 ] DEBUG GameScene            - Game scene initialized: 1080x720
16:59:51.331 [FXGL Background Thread 1 ] DEBUG FXGL.DefaultMenu     - createMenuBodyGameMenu()
16:59:51.358 [FXGL Background Thread 1 ] DEBUG FXGL.DefaultMenu     - createOptionsMenu()
16:59:51.377 [FXGL Background Thread 1 ] DEBUG FXGLAssetLoaderServi - Loading from file system: jar:file:/C:/Users/24771/.m2/repository/com/github/almasb/fxgl/11.17/fxgl-11.17.jar!/fxglassets/textures/particles/smoke.png
16:59:51.555 [FXGL Background Thread 1 ] DEBUG FXGLAssetLoaderServi - Loading from file system: jar:file:/C:/Users/24771/.m2/repository/com/github/almasb/fxgl/11.17/fxgl-11.17.jar!/fxglassets/textures/particles/trace_horizontal.png
16:59:51.620 [FXGL Background Thread 1 ] DEBUG GameApplicationServi - Application scenes initialized
16:59:51.648 [FXGL Background Thread 1 ] DEBUG SystemBundleService  - Loading FXGL system data
16:59:51.658 [FXGL Background Thread 1 ] DEBUG FileSystemAccess     - Reading from: C:\project\wonderfulStory\system\fxgl.bundle
16:59:51.674 [FXGL Background Thread 1 ] DEBUG SystemBundleService  - Bundle FXGL: {}
16:59:51.674 [FXGL Background Thread 1 ] DEBUG UpdaterService       - Checking for updates
16:59:51.766 [FXGL Background Thread 1 ] DEBUG FXGLApplication      - Loading default localization
16:59:51.768 [FXGL Background Thread 1 ] DEBUG FXGLAssetLoaderServi - Loading from file system: jar:file:/C:/Users/24771/.m2/repository/com/github/almasb/fxgl/11.17/fxgl-11.17.jar!/fxglassets/languages/english.lang
16:59:51.767 [FXGL Background Thread 4 ] DEBUG FXGLApplication      - Loading fonts
16:59:51.771 [FXGL Background Thread 4 ] DEBUG FXGLAssetLoaderServi - Loading from file system: jar:file:/C:/Users/24771/.m2/repository/com/github/almasb/fxgl/11.17/fxgl-11.17.jar!/fxglassets/ui/fonts/VarelaRound-Regular.ttf
16:59:51.816 [FXGL Background Thread 1 ] INFO  FXGLApplication      - FXGL initialization took: 1.063 sec
16:59:51.840 [JavaFX Application Thread] DEBUG Input                - Registered new binding: up - W
16:59:51.841 [JavaFX Application Thread] DEBUG Input                - Registered new binding: down - S
16:59:51.842 [JavaFX Application Thread] DEBUG Input                - Registered new binding: left - A
16:59:51.842 [JavaFX Application Thread] DEBUG Input                - Registered new binding: right - D
16:59:51.843 [JavaFX Application Thread] DEBUG Input                - Registered new binding: show talk - P
16:59:51.845 [JavaFX Application Thread] DEBUG FXGLAssetLoaderServi - Loading from file system: jar:file:/C:/Users/24771/.m2/repository/com/github/almasb/fxgl/11.17/fxgl-11.17.jar!/fxglassets/textures/fxgl_icon.png
16:59:51.888 [JavaFX Application Thread] DEBUG FXGLAssetLoaderServi - Loading from file system: jar:file:/C:/Users/24771/.m2/repository/com/github/almasb/fxgl/11.17/fxgl-11.17.jar!/fxglassets/textures/fxgl_default_cursor.png
16:59:51.893 [JavaFX Application Thread] DEBUG Input                - Registered new binding: Screenshot - CTRL+8
16:59:51.895 [JavaFX Application Thread] DEBUG Input                - Registered new binding: Dev Options - 1
16:59:51.896 [JavaFX Application Thread] DEBUG Input                - Registered new binding: Dev Console - 2
16:59:51.898 [JavaFX Application Thread] DEBUG Input                - Registered new binding: System info dump - CTRL+9
16:59:51.899 [JavaFX Application Thread] DEBUG Input                - Registered new binding: Restart - CTRL+R
16:59:51.902 [JavaFX Application Thread] DEBUG Input                - Registered new binding: Toggle Debug Camera - CTRL+C
16:59:51.911 [JavaFX Application Thread] DEBUG LoopRunner           - Starting loop
16:59:51.953 [JavaFX Application Thread] DEBUG LoopRunner           - Initializing JavaFX AnimationTimerLoop
16:59:51.958 [JavaFX Application Thread] DEBUG GameApplicationServi - Starting new game
16:59:51.959 [JavaFX Application Thread] DEBUG Input                - Clearing active input actions
16:59:51.989 [JavaFX Application Thread] DEBUG GameApplicationServi - Removing overlay from FXGLStartupScene and adding to FXGLLoadingScene
16:59:51.998 [JavaFX Application Thread] DEBUG PrimaryStageWindow   - FXGLStartupScene -> FXGLLoadingScene
16:59:52.000 [JavaFX Application Thread] DEBUG GameApplicationServi - Clearing previous game
16:59:52.000 [JavaFX Application Thread] DEBUG GameScene            - Clearing game scene
16:59:52.001 [JavaFX Application Thread] DEBUG GameWorld            - Clearing game world
16:59:52.002 [JavaFX Application Thread] DEBUG PhysicsWorld         - Clearing physics world
16:59:52.006 [FXGL Background Thread 1 ] DEBUG FXGLApplication      - Initializing game
16:59:52.091 [FXGL Background Thread 1 ] WARN  TMXLevelLoader       - TiledMap generated from 1.7.1. Supported version: 1.2.3. Some features may not be parsed fully.
16:59:52.125 [FXGL Background Thread 1 ] DEBUG TMXLevelLoader       - Parsed TiledMap: file:/C:/project/wonderfulStory/wonder/target/classes/assets/levels/tmx/new_home.tmx
16:59:52.129 [FXGL Background Thread 1 ] DEBUG TMXLevelLoader       - Creating tile layer entities
16:59:52.133 [FXGL Background Thread 1 ] DEBUG TilesetLoader        - Loading view for layer nowone
16:59:52.173 [FXGL Background Thread 1 ] DEBUG TilesetLoader        - Created buffer with size 3200.0x3200.0
16:59:52.179 [FXGL Background Thread 4 ] DEBUG FXGLAssetLoaderServi - Loading from file system: jar:file:/C:/Users/24771/.m2/repository/com/github/almasb/fxgl/11.17/fxgl-11.17.jar!/fxglassets/ui/fonts/Abel-Regular.ttf
16:59:52.199 [FXGL Background Thread 4 ] DEBUG FXGLAssetLoaderServi - Loading from file system: jar:file:/C:/Users/24771/.m2/repository/com/github/almasb/fxgl/11.17/fxgl-11.17.jar!/fxglassets/ui/fonts/lucida_console.ttf
16:59:52.254 [FXGL Background Thread 4 ] DEBUG FXGLAssetLoaderServi - Loading from file system: jar:file:/C:/Users/24771/.m2/repository/com/github/almasb/fxgl/11.17/fxgl-11.17.jar!/fxglassets/ui/fonts/Courier-Prime.ttf
16:59:52.286 [FXGL Background Thread 2 ] WARN  UpdaterService       - Failed to find updates: java.net.UnknownHostException: raw.githubusercontent.com
16:59:52.349 [FXGL Background Thread 1 ] DEBUG TMXLevelLoader       - Creating object layer entities
16:59:52.351 [FXGL Background Thread 1 ] DEBUG GameWorld            - Clearing removable entities
16:59:52.352 [FXGL Background Thread 1 ] DEBUG GameWorld            - Setting level: com.almasb.fxgl.entity.level.Level@9194b2f
16:59:52.414 [FXGL Background Thread 1 ] INFO  FXGLApplication      - Game initialization took: 0.408 sec
16:59:52.569 [JavaFX Application Thread] DEBUG FXGLApplication      - Registering font factories with UI factory
16:59:52.578 [JavaFX Application Thread] DEBUG Input                - Clearing active input actions
16:59:52.598 [JavaFX Application Thread] DEBUG GameApplicationServi - Removing overlay from FXGLLoadingScene and adding to GameScene
16:59:52.609 [JavaFX Application Thread] DEBUG PrimaryStageWindow   - FXGLLoadingScene -> GameScene
16:59:54.041 [JavaFX Application Thread] DEBUG Input                - Mocking key press: P
16:59:54.064 [JavaFX Application Thread] DEBUG Input                - Registered new binding: remove - LMB
16:59:54.065 [JavaFX Application Thread] DEBUG PrimaryStageWindow   - Push state: TalkScene
16:59:54.065 [JavaFX Application Thread] DEBUG Input                - Clearing active input actions
16:59:54.065 [JavaFX Application Thread] DEBUG GameApplicationServi - Removing overlay from GameScene and adding to TalkScene
16:59:54.067 [JavaFX Application Thread] DEBUG PrimaryStageWindow   - GameScene -> TalkScene
16:59:54.760 [FXGL Background Thread 3 ] DEBUG Engine               - Logging environment variables
16:59:54.760 [FXGL Background Thread 3 ] DEBUG Engine               - achievements: []
16:59:54.761 [FXGL Background Thread 3 ] DEBUG Engine               - actualHeight: 720.0
16:59:54.761 [FXGL Background Thread 3 ] DEBUG Engine               - actualHeightProperty: ReadOnlyDoubleProperty [value: 720.0]
16:59:54.761 [FXGL Background Thread 3 ] DEBUG Engine               - actualWidth: 1080.0
16:59:54.762 [FXGL Background Thread 3 ] DEBUG Engine               - actualWidthProperty: ReadOnlyDoubleProperty [value: 1080.0]
16:59:54.762 [FXGL Background Thread 3 ] DEBUG Engine               - appIcon: fxgl_icon.png
16:59:54.763 [FXGL Background Thread 3 ] DEBUG Engine               - applicationMode: DEVELOPER
16:59:54.763 [FXGL Background Thread 3 ] DEBUG Engine               - cSSList: [fxgl_dark.css]
16:59:54.763 [FXGL Background Thread 3 ] DEBUG Engine               - collisionDetectionStrategy: BRUTE_FORCE
16:59:54.764 [FXGL Background Thread 3 ] DEBUG Engine               - configClass: Optional.empty
16:59:54.764 [FXGL Background Thread 3 ] DEBUG Engine               - credits: []
16:59:54.764 [FXGL Background Thread 3 ] DEBUG Engine               - defaultCursor: CursorInfo(imageName=fxgl_default_cursor.png, hotspotX=7.0, hotspotY=6.0)
16:59:54.765 [FXGL Background Thread 3 ] DEBUG Engine               - devBBoxColorProperty: ObjectProperty [value: 0xff0000ff]
16:59:54.765 [FXGL Background Thread 3 ] DEBUG Engine               - devEnableDebugCameraProperty: BooleanProperty [value: false]
16:59:54.766 [FXGL Background Thread 3 ] DEBUG Engine               - devSensorColorProperty: ObjectProperty [value: 0xffff00ff]
16:59:54.766 [FXGL Background Thread 3 ] DEBUG Engine               - devShowBBoxProperty: BooleanProperty [value: false]
16:59:54.767 [FXGL Background Thread 3 ] DEBUG Engine               - devShowPositionProperty: BooleanProperty [value: false]
16:59:54.767 [FXGL Background Thread 3 ] DEBUG Engine               - enabledMenuItems: []
16:59:54.767 [FXGL Background Thread 3 ] DEBUG Engine               - engineServices: [class com.almasb.fxgl.app.services.FXGLAssetLoaderService, class com.almasb.fxgl.app.FXGLApplication$GameApplicationService, class com.almasb.fxgl.app.services.FXGLDialogService, class com.almasb.fxgl.app.services.IOTaskExecutorService, class com.almasb.fxgl.io.FileSystemService, class com.almasb.fxgl.localization.LocalizationService, class com.almasb.fxgl.app.services.SystemBundleService, class com.almasb.fxgl.profile.SaveLoadService, class com.almasb.fxgl.ui.FXGLUIFactoryServiceProvider, class com.almasb.fxgl.ui.FXGLDialogFactoryServiceProvider, class com.almasb.fxgl.audio.AudioPlayer, class com.almasb.fxgl.notification.impl.NotificationServiceProvider, class com.almasb.fxgl.achievement.AchievementService, class com.almasb.fxgl.cutscene.CutsceneService, class com.almasb.fxgl.minigames.MiniGameService, class com.almasb.fxgl.net.NetService, class com.almasb.fxgl.app.services.UpdaterService, class com.almasb.fxgl.dev.DevService]
16:59:54.768 [FXGL Background Thread 3 ] DEBUG Engine               - fontGame: Abel-Regular.ttf
16:59:54.768 [FXGL Background Thread 3 ] DEBUG Engine               - fontMono: lucida_console.ttf
16:59:54.768 [FXGL Background Thread 3 ] DEBUG Engine               - fontText: Courier-Prime.ttf
16:59:54.768 [FXGL Background Thread 3 ] DEBUG Engine               - fontUI: VarelaRound-Regular.ttf
16:59:54.771 [FXGL Background Thread 3 ] DEBUG Engine               - fullScreen: BooleanProperty [value: false]
16:59:54.771 [FXGL Background Thread 3 ] DEBUG Engine               - gameDifficulty: MEDIUM
16:59:54.772 [FXGL Background Thread 3 ] DEBUG Engine               - gameDifficultyProperty: ObjectProperty [value: MEDIUM]
16:59:54.773 [FXGL Background Thread 3 ] DEBUG Engine               - globalMusicVolume: 0.5
16:59:54.773 [FXGL Background Thread 3 ] DEBUG Engine               - globalMusicVolumeProperty: DoubleProperty [value: 0.5]
16:59:54.773 [FXGL Background Thread 3 ] DEBUG Engine               - globalSoundVolume: 0.5
16:59:54.774 [FXGL Background Thread 3 ] DEBUG Engine               - globalSoundVolumeProperty: DoubleProperty [value: 0.5]
16:59:54.774 [FXGL Background Thread 3 ] DEBUG Engine               - height: 720
16:59:54.774 [FXGL Background Thread 3 ] DEBUG Engine               - is3D: false
16:59:54.774 [FXGL Background Thread 3 ] DEBUG Engine               - isAndroid: false
16:59:54.775 [FXGL Background Thread 3 ] DEBUG Engine               - isBrowser: false
16:59:54.778 [FXGL Background Thread 3 ] DEBUG Engine               - isClickFeedbackEnabled: false
16:59:54.778 [FXGL Background Thread 3 ] DEBUG Engine               - isCloseConfirmation: false
16:59:54.779 [FXGL Background Thread 3 ] DEBUG Engine               - isDesktop: true
16:59:54.780 [FXGL Background Thread 3 ] DEBUG Engine               - isDeveloperMenuEnabled: true
16:59:54.780 [FXGL Background Thread 3 ] DEBUG Engine               - isEntityPreloadEnabled: true
16:59:54.780 [FXGL Background Thread 3 ] DEBUG Engine               - isExperimentalTiledLargeMap: false
16:59:54.780 [FXGL Background Thread 3 ] DEBUG Engine               - isFileSystemWriteAllowed: true
16:59:54.781 [FXGL Background Thread 3 ] DEBUG Engine               - isFullScreenAllowed: false
16:59:54.781 [FXGL Background Thread 3 ] DEBUG Engine               - isFullScreenFromStart: false
16:59:54.782 [FXGL Background Thread 3 ] DEBUG Engine               - isGameMenuEnabled: true
16:59:54.782 [FXGL Background Thread 3 ] DEBUG Engine               - isIOS: false
16:59:54.782 [FXGL Background Thread 3 ] DEBUG Engine               - isIntroEnabled: false
16:59:54.782 [FXGL Background Thread 3 ] DEBUG Engine               - isLinux: false
16:59:54.783 [FXGL Background Thread 3 ] DEBUG Engine               - isMac: false
16:59:54.783 [FXGL Background Thread 3 ] DEBUG Engine               - isMainMenuEnabled: false
16:59:54.783 [FXGL Background Thread 3 ] DEBUG Engine               - isManualResizeEnabled: false
16:59:54.784 [FXGL Background Thread 3 ] DEBUG Engine               - isMobile: false
16:59:54.784 [FXGL Background Thread 3 ] DEBUG Engine               - isNative: false
16:59:54.784 [FXGL Background Thread 3 ] DEBUG Engine               - isPauseMusicWhenMinimized: true
16:59:54.785 [FXGL Background Thread 3 ] DEBUG Engine               - isPreserveResizeRatio: false
16:59:54.785 [FXGL Background Thread 3 ] DEBUG Engine               - isProfilingEnabled: false
16:59:54.785 [FXGL Background Thread 3 ] DEBUG Engine               - isScaleAffectedOnResize: true
16:59:54.786 [FXGL Background Thread 3 ] DEBUG Engine               - isSingleStep: false
16:59:54.786 [FXGL Background Thread 3 ] DEBUG Engine               - isUserProfileEnabled: false
16:59:54.787 [FXGL Background Thread 3 ] DEBUG Engine               - isWindows: true
16:59:54.787 [FXGL Background Thread 3 ] DEBUG Engine               - language: ObjectProperty [value: ENGLISH]
16:59:54.788 [FXGL Background Thread 3 ] DEBUG Engine               - menuKey: ESCAPE
16:59:54.788 [FXGL Background Thread 3 ] DEBUG Engine               - mouseSensitivity: 0.2
16:59:54.789 [FXGL Background Thread 3 ] DEBUG Engine               - notificationViewClass: class com.almasb.fxgl.notification.view.XboxNotificationView
16:59:54.789 [FXGL Background Thread 3 ] DEBUG Engine               - pixelsPerMeter: 50.0
16:59:54.789 [FXGL Background Thread 3 ] DEBUG Engine               - platform: WINDOWS
16:59:54.790 [FXGL Background Thread 3 ] DEBUG Engine               - prefHeightProperty: ReadOnlyDoubleProperty [value: 720.0]
16:59:54.790 [FXGL Background Thread 3 ] DEBUG Engine               - prefWidthProperty: ReadOnlyDoubleProperty [value: 1080.0]
16:59:54.791 [FXGL Background Thread 3 ] DEBUG Engine               - profileDir: profiles/
16:59:54.791 [FXGL Background Thread 3 ] DEBUG Engine               - profileName: StringProperty [value: DEFAULT]
16:59:54.791 [FXGL Background Thread 3 ] DEBUG Engine               - randomSeed: -1
16:59:54.791 [FXGL Background Thread 3 ] DEBUG Engine               - runtimeInfo: RuntimeInfo(platform=WINDOWS, version=11.17, build=16.07.2021 15.46)
16:59:54.791 [FXGL Background Thread 3 ] DEBUG Engine               - saveFileExt: sav
16:59:54.791 [FXGL Background Thread 3 ] DEBUG Engine               - scaledHeightProp$fxgl: DoubleProperty [bound, value: 720.0]
16:59:54.791 [FXGL Background Thread 3 ] DEBUG Engine               - scaledWidthProp$fxgl: DoubleProperty [bound, value: 1080.0]
16:59:54.792 [FXGL Background Thread 3 ] DEBUG Engine               - sceneFactory: com.almasb.fxgl.app.scene.SceneFactory@65d50b67
16:59:54.792 [FXGL Background Thread 3 ] DEBUG Engine               - secondsIn24h: 60
16:59:54.792 [FXGL Background Thread 3 ] DEBUG Engine               - soundMenuBack: menu/back.wav
16:59:54.792 [FXGL Background Thread 3 ] DEBUG Engine               - soundMenuPress: menu/press.wav
16:59:54.792 [FXGL Background Thread 3 ] DEBUG Engine               - soundMenuSelect: menu/select.wav
16:59:54.793 [FXGL Background Thread 3 ] DEBUG Engine               - soundNotification: core/notification.wav
16:59:54.793 [FXGL Background Thread 3 ] DEBUG Engine               - stageStyle: DECORATED
16:59:54.794 [FXGL Background Thread 3 ] DEBUG Engine               - supportedLanguages: [ENGLISH, FRENCH, GERMAN, HUNGARIAN, RUSSIAN]
16:59:54.794 [FXGL Background Thread 3 ] DEBUG Engine               - ticksPerSecond: -1
16:59:54.795 [FXGL Background Thread 3 ] DEBUG Engine               - title: demo
16:59:54.795 [FXGL Background Thread 3 ] DEBUG Engine               - urlGithub: https://github.com/AlmasB/FXGL
16:59:54.795 [FXGL Background Thread 3 ] DEBUG Engine               - urlLeaderboard: http://fxgl-top.herokuapp.com/
16:59:54.795 [FXGL Background Thread 3 ] DEBUG Engine               - urlPOM: https://raw.githubusercontent.com/AlmasB/FXGL/release/README.md
16:59:54.796 [FXGL Background Thread 3 ] DEBUG Engine               - userAppClass: class com.dam.wonder.GameApp
16:59:54.796 [FXGL Background Thread 3 ] DEBUG Engine               - version: 0.0
16:59:54.796 [FXGL Background Thread 3 ] DEBUG Engine               - versionCheckDays: 7
16:59:54.797 [FXGL Background Thread 3 ] DEBUG Engine               - width: 1080
16:59:54.797 [FXGL Background Thread 3 ] DEBUG Engine               - Logging services
16:59:54.797 [FXGL Background Thread 3 ] DEBUG Engine               - class com.almasb.fxgl.app.services.FXGLAssetLoaderService
16:59:54.797 [FXGL Background Thread 3 ] DEBUG Engine               - class com.almasb.fxgl.app.FXGLApplication$GameApplicationService
16:59:54.797 [FXGL Background Thread 3 ] DEBUG Engine               - class com.almasb.fxgl.app.services.FXGLDialogService
16:59:54.798 [FXGL Background Thread 3 ] DEBUG Engine               - class com.almasb.fxgl.app.services.IOTaskExecutorService
16:59:54.798 [FXGL Background Thread 3 ] DEBUG Engine               - class com.almasb.fxgl.io.FileSystemService
16:59:54.799 [FXGL Background Thread 3 ] DEBUG Engine               - class com.almasb.fxgl.localization.LocalizationService
16:59:54.799 [FXGL Background Thread 3 ] DEBUG Engine               - class com.almasb.fxgl.app.services.SystemBundleService
16:59:54.800 [FXGL Background Thread 3 ] DEBUG Engine               - class com.almasb.fxgl.profile.SaveLoadService
16:59:54.800 [FXGL Background Thread 3 ] DEBUG Engine               - class com.almasb.fxgl.ui.FXGLUIFactoryServiceProvider
16:59:54.801 [FXGL Background Thread 3 ] DEBUG Engine               - class com.almasb.fxgl.ui.FXGLDialogFactoryServiceProvider
16:59:54.801 [FXGL Background Thread 3 ] DEBUG Engine               - class com.almasb.fxgl.audio.AudioPlayer
16:59:54.802 [FXGL Background Thread 3 ] DEBUG Engine               - class com.almasb.fxgl.notification.impl.NotificationServiceProvider
16:59:54.802 [FXGL Background Thread 3 ] DEBUG Engine               - class com.almasb.fxgl.achievement.AchievementService
16:59:54.802 [FXGL Background Thread 3 ] DEBUG Engine               - class com.almasb.fxgl.cutscene.CutsceneService
16:59:54.803 [FXGL Background Thread 3 ] DEBUG Engine               - class com.almasb.fxgl.minigames.MiniGameService
16:59:54.804 [FXGL Background Thread 3 ] DEBUG Engine               - class com.almasb.fxgl.net.NetService
16:59:54.804 [FXGL Background Thread 3 ] DEBUG Engine               - class com.almasb.fxgl.app.services.UpdaterService
16:59:54.805 [FXGL Background Thread 3 ] DEBUG Engine               - class com.almasb.fxgl.dev.DevService
17:00:02.019 [JavaFX Application Thread] DEBUG Input                - Clearing active input actions
17:00:02.019 [JavaFX Application Thread] DEBUG PrimaryStageWindow   - Pop state: TalkScene
17:00:02.019 [JavaFX Application Thread] DEBUG Input                - Clearing active input actions
17:00:02.020 [JavaFX Application Thread] DEBUG GameApplicationServi - Removing overlay from TalkScene and adding to GameScene
17:00:02.022 [JavaFX Application Thread] DEBUG PrimaryStageWindow   - GameScene <- TalkScene
17:00:04.925 [JavaFX Application Thread] DEBUG FXGLApplication      - Exiting FXGL
17:00:04.925 [JavaFX Application Thread] DEBUG LoopRunner           - Stopping loop
17:00:04.926 [JavaFX Application Thread] DEBUG SystemBundleService  - Saving FXGL system data
17:00:04.930 [JavaFX Application Thread] DEBUG FileSystemAccess     - Writing to: C:\project\wonderfulStory\system\fxgl.bundle
17:00:04.933 [JavaFX Application Thread] DEBUG Async                - Shutting down background threads
17:00:04.934 [JavaFX Application Thread] DEBUG PrimaryStageWindow   - Closing main window
17:00:04.966 [JavaFX Application Thread] DEBUG Logger               - Closing Logger
