20:51:16.091 [main                     ] DEBUG Logger               - Configured Logger
20:51:16.105 [main                     ] DEBUG GameApplication      - Logging settings
Title: Asteroids
Version: 0.1
Width: 500
Height: 750
Fullscreen: false
Intro: false
Profiling: false
Single step:false
App Mode: DEVELOPER
Menu Key: ESCAPE
Stage Style: DECORATED
Scene Factory: class com.dam.wonder.view.fxglgames.AsteroidsApp$1

20:51:16.455 [JavaFX Application Thread] DEBUG FXGLApplication      - Initializing FXGL
20:51:16.457 [JavaFX Application Thread] INFO  Engine               - FXGL-11.16 (25.05.2021 08.16) on WINDOWS (J:16.0.1 FX:16)
20:51:16.457 [JavaFX Application Thread] DEBUG Engine               - JRE Vendor Name: Oracle Corporation
20:51:16.457 [JavaFX Application Thread] DEBUG Engine               - Running on OS: Windows 10 version 10.0
20:51:16.458 [JavaFX Application Thread] DEBUG Engine               - Architecture: amd64
20:51:16.458 [JavaFX Application Thread] INFO  Engine               - Source code and latest versions at: https://github.com/AlmasB/FXGL
20:51:16.458 [JavaFX Application Thread] INFO  Engine               -              Join the FXGL chat at: https://gitter.im/AlmasB/FXGL
20:51:16.573 [JavaFX Application Thread] DEBUG PrimaryStageWindow   - Creating a JavaFX scene
20:51:16.620 [JavaFX Application Thread] DEBUG PrimaryStageWindow   - Target settings size: 500.0 x 750.0
20:51:16.620 [JavaFX Application Thread] DEBUG PrimaryStageWindow   - Scaled scene size:    500.0 x 750.0
20:51:16.620 [JavaFX Application Thread] DEBUG PrimaryStageWindow   - Scaled ratio: (1.0, 1.0)
20:51:16.621 [JavaFX Application Thread] DEBUG PrimaryStageWindow   - Set initial scene to FXGLStartupScene
20:51:16.627 [JavaFX Application Thread] DEBUG PrimaryStageWindow   - Opening main window
20:51:16.746 [JavaFX Application Thread] DEBUG PrimaryStageWindow   - Window border size: (14.4000244140625, 38.0)
20:51:16.746 [JavaFX Application Thread] DEBUG PrimaryStageWindow   - Scaled size: 500.0 x 750.0
20:51:16.746 [JavaFX Application Thread] DEBUG PrimaryStageWindow   - Scaled ratio: (1.0, 1.0)
20:51:16.746 [JavaFX Application Thread] DEBUG PrimaryStageWindow   - Scene size: 500.0 x 750.0
20:51:16.746 [JavaFX Application Thread] DEBUG PrimaryStageWindow   - Stage size: 514.4000244140625 x 788.0
20:51:16.756 [FXGL Background Thread 1 ] DEBUG Engine               - Initializing environment variables
20:51:16.789 [FXGL Background Thread 1 ] DEBUG FXGLAssetLoaderServi - User app class for loading assets: class com.dam.wonder.view.fxglgames.AsteroidsApp
20:51:16.789 [FXGL Background Thread 1 ] DEBUG GameApplicationServi - Applying CSS: fxgl_dark.css
20:51:16.790 [FXGL Background Thread 1 ] DEBUG FXGLAssetLoaderServi - Loading from file system: jar:file:/C:/Users/24771/.m2/repository/com/github/almasb/fxgl/11.16/fxgl-11.16.jar!/fxglassets/ui/css/fxgl_dark.css
20:51:16.829 [FXGL Background Thread 1 ] DEBUG GameApplicationServi - Initializing application scenes
20:51:16.872 [FXGL Background Thread 1 ] DEBUG GameWorld            - Game world initialized
20:51:16.915 [FXGL Background Thread 1 ] DEBUG PhysicsWorld         - Physics world initialized: appHeight=750, physics.ppm=50.0
20:51:16.916 [FXGL Background Thread 1 ] DEBUG PhysicsWorld         - Using strategy: BRUTE_FORCE
20:51:16.917 [FXGL Background Thread 1 ] DEBUG GameScene            - Game scene initialized: 500x750
20:51:16.926 [FXGL Background Thread 1 ] WARN  FXGL.DefaultMenu     - FXGLDefaultMenu is not designed for resolutions < 800x600
20:51:16.926 [FXGL Background Thread 1 ] DEBUG FXGL.DefaultMenu     - createMenuBodyGameMenu()
20:51:16.940 [FXGL Background Thread 1 ] DEBUG FXGL.DefaultMenu     - createOptionsMenu()
20:51:16.948 [FXGL Background Thread 1 ] DEBUG FXGLAssetLoaderServi - Loading from file system: jar:file:/C:/Users/24771/.m2/repository/com/github/almasb/fxgl/11.16/fxgl-11.16.jar!/fxglassets/textures/particles/smoke.png
20:51:17.028 [FXGL Background Thread 1 ] DEBUG FXGLAssetLoaderServi - Loading from file system: jar:file:/C:/Users/24771/.m2/repository/com/github/almasb/fxgl/11.16/fxgl-11.16.jar!/fxglassets/textures/particles/trace_horizontal.png
20:51:17.048 [FXGL Background Thread 1 ] DEBUG GameApplicationServi - Application scenes initialized
20:51:17.059 [FXGL Background Thread 1 ] DEBUG SystemBundleService  - Loading FXGL system data
20:51:17.062 [FXGL Background Thread 1 ] DEBUG FileSystemAccess     - Reading from: E:\projects\javaProject\wonderful\wonderfulGame\system\fxgl.bundle
20:51:17.068 [FXGL Background Thread 1 ] DEBUG SystemBundleService  - Bundle FXGL: {}
20:51:17.068 [FXGL Background Thread 1 ] DEBUG UpdaterService       - Checking for updates
20:51:17.073 [FXGL Background Thread 4 ] DEBUG FXGLApplication      - Loading fonts
20:51:17.074 [FXGL Background Thread 1 ] DEBUG FXGLApplication      - Loading default localization
20:51:17.074 [FXGL Background Thread 4 ] DEBUG FXGLAssetLoaderServi - Loading from file system: jar:file:/C:/Users/24771/.m2/repository/com/github/almasb/fxgl/11.16/fxgl-11.16.jar!/fxglassets/ui/fonts/VarelaRound-Regular.ttf
20:51:17.075 [FXGL Background Thread 1 ] DEBUG FXGLAssetLoaderServi - Loading from file system: jar:file:/C:/Users/24771/.m2/repository/com/github/almasb/fxgl/11.16/fxgl-11.16.jar!/fxglassets/languages/english.lang
20:51:17.090 [FXGL Background Thread 1 ] INFO  FXGLApplication      - FXGL initialization took: 0.333 sec
20:51:17.098 [JavaFX Application Thread] DEBUG Input                - Registered new binding: action0 - A
20:51:17.099 [JavaFX Application Thread] DEBUG Input                - Registered new binding: action1 - D
20:51:17.100 [JavaFX Application Thread] DEBUG Input                - Registered new binding: action2 - W
20:51:17.100 [JavaFX Application Thread] DEBUG Input                - Registered new binding: Shoot - F
20:51:17.101 [JavaFX Application Thread] DEBUG FXGLAssetLoaderServi - Loading from file system: jar:file:/C:/Users/24771/.m2/repository/com/github/almasb/fxgl/11.16/fxgl-11.16.jar!/fxglassets/textures/fxgl_icon.png
20:51:17.117 [JavaFX Application Thread] DEBUG FXGLAssetLoaderServi - Loading from file system: jar:file:/C:/Users/24771/.m2/repository/com/github/almasb/fxgl/11.16/fxgl-11.16.jar!/fxglassets/textures/fxgl_default_cursor.png
20:51:17.119 [JavaFX Application Thread] DEBUG Input                - Registered new binding: Screenshot - CTRL+8
20:51:17.120 [JavaFX Application Thread] DEBUG Input                - Registered new binding: System info dump - CTRL+9
20:51:17.121 [JavaFX Application Thread] DEBUG Input                - Registered new binding: Restart - CTRL+R
20:51:17.121 [JavaFX Application Thread] DEBUG Input                - Registered new binding: Toggle Debug Camera - CTRL+C
20:51:17.123 [JavaFX Application Thread] DEBUG LoopRunner           - Starting loop
20:51:17.123 [JavaFX Application Thread] DEBUG LoopRunner           - Initializing JavaFX AnimationTimerLoop
20:51:17.125 [JavaFX Application Thread] DEBUG GameApplicationServi - Starting new game
20:51:17.125 [JavaFX Application Thread] DEBUG Input                - Clearing active input actions
20:51:17.135 [JavaFX Application Thread] DEBUG GameApplicationServi - Removing overlay from FXGLStartupScene and adding to FXGLLoadingScene
20:51:17.135 [JavaFX Application Thread] DEBUG PrimaryStageWindow   - FXGLStartupScene -> FXGLLoadingScene
20:51:17.136 [JavaFX Application Thread] DEBUG GameApplicationServi - Clearing previous game
20:51:17.136 [JavaFX Application Thread] DEBUG GameScene            - Clearing game scene
20:51:17.136 [JavaFX Application Thread] DEBUG GameWorld            - Clearing game world
20:51:17.136 [JavaFX Application Thread] DEBUG PhysicsWorld         - Clearing physics world
20:51:17.137 [FXGL Background Thread 1 ] DEBUG FXGLApplication      - Initializing game
20:51:17.167 [FXGL Background Thread 1 ] DEBUG FXGLAssetLoaderServi - Loading from file system: file:/E:/projects/javaProject/wonderful/wonderfulGame/wonder/target/classes/assets/textures/player.png
20:51:17.189 [FXGL Background Thread 1 ] INFO  FXGLApplication      - Game initialization took: 0.051 sec
20:51:17.221 [JavaFX Application Thread] DEBUG Input                - Clearing active input actions
20:51:17.226 [JavaFX Application Thread] DEBUG GameApplicationServi - Removing overlay from FXGLLoadingScene and adding to GameScene
20:51:17.227 [JavaFX Application Thread] DEBUG PrimaryStageWindow   - FXGLLoadingScene -> GameScene
20:51:17.291 [FXGL Background Thread 4 ] DEBUG FXGLAssetLoaderServi - Loading from file system: jar:file:/C:/Users/24771/.m2/repository/com/github/almasb/fxgl/11.16/fxgl-11.16.jar!/fxglassets/ui/fonts/Abel-Regular.ttf
20:51:17.300 [FXGL Background Thread 4 ] DEBUG FXGLAssetLoaderServi - Loading from file system: jar:file:/C:/Users/24771/.m2/repository/com/github/almasb/fxgl/11.16/fxgl-11.16.jar!/fxglassets/ui/fonts/lucida_console.ttf
20:51:17.310 [FXGL Background Thread 4 ] DEBUG FXGLAssetLoaderServi - Loading from file system: jar:file:/C:/Users/24771/.m2/repository/com/github/almasb/fxgl/11.16/fxgl-11.16.jar!/fxglassets/ui/fonts/Courier-Prime.ttf
20:51:17.319 [JavaFX Application Thread] DEBUG FXGLApplication      - Registering font factories with UI factory
20:51:19.169 [JavaFX Application Thread] DEBUG FXGLAssetLoaderServi - Loading from file system: file:/E:/projects/javaProject/wonderful/wonderfulGame/wonder/target/classes/assets/textures/asteroid.png
20:51:20.072 [FXGL Background Thread 3 ] DEBUG Engine               - Logging environment variables
20:51:20.072 [FXGL Background Thread 3 ] DEBUG Engine               - achievements: []
20:51:20.072 [FXGL Background Thread 3 ] DEBUG Engine               - actualHeight: 750.0
20:51:20.073 [FXGL Background Thread 3 ] DEBUG Engine               - actualHeightProperty: ReadOnlyDoubleProperty [value: 750.0]
20:51:20.073 [FXGL Background Thread 3 ] DEBUG Engine               - actualWidth: 500.0
20:51:20.073 [FXGL Background Thread 3 ] DEBUG Engine               - actualWidthProperty: ReadOnlyDoubleProperty [value: 500.0]
20:51:20.073 [FXGL Background Thread 3 ] DEBUG Engine               - appIcon: fxgl_icon.png
20:51:20.073 [FXGL Background Thread 3 ] DEBUG Engine               - applicationMode: DEVELOPER
20:51:20.073 [FXGL Background Thread 3 ] DEBUG Engine               - cSSList: [fxgl_dark.css]
20:51:20.073 [FXGL Background Thread 3 ] DEBUG Engine               - collisionDetectionStrategy: BRUTE_FORCE
20:51:20.073 [FXGL Background Thread 3 ] DEBUG Engine               - configClass: Optional.empty
20:51:20.073 [FXGL Background Thread 3 ] DEBUG Engine               - credits: []
20:51:20.074 [FXGL Background Thread 3 ] DEBUG Engine               - defaultCursor: CursorInfo(imageName=fxgl_default_cursor.png, hotspotX=7.0, hotspotY=6.0)
20:51:20.074 [FXGL Background Thread 3 ] DEBUG Engine               - devBBoxColorProperty: ObjectProperty [value: 0xff0000ff]
20:51:20.074 [FXGL Background Thread 3 ] DEBUG Engine               - devEnableDebugCameraProperty: BooleanProperty [value: false]
20:51:20.074 [FXGL Background Thread 3 ] DEBUG Engine               - devSensorColorProperty: ObjectProperty [value: 0xffff00ff]
20:51:20.074 [FXGL Background Thread 3 ] DEBUG Engine               - devShowBBoxProperty: BooleanProperty [value: false]
20:51:20.075 [FXGL Background Thread 3 ] DEBUG Engine               - devShowPositionProperty: BooleanProperty [value: false]
20:51:20.075 [FXGL Background Thread 3 ] DEBUG Engine               - enabledMenuItems: []
20:51:20.075 [FXGL Background Thread 3 ] DEBUG Engine               - engineServices: [class com.almasb.fxgl.app.services.FXGLAssetLoaderService, class com.almasb.fxgl.app.FXGLApplication$GameApplicationService, class com.almasb.fxgl.app.services.FXGLDialogService, class com.almasb.fxgl.app.services.IOTaskExecutorService, class com.almasb.fxgl.io.FileSystemService, class com.almasb.fxgl.localization.LocalizationService, class com.almasb.fxgl.app.services.SystemBundleService, class com.almasb.fxgl.profile.SaveLoadService, class com.almasb.fxgl.ui.FXGLUIFactoryServiceProvider, class com.almasb.fxgl.ui.FXGLDialogFactoryServiceProvider, class com.almasb.fxgl.audio.AudioPlayer, class com.almasb.fxgl.notification.impl.NotificationServiceProvider, class com.almasb.fxgl.achievement.AchievementService, class com.almasb.fxgl.cutscene.CutsceneService, class com.almasb.fxgl.minigames.MiniGameService, class com.almasb.fxgl.net.NetService, class com.almasb.fxgl.app.services.UpdaterService, class com.almasb.fxgl.dev.DevService]
20:51:20.075 [FXGL Background Thread 3 ] DEBUG Engine               - fontGame: Abel-Regular.ttf
20:51:20.075 [FXGL Background Thread 3 ] DEBUG Engine               - fontMono: lucida_console.ttf
20:51:20.075 [FXGL Background Thread 3 ] DEBUG Engine               - fontText: Courier-Prime.ttf
20:51:20.075 [FXGL Background Thread 3 ] DEBUG Engine               - fontUI: VarelaRound-Regular.ttf
20:51:20.075 [FXGL Background Thread 3 ] DEBUG Engine               - fullScreen: BooleanProperty [value: false]
20:51:20.075 [FXGL Background Thread 3 ] DEBUG Engine               - gameDifficulty: MEDIUM
20:51:20.075 [FXGL Background Thread 3 ] DEBUG Engine               - gameDifficultyProperty: ObjectProperty [value: MEDIUM]
20:51:20.076 [FXGL Background Thread 3 ] DEBUG Engine               - globalMusicVolume: 0.5
20:51:20.076 [FXGL Background Thread 3 ] DEBUG Engine               - globalMusicVolumeProperty: DoubleProperty [value: 0.5]
20:51:20.076 [FXGL Background Thread 3 ] DEBUG Engine               - globalSoundVolume: 0.5
20:51:20.076 [FXGL Background Thread 3 ] DEBUG Engine               - globalSoundVolumeProperty: DoubleProperty [value: 0.1]
20:51:20.076 [FXGL Background Thread 3 ] DEBUG Engine               - height: 750
20:51:20.076 [FXGL Background Thread 3 ] DEBUG Engine               - is3D: false
20:51:20.076 [FXGL Background Thread 3 ] DEBUG Engine               - isAndroid: false
20:51:20.077 [FXGL Background Thread 3 ] DEBUG Engine               - isBrowser: false
20:51:20.077 [FXGL Background Thread 3 ] DEBUG Engine               - isClickFeedbackEnabled: false
20:51:20.077 [FXGL Background Thread 3 ] DEBUG Engine               - isCloseConfirmation: false
20:51:20.077 [FXGL Background Thread 3 ] DEBUG Engine               - isDesktop: true
20:51:20.077 [FXGL Background Thread 3 ] DEBUG Engine               - isDeveloperMenuEnabled: false
20:51:20.077 [FXGL Background Thread 3 ] DEBUG Engine               - isEntityPreloadEnabled: true
20:51:20.077 [FXGL Background Thread 3 ] DEBUG Engine               - isExperimentalTiledLargeMap: false
20:51:20.077 [FXGL Background Thread 3 ] DEBUG Engine               - isFileSystemWriteAllowed: true
20:51:20.077 [FXGL Background Thread 3 ] DEBUG Engine               - isFullScreenAllowed: false
20:51:20.077 [FXGL Background Thread 3 ] DEBUG Engine               - isFullScreenFromStart: false
20:51:20.078 [FXGL Background Thread 3 ] DEBUG Engine               - isGameMenuEnabled: true
20:51:20.078 [FXGL Background Thread 3 ] DEBUG Engine               - isIOS: false
20:51:20.078 [FXGL Background Thread 3 ] DEBUG Engine               - isIntroEnabled: false
20:51:20.078 [FXGL Background Thread 3 ] DEBUG Engine               - isLinux: false
20:51:20.078 [FXGL Background Thread 3 ] DEBUG Engine               - isMac: false
20:51:20.078 [FXGL Background Thread 3 ] DEBUG Engine               - isMainMenuEnabled: false
20:51:20.078 [FXGL Background Thread 3 ] DEBUG Engine               - isManualResizeEnabled: false
20:51:20.079 [FXGL Background Thread 3 ] DEBUG Engine               - isMobile: false
20:51:20.079 [FXGL Background Thread 3 ] DEBUG Engine               - isNative: false
20:51:20.079 [FXGL Background Thread 3 ] DEBUG Engine               - isPreserveResizeRatio: false
20:51:20.079 [FXGL Background Thread 3 ] DEBUG Engine               - isProfilingEnabled: false
20:51:20.079 [FXGL Background Thread 3 ] DEBUG Engine               - isScaleAffectedOnResize: true
20:51:20.079 [FXGL Background Thread 3 ] DEBUG Engine               - isSingleStep: false
20:51:20.079 [FXGL Background Thread 3 ] DEBUG Engine               - isUserProfileEnabled: false
20:51:20.079 [FXGL Background Thread 3 ] DEBUG Engine               - isWindows: true
20:51:20.079 [FXGL Background Thread 3 ] DEBUG Engine               - language: ObjectProperty [value: ENGLISH]
20:51:20.080 [FXGL Background Thread 3 ] DEBUG Engine               - menuKey: ESCAPE
20:51:20.080 [FXGL Background Thread 3 ] DEBUG Engine               - mouseSensitivity: 0.2
20:51:20.080 [FXGL Background Thread 3 ] DEBUG Engine               - notificationViewClass: class com.almasb.fxgl.notification.view.XboxNotificationView
20:51:20.080 [FXGL Background Thread 3 ] DEBUG Engine               - pixelsPerMeter: 50.0
20:51:20.080 [FXGL Background Thread 3 ] DEBUG Engine               - platform: WINDOWS
20:51:20.081 [FXGL Background Thread 3 ] DEBUG Engine               - prefHeightProperty: ReadOnlyDoubleProperty [value: 750.0]
20:51:20.081 [FXGL Background Thread 3 ] DEBUG Engine               - prefWidthProperty: ReadOnlyDoubleProperty [value: 500.0]
20:51:20.081 [FXGL Background Thread 3 ] DEBUG Engine               - profileDir: profiles/
20:51:20.081 [FXGL Background Thread 3 ] DEBUG Engine               - profileName: StringProperty [value: DEFAULT]
20:51:20.081 [FXGL Background Thread 3 ] DEBUG Engine               - randomSeed: -1
20:51:20.081 [FXGL Background Thread 3 ] DEBUG Engine               - runtimeInfo: RuntimeInfo(platform=WINDOWS, version=11.16, build=25.05.2021 08.16)
20:51:20.081 [FXGL Background Thread 3 ] DEBUG Engine               - saveFileExt: sav
20:51:20.081 [FXGL Background Thread 3 ] DEBUG Engine               - scaledHeightProp$fxgl: DoubleProperty [bound, value: 750.0]
20:51:20.081 [FXGL Background Thread 3 ] DEBUG Engine               - scaledWidthProp$fxgl: DoubleProperty [bound, value: 500.0]
20:51:20.081 [FXGL Background Thread 3 ] DEBUG Engine               - sceneFactory: com.dam.wonder.view.fxglgames.AsteroidsApp$1@47ba1213
20:51:20.082 [FXGL Background Thread 3 ] DEBUG Engine               - secondsIn24h: 60
20:51:20.082 [FXGL Background Thread 3 ] DEBUG Engine               - soundMenuBack: menu/back.wav
20:51:20.082 [FXGL Background Thread 3 ] DEBUG Engine               - soundMenuPress: menu/press.wav
20:51:20.082 [FXGL Background Thread 3 ] DEBUG Engine               - soundMenuSelect: menu/select.wav
20:51:20.082 [FXGL Background Thread 3 ] DEBUG Engine               - soundNotification: core/notification.wav
20:51:20.082 [FXGL Background Thread 3 ] DEBUG Engine               - stageStyle: DECORATED
20:51:20.082 [FXGL Background Thread 3 ] DEBUG Engine               - supportedLanguages: [ENGLISH, FRENCH, GERMAN, HUNGARIAN, RUSSIAN]
20:51:20.083 [FXGL Background Thread 3 ] DEBUG Engine               - ticksPerSecond: -1
20:51:20.083 [FXGL Background Thread 3 ] DEBUG Engine               - title: Asteroids
20:51:20.083 [FXGL Background Thread 3 ] DEBUG Engine               - urlGithub: https://github.com/AlmasB/FXGL
20:51:20.083 [FXGL Background Thread 3 ] DEBUG Engine               - urlLeaderboard: http://fxgl-top.herokuapp.com/
20:51:20.083 [FXGL Background Thread 3 ] DEBUG Engine               - urlPOM: https://raw.githubusercontent.com/AlmasB/FXGL/release/README.md
20:51:20.083 [FXGL Background Thread 3 ] DEBUG Engine               - userAppClass: class com.dam.wonder.view.fxglgames.AsteroidsApp
20:51:20.083 [FXGL Background Thread 3 ] DEBUG Engine               - version: 0.1
20:51:20.083 [FXGL Background Thread 3 ] DEBUG Engine               - versionCheckDays: 7
20:51:20.083 [FXGL Background Thread 3 ] DEBUG Engine               - width: 500
20:51:20.083 [FXGL Background Thread 3 ] DEBUG Engine               - Logging services
20:51:20.084 [FXGL Background Thread 3 ] DEBUG Engine               - class com.almasb.fxgl.app.services.FXGLAssetLoaderService
20:51:20.084 [FXGL Background Thread 3 ] DEBUG Engine               - class com.almasb.fxgl.app.FXGLApplication$GameApplicationService
20:51:20.084 [FXGL Background Thread 3 ] DEBUG Engine               - class com.almasb.fxgl.app.services.FXGLDialogService
20:51:20.084 [FXGL Background Thread 3 ] DEBUG Engine               - class com.almasb.fxgl.app.services.IOTaskExecutorService
20:51:20.084 [FXGL Background Thread 3 ] DEBUG Engine               - class com.almasb.fxgl.io.FileSystemService
20:51:20.084 [FXGL Background Thread 3 ] DEBUG Engine               - class com.almasb.fxgl.localization.LocalizationService
20:51:20.084 [FXGL Background Thread 3 ] DEBUG Engine               - class com.almasb.fxgl.app.services.SystemBundleService
20:51:20.085 [FXGL Background Thread 3 ] DEBUG Engine               - class com.almasb.fxgl.profile.SaveLoadService
20:51:20.085 [FXGL Background Thread 3 ] DEBUG Engine               - class com.almasb.fxgl.ui.FXGLUIFactoryServiceProvider
20:51:20.085 [FXGL Background Thread 3 ] DEBUG Engine               - class com.almasb.fxgl.ui.FXGLDialogFactoryServiceProvider
20:51:20.085 [FXGL Background Thread 3 ] DEBUG Engine               - class com.almasb.fxgl.audio.AudioPlayer
20:51:20.085 [FXGL Background Thread 3 ] DEBUG Engine               - class com.almasb.fxgl.notification.impl.NotificationServiceProvider
20:51:20.085 [FXGL Background Thread 3 ] DEBUG Engine               - class com.almasb.fxgl.achievement.AchievementService
20:51:20.085 [FXGL Background Thread 3 ] DEBUG Engine               - class com.almasb.fxgl.cutscene.CutsceneService
20:51:20.085 [FXGL Background Thread 3 ] DEBUG Engine               - class com.almasb.fxgl.minigames.MiniGameService
20:51:20.085 [FXGL Background Thread 3 ] DEBUG Engine               - class com.almasb.fxgl.net.NetService
20:51:20.085 [FXGL Background Thread 3 ] DEBUG Engine               - class com.almasb.fxgl.app.services.UpdaterService
20:51:20.085 [FXGL Background Thread 3 ] DEBUG Engine               - class com.almasb.fxgl.dev.DevService
20:51:20.269 [FXGL Background Thread 2 ] INFO  UpdaterService       - Your current version:  11.16
20:51:20.269 [FXGL Background Thread 2 ] INFO  UpdaterService       - Latest stable version: 11.17
20:51:25.864 [JavaFX Application Thread] DEBUG FXGLAssetLoaderServi - Loading from file system: file:/E:/projects/javaProject/wonderful/wonderfulGame/wonder/target/classes/assets/textures/bullet.png
20:51:28.122 [JavaFX Application Thread] DEBUG FXGLAssetLoaderServi - Loading from file system: file:/E:/projects/javaProject/wonderful/wonderfulGame/wonder/target/classes/assets/textures/explosion.png
20:51:49.630 [JavaFX Application Thread] DEBUG FXGLApplication      - Exiting FXGL
20:51:49.630 [JavaFX Application Thread] DEBUG LoopRunner           - Stopping loop
20:51:49.631 [JavaFX Application Thread] DEBUG SystemBundleService  - Saving FXGL system data
20:51:49.633 [JavaFX Application Thread] DEBUG FileSystemAccess     - Writing to: E:\projects\javaProject\wonderful\wonderfulGame\system\fxgl.bundle
20:51:49.634 [JavaFX Application Thread] DEBUG Async                - Shutting down background threads
20:51:49.634 [JavaFX Application Thread] DEBUG PrimaryStageWindow   - Closing main window
20:51:49.650 [JavaFX Application Thread] DEBUG Logger               - Closing Logger
