15:32:22.420 [restartedMain            ] DEBUG Logger               - Configured Logger
15:32:22.421 [restartedMain            ] DEBUG GameApplication      - Logging settings
Title: 奇妙物语
Version: demo01
Width: 1080
Height: 720
Fullscreen: false
Intro: false
Profiling: false
Single step:false
App Mode: DEVELOPER
Menu Key: ESCAPE
Stage Style: DECORATED
Scene Factory: class com.almasb.fxgl.app.scene.SceneFactory

15:32:22.954 [JavaFX Application Thread] DEBUG FXGLApplication      - Initializing FXGL
15:32:22.960 [JavaFX Application Thread] INFO  Engine               - FXGL-11.16 (25.05.2021 08.16) on WINDOWS (J:16.0.1 FX:16)
15:32:22.961 [JavaFX Application Thread] DEBUG Engine               - JRE Vendor Name: Oracle Corporation
15:32:22.962 [JavaFX Application Thread] DEBUG Engine               - Running on OS: Windows 10 version 10.0
15:32:22.962 [JavaFX Application Thread] DEBUG Engine               - Architecture: amd64
15:32:22.963 [JavaFX Application Thread] INFO  Engine               - Source code and latest versions at: https://github.com/AlmasB/FXGL
15:32:22.963 [JavaFX Application Thread] INFO  Engine               -              Join the FXGL chat at: https://gitter.im/AlmasB/FXGL
15:32:23.227 [JavaFX Application Thread] DEBUG PrimaryStageWindow   - Creating a JavaFX scene
15:32:23.320 [JavaFX Application Thread] DEBUG PrimaryStageWindow   - Target settings size: 1080.0 x 720.0
15:32:23.321 [JavaFX Application Thread] DEBUG PrimaryStageWindow   - Scaled scene size:    1080.0 x 720.0
15:32:23.321 [JavaFX Application Thread] DEBUG PrimaryStageWindow   - Scaled ratio: (1.0, 1.0)
15:32:23.325 [JavaFX Application Thread] DEBUG PrimaryStageWindow   - Set initial scene to FXGLStartupScene
15:32:23.352 [JavaFX Application Thread] DEBUG PrimaryStageWindow   - Opening main window
15:32:23.622 [JavaFX Application Thread] DEBUG PrimaryStageWindow   - Window border size: (14.4000244140625, 37.5999755859375)
15:32:23.623 [JavaFX Application Thread] DEBUG PrimaryStageWindow   - Scaled size: 1080.0 x 720.0
15:32:23.624 [JavaFX Application Thread] DEBUG PrimaryStageWindow   - Scaled ratio: (1.0, 1.0)
15:32:23.625 [JavaFX Application Thread] DEBUG PrimaryStageWindow   - Scene size: 1080.0 x 720.0
15:32:23.626 [JavaFX Application Thread] DEBUG PrimaryStageWindow   - Stage size: 1094.4000244140625 x 757.5999755859375
15:32:23.643 [FXGL Background Thread 1 ] DEBUG Engine               - Initializing environment variables
15:32:23.704 [FXGL Background Thread 1 ] DEBUG FXGLAssetLoaderServi - User app class for loading assets: class com.dam.wonder.view.game.BasicGameSample
15:32:23.705 [FXGL Background Thread 1 ] DEBUG GameApplicationServi - Applying CSS: fxgl_dark.css
15:32:23.709 [FXGL Background Thread 1 ] DEBUG FXGLAssetLoaderServi - Loading from file system: jar:file:/C:/Users/24771/.m2/repository/com/github/almasb/fxgl/11.16/fxgl-11.16.jar!/fxglassets/ui/css/fxgl_dark.css
15:32:23.828 [FXGL Background Thread 1 ] DEBUG GameApplicationServi - Initializing application scenes
15:32:23.941 [FXGL Background Thread 1 ] DEBUG GameWorld            - Game world initialized
15:32:24.126 [FXGL Background Thread 1 ] DEBUG PhysicsWorld         - Physics world initialized: appHeight=720, physics.ppm=50.0
15:32:24.127 [FXGL Background Thread 1 ] DEBUG PhysicsWorld         - Using strategy: BRUTE_FORCE
15:32:24.133 [FXGL Background Thread 1 ] DEBUG GameScene            - Game scene initialized: 1080x720
15:32:24.155 [FXGL Background Thread 1 ] DEBUG FXGL.DefaultMenu     - createMenuBodyGameMenu()
15:32:24.183 [FXGL Background Thread 1 ] DEBUG FXGL.DefaultMenu     - createOptionsMenu()
15:32:24.198 [FXGL Background Thread 1 ] DEBUG FXGLAssetLoaderServi - Loading from file system: jar:file:/C:/Users/24771/.m2/repository/com/github/almasb/fxgl/11.16/fxgl-11.16.jar!/fxglassets/textures/particles/smoke.png
15:32:24.368 [FXGL Background Thread 1 ] DEBUG FXGLAssetLoaderServi - Loading from file system: jar:file:/C:/Users/24771/.m2/repository/com/github/almasb/fxgl/11.16/fxgl-11.16.jar!/fxglassets/textures/particles/trace_horizontal.png
15:32:24.392 [FXGL Background Thread 1 ] DEBUG GameApplicationServi - Application scenes initialized
15:32:24.411 [FXGL Background Thread 1 ] DEBUG SystemBundleService  - Loading FXGL system data
15:32:24.415 [FXGL Background Thread 1 ] DEBUG FileSystemAccess     - Reading from: C:\project\wonderfulStory\system\fxgl.bundle
15:32:24.420 [FXGL Background Thread 1 ] DEBUG SystemBundleService  - Bundle FXGL: {}
15:32:24.421 [FXGL Background Thread 1 ] DEBUG UpdaterService       - Checking for updates
15:32:24.428 [FXGL Background Thread 4 ] DEBUG FXGLApplication      - Loading fonts
15:32:24.430 [FXGL Background Thread 4 ] DEBUG FXGLAssetLoaderServi - Loading from file system: jar:file:/C:/Users/24771/.m2/repository/com/github/almasb/fxgl/11.16/fxgl-11.16.jar!/fxglassets/ui/fonts/VarelaRound-Regular.ttf
15:32:24.430 [FXGL Background Thread 1 ] DEBUG FXGLApplication      - Loading default localization
15:32:24.431 [FXGL Background Thread 1 ] DEBUG FXGLAssetLoaderServi - Loading from file system: jar:file:/C:/Users/24771/.m2/repository/com/github/almasb/fxgl/11.16/fxgl-11.16.jar!/fxglassets/languages/english.lang
15:32:24.459 [FXGL Background Thread 1 ] INFO  FXGLApplication      - FXGL initialization took: 0.816 sec
15:32:24.465 [FXGL Background Thread 4 ] DEBUG FXGLAssetLoaderServi - Loading from file system: jar:file:/C:/Users/24771/.m2/repository/com/github/almasb/fxgl/11.16/fxgl-11.16.jar!/fxglassets/ui/fonts/Abel-Regular.ttf
15:32:24.471 [JavaFX Application Thread] DEBUG Input                - Registered new binding: move up - W
15:32:24.472 [JavaFX Application Thread] DEBUG Input                - Registered new binding: move down - S
15:32:24.473 [JavaFX Application Thread] DEBUG Input                - Registered new binding: move left - A
15:32:24.474 [JavaFX Application Thread] DEBUG Input                - Registered new binding: move right - D
15:32:24.476 [JavaFX Application Thread] DEBUG Input                - Registered new binding: new userAction - C
15:32:24.486 [FXGL Background Thread 4 ] DEBUG FXGLAssetLoaderServi - Loading from file system: jar:file:/C:/Users/24771/.m2/repository/com/github/almasb/fxgl/11.16/fxgl-11.16.jar!/fxglassets/ui/fonts/lucida_console.ttf
15:32:24.512 [FXGL Background Thread 4 ] DEBUG FXGLAssetLoaderServi - Loading from file system: jar:file:/C:/Users/24771/.m2/repository/com/github/almasb/fxgl/11.16/fxgl-11.16.jar!/fxglassets/ui/fonts/Courier-Prime.ttf
15:32:24.637 [JavaFX Application Thread] DEBUG FXGLAssetLoaderServi - Loading from file system: file:/C:/project/wonderfulStory/wonder/target/classes/assets/textures/player.png
15:32:24.664 [JavaFX Application Thread] DEBUG FXGLAssetLoaderServi - Loading from file system: jar:file:/C:/Users/24771/.m2/repository/com/github/almasb/fxgl/11.16/fxgl-11.16.jar!/fxglassets/textures/fxgl_icon.png
15:32:24.697 [JavaFX Application Thread] DEBUG FXGLAssetLoaderServi - Loading from file system: jar:file:/C:/Users/24771/.m2/repository/com/github/almasb/fxgl/11.16/fxgl-11.16.jar!/fxglassets/textures/fxgl_default_cursor.png
15:32:24.701 [JavaFX Application Thread] DEBUG Input                - Registered new binding: Screenshot - CTRL+8
15:32:24.703 [JavaFX Application Thread] DEBUG Input                - Registered new binding: System info dump - CTRL+9
15:32:24.704 [JavaFX Application Thread] DEBUG Input                - Registered new binding: Restart - CTRL+R
15:32:24.707 [JavaFX Application Thread] DEBUG Input                - Registered new binding: Toggle Debug Camera - CTRL+C
15:32:24.711 [JavaFX Application Thread] DEBUG LoopRunner           - Starting loop
15:32:24.712 [JavaFX Application Thread] DEBUG LoopRunner           - Initializing JavaFX AnimationTimerLoop
15:32:24.715 [JavaFX Application Thread] DEBUG GameApplicationServi - Starting new game
15:32:24.716 [JavaFX Application Thread] DEBUG Input                - Clearing active input actions
15:32:24.742 [JavaFX Application Thread] DEBUG GameApplicationServi - Removing overlay from FXGLStartupScene and adding to FXGLLoadingScene
15:32:24.743 [JavaFX Application Thread] DEBUG PrimaryStageWindow   - FXGLStartupScene -> FXGLLoadingScene
15:32:24.744 [JavaFX Application Thread] DEBUG GameApplicationServi - Clearing previous game
15:32:24.744 [JavaFX Application Thread] DEBUG GameScene            - Clearing game scene
15:32:24.745 [JavaFX Application Thread] DEBUG GameWorld            - Clearing game world
15:32:24.746 [JavaFX Application Thread] DEBUG PhysicsWorld         - Clearing physics world
15:32:24.748 [FXGL Background Thread 2 ] WARN  UpdaterService       - Failed to find updates: java.net.UnknownHostException: raw.githubusercontent.com
15:32:24.749 [JavaFX Application Thread] DEBUG FXGLApplication      - Registering font factories with UI factory
15:32:24.749 [FXGL Background Thread 4 ] DEBUG FXGLApplication      - Initializing game
15:32:24.757 [FXGL Background Thread 4 ] INFO  FXGLApplication      - Game initialization took: 0.009 sec
15:32:24.818 [JavaFX Application Thread] DEBUG Input                - Clearing active input actions
15:32:24.835 [JavaFX Application Thread] DEBUG GameApplicationServi - Removing overlay from FXGLLoadingScene and adding to GameScene
15:32:24.836 [JavaFX Application Thread] DEBUG PrimaryStageWindow   - FXGLLoadingScene -> GameScene
15:32:26.445 [JavaFX Application Thread] DEBUG FXGLAssetLoaderServi - Loading from file system: file:/C:/project/wonderfulStory/wonder/target/classes/assets/textures/tree.png
15:32:26.455 [JavaFX Application Thread] DEBUG PrimaryStageWindow   - Push state: DialogSubScene
15:32:26.456 [JavaFX Application Thread] DEBUG Input                - Clearing active input actions
15:32:26.464 [JavaFX Application Thread] DEBUG GameApplicationServi - Removing overlay from GameScene and adding to DialogSubScene
15:32:26.465 [JavaFX Application Thread] DEBUG PrimaryStageWindow   - GameScene -> DialogSubScene
15:32:27.426 [FXGL Background Thread 3 ] DEBUG Engine               - Logging environment variables
15:32:27.426 [FXGL Background Thread 3 ] DEBUG Engine               - achievements: []
15:32:27.426 [FXGL Background Thread 3 ] DEBUG Engine               - actualHeight: 720.0
15:32:27.426 [FXGL Background Thread 3 ] DEBUG Engine               - actualHeightProperty: ReadOnlyDoubleProperty [value: 720.0]
15:32:27.427 [FXGL Background Thread 3 ] DEBUG Engine               - actualWidth: 1080.0
15:32:27.427 [FXGL Background Thread 3 ] DEBUG Engine               - actualWidthProperty: ReadOnlyDoubleProperty [value: 1080.0]
15:32:27.427 [FXGL Background Thread 3 ] DEBUG Engine               - appIcon: fxgl_icon.png
15:32:27.427 [FXGL Background Thread 3 ] DEBUG Engine               - applicationMode: DEVELOPER
15:32:27.427 [FXGL Background Thread 3 ] DEBUG Engine               - cSSList: [fxgl_dark.css]
15:32:27.427 [FXGL Background Thread 3 ] DEBUG Engine               - collisionDetectionStrategy: BRUTE_FORCE
15:32:27.427 [FXGL Background Thread 3 ] DEBUG Engine               - configClass: Optional.empty
15:32:27.428 [FXGL Background Thread 3 ] DEBUG Engine               - credits: []
15:32:27.428 [FXGL Background Thread 3 ] DEBUG Engine               - defaultCursor: CursorInfo(imageName=fxgl_default_cursor.png, hotspotX=7.0, hotspotY=6.0)
15:32:27.428 [FXGL Background Thread 3 ] DEBUG Engine               - devBBoxColorProperty: ObjectProperty [value: 0xff0000ff]
15:32:27.428 [FXGL Background Thread 3 ] DEBUG Engine               - devEnableDebugCameraProperty: BooleanProperty [value: false]
15:32:27.429 [FXGL Background Thread 3 ] DEBUG Engine               - devSensorColorProperty: ObjectProperty [value: 0xffff00ff]
15:32:27.429 [FXGL Background Thread 3 ] DEBUG Engine               - devShowBBoxProperty: BooleanProperty [value: false]
15:32:27.429 [FXGL Background Thread 3 ] DEBUG Engine               - devShowPositionProperty: BooleanProperty [value: false]
15:32:27.429 [FXGL Background Thread 3 ] DEBUG Engine               - enabledMenuItems: []
15:32:27.429 [FXGL Background Thread 3 ] DEBUG Engine               - engineServices: [class com.almasb.fxgl.app.services.FXGLAssetLoaderService, class com.almasb.fxgl.app.FXGLApplication$GameApplicationService, class com.almasb.fxgl.app.services.FXGLDialogService, class com.almasb.fxgl.app.services.IOTaskExecutorService, class com.almasb.fxgl.io.FileSystemService, class com.almasb.fxgl.localization.LocalizationService, class com.almasb.fxgl.app.services.SystemBundleService, class com.almasb.fxgl.profile.SaveLoadService, class com.almasb.fxgl.ui.FXGLUIFactoryServiceProvider, class com.almasb.fxgl.ui.FXGLDialogFactoryServiceProvider, class com.almasb.fxgl.audio.AudioPlayer, class com.almasb.fxgl.notification.impl.NotificationServiceProvider, class com.almasb.fxgl.achievement.AchievementService, class com.almasb.fxgl.cutscene.CutsceneService, class com.almasb.fxgl.minigames.MiniGameService, class com.almasb.fxgl.net.NetService, class com.almasb.fxgl.app.services.UpdaterService, class com.almasb.fxgl.dev.DevService]
15:32:27.429 [FXGL Background Thread 3 ] DEBUG Engine               - fontGame: Abel-Regular.ttf
15:32:27.430 [FXGL Background Thread 3 ] DEBUG Engine               - fontMono: lucida_console.ttf
15:32:27.430 [FXGL Background Thread 3 ] DEBUG Engine               - fontText: Courier-Prime.ttf
15:32:27.430 [FXGL Background Thread 3 ] DEBUG Engine               - fontUI: VarelaRound-Regular.ttf
15:32:27.430 [FXGL Background Thread 3 ] DEBUG Engine               - fullScreen: BooleanProperty [value: false]
15:32:27.430 [FXGL Background Thread 3 ] DEBUG Engine               - gameDifficulty: MEDIUM
15:32:27.430 [FXGL Background Thread 3 ] DEBUG Engine               - gameDifficultyProperty: ObjectProperty [value: MEDIUM]
15:32:27.431 [FXGL Background Thread 3 ] DEBUG Engine               - globalMusicVolume: 0.5
15:32:27.431 [FXGL Background Thread 3 ] DEBUG Engine               - globalMusicVolumeProperty: DoubleProperty [value: 0.5]
15:32:27.431 [FXGL Background Thread 3 ] DEBUG Engine               - globalSoundVolume: 0.5
15:32:27.431 [FXGL Background Thread 3 ] DEBUG Engine               - globalSoundVolumeProperty: DoubleProperty [value: 0.5]
15:32:27.431 [FXGL Background Thread 3 ] DEBUG Engine               - height: 720
15:32:27.431 [FXGL Background Thread 3 ] DEBUG Engine               - is3D: false
15:32:27.431 [FXGL Background Thread 3 ] DEBUG Engine               - isAndroid: false
15:32:27.432 [FXGL Background Thread 3 ] DEBUG Engine               - isBrowser: false
15:32:27.432 [FXGL Background Thread 3 ] DEBUG Engine               - isClickFeedbackEnabled: false
15:32:27.432 [FXGL Background Thread 3 ] DEBUG Engine               - isCloseConfirmation: false
15:32:27.432 [FXGL Background Thread 3 ] DEBUG Engine               - isDesktop: true
15:32:27.432 [FXGL Background Thread 3 ] DEBUG Engine               - isDeveloperMenuEnabled: false
15:32:27.432 [FXGL Background Thread 3 ] DEBUG Engine               - isEntityPreloadEnabled: true
15:32:27.432 [FXGL Background Thread 3 ] DEBUG Engine               - isExperimentalTiledLargeMap: false
15:32:27.432 [FXGL Background Thread 3 ] DEBUG Engine               - isFileSystemWriteAllowed: true
15:32:27.433 [FXGL Background Thread 3 ] DEBUG Engine               - isFullScreenAllowed: false
15:32:27.433 [FXGL Background Thread 3 ] DEBUG Engine               - isFullScreenFromStart: false
15:32:27.433 [FXGL Background Thread 3 ] DEBUG Engine               - isGameMenuEnabled: true
15:32:27.433 [FXGL Background Thread 3 ] DEBUG Engine               - isIOS: false
15:32:27.433 [FXGL Background Thread 3 ] DEBUG Engine               - isIntroEnabled: false
15:32:27.433 [FXGL Background Thread 3 ] DEBUG Engine               - isLinux: false
15:32:27.433 [FXGL Background Thread 3 ] DEBUG Engine               - isMac: false
15:32:27.434 [FXGL Background Thread 3 ] DEBUG Engine               - isMainMenuEnabled: false
15:32:27.434 [FXGL Background Thread 3 ] DEBUG Engine               - isManualResizeEnabled: false
15:32:27.434 [FXGL Background Thread 3 ] DEBUG Engine               - isMobile: false
15:32:27.434 [FXGL Background Thread 3 ] DEBUG Engine               - isNative: false
15:32:27.434 [FXGL Background Thread 3 ] DEBUG Engine               - isPreserveResizeRatio: false
15:32:27.434 [FXGL Background Thread 3 ] DEBUG Engine               - isProfilingEnabled: false
15:32:27.434 [FXGL Background Thread 3 ] DEBUG Engine               - isScaleAffectedOnResize: true
15:32:27.434 [FXGL Background Thread 3 ] DEBUG Engine               - isSingleStep: false
15:32:27.435 [FXGL Background Thread 3 ] DEBUG Engine               - isUserProfileEnabled: false
15:32:27.435 [FXGL Background Thread 3 ] DEBUG Engine               - isWindows: true
15:32:27.435 [FXGL Background Thread 3 ] DEBUG Engine               - language: ObjectProperty [value: ENGLISH]
15:32:27.435 [FXGL Background Thread 3 ] DEBUG Engine               - menuKey: ESCAPE
15:32:27.435 [FXGL Background Thread 3 ] DEBUG Engine               - mouseSensitivity: 0.2
15:32:27.435 [FXGL Background Thread 3 ] DEBUG Engine               - notificationViewClass: class com.almasb.fxgl.notification.view.XboxNotificationView
15:32:27.435 [FXGL Background Thread 3 ] DEBUG Engine               - pixelsPerMeter: 50.0
15:32:27.435 [FXGL Background Thread 3 ] DEBUG Engine               - platform: WINDOWS
15:32:27.435 [FXGL Background Thread 3 ] DEBUG Engine               - prefHeightProperty: ReadOnlyDoubleProperty [value: 720.0]
15:32:27.435 [FXGL Background Thread 3 ] DEBUG Engine               - prefWidthProperty: ReadOnlyDoubleProperty [value: 1080.0]
15:32:27.436 [FXGL Background Thread 3 ] DEBUG Engine               - profileDir: profiles/
15:32:27.436 [FXGL Background Thread 3 ] DEBUG Engine               - profileName: StringProperty [value: DEFAULT]
15:32:27.436 [FXGL Background Thread 3 ] DEBUG Engine               - randomSeed: -1
15:32:27.436 [FXGL Background Thread 3 ] DEBUG Engine               - runtimeInfo: RuntimeInfo(platform=WINDOWS, version=11.16, build=25.05.2021 08.16)
15:32:27.436 [FXGL Background Thread 3 ] DEBUG Engine               - saveFileExt: sav
15:32:27.436 [FXGL Background Thread 3 ] DEBUG Engine               - scaledHeightProp$fxgl: DoubleProperty [bound, value: 720.0]
15:32:27.436 [FXGL Background Thread 3 ] DEBUG Engine               - scaledWidthProp$fxgl: DoubleProperty [bound, value: 1080.0]
15:32:27.436 [FXGL Background Thread 3 ] DEBUG Engine               - sceneFactory: com.almasb.fxgl.app.scene.SceneFactory@6356fd3b
15:32:27.437 [FXGL Background Thread 3 ] DEBUG Engine               - secondsIn24h: 60
15:32:27.437 [FXGL Background Thread 3 ] DEBUG Engine               - soundMenuBack: menu/back.wav
15:32:27.437 [FXGL Background Thread 3 ] DEBUG Engine               - soundMenuPress: menu/press.wav
15:32:27.438 [FXGL Background Thread 3 ] DEBUG Engine               - soundMenuSelect: menu/select.wav
15:32:27.438 [FXGL Background Thread 3 ] DEBUG Engine               - soundNotification: core/notification.wav
15:32:27.438 [FXGL Background Thread 3 ] DEBUG Engine               - stageStyle: DECORATED
15:32:27.438 [FXGL Background Thread 3 ] DEBUG Engine               - supportedLanguages: [ENGLISH, FRENCH, GERMAN, HUNGARIAN, RUSSIAN]
15:32:27.438 [FXGL Background Thread 3 ] DEBUG Engine               - ticksPerSecond: -1
15:32:27.438 [FXGL Background Thread 3 ] DEBUG Engine               - title: 奇妙物语
15:32:27.438 [FXGL Background Thread 3 ] DEBUG Engine               - urlGithub: https://github.com/AlmasB/FXGL
15:32:27.438 [FXGL Background Thread 3 ] DEBUG Engine               - urlLeaderboard: http://fxgl-top.herokuapp.com/
15:32:27.438 [FXGL Background Thread 3 ] DEBUG Engine               - urlPOM: https://raw.githubusercontent.com/AlmasB/FXGL/release/README.md
15:32:27.438 [FXGL Background Thread 3 ] DEBUG Engine               - userAppClass: class com.dam.wonder.view.game.BasicGameSample
15:32:27.438 [FXGL Background Thread 3 ] DEBUG Engine               - version: demo01
15:32:27.438 [FXGL Background Thread 3 ] DEBUG Engine               - versionCheckDays: 7
15:32:27.439 [FXGL Background Thread 3 ] DEBUG Engine               - width: 1080
15:32:27.439 [FXGL Background Thread 3 ] DEBUG Engine               - Logging services
15:32:27.439 [FXGL Background Thread 3 ] DEBUG Engine               - class com.almasb.fxgl.app.services.FXGLAssetLoaderService
15:32:27.439 [FXGL Background Thread 3 ] DEBUG Engine               - class com.almasb.fxgl.app.FXGLApplication$GameApplicationService
15:32:27.439 [FXGL Background Thread 3 ] DEBUG Engine               - class com.almasb.fxgl.app.services.FXGLDialogService
15:32:27.439 [FXGL Background Thread 3 ] DEBUG Engine               - class com.almasb.fxgl.app.services.IOTaskExecutorService
15:32:27.439 [FXGL Background Thread 3 ] DEBUG Engine               - class com.almasb.fxgl.io.FileSystemService
15:32:27.439 [FXGL Background Thread 3 ] DEBUG Engine               - class com.almasb.fxgl.localization.LocalizationService
15:32:27.440 [FXGL Background Thread 3 ] DEBUG Engine               - class com.almasb.fxgl.app.services.SystemBundleService
15:32:27.440 [FXGL Background Thread 3 ] DEBUG Engine               - class com.almasb.fxgl.profile.SaveLoadService
15:32:27.440 [FXGL Background Thread 3 ] DEBUG Engine               - class com.almasb.fxgl.ui.FXGLUIFactoryServiceProvider
15:32:27.440 [FXGL Background Thread 3 ] DEBUG Engine               - class com.almasb.fxgl.ui.FXGLDialogFactoryServiceProvider
15:32:27.440 [FXGL Background Thread 3 ] DEBUG Engine               - class com.almasb.fxgl.audio.AudioPlayer
15:32:27.440 [FXGL Background Thread 3 ] DEBUG Engine               - class com.almasb.fxgl.notification.impl.NotificationServiceProvider
15:32:27.440 [FXGL Background Thread 3 ] DEBUG Engine               - class com.almasb.fxgl.achievement.AchievementService
15:32:27.440 [FXGL Background Thread 3 ] DEBUG Engine               - class com.almasb.fxgl.cutscene.CutsceneService
15:32:27.440 [FXGL Background Thread 3 ] DEBUG Engine               - class com.almasb.fxgl.minigames.MiniGameService
15:32:27.441 [FXGL Background Thread 3 ] DEBUG Engine               - class com.almasb.fxgl.net.NetService
15:32:27.441 [FXGL Background Thread 3 ] DEBUG Engine               - class com.almasb.fxgl.app.services.UpdaterService
15:32:27.441 [FXGL Background Thread 3 ] DEBUG Engine               - class com.almasb.fxgl.dev.DevService
15:32:29.917 [JavaFX Application Thread] DEBUG PrimaryStageWindow   - Pop state: DialogSubScene
15:32:29.917 [JavaFX Application Thread] DEBUG Input                - Clearing active input actions
15:32:29.918 [JavaFX Application Thread] DEBUG GameApplicationServi - Removing overlay from DialogSubScene and adding to GameScene
15:32:29.918 [JavaFX Application Thread] DEBUG PrimaryStageWindow   - GameScene <- DialogSubScene
15:32:30.259 [JavaFX Application Thread] DEBUG PrimaryStageWindow   - Push state: DialogSubScene
15:32:30.260 [JavaFX Application Thread] DEBUG Input                - Clearing active input actions
15:32:30.260 [JavaFX Application Thread] DEBUG GameApplicationServi - Removing overlay from GameScene and adding to DialogSubScene
15:32:30.260 [JavaFX Application Thread] DEBUG PrimaryStageWindow   - GameScene -> DialogSubScene
15:32:31.003 [JavaFX Application Thread] DEBUG PrimaryStageWindow   - Pop state: DialogSubScene
15:32:31.003 [JavaFX Application Thread] DEBUG Input                - Clearing active input actions
15:32:31.004 [JavaFX Application Thread] DEBUG GameApplicationServi - Removing overlay from DialogSubScene and adding to GameScene
15:32:31.004 [JavaFX Application Thread] DEBUG PrimaryStageWindow   - GameScene <- DialogSubScene
15:32:31.187 [JavaFX Application Thread] DEBUG PrimaryStageWindow   - Push state: DialogSubScene
15:32:31.187 [JavaFX Application Thread] DEBUG Input                - Clearing active input actions
15:32:31.188 [JavaFX Application Thread] DEBUG GameApplicationServi - Removing overlay from GameScene and adding to DialogSubScene
15:32:31.189 [JavaFX Application Thread] DEBUG PrimaryStageWindow   - GameScene -> DialogSubScene
15:32:31.852 [JavaFX Application Thread] DEBUG PrimaryStageWindow   - Pop state: DialogSubScene
15:32:31.852 [JavaFX Application Thread] DEBUG Input                - Clearing active input actions
15:32:31.853 [JavaFX Application Thread] DEBUG GameApplicationServi - Removing overlay from DialogSubScene and adding to GameScene
15:32:31.853 [JavaFX Application Thread] DEBUG PrimaryStageWindow   - GameScene <- DialogSubScene
15:32:32.036 [JavaFX Application Thread] DEBUG PrimaryStageWindow   - Push state: DialogSubScene
15:32:32.036 [JavaFX Application Thread] DEBUG Input                - Clearing active input actions
15:32:32.037 [JavaFX Application Thread] DEBUG GameApplicationServi - Removing overlay from GameScene and adding to DialogSubScene
15:32:32.037 [JavaFX Application Thread] DEBUG PrimaryStageWindow   - GameScene -> DialogSubScene
15:32:32.514 [JavaFX Application Thread] DEBUG PrimaryStageWindow   - Pop state: DialogSubScene
15:32:32.514 [JavaFX Application Thread] DEBUG Input                - Clearing active input actions
15:32:32.514 [JavaFX Application Thread] DEBUG GameApplicationServi - Removing overlay from DialogSubScene and adding to GameScene
15:32:32.515 [JavaFX Application Thread] DEBUG PrimaryStageWindow   - GameScene <- DialogSubScene
15:32:32.810 [JavaFX Application Thread] DEBUG PrimaryStageWindow   - Push state: DialogSubScene
15:32:32.810 [JavaFX Application Thread] DEBUG Input                - Clearing active input actions
15:32:32.811 [JavaFX Application Thread] DEBUG GameApplicationServi - Removing overlay from GameScene and adding to DialogSubScene
15:32:32.811 [JavaFX Application Thread] DEBUG PrimaryStageWindow   - GameScene -> DialogSubScene
15:32:33.251 [JavaFX Application Thread] DEBUG PrimaryStageWindow   - Pop state: DialogSubScene
15:32:33.251 [JavaFX Application Thread] DEBUG Input                - Clearing active input actions
15:32:33.252 [JavaFX Application Thread] DEBUG GameApplicationServi - Removing overlay from DialogSubScene and adding to GameScene
15:32:33.252 [JavaFX Application Thread] DEBUG PrimaryStageWindow   - GameScene <- DialogSubScene
15:32:33.385 [JavaFX Application Thread] DEBUG PrimaryStageWindow   - Push state: DialogSubScene
15:32:33.385 [JavaFX Application Thread] DEBUG Input                - Clearing active input actions
15:32:33.386 [JavaFX Application Thread] DEBUG GameApplicationServi - Removing overlay from GameScene and adding to DialogSubScene
15:32:33.386 [JavaFX Application Thread] DEBUG PrimaryStageWindow   - GameScene -> DialogSubScene
15:32:34.069 [JavaFX Application Thread] DEBUG PrimaryStageWindow   - Pop state: DialogSubScene
15:32:34.069 [JavaFX Application Thread] DEBUG Input                - Clearing active input actions
15:32:34.070 [JavaFX Application Thread] DEBUG GameApplicationServi - Removing overlay from DialogSubScene and adding to GameScene
15:32:34.070 [JavaFX Application Thread] DEBUG PrimaryStageWindow   - GameScene <- DialogSubScene
15:40:27.544 [JavaFX Application Thread] DEBUG FXGLApplication      - Exiting FXGL
15:40:27.544 [JavaFX Application Thread] DEBUG LoopRunner           - Stopping loop
15:40:27.544 [JavaFX Application Thread] DEBUG SystemBundleService  - Saving FXGL system data
15:40:27.547 [JavaFX Application Thread] DEBUG FileSystemAccess     - Writing to: C:\project\wonderfulStory\system\fxgl.bundle
15:40:27.550 [JavaFX Application Thread] DEBUG Async                - Shutting down background threads
15:40:27.550 [JavaFX Application Thread] DEBUG PrimaryStageWindow   - Closing main window
15:40:27.572 [JavaFX Application Thread] DEBUG Logger               - Closing Logger
