15:10:34.932 [restartedMain            ] DEBUG Logger               - Configured Logger
15:10:34.933 [restartedMain            ] DEBUG GameApplication      - Logging settings
Title: 奇妙物语
Version: demo01
Width: 1080
Height: 720
Fullscreen: false
Intro: false
Profiling: false
Single step:false
App Mode: DEVELOPER
Menu Key: ESCAPE
Stage Style: DECORATED
Scene Factory: class com.almasb.fxgl.app.scene.SceneFactory

15:10:35.317 [JavaFX Application Thread] DEBUG FXGLApplication      - Initializing FXGL
15:10:35.320 [JavaFX Application Thread] INFO  Engine               - FXGL-11.16 (25.05.2021 08.16) on WINDOWS (J:16.0.1 FX:16)
15:10:35.320 [JavaFX Application Thread] DEBUG Engine               - JRE Vendor Name: Oracle Corporation
15:10:35.320 [JavaFX Application Thread] DEBUG Engine               - Running on OS: Windows 10 version 10.0
15:10:35.321 [JavaFX Application Thread] DEBUG Engine               - Architecture: amd64
15:10:35.321 [JavaFX Application Thread] INFO  Engine               - Source code and latest versions at: https://github.com/AlmasB/FXGL
15:10:35.321 [JavaFX Application Thread] INFO  Engine               -              Join the FXGL chat at: https://gitter.im/AlmasB/FXGL
15:10:35.497 [JavaFX Application Thread] DEBUG PrimaryStageWindow   - Creating a JavaFX scene
15:10:35.558 [JavaFX Application Thread] DEBUG PrimaryStageWindow   - Target settings size: 1080.0 x 720.0
15:10:35.559 [JavaFX Application Thread] DEBUG PrimaryStageWindow   - Scaled scene size:    1080.0 x 720.0
15:10:35.560 [JavaFX Application Thread] DEBUG PrimaryStageWindow   - Scaled ratio: (1.0, 1.0)
15:10:35.564 [JavaFX Application Thread] DEBUG PrimaryStageWindow   - Set initial scene to FXGLStartupScene
15:10:35.576 [JavaFX Application Thread] DEBUG PrimaryStageWindow   - Opening main window
15:10:35.824 [JavaFX Application Thread] DEBUG PrimaryStageWindow   - Window border size: (14.4000244140625, 37.5999755859375)
15:10:35.824 [JavaFX Application Thread] DEBUG PrimaryStageWindow   - Scaled size: 1080.0 x 720.0
15:10:35.825 [JavaFX Application Thread] DEBUG PrimaryStageWindow   - Scaled ratio: (1.0, 1.0)
15:10:35.825 [JavaFX Application Thread] DEBUG PrimaryStageWindow   - Scene size: 1080.0 x 720.0
15:10:35.825 [JavaFX Application Thread] DEBUG PrimaryStageWindow   - Stage size: 1094.4000244140625 x 757.5999755859375
15:10:35.838 [FXGL Background Thread 1 ] DEBUG Engine               - Initializing environment variables
15:10:35.885 [FXGL Background Thread 1 ] DEBUG FXGLAssetLoaderServi - User app class for loading assets: class com.dam.wonder.view.game.BasicGameSample
15:10:35.885 [FXGL Background Thread 1 ] DEBUG GameApplicationServi - Applying CSS: fxgl_dark.css
15:10:35.887 [FXGL Background Thread 1 ] DEBUG FXGLAssetLoaderServi - Loading from file system: jar:file:/C:/Users/24771/.m2/repository/com/github/almasb/fxgl/11.16/fxgl-11.16.jar!/fxglassets/ui/css/fxgl_dark.css
15:10:35.976 [FXGL Background Thread 1 ] DEBUG GameApplicationServi - Initializing application scenes
15:10:36.083 [FXGL Background Thread 1 ] DEBUG GameWorld            - Game world initialized
15:10:36.169 [FXGL Background Thread 1 ] DEBUG PhysicsWorld         - Physics world initialized: appHeight=720, physics.ppm=50.0
15:10:36.170 [FXGL Background Thread 1 ] DEBUG PhysicsWorld         - Using strategy: BRUTE_FORCE
15:10:36.175 [FXGL Background Thread 1 ] DEBUG GameScene            - Game scene initialized: 1080x720
15:10:36.193 [FXGL Background Thread 1 ] DEBUG FXGL.DefaultMenu     - createMenuBodyGameMenu()
15:10:36.215 [FXGL Background Thread 1 ] DEBUG FXGL.DefaultMenu     - createOptionsMenu()
15:10:36.226 [FXGL Background Thread 1 ] DEBUG FXGLAssetLoaderServi - Loading from file system: jar:file:/C:/Users/24771/.m2/repository/com/github/almasb/fxgl/11.16/fxgl-11.16.jar!/fxglassets/textures/particles/smoke.png
15:10:36.355 [FXGL Background Thread 1 ] DEBUG FXGLAssetLoaderServi - Loading from file system: jar:file:/C:/Users/24771/.m2/repository/com/github/almasb/fxgl/11.16/fxgl-11.16.jar!/fxglassets/textures/particles/trace_horizontal.png
15:10:36.374 [FXGL Background Thread 1 ] DEBUG GameApplicationServi - Application scenes initialized
15:10:36.389 [FXGL Background Thread 1 ] DEBUG SystemBundleService  - Loading FXGL system data
15:10:36.391 [FXGL Background Thread 1 ] DEBUG FileSystemAccess     - Reading from: C:\project\wonderfulStory\system\fxgl.bundle
15:10:36.394 [FXGL Background Thread 1 ] DEBUG SystemBundleService  - Bundle FXGL: {}
15:10:36.394 [FXGL Background Thread 1 ] DEBUG UpdaterService       - Checking for updates
15:10:36.401 [FXGL Background Thread 4 ] DEBUG FXGLApplication      - Loading fonts
15:10:36.401 [FXGL Background Thread 4 ] DEBUG FXGLAssetLoaderServi - Loading from file system: jar:file:/C:/Users/24771/.m2/repository/com/github/almasb/fxgl/11.16/fxgl-11.16.jar!/fxglassets/ui/fonts/VarelaRound-Regular.ttf
15:10:36.401 [FXGL Background Thread 1 ] DEBUG FXGLApplication      - Loading default localization
15:10:36.402 [FXGL Background Thread 1 ] DEBUG FXGLAssetLoaderServi - Loading from file system: jar:file:/C:/Users/24771/.m2/repository/com/github/almasb/fxgl/11.16/fxgl-11.16.jar!/fxglassets/languages/english.lang
15:10:36.427 [FXGL Background Thread 1 ] INFO  FXGLApplication      - FXGL initialization took: 0.588 sec
15:10:36.430 [FXGL Background Thread 4 ] DEBUG FXGLAssetLoaderServi - Loading from file system: jar:file:/C:/Users/24771/.m2/repository/com/github/almasb/fxgl/11.16/fxgl-11.16.jar!/fxglassets/ui/fonts/Abel-Regular.ttf
15:10:36.436 [JavaFX Application Thread] DEBUG Input                - Registered new binding: move up - W
15:10:36.437 [JavaFX Application Thread] DEBUG Input                - Registered new binding: move down - S
15:10:36.439 [JavaFX Application Thread] DEBUG Input                - Registered new binding: move left - A
15:10:36.439 [JavaFX Application Thread] DEBUG Input                - Registered new binding: move right - D
15:10:36.454 [FXGL Background Thread 4 ] DEBUG FXGLAssetLoaderServi - Loading from file system: jar:file:/C:/Users/24771/.m2/repository/com/github/almasb/fxgl/11.16/fxgl-11.16.jar!/fxglassets/ui/fonts/lucida_console.ttf
15:10:36.475 [FXGL Background Thread 4 ] DEBUG FXGLAssetLoaderServi - Loading from file system: jar:file:/C:/Users/24771/.m2/repository/com/github/almasb/fxgl/11.16/fxgl-11.16.jar!/fxglassets/ui/fonts/Courier-Prime.ttf
15:10:36.567 [JavaFX Application Thread] DEBUG FXGLAssetLoaderServi - Loading from file system: file:/C:/project/wonderfulStory/wonder/target/classes/assets/textures/player.png
15:10:36.582 [JavaFX Application Thread] DEBUG FXGLAssetLoaderServi - Loading from file system: jar:file:/C:/Users/24771/.m2/repository/com/github/almasb/fxgl/11.16/fxgl-11.16.jar!/fxglassets/textures/fxgl_icon.png
15:10:36.611 [JavaFX Application Thread] DEBUG FXGLAssetLoaderServi - Loading from file system: jar:file:/C:/Users/24771/.m2/repository/com/github/almasb/fxgl/11.16/fxgl-11.16.jar!/fxglassets/textures/fxgl_default_cursor.png
15:10:36.615 [JavaFX Application Thread] DEBUG Input                - Registered new binding: Screenshot - CTRL+8
15:10:36.616 [JavaFX Application Thread] DEBUG Input                - Registered new binding: System info dump - CTRL+9
15:10:36.617 [JavaFX Application Thread] DEBUG Input                - Registered new binding: Restart - CTRL+R
15:10:36.619 [JavaFX Application Thread] DEBUG Input                - Registered new binding: Toggle Debug Camera - CTRL+C
15:10:36.621 [JavaFX Application Thread] DEBUG LoopRunner           - Starting loop
15:10:36.622 [JavaFX Application Thread] DEBUG LoopRunner           - Initializing JavaFX AnimationTimerLoop
15:10:36.626 [JavaFX Application Thread] DEBUG GameApplicationServi - Starting new game
15:10:36.627 [JavaFX Application Thread] DEBUG Input                - Clearing active input actions
15:10:36.649 [JavaFX Application Thread] DEBUG GameApplicationServi - Removing overlay from FXGLStartupScene and adding to FXGLLoadingScene
15:10:36.650 [JavaFX Application Thread] DEBUG PrimaryStageWindow   - FXGLStartupScene -> FXGLLoadingScene
15:10:36.650 [JavaFX Application Thread] DEBUG GameApplicationServi - Clearing previous game
15:10:36.651 [JavaFX Application Thread] DEBUG GameScene            - Clearing game scene
15:10:36.651 [JavaFX Application Thread] DEBUG GameWorld            - Clearing game world
15:10:36.652 [JavaFX Application Thread] DEBUG PhysicsWorld         - Clearing physics world
15:10:36.654 [FXGL Background Thread 4 ] DEBUG FXGLApplication      - Initializing game
15:10:36.654 [JavaFX Application Thread] DEBUG FXGLApplication      - Registering font factories with UI factory
15:10:36.661 [FXGL Background Thread 2 ] WARN  UpdaterService       - Failed to find updates: java.net.UnknownHostException: raw.githubusercontent.com
15:10:36.661 [FXGL Background Thread 4 ] INFO  FXGLApplication      - Game initialization took: 0.007 sec
15:10:36.716 [JavaFX Application Thread] DEBUG Input                - Clearing active input actions
15:10:36.728 [JavaFX Application Thread] DEBUG GameApplicationServi - Removing overlay from FXGLLoadingScene and adding to GameScene
15:10:36.729 [JavaFX Application Thread] DEBUG PrimaryStageWindow   - FXGLLoadingScene -> GameScene
15:10:39.399 [FXGL Background Thread 3 ] DEBUG Engine               - Logging environment variables
15:10:39.399 [FXGL Background Thread 3 ] DEBUG Engine               - achievements: []
15:10:39.399 [FXGL Background Thread 3 ] DEBUG Engine               - actualHeight: 720.0
15:10:39.399 [FXGL Background Thread 3 ] DEBUG Engine               - actualHeightProperty: ReadOnlyDoubleProperty [value: 720.0]
15:10:39.400 [FXGL Background Thread 3 ] DEBUG Engine               - actualWidth: 1080.0
15:10:39.400 [FXGL Background Thread 3 ] DEBUG Engine               - actualWidthProperty: ReadOnlyDoubleProperty [value: 1080.0]
15:10:39.400 [FXGL Background Thread 3 ] DEBUG Engine               - appIcon: fxgl_icon.png
15:10:39.400 [FXGL Background Thread 3 ] DEBUG Engine               - applicationMode: DEVELOPER
15:10:39.400 [FXGL Background Thread 3 ] DEBUG Engine               - cSSList: [fxgl_dark.css]
15:10:39.400 [FXGL Background Thread 3 ] DEBUG Engine               - collisionDetectionStrategy: BRUTE_FORCE
15:10:39.400 [FXGL Background Thread 3 ] DEBUG Engine               - configClass: Optional.empty
15:10:39.400 [FXGL Background Thread 3 ] DEBUG Engine               - credits: []
15:10:39.401 [FXGL Background Thread 3 ] DEBUG Engine               - defaultCursor: CursorInfo(imageName=fxgl_default_cursor.png, hotspotX=7.0, hotspotY=6.0)
15:10:39.401 [FXGL Background Thread 3 ] DEBUG Engine               - devBBoxColorProperty: ObjectProperty [value: 0xff0000ff]
15:10:39.401 [FXGL Background Thread 3 ] DEBUG Engine               - devEnableDebugCameraProperty: BooleanProperty [value: false]
15:10:39.401 [FXGL Background Thread 3 ] DEBUG Engine               - devSensorColorProperty: ObjectProperty [value: 0xffff00ff]
15:10:39.401 [FXGL Background Thread 3 ] DEBUG Engine               - devShowBBoxProperty: BooleanProperty [value: false]
15:10:39.402 [FXGL Background Thread 3 ] DEBUG Engine               - devShowPositionProperty: BooleanProperty [value: false]
15:10:39.402 [FXGL Background Thread 3 ] DEBUG Engine               - enabledMenuItems: []
15:10:39.402 [FXGL Background Thread 3 ] DEBUG Engine               - engineServices: [class com.almasb.fxgl.app.services.FXGLAssetLoaderService, class com.almasb.fxgl.app.FXGLApplication$GameApplicationService, class com.almasb.fxgl.app.services.FXGLDialogService, class com.almasb.fxgl.app.services.IOTaskExecutorService, class com.almasb.fxgl.io.FileSystemService, class com.almasb.fxgl.localization.LocalizationService, class com.almasb.fxgl.app.services.SystemBundleService, class com.almasb.fxgl.profile.SaveLoadService, class com.almasb.fxgl.ui.FXGLUIFactoryServiceProvider, class com.almasb.fxgl.ui.FXGLDialogFactoryServiceProvider, class com.almasb.fxgl.audio.AudioPlayer, class com.almasb.fxgl.notification.impl.NotificationServiceProvider, class com.almasb.fxgl.achievement.AchievementService, class com.almasb.fxgl.cutscene.CutsceneService, class com.almasb.fxgl.minigames.MiniGameService, class com.almasb.fxgl.net.NetService, class com.almasb.fxgl.app.services.UpdaterService, class com.almasb.fxgl.dev.DevService]
15:10:39.402 [FXGL Background Thread 3 ] DEBUG Engine               - fontGame: Abel-Regular.ttf
15:10:39.402 [FXGL Background Thread 3 ] DEBUG Engine               - fontMono: lucida_console.ttf
15:10:39.402 [FXGL Background Thread 3 ] DEBUG Engine               - fontText: Courier-Prime.ttf
15:10:39.402 [FXGL Background Thread 3 ] DEBUG Engine               - fontUI: VarelaRound-Regular.ttf
15:10:39.402 [FXGL Background Thread 3 ] DEBUG Engine               - fullScreen: BooleanProperty [value: false]
15:10:39.403 [FXGL Background Thread 3 ] DEBUG Engine               - gameDifficulty: MEDIUM
15:10:39.403 [FXGL Background Thread 3 ] DEBUG Engine               - gameDifficultyProperty: ObjectProperty [value: MEDIUM]
15:10:39.403 [FXGL Background Thread 3 ] DEBUG Engine               - globalMusicVolume: 0.5
15:10:39.403 [FXGL Background Thread 3 ] DEBUG Engine               - globalMusicVolumeProperty: DoubleProperty [value: 0.5]
15:10:39.403 [FXGL Background Thread 3 ] DEBUG Engine               - globalSoundVolume: 0.5
15:10:39.403 [FXGL Background Thread 3 ] DEBUG Engine               - globalSoundVolumeProperty: DoubleProperty [value: 0.5]
15:10:39.403 [FXGL Background Thread 3 ] DEBUG Engine               - height: 720
15:10:39.403 [FXGL Background Thread 3 ] DEBUG Engine               - is3D: false
15:10:39.404 [FXGL Background Thread 3 ] DEBUG Engine               - isAndroid: false
15:10:39.404 [FXGL Background Thread 3 ] DEBUG Engine               - isBrowser: false
15:10:39.404 [FXGL Background Thread 3 ] DEBUG Engine               - isClickFeedbackEnabled: false
15:10:39.404 [FXGL Background Thread 3 ] DEBUG Engine               - isCloseConfirmation: false
15:10:39.404 [FXGL Background Thread 3 ] DEBUG Engine               - isDesktop: true
15:10:39.404 [FXGL Background Thread 3 ] DEBUG Engine               - isDeveloperMenuEnabled: false
15:10:39.404 [FXGL Background Thread 3 ] DEBUG Engine               - isEntityPreloadEnabled: true
15:10:39.404 [FXGL Background Thread 3 ] DEBUG Engine               - isExperimentalTiledLargeMap: false
15:10:39.404 [FXGL Background Thread 3 ] DEBUG Engine               - isFileSystemWriteAllowed: true
15:10:39.404 [FXGL Background Thread 3 ] DEBUG Engine               - isFullScreenAllowed: false
15:10:39.405 [FXGL Background Thread 3 ] DEBUG Engine               - isFullScreenFromStart: false
15:10:39.405 [FXGL Background Thread 3 ] DEBUG Engine               - isGameMenuEnabled: true
15:10:39.405 [FXGL Background Thread 3 ] DEBUG Engine               - isIOS: false
15:10:39.405 [FXGL Background Thread 3 ] DEBUG Engine               - isIntroEnabled: false
15:10:39.405 [FXGL Background Thread 3 ] DEBUG Engine               - isLinux: false
15:10:39.405 [FXGL Background Thread 3 ] DEBUG Engine               - isMac: false
15:10:39.405 [FXGL Background Thread 3 ] DEBUG Engine               - isMainMenuEnabled: false
15:10:39.405 [FXGL Background Thread 3 ] DEBUG Engine               - isManualResizeEnabled: false
15:10:39.406 [FXGL Background Thread 3 ] DEBUG Engine               - isMobile: false
15:10:39.406 [FXGL Background Thread 3 ] DEBUG Engine               - isNative: false
15:10:39.406 [FXGL Background Thread 3 ] DEBUG Engine               - isPreserveResizeRatio: false
15:10:39.406 [FXGL Background Thread 3 ] DEBUG Engine               - isProfilingEnabled: false
15:10:39.406 [FXGL Background Thread 3 ] DEBUG Engine               - isScaleAffectedOnResize: true
15:10:39.406 [FXGL Background Thread 3 ] DEBUG Engine               - isSingleStep: false
15:10:39.406 [FXGL Background Thread 3 ] DEBUG Engine               - isUserProfileEnabled: false
15:10:39.407 [FXGL Background Thread 3 ] DEBUG Engine               - isWindows: true
15:10:39.407 [FXGL Background Thread 3 ] DEBUG Engine               - language: ObjectProperty [value: ENGLISH]
15:10:39.407 [FXGL Background Thread 3 ] DEBUG Engine               - menuKey: ESCAPE
15:10:39.407 [FXGL Background Thread 3 ] DEBUG Engine               - mouseSensitivity: 0.2
15:10:39.407 [FXGL Background Thread 3 ] DEBUG Engine               - notificationViewClass: class com.almasb.fxgl.notification.view.XboxNotificationView
15:10:39.407 [FXGL Background Thread 3 ] DEBUG Engine               - pixelsPerMeter: 50.0
15:10:39.407 [FXGL Background Thread 3 ] DEBUG Engine               - platform: WINDOWS
15:10:39.407 [FXGL Background Thread 3 ] DEBUG Engine               - prefHeightProperty: ReadOnlyDoubleProperty [value: 720.0]
15:10:39.407 [FXGL Background Thread 3 ] DEBUG Engine               - prefWidthProperty: ReadOnlyDoubleProperty [value: 1080.0]
15:10:39.408 [FXGL Background Thread 3 ] DEBUG Engine               - profileDir: profiles/
15:10:39.408 [FXGL Background Thread 3 ] DEBUG Engine               - profileName: StringProperty [value: DEFAULT]
15:10:39.408 [FXGL Background Thread 3 ] DEBUG Engine               - randomSeed: -1
15:10:39.408 [FXGL Background Thread 3 ] DEBUG Engine               - runtimeInfo: RuntimeInfo(platform=WINDOWS, version=11.16, build=25.05.2021 08.16)
15:10:39.408 [FXGL Background Thread 3 ] DEBUG Engine               - saveFileExt: sav
15:10:39.408 [FXGL Background Thread 3 ] DEBUG Engine               - scaledHeightProp$fxgl: DoubleProperty [bound, value: 720.0]
15:10:39.408 [FXGL Background Thread 3 ] DEBUG Engine               - scaledWidthProp$fxgl: DoubleProperty [bound, value: 1080.0]
15:10:39.408 [FXGL Background Thread 3 ] DEBUG Engine               - sceneFactory: com.almasb.fxgl.app.scene.SceneFactory@79e5b740
15:10:39.409 [FXGL Background Thread 3 ] DEBUG Engine               - secondsIn24h: 60
15:10:39.409 [FXGL Background Thread 3 ] DEBUG Engine               - soundMenuBack: menu/back.wav
15:10:39.409 [FXGL Background Thread 3 ] DEBUG Engine               - soundMenuPress: menu/press.wav
15:10:39.409 [FXGL Background Thread 3 ] DEBUG Engine               - soundMenuSelect: menu/select.wav
15:10:39.410 [FXGL Background Thread 3 ] DEBUG Engine               - soundNotification: core/notification.wav
15:10:39.410 [FXGL Background Thread 3 ] DEBUG Engine               - stageStyle: DECORATED
15:10:39.410 [FXGL Background Thread 3 ] DEBUG Engine               - supportedLanguages: [ENGLISH, FRENCH, GERMAN, HUNGARIAN, RUSSIAN]
15:10:39.410 [FXGL Background Thread 3 ] DEBUG Engine               - ticksPerSecond: -1
15:10:39.410 [FXGL Background Thread 3 ] DEBUG Engine               - title: 奇妙物语
15:10:39.410 [FXGL Background Thread 3 ] DEBUG Engine               - urlGithub: https://github.com/AlmasB/FXGL
15:10:39.410 [FXGL Background Thread 3 ] DEBUG Engine               - urlLeaderboard: http://fxgl-top.herokuapp.com/
15:10:39.411 [FXGL Background Thread 3 ] DEBUG Engine               - urlPOM: https://raw.githubusercontent.com/AlmasB/FXGL/release/README.md
15:10:39.411 [FXGL Background Thread 3 ] DEBUG Engine               - userAppClass: class com.dam.wonder.view.game.BasicGameSample
15:10:39.411 [FXGL Background Thread 3 ] DEBUG Engine               - version: demo01
15:10:39.411 [FXGL Background Thread 3 ] DEBUG Engine               - versionCheckDays: 7
15:10:39.412 [FXGL Background Thread 3 ] DEBUG Engine               - width: 1080
15:10:39.412 [FXGL Background Thread 3 ] DEBUG Engine               - Logging services
15:10:39.412 [FXGL Background Thread 3 ] DEBUG Engine               - class com.almasb.fxgl.app.services.FXGLAssetLoaderService
15:10:39.412 [FXGL Background Thread 3 ] DEBUG Engine               - class com.almasb.fxgl.app.FXGLApplication$GameApplicationService
15:10:39.412 [FXGL Background Thread 3 ] DEBUG Engine               - class com.almasb.fxgl.app.services.FXGLDialogService
15:10:39.412 [FXGL Background Thread 3 ] DEBUG Engine               - class com.almasb.fxgl.app.services.IOTaskExecutorService
15:10:39.412 [FXGL Background Thread 3 ] DEBUG Engine               - class com.almasb.fxgl.io.FileSystemService
15:10:39.412 [FXGL Background Thread 3 ] DEBUG Engine               - class com.almasb.fxgl.localization.LocalizationService
15:10:39.412 [FXGL Background Thread 3 ] DEBUG Engine               - class com.almasb.fxgl.app.services.SystemBundleService
15:10:39.413 [FXGL Background Thread 3 ] DEBUG Engine               - class com.almasb.fxgl.profile.SaveLoadService
15:10:39.413 [FXGL Background Thread 3 ] DEBUG Engine               - class com.almasb.fxgl.ui.FXGLUIFactoryServiceProvider
15:10:39.413 [FXGL Background Thread 3 ] DEBUG Engine               - class com.almasb.fxgl.ui.FXGLDialogFactoryServiceProvider
15:10:39.413 [FXGL Background Thread 3 ] DEBUG Engine               - class com.almasb.fxgl.audio.AudioPlayer
15:10:39.413 [FXGL Background Thread 3 ] DEBUG Engine               - class com.almasb.fxgl.notification.impl.NotificationServiceProvider
15:10:39.413 [FXGL Background Thread 3 ] DEBUG Engine               - class com.almasb.fxgl.achievement.AchievementService
15:10:39.413 [FXGL Background Thread 3 ] DEBUG Engine               - class com.almasb.fxgl.cutscene.CutsceneService
15:10:39.414 [FXGL Background Thread 3 ] DEBUG Engine               - class com.almasb.fxgl.minigames.MiniGameService
15:10:39.414 [FXGL Background Thread 3 ] DEBUG Engine               - class com.almasb.fxgl.net.NetService
15:10:39.414 [FXGL Background Thread 3 ] DEBUG Engine               - class com.almasb.fxgl.app.services.UpdaterService
15:10:39.414 [FXGL Background Thread 3 ] DEBUG Engine               - class com.almasb.fxgl.dev.DevService
15:10:45.834 [JavaFX Application Thread] DEBUG FXGLApplication      - Exiting FXGL
15:10:45.834 [JavaFX Application Thread] DEBUG LoopRunner           - Stopping loop
15:10:45.834 [JavaFX Application Thread] DEBUG SystemBundleService  - Saving FXGL system data
15:10:45.835 [JavaFX Application Thread] DEBUG FileSystemAccess     - Writing to: C:\project\wonderfulStory\system\fxgl.bundle
15:10:45.836 [JavaFX Application Thread] DEBUG Async                - Shutting down background threads
15:10:45.836 [JavaFX Application Thread] DEBUG PrimaryStageWindow   - Closing main window
15:10:45.868 [JavaFX Application Thread] DEBUG Logger               - Closing Logger
