17:35:07.199 [main                     ] DEBUG Logger               - Configured Logger
17:35:07.214 [main                     ] DEBUG GameApplication      - Logging settings
Title: demo
Version: 0.0
Width: 1080
Height: 720
Fullscreen: false
Intro: false
Profiling: false
Single step:false
App Mode: DEVELOPER
Menu Key: ESCAPE
Stage Style: DECORATED
Scene Factory: class com.almasb.fxgl.app.scene.SceneFactory

17:35:08.014 [JavaFX Application Thread] DEBUG FXGLApplication      - Initializing FXGL
17:35:08.018 [JavaFX Application Thread] INFO  Engine               - FXGL-11.17 (16.07.2021 15.46) on WINDOWS (J:16.0.2 FX:16)
17:35:08.019 [JavaFX Application Thread] DEBUG Engine               - JRE Vendor Name: Oracle Corporation
17:35:08.019 [JavaFX Application Thread] DEBUG Engine               - Running on OS: Windows 10 version 10.0
17:35:08.019 [JavaFX Application Thread] DEBUG Engine               - Architecture: amd64
17:35:08.019 [JavaFX Application Thread] INFO  Engine               - Source code and latest versions at: https://github.com/AlmasB/FXGL
17:35:08.020 [JavaFX Application Thread] INFO  Engine               -              Join the FXGL chat at: https://gitter.im/AlmasB/FXGL
17:35:08.286 [JavaFX Application Thread] DEBUG PrimaryStageWindow   - Creating a JavaFX scene
17:35:08.376 [JavaFX Application Thread] DEBUG PrimaryStageWindow   - Target settings size: 1080.0 x 720.0
17:35:08.376 [JavaFX Application Thread] DEBUG PrimaryStageWindow   - Scaled scene size:    1080.0 x 720.0
17:35:08.377 [JavaFX Application Thread] DEBUG PrimaryStageWindow   - Scaled ratio: (1.0, 1.0)
17:35:08.379 [JavaFX Application Thread] DEBUG PrimaryStageWindow   - Set initial scene to FXGLStartupScene
17:35:08.395 [JavaFX Application Thread] DEBUG PrimaryStageWindow   - Opening main window
17:35:08.771 [JavaFX Application Thread] DEBUG PrimaryStageWindow   - Window border size: (14.4000244140625, 37.5999755859375)
17:35:08.772 [JavaFX Application Thread] DEBUG PrimaryStageWindow   - Scaled size: 1080.0 x 720.0
17:35:08.772 [JavaFX Application Thread] DEBUG PrimaryStageWindow   - Scaled ratio: (1.0, 1.0)
17:35:08.773 [JavaFX Application Thread] DEBUG PrimaryStageWindow   - Scene size: 1080.0 x 720.0
17:35:08.773 [JavaFX Application Thread] DEBUG PrimaryStageWindow   - Stage size: 1094.4000244140625 x 757.5999755859375
17:35:08.789 [FXGL Background Thread 1 ] DEBUG Engine               - Initializing environment variables
17:35:08.903 [FXGL Background Thread 1 ] DEBUG FXGLAssetLoaderServi - User app class for loading assets: class com.dam.wonder.GameApp
17:35:08.903 [FXGL Background Thread 1 ] DEBUG GameApplicationServi - Applying CSS: fxgl_dark.css
17:35:08.905 [FXGL Background Thread 1 ] DEBUG FXGLAssetLoaderServi - Loading from file system: jar:file:/C:/Users/24771/.m2/repository/com/github/almasb/fxgl/11.17/fxgl-11.17.jar!/fxglassets/ui/css/fxgl_dark.css
17:35:09.021 [FXGL Background Thread 1 ] DEBUG GameApplicationServi - Initializing application scenes
17:35:09.181 [FXGL Background Thread 1 ] DEBUG GameWorld            - Game world initialized
17:35:09.299 [FXGL Background Thread 1 ] DEBUG PhysicsWorld         - Physics world initialized: appHeight=720, physics.ppm=50.0
17:35:09.299 [FXGL Background Thread 1 ] DEBUG PhysicsWorld         - Using strategy: BRUTE_FORCE
17:35:09.305 [FXGL Background Thread 1 ] DEBUG GameScene            - Game scene initialized: 1080x720
17:35:09.329 [FXGL Background Thread 1 ] DEBUG FXGL.DefaultMenu     - createMenuBodyGameMenu()
17:35:09.358 [FXGL Background Thread 1 ] DEBUG FXGL.DefaultMenu     - createOptionsMenu()
17:35:09.376 [FXGL Background Thread 1 ] DEBUG FXGLAssetLoaderServi - Loading from file system: jar:file:/C:/Users/24771/.m2/repository/com/github/almasb/fxgl/11.17/fxgl-11.17.jar!/fxglassets/textures/particles/smoke.png
17:35:09.559 [FXGL Background Thread 1 ] DEBUG FXGLAssetLoaderServi - Loading from file system: jar:file:/C:/Users/24771/.m2/repository/com/github/almasb/fxgl/11.17/fxgl-11.17.jar!/fxglassets/textures/particles/trace_horizontal.png
17:35:09.610 [FXGL Background Thread 1 ] DEBUG GameApplicationServi - Application scenes initialized
17:35:09.631 [FXGL Background Thread 1 ] DEBUG SystemBundleService  - Loading FXGL system data
17:35:09.639 [FXGL Background Thread 1 ] DEBUG FileSystemAccess     - Reading from: C:\project\wonderfulStory\system\fxgl.bundle
17:35:09.648 [FXGL Background Thread 1 ] DEBUG SystemBundleService  - Bundle FXGL: {}
17:35:09.650 [FXGL Background Thread 1 ] DEBUG UpdaterService       - Checking for updates
17:35:09.704 [FXGL Background Thread 4 ] DEBUG FXGLApplication      - Loading fonts
17:35:09.706 [FXGL Background Thread 4 ] DEBUG FXGLAssetLoaderServi - Loading from file system: jar:file:/C:/Users/24771/.m2/repository/com/github/almasb/fxgl/11.17/fxgl-11.17.jar!/fxglassets/ui/fonts/VarelaRound-Regular.ttf
17:35:09.706 [FXGL Background Thread 1 ] DEBUG FXGLApplication      - Loading default localization
17:35:09.707 [FXGL Background Thread 1 ] DEBUG FXGLAssetLoaderServi - Loading from file system: jar:file:/C:/Users/24771/.m2/repository/com/github/almasb/fxgl/11.17/fxgl-11.17.jar!/fxglassets/languages/english.lang
17:35:09.736 [FXGL Background Thread 1 ] INFO  FXGLApplication      - FXGL initialization took: 0.947 sec
17:35:09.758 [JavaFX Application Thread] DEBUG Input                - Registered new binding: up - W
17:35:09.758 [JavaFX Application Thread] DEBUG Input                - Registered new binding: down - S
17:35:09.759 [JavaFX Application Thread] DEBUG Input                - Registered new binding: left - A
17:35:09.760 [JavaFX Application Thread] DEBUG Input                - Registered new binding: right - D
17:35:09.761 [JavaFX Application Thread] DEBUG Input                - Registered new binding: show talk - P
17:35:09.762 [JavaFX Application Thread] DEBUG FXGLAssetLoaderServi - Loading from file system: jar:file:/C:/Users/24771/.m2/repository/com/github/almasb/fxgl/11.17/fxgl-11.17.jar!/fxglassets/textures/fxgl_icon.png
17:35:09.800 [JavaFX Application Thread] DEBUG FXGLAssetLoaderServi - Loading from file system: jar:file:/C:/Users/24771/.m2/repository/com/github/almasb/fxgl/11.17/fxgl-11.17.jar!/fxglassets/textures/fxgl_default_cursor.png
17:35:09.806 [JavaFX Application Thread] DEBUG Input                - Registered new binding: Screenshot - CTRL+8
17:35:09.807 [JavaFX Application Thread] DEBUG Input                - Registered new binding: Dev Options - 1
17:35:09.808 [JavaFX Application Thread] DEBUG Input                - Registered new binding: Dev Console - 2
17:35:09.810 [JavaFX Application Thread] DEBUG Input                - Registered new binding: System info dump - CTRL+9
17:35:09.811 [JavaFX Application Thread] DEBUG Input                - Registered new binding: Restart - CTRL+R
17:35:09.813 [JavaFX Application Thread] DEBUG Input                - Registered new binding: Toggle Debug Camera - CTRL+C
17:35:09.820 [JavaFX Application Thread] DEBUG LoopRunner           - Starting loop
17:35:09.849 [JavaFX Application Thread] DEBUG LoopRunner           - Initializing JavaFX AnimationTimerLoop
17:35:09.855 [JavaFX Application Thread] DEBUG GameApplicationServi - Starting new game
17:35:09.856 [JavaFX Application Thread] DEBUG Input                - Clearing active input actions
17:35:09.880 [JavaFX Application Thread] DEBUG GameApplicationServi - Removing overlay from FXGLStartupScene and adding to FXGLLoadingScene
17:35:09.889 [JavaFX Application Thread] DEBUG PrimaryStageWindow   - FXGLStartupScene -> FXGLLoadingScene
17:35:09.890 [JavaFX Application Thread] DEBUG GameApplicationServi - Clearing previous game
17:35:09.891 [JavaFX Application Thread] DEBUG GameScene            - Clearing game scene
17:35:09.892 [JavaFX Application Thread] DEBUG GameWorld            - Clearing game world
17:35:09.892 [JavaFX Application Thread] DEBUG PhysicsWorld         - Clearing physics world
17:35:09.895 [FXGL Background Thread 1 ] DEBUG FXGLApplication      - Initializing game
17:35:09.910 [FXGL Background Thread 4 ] DEBUG FXGLAssetLoaderServi - Loading from file system: jar:file:/C:/Users/24771/.m2/repository/com/github/almasb/fxgl/11.17/fxgl-11.17.jar!/fxglassets/ui/fonts/Abel-Regular.ttf
17:35:09.938 [FXGL Background Thread 4 ] DEBUG FXGLAssetLoaderServi - Loading from file system: jar:file:/C:/Users/24771/.m2/repository/com/github/almasb/fxgl/11.17/fxgl-11.17.jar!/fxglassets/ui/fonts/lucida_console.ttf
17:35:09.995 [FXGL Background Thread 4 ] DEBUG FXGLAssetLoaderServi - Loading from file system: jar:file:/C:/Users/24771/.m2/repository/com/github/almasb/fxgl/11.17/fxgl-11.17.jar!/fxglassets/ui/fonts/Courier-Prime.ttf
17:35:10.023 [FXGL Background Thread 1 ] WARN  TMXLevelLoader       - TiledMap generated from 1.7.1. Supported version: 1.2.3. Some features may not be parsed fully.
17:35:10.034 [FXGL Background Thread 2 ] WARN  UpdaterService       - Failed to find updates: java.net.UnknownHostException: raw.githubusercontent.com
17:35:10.079 [FXGL Background Thread 1 ] DEBUG TMXLevelLoader       - Parsed TiledMap: file:/C:/project/wonderfulStory/wonder/target/classes/assets/levels/tmx/obj_test.tmx
17:35:10.082 [FXGL Background Thread 1 ] DEBUG TMXLevelLoader       - Creating tile layer entities
17:35:10.084 [FXGL Background Thread 1 ] DEBUG TilesetLoader        - Loading view for layer ground
17:35:10.125 [FXGL Background Thread 1 ] DEBUG TilesetLoader        - Created buffer with size 3200.0x3200.0
17:35:10.250 [FXGL Background Thread 1 ] DEBUG TilesetLoader        - Loading view for layer items
17:35:10.297 [FXGL Background Thread 1 ] DEBUG TilesetLoader        - Created buffer with size 3200.0x3200.0
17:35:10.345 [FXGL Background Thread 1 ] DEBUG TMXLevelLoader       - Creating object layer entities
17:35:10.387 [FXGL Background Thread 1 ] DEBUG GameWorld            - Clearing removable entities
17:35:10.389 [FXGL Background Thread 1 ] DEBUG GameWorld            - Setting level: com.almasb.fxgl.entity.level.Level@2d29c41c
17:35:10.417 [JavaFX Application Thread] DEBUG FXGLApplication      - Registering font factories with UI factory
17:35:10.445 [FXGL Background Thread 1 ] INFO  FXGLApplication      - Game initialization took: 0.550 sec
17:35:10.629 [JavaFX Application Thread] DEBUG Input                - Clearing active input actions
17:35:10.651 [JavaFX Application Thread] DEBUG GameApplicationServi - Removing overlay from FXGLLoadingScene and adding to GameScene
17:35:10.661 [JavaFX Application Thread] DEBUG PrimaryStageWindow   - FXGLLoadingScene -> GameScene
17:35:12.701 [FXGL Background Thread 3 ] DEBUG Engine               - Logging environment variables
17:35:12.702 [FXGL Background Thread 3 ] DEBUG Engine               - achievements: []
17:35:12.702 [FXGL Background Thread 3 ] DEBUG Engine               - actualHeight: 720.0
17:35:12.702 [FXGL Background Thread 3 ] DEBUG Engine               - actualHeightProperty: ReadOnlyDoubleProperty [value: 720.0]
17:35:12.703 [FXGL Background Thread 3 ] DEBUG Engine               - actualWidth: 1080.0
17:35:12.703 [FXGL Background Thread 3 ] DEBUG Engine               - actualWidthProperty: ReadOnlyDoubleProperty [value: 1080.0]
17:35:12.703 [FXGL Background Thread 3 ] DEBUG Engine               - appIcon: fxgl_icon.png
17:35:12.703 [FXGL Background Thread 3 ] DEBUG Engine               - applicationMode: DEVELOPER
17:35:12.703 [FXGL Background Thread 3 ] DEBUG Engine               - cSSList: [fxgl_dark.css]
17:35:12.703 [FXGL Background Thread 3 ] DEBUG Engine               - collisionDetectionStrategy: BRUTE_FORCE
17:35:12.703 [FXGL Background Thread 3 ] DEBUG Engine               - configClass: Optional.empty
17:35:12.703 [FXGL Background Thread 3 ] DEBUG Engine               - credits: []
17:35:12.703 [FXGL Background Thread 3 ] DEBUG Engine               - defaultCursor: CursorInfo(imageName=fxgl_default_cursor.png, hotspotX=7.0, hotspotY=6.0)
17:35:12.704 [FXGL Background Thread 3 ] DEBUG Engine               - devBBoxColorProperty: ObjectProperty [value: 0xff0000ff]
17:35:12.704 [FXGL Background Thread 3 ] DEBUG Engine               - devEnableDebugCameraProperty: BooleanProperty [value: false]
17:35:12.704 [FXGL Background Thread 3 ] DEBUG Engine               - devSensorColorProperty: ObjectProperty [value: 0xffff00ff]
17:35:12.704 [FXGL Background Thread 3 ] DEBUG Engine               - devShowBBoxProperty: BooleanProperty [value: false]
17:35:12.705 [FXGL Background Thread 3 ] DEBUG Engine               - devShowPositionProperty: BooleanProperty [value: false]
17:35:12.705 [FXGL Background Thread 3 ] DEBUG Engine               - enabledMenuItems: []
17:35:12.705 [FXGL Background Thread 3 ] DEBUG Engine               - engineServices: [class com.almasb.fxgl.app.services.FXGLAssetLoaderService, class com.almasb.fxgl.app.FXGLApplication$GameApplicationService, class com.almasb.fxgl.app.services.FXGLDialogService, class com.almasb.fxgl.app.services.IOTaskExecutorService, class com.almasb.fxgl.io.FileSystemService, class com.almasb.fxgl.localization.LocalizationService, class com.almasb.fxgl.app.services.SystemBundleService, class com.almasb.fxgl.profile.SaveLoadService, class com.almasb.fxgl.ui.FXGLUIFactoryServiceProvider, class com.almasb.fxgl.ui.FXGLDialogFactoryServiceProvider, class com.almasb.fxgl.audio.AudioPlayer, class com.almasb.fxgl.notification.impl.NotificationServiceProvider, class com.almasb.fxgl.achievement.AchievementService, class com.almasb.fxgl.cutscene.CutsceneService, class com.almasb.fxgl.minigames.MiniGameService, class com.almasb.fxgl.net.NetService, class com.almasb.fxgl.app.services.UpdaterService, class com.almasb.fxgl.dev.DevService]
17:35:12.705 [FXGL Background Thread 3 ] DEBUG Engine               - fontGame: Abel-Regular.ttf
17:35:12.705 [FXGL Background Thread 3 ] DEBUG Engine               - fontMono: lucida_console.ttf
17:35:12.706 [FXGL Background Thread 3 ] DEBUG Engine               - fontText: Courier-Prime.ttf
17:35:12.706 [FXGL Background Thread 3 ] DEBUG Engine               - fontUI: VarelaRound-Regular.ttf
17:35:12.706 [FXGL Background Thread 3 ] DEBUG Engine               - fullScreen: BooleanProperty [value: false]
17:35:12.706 [FXGL Background Thread 3 ] DEBUG Engine               - gameDifficulty: MEDIUM
17:35:12.706 [FXGL Background Thread 3 ] DEBUG Engine               - gameDifficultyProperty: ObjectProperty [value: MEDIUM]
17:35:12.706 [FXGL Background Thread 3 ] DEBUG Engine               - globalMusicVolume: 0.5
17:35:12.706 [FXGL Background Thread 3 ] DEBUG Engine               - globalMusicVolumeProperty: DoubleProperty [value: 0.5]
17:35:12.707 [FXGL Background Thread 3 ] DEBUG Engine               - globalSoundVolume: 0.5
17:35:12.707 [FXGL Background Thread 3 ] DEBUG Engine               - globalSoundVolumeProperty: DoubleProperty [value: 0.5]
17:35:12.707 [FXGL Background Thread 3 ] DEBUG Engine               - height: 720
17:35:12.707 [FXGL Background Thread 3 ] DEBUG Engine               - is3D: false
17:35:12.707 [FXGL Background Thread 3 ] DEBUG Engine               - isAndroid: false
17:35:12.708 [FXGL Background Thread 3 ] DEBUG Engine               - isBrowser: false
17:35:12.708 [FXGL Background Thread 3 ] DEBUG Engine               - isClickFeedbackEnabled: false
17:35:12.708 [FXGL Background Thread 3 ] DEBUG Engine               - isCloseConfirmation: false
17:35:12.708 [FXGL Background Thread 3 ] DEBUG Engine               - isDesktop: true
17:35:12.708 [FXGL Background Thread 3 ] DEBUG Engine               - isDeveloperMenuEnabled: true
17:35:12.708 [FXGL Background Thread 3 ] DEBUG Engine               - isEntityPreloadEnabled: true
17:35:12.708 [FXGL Background Thread 3 ] DEBUG Engine               - isExperimentalTiledLargeMap: false
17:35:12.708 [FXGL Background Thread 3 ] DEBUG Engine               - isFileSystemWriteAllowed: true
17:35:12.709 [FXGL Background Thread 3 ] DEBUG Engine               - isFullScreenAllowed: false
17:35:12.709 [FXGL Background Thread 3 ] DEBUG Engine               - isFullScreenFromStart: false
17:35:12.709 [FXGL Background Thread 3 ] DEBUG Engine               - isGameMenuEnabled: true
17:35:12.709 [FXGL Background Thread 3 ] DEBUG Engine               - isIOS: false
17:35:12.709 [FXGL Background Thread 3 ] DEBUG Engine               - isIntroEnabled: false
17:35:12.710 [FXGL Background Thread 3 ] DEBUG Engine               - isLinux: false
17:35:12.710 [FXGL Background Thread 3 ] DEBUG Engine               - isMac: false
17:35:12.710 [FXGL Background Thread 3 ] DEBUG Engine               - isMainMenuEnabled: false
17:35:12.710 [FXGL Background Thread 3 ] DEBUG Engine               - isManualResizeEnabled: false
17:35:12.710 [FXGL Background Thread 3 ] DEBUG Engine               - isMobile: false
17:35:12.710 [FXGL Background Thread 3 ] DEBUG Engine               - isNative: false
17:35:12.711 [FXGL Background Thread 3 ] DEBUG Engine               - isPauseMusicWhenMinimized: true
17:35:12.711 [FXGL Background Thread 3 ] DEBUG Engine               - isPreserveResizeRatio: false
17:35:12.711 [FXGL Background Thread 3 ] DEBUG Engine               - isProfilingEnabled: false
17:35:12.711 [FXGL Background Thread 3 ] DEBUG Engine               - isScaleAffectedOnResize: true
17:35:12.711 [FXGL Background Thread 3 ] DEBUG Engine               - isSingleStep: false
17:35:12.711 [FXGL Background Thread 3 ] DEBUG Engine               - isUserProfileEnabled: false
17:35:12.711 [FXGL Background Thread 3 ] DEBUG Engine               - isWindows: true
17:35:12.712 [FXGL Background Thread 3 ] DEBUG Engine               - language: ObjectProperty [value: ENGLISH]
17:35:12.712 [FXGL Background Thread 3 ] DEBUG Engine               - menuKey: ESCAPE
17:35:12.712 [FXGL Background Thread 3 ] DEBUG Engine               - mouseSensitivity: 0.2
17:35:12.712 [FXGL Background Thread 3 ] DEBUG Engine               - notificationViewClass: class com.almasb.fxgl.notification.view.XboxNotificationView
17:35:12.713 [FXGL Background Thread 3 ] DEBUG Engine               - pixelsPerMeter: 50.0
17:35:12.713 [FXGL Background Thread 3 ] DEBUG Engine               - platform: WINDOWS
17:35:12.713 [FXGL Background Thread 3 ] DEBUG Engine               - prefHeightProperty: ReadOnlyDoubleProperty [value: 720.0]
17:35:12.713 [FXGL Background Thread 3 ] DEBUG Engine               - prefWidthProperty: ReadOnlyDoubleProperty [value: 1080.0]
17:35:12.713 [FXGL Background Thread 3 ] DEBUG Engine               - profileDir: profiles/
17:35:12.714 [FXGL Background Thread 3 ] DEBUG Engine               - profileName: StringProperty [value: DEFAULT]
17:35:12.714 [FXGL Background Thread 3 ] DEBUG Engine               - randomSeed: -1
17:35:12.714 [FXGL Background Thread 3 ] DEBUG Engine               - runtimeInfo: RuntimeInfo(platform=WINDOWS, version=11.17, build=16.07.2021 15.46)
17:35:12.714 [FXGL Background Thread 3 ] DEBUG Engine               - saveFileExt: sav
17:35:12.714 [FXGL Background Thread 3 ] DEBUG Engine               - scaledHeightProp$fxgl: DoubleProperty [bound, value: 720.0]
17:35:12.715 [FXGL Background Thread 3 ] DEBUG Engine               - scaledWidthProp$fxgl: DoubleProperty [bound, value: 1080.0]
17:35:12.716 [FXGL Background Thread 3 ] DEBUG Engine               - sceneFactory: com.almasb.fxgl.app.scene.SceneFactory@50a20a77
17:35:12.716 [FXGL Background Thread 3 ] DEBUG Engine               - secondsIn24h: 60
17:35:12.716 [FXGL Background Thread 3 ] DEBUG Engine               - soundMenuBack: menu/back.wav
17:35:12.717 [FXGL Background Thread 3 ] DEBUG Engine               - soundMenuPress: menu/press.wav
17:35:12.717 [FXGL Background Thread 3 ] DEBUG Engine               - soundMenuSelect: menu/select.wav
17:35:12.717 [FXGL Background Thread 3 ] DEBUG Engine               - soundNotification: core/notification.wav
17:35:12.718 [FXGL Background Thread 3 ] DEBUG Engine               - stageStyle: DECORATED
17:35:12.718 [FXGL Background Thread 3 ] DEBUG Engine               - supportedLanguages: [ENGLISH, FRENCH, GERMAN, HUNGARIAN, RUSSIAN]
17:35:12.718 [FXGL Background Thread 3 ] DEBUG Engine               - ticksPerSecond: -1
17:35:12.718 [FXGL Background Thread 3 ] DEBUG Engine               - title: demo
17:35:12.718 [FXGL Background Thread 3 ] DEBUG Engine               - urlGithub: https://github.com/AlmasB/FXGL
17:35:12.718 [FXGL Background Thread 3 ] DEBUG Engine               - urlLeaderboard: http://fxgl-top.herokuapp.com/
17:35:12.718 [FXGL Background Thread 3 ] DEBUG Engine               - urlPOM: https://raw.githubusercontent.com/AlmasB/FXGL/release/README.md
17:35:12.718 [FXGL Background Thread 3 ] DEBUG Engine               - userAppClass: class com.dam.wonder.GameApp
17:35:12.719 [FXGL Background Thread 3 ] DEBUG Engine               - version: 0.0
17:35:12.719 [FXGL Background Thread 3 ] DEBUG Engine               - versionCheckDays: 7
17:35:12.719 [FXGL Background Thread 3 ] DEBUG Engine               - width: 1080
17:35:12.719 [FXGL Background Thread 3 ] DEBUG Engine               - Logging services
17:35:12.719 [FXGL Background Thread 3 ] DEBUG Engine               - class com.almasb.fxgl.app.services.FXGLAssetLoaderService
17:35:12.719 [FXGL Background Thread 3 ] DEBUG Engine               - class com.almasb.fxgl.app.FXGLApplication$GameApplicationService
17:35:12.720 [FXGL Background Thread 3 ] DEBUG Engine               - class com.almasb.fxgl.app.services.FXGLDialogService
17:35:12.720 [FXGL Background Thread 3 ] DEBUG Engine               - class com.almasb.fxgl.app.services.IOTaskExecutorService
17:35:12.720 [FXGL Background Thread 3 ] DEBUG Engine               - class com.almasb.fxgl.io.FileSystemService
17:35:12.720 [FXGL Background Thread 3 ] DEBUG Engine               - class com.almasb.fxgl.localization.LocalizationService
17:35:12.720 [FXGL Background Thread 3 ] DEBUG Engine               - class com.almasb.fxgl.app.services.SystemBundleService
17:35:12.720 [FXGL Background Thread 3 ] DEBUG Engine               - class com.almasb.fxgl.profile.SaveLoadService
17:35:12.721 [FXGL Background Thread 3 ] DEBUG Engine               - class com.almasb.fxgl.ui.FXGLUIFactoryServiceProvider
17:35:12.721 [FXGL Background Thread 3 ] DEBUG Engine               - class com.almasb.fxgl.ui.FXGLDialogFactoryServiceProvider
17:35:12.721 [FXGL Background Thread 3 ] DEBUG Engine               - class com.almasb.fxgl.audio.AudioPlayer
17:35:12.721 [FXGL Background Thread 3 ] DEBUG Engine               - class com.almasb.fxgl.notification.impl.NotificationServiceProvider
17:35:12.721 [FXGL Background Thread 3 ] DEBUG Engine               - class com.almasb.fxgl.achievement.AchievementService
17:35:12.721 [FXGL Background Thread 3 ] DEBUG Engine               - class com.almasb.fxgl.cutscene.CutsceneService
17:35:12.721 [FXGL Background Thread 3 ] DEBUG Engine               - class com.almasb.fxgl.minigames.MiniGameService
17:35:12.722 [FXGL Background Thread 3 ] DEBUG Engine               - class com.almasb.fxgl.net.NetService
17:35:12.722 [FXGL Background Thread 3 ] DEBUG Engine               - class com.almasb.fxgl.app.services.UpdaterService
17:35:12.722 [FXGL Background Thread 3 ] DEBUG Engine               - class com.almasb.fxgl.dev.DevService
17:35:15.152 [JavaFX Application Thread] DEBUG Input                - Mocking key press: P
17:35:15.164 [JavaFX Application Thread] DEBUG Input                - Registered new binding: remove - LMB
17:35:15.164 [JavaFX Application Thread] DEBUG PrimaryStageWindow   - Push state: TalkScene
17:35:15.164 [JavaFX Application Thread] DEBUG Input                - Clearing active input actions
17:35:15.165 [JavaFX Application Thread] DEBUG GameApplicationServi - Removing overlay from GameScene and adding to TalkScene
17:35:15.167 [JavaFX Application Thread] DEBUG PrimaryStageWindow   - GameScene -> TalkScene
17:35:20.086 [JavaFX Application Thread] DEBUG FXGLApplication      - Exiting FXGL
17:35:20.087 [JavaFX Application Thread] DEBUG LoopRunner           - Stopping loop
17:35:20.087 [JavaFX Application Thread] DEBUG SystemBundleService  - Saving FXGL system data
17:35:20.089 [JavaFX Application Thread] DEBUG FileSystemAccess     - Writing to: C:\project\wonderfulStory\system\fxgl.bundle
17:35:20.090 [JavaFX Application Thread] DEBUG Async                - Shutting down background threads
17:35:20.091 [JavaFX Application Thread] DEBUG PrimaryStageWindow   - Closing main window
17:35:20.123 [JavaFX Application Thread] DEBUG Logger               - Closing Logger
