15:28:44.333 [main                     ] DEBUG Logger               - Configured Logger
15:28:44.341 [main                     ] DEBUG GameApplication      - Logging settings
Title: demo
Version: 0.0
Width: 1080
Height: 720
Fullscreen: false
Intro: false
Profiling: false
Single step:false
App Mode: DEVELOPER
Menu Key: ESCAPE
Stage Style: DECORATED
Scene Factory: class com.almasb.fxgl.app.scene.SceneFactory

15:28:45.467 [JavaFX Application Thread] DEBUG FXGLApplication      - Initializing FXGL
15:28:45.471 [JavaFX Application Thread] INFO  Engine               - FXGL-11.17 (16.07.2021 15.46) on WINDOWS (J:16.0.1 FX:16)
15:28:45.471 [JavaFX Application Thread] DEBUG Engine               - JRE Vendor Name: Oracle Corporation
15:28:45.472 [JavaFX Application Thread] DEBUG Engine               - Running on OS: Windows 10 version 10.0
15:28:45.472 [JavaFX Application Thread] DEBUG Engine               - Architecture: amd64
15:28:45.473 [JavaFX Application Thread] INFO  Engine               - Source code and latest versions at: https://github.com/AlmasB/FXGL
15:28:45.473 [JavaFX Application Thread] INFO  Engine               -              Join the FXGL chat at: https://gitter.im/AlmasB/FXGL
15:28:45.736 [JavaFX Application Thread] DEBUG PrimaryStageWindow   - Creating a JavaFX scene
15:28:45.881 [JavaFX Application Thread] DEBUG PrimaryStageWindow   - Target settings size: 1080.0 x 720.0
15:28:45.882 [JavaFX Application Thread] DEBUG PrimaryStageWindow   - Scaled scene size:    1080.0 x 720.0
15:28:45.882 [JavaFX Application Thread] DEBUG PrimaryStageWindow   - Scaled ratio: (1.0, 1.0)
15:28:45.884 [JavaFX Application Thread] DEBUG PrimaryStageWindow   - Set initial scene to FXGLStartupScene
15:28:45.899 [JavaFX Application Thread] DEBUG PrimaryStageWindow   - Opening main window
15:28:46.218 [JavaFX Application Thread] DEBUG PrimaryStageWindow   - Window border size: (14.4000244140625, 37.5999755859375)
15:28:46.218 [JavaFX Application Thread] DEBUG PrimaryStageWindow   - Scaled size: 1080.0 x 720.0
15:28:46.218 [JavaFX Application Thread] DEBUG PrimaryStageWindow   - Scaled ratio: (1.0, 1.0)
15:28:46.219 [JavaFX Application Thread] DEBUG PrimaryStageWindow   - Scene size: 1080.0 x 720.0
15:28:46.219 [JavaFX Application Thread] DEBUG PrimaryStageWindow   - Stage size: 1094.4000244140625 x 757.5999755859375
15:28:46.233 [FXGL Background Thread 1 ] DEBUG Engine               - Initializing environment variables
15:28:46.339 [FXGL Background Thread 1 ] DEBUG FXGLAssetLoaderServi - User app class for loading assets: class com.dam.wonder.GameApp
15:28:46.339 [FXGL Background Thread 1 ] DEBUG GameApplicationServi - Applying CSS: fxgl_dark.css
15:28:46.341 [FXGL Background Thread 1 ] DEBUG FXGLAssetLoaderServi - Loading from file system: jar:file:/C:/Users/24771/.m2/repository/com/github/almasb/fxgl/11.17/fxgl-11.17.jar!/fxglassets/ui/css/fxgl_dark.css
15:28:46.427 [FXGL Background Thread 1 ] DEBUG GameApplicationServi - Initializing application scenes
15:28:46.581 [FXGL Background Thread 1 ] DEBUG GameWorld            - Game world initialized
15:28:46.664 [FXGL Background Thread 1 ] DEBUG PhysicsWorld         - Physics world initialized: appHeight=720, physics.ppm=50.0
15:28:46.664 [FXGL Background Thread 1 ] DEBUG PhysicsWorld         - Using strategy: BRUTE_FORCE
15:28:46.668 [FXGL Background Thread 1 ] DEBUG GameScene            - Game scene initialized: 1080x720
15:28:46.692 [FXGL Background Thread 1 ] DEBUG FXGL.DefaultMenu     - createMenuBodyGameMenu()
15:28:46.724 [FXGL Background Thread 1 ] DEBUG FXGL.DefaultMenu     - createOptionsMenu()
15:28:46.742 [FXGL Background Thread 1 ] DEBUG FXGLAssetLoaderServi - Loading from file system: jar:file:/C:/Users/24771/.m2/repository/com/github/almasb/fxgl/11.17/fxgl-11.17.jar!/fxglassets/textures/particles/smoke.png
15:28:46.932 [FXGL Background Thread 1 ] DEBUG FXGLAssetLoaderServi - Loading from file system: jar:file:/C:/Users/24771/.m2/repository/com/github/almasb/fxgl/11.17/fxgl-11.17.jar!/fxglassets/textures/particles/trace_horizontal.png
15:28:47.028 [FXGL Background Thread 1 ] DEBUG GameApplicationServi - Application scenes initialized
15:28:47.044 [FXGL Background Thread 1 ] DEBUG SystemBundleService  - Loading FXGL system data
15:28:47.050 [FXGL Background Thread 1 ] DEBUG FileSystemAccess     - Reading from: C:\project\wonderfulStory\system\fxgl.bundle
15:28:47.061 [FXGL Background Thread 1 ] DEBUG SystemBundleService  - Bundle FXGL: {}
15:28:47.061 [FXGL Background Thread 1 ] DEBUG UpdaterService       - Checking for updates
15:28:47.115 [FXGL Background Thread 1 ] DEBUG FXGLApplication      - Loading default localization
15:28:47.116 [FXGL Background Thread 1 ] DEBUG FXGLAssetLoaderServi - Loading from file system: jar:file:/C:/Users/24771/.m2/repository/com/github/almasb/fxgl/11.17/fxgl-11.17.jar!/fxglassets/languages/english.lang
15:28:47.117 [FXGL Background Thread 4 ] DEBUG FXGLApplication      - Loading fonts
15:28:47.120 [FXGL Background Thread 4 ] DEBUG FXGLAssetLoaderServi - Loading from file system: jar:file:/C:/Users/24771/.m2/repository/com/github/almasb/fxgl/11.17/fxgl-11.17.jar!/fxglassets/ui/fonts/VarelaRound-Regular.ttf
15:28:47.150 [FXGL Background Thread 1 ] INFO  FXGLApplication      - FXGL initialization took: 0.916 sec
15:28:47.171 [JavaFX Application Thread] DEBUG Input                - Registered new binding: up - W
15:28:47.172 [JavaFX Application Thread] DEBUG Input                - Registered new binding: down - S
15:28:47.173 [JavaFX Application Thread] DEBUG Input                - Registered new binding: left - A
15:28:47.173 [JavaFX Application Thread] DEBUG Input                - Registered new binding: right - D
15:28:47.174 [JavaFX Application Thread] DEBUG Input                - Registered new binding: show talk - P
15:28:47.175 [JavaFX Application Thread] DEBUG FXGLAssetLoaderServi - Loading from file system: jar:file:/C:/Users/24771/.m2/repository/com/github/almasb/fxgl/11.17/fxgl-11.17.jar!/fxglassets/textures/fxgl_icon.png
15:28:47.234 [JavaFX Application Thread] DEBUG FXGLAssetLoaderServi - Loading from file system: jar:file:/C:/Users/24771/.m2/repository/com/github/almasb/fxgl/11.17/fxgl-11.17.jar!/fxglassets/textures/fxgl_default_cursor.png
15:28:47.239 [JavaFX Application Thread] DEBUG Input                - Registered new binding: Screenshot - CTRL+8
15:28:47.240 [JavaFX Application Thread] DEBUG Input                - Registered new binding: Dev Options - 1
15:28:47.241 [JavaFX Application Thread] DEBUG Input                - Registered new binding: Dev Console - 2
15:28:47.243 [JavaFX Application Thread] DEBUG Input                - Registered new binding: System info dump - CTRL+9
15:28:47.244 [JavaFX Application Thread] DEBUG Input                - Registered new binding: Restart - CTRL+R
15:28:47.247 [JavaFX Application Thread] DEBUG Input                - Registered new binding: Toggle Debug Camera - CTRL+C
15:28:47.256 [JavaFX Application Thread] DEBUG LoopRunner           - Starting loop
15:28:47.307 [JavaFX Application Thread] DEBUG LoopRunner           - Initializing JavaFX AnimationTimerLoop
15:28:47.314 [JavaFX Application Thread] DEBUG GameApplicationServi - Starting new game
15:28:47.315 [JavaFX Application Thread] DEBUG Input                - Clearing active input actions
15:28:47.351 [JavaFX Application Thread] DEBUG GameApplicationServi - Removing overlay from FXGLStartupScene and adding to FXGLLoadingScene
15:28:47.360 [JavaFX Application Thread] DEBUG PrimaryStageWindow   - FXGLStartupScene -> FXGLLoadingScene
15:28:47.361 [JavaFX Application Thread] DEBUG GameApplicationServi - Clearing previous game
15:28:47.362 [JavaFX Application Thread] DEBUG GameScene            - Clearing game scene
15:28:47.362 [FXGL Background Thread 4 ] DEBUG FXGLAssetLoaderServi - Loading from file system: jar:file:/C:/Users/24771/.m2/repository/com/github/almasb/fxgl/11.17/fxgl-11.17.jar!/fxglassets/ui/fonts/Abel-Regular.ttf
15:28:47.362 [JavaFX Application Thread] DEBUG GameWorld            - Clearing game world
15:28:47.364 [JavaFX Application Thread] DEBUG PhysicsWorld         - Clearing physics world
15:28:47.366 [FXGL Background Thread 1 ] DEBUG FXGLApplication      - Initializing game
15:28:47.381 [FXGL Background Thread 4 ] DEBUG FXGLAssetLoaderServi - Loading from file system: jar:file:/C:/Users/24771/.m2/repository/com/github/almasb/fxgl/11.17/fxgl-11.17.jar!/fxglassets/ui/fonts/lucida_console.ttf
15:28:47.410 [FXGL Background Thread 4 ] DEBUG FXGLAssetLoaderServi - Loading from file system: jar:file:/C:/Users/24771/.m2/repository/com/github/almasb/fxgl/11.17/fxgl-11.17.jar!/fxglassets/ui/fonts/Courier-Prime.ttf
15:28:47.504 [FXGL Background Thread 1 ] WARN  TMXLevelLoader       - TiledMap generated from 1.7.1. Supported version: 1.2.3. Some features may not be parsed fully.
15:28:47.575 [FXGL Background Thread 1 ] DEBUG TMXLevelLoader       - Parsed TiledMap: file:/C:/project/wonderfulStory/wonder/target/classes/assets/levels/tmx/obj_test.tmx
15:28:47.577 [FXGL Background Thread 1 ] DEBUG TMXLevelLoader       - Creating tile layer entities
15:28:47.581 [FXGL Background Thread 1 ] DEBUG TilesetLoader        - Loading view for layer ground
15:28:47.621 [FXGL Background Thread 1 ] DEBUG TilesetLoader        - Created buffer with size 3200.0x3200.0
15:28:47.780 [FXGL Background Thread 1 ] DEBUG TilesetLoader        - Loading view for layer items
15:28:47.821 [FXGL Background Thread 1 ] DEBUG TilesetLoader        - Created buffer with size 3200.0x3200.0
15:28:47.955 [FXGL Background Thread 1 ] DEBUG TMXLevelLoader       - Creating object layer entities
15:28:47.975 [JavaFX Application Thread] DEBUG FXGLApplication      - Registering font factories with UI factory
15:28:47.975 [FXGL Background Thread 2 ] WARN  UpdaterService       - Failed to find updates: java.net.UnknownHostException: raw.githubusercontent.com
15:28:48.010 [FXGL Background Thread 1 ] DEBUG GameWorld            - Clearing removable entities
15:28:48.012 [FXGL Background Thread 1 ] DEBUG GameWorld            - Setting level: com.almasb.fxgl.entity.level.Level@3cb90adc
15:28:48.087 [FXGL Background Thread 1 ] INFO  FXGLApplication      - Game initialization took: 0.720 sec
15:28:48.225 [JavaFX Application Thread] DEBUG Input                - Clearing active input actions
15:28:48.242 [JavaFX Application Thread] DEBUG GameApplicationServi - Removing overlay from FXGLLoadingScene and adding to GameScene
15:28:48.249 [JavaFX Application Thread] DEBUG PrimaryStageWindow   - FXGLLoadingScene -> GameScene
15:28:50.111 [FXGL Background Thread 3 ] DEBUG Engine               - Logging environment variables
15:28:50.111 [FXGL Background Thread 3 ] DEBUG Engine               - achievements: []
15:28:50.112 [FXGL Background Thread 3 ] DEBUG Engine               - actualHeight: 720.0
15:28:50.113 [FXGL Background Thread 3 ] DEBUG Engine               - actualHeightProperty: ReadOnlyDoubleProperty [value: 720.0]
15:28:50.113 [FXGL Background Thread 3 ] DEBUG Engine               - actualWidth: 1080.0
15:28:50.114 [FXGL Background Thread 3 ] DEBUG Engine               - actualWidthProperty: ReadOnlyDoubleProperty [value: 1080.0]
15:28:50.115 [FXGL Background Thread 3 ] DEBUG Engine               - appIcon: fxgl_icon.png
15:28:50.115 [FXGL Background Thread 3 ] DEBUG Engine               - applicationMode: DEVELOPER
15:28:50.115 [FXGL Background Thread 3 ] DEBUG Engine               - cSSList: [fxgl_dark.css]
15:28:50.116 [FXGL Background Thread 3 ] DEBUG Engine               - collisionDetectionStrategy: BRUTE_FORCE
15:28:50.116 [FXGL Background Thread 3 ] DEBUG Engine               - configClass: Optional.empty
15:28:50.116 [FXGL Background Thread 3 ] DEBUG Engine               - credits: []
15:28:50.116 [FXGL Background Thread 3 ] DEBUG Engine               - defaultCursor: CursorInfo(imageName=fxgl_default_cursor.png, hotspotX=7.0, hotspotY=6.0)
15:28:50.117 [FXGL Background Thread 3 ] DEBUG Engine               - devBBoxColorProperty: ObjectProperty [value: 0xff0000ff]
15:28:50.118 [FXGL Background Thread 3 ] DEBUG Engine               - devEnableDebugCameraProperty: BooleanProperty [value: false]
15:28:50.118 [FXGL Background Thread 3 ] DEBUG Engine               - devSensorColorProperty: ObjectProperty [value: 0xffff00ff]
15:28:50.118 [FXGL Background Thread 3 ] DEBUG Engine               - devShowBBoxProperty: BooleanProperty [value: false]
15:28:50.119 [FXGL Background Thread 3 ] DEBUG Engine               - devShowPositionProperty: BooleanProperty [value: false]
15:28:50.119 [FXGL Background Thread 3 ] DEBUG Engine               - enabledMenuItems: []
15:28:50.119 [FXGL Background Thread 3 ] DEBUG Engine               - engineServices: [class com.almasb.fxgl.app.services.FXGLAssetLoaderService, class com.almasb.fxgl.app.FXGLApplication$GameApplicationService, class com.almasb.fxgl.app.services.FXGLDialogService, class com.almasb.fxgl.app.services.IOTaskExecutorService, class com.almasb.fxgl.io.FileSystemService, class com.almasb.fxgl.localization.LocalizationService, class com.almasb.fxgl.app.services.SystemBundleService, class com.almasb.fxgl.profile.SaveLoadService, class com.almasb.fxgl.ui.FXGLUIFactoryServiceProvider, class com.almasb.fxgl.ui.FXGLDialogFactoryServiceProvider, class com.almasb.fxgl.audio.AudioPlayer, class com.almasb.fxgl.notification.impl.NotificationServiceProvider, class com.almasb.fxgl.achievement.AchievementService, class com.almasb.fxgl.cutscene.CutsceneService, class com.almasb.fxgl.minigames.MiniGameService, class com.almasb.fxgl.net.NetService, class com.almasb.fxgl.app.services.UpdaterService, class com.almasb.fxgl.dev.DevService]
15:28:50.119 [FXGL Background Thread 3 ] DEBUG Engine               - fontGame: Abel-Regular.ttf
15:28:50.119 [FXGL Background Thread 3 ] DEBUG Engine               - fontMono: lucida_console.ttf
15:28:50.119 [FXGL Background Thread 3 ] DEBUG Engine               - fontText: Courier-Prime.ttf
15:28:50.120 [FXGL Background Thread 3 ] DEBUG Engine               - fontUI: VarelaRound-Regular.ttf
15:28:50.120 [FXGL Background Thread 3 ] DEBUG Engine               - fullScreen: BooleanProperty [value: false]
15:28:50.120 [FXGL Background Thread 3 ] DEBUG Engine               - gameDifficulty: MEDIUM
15:28:50.120 [FXGL Background Thread 3 ] DEBUG Engine               - gameDifficultyProperty: ObjectProperty [value: MEDIUM]
15:28:50.121 [FXGL Background Thread 3 ] DEBUG Engine               - globalMusicVolume: 0.5
15:28:50.121 [FXGL Background Thread 3 ] DEBUG Engine               - globalMusicVolumeProperty: DoubleProperty [value: 0.5]
15:28:50.121 [FXGL Background Thread 3 ] DEBUG Engine               - globalSoundVolume: 0.5
15:28:50.121 [FXGL Background Thread 3 ] DEBUG Engine               - globalSoundVolumeProperty: DoubleProperty [value: 0.5]
15:28:50.121 [FXGL Background Thread 3 ] DEBUG Engine               - height: 720
15:28:50.122 [FXGL Background Thread 3 ] DEBUG Engine               - is3D: false
15:28:50.122 [FXGL Background Thread 3 ] DEBUG Engine               - isAndroid: false
15:28:50.122 [FXGL Background Thread 3 ] DEBUG Engine               - isBrowser: false
15:28:50.122 [FXGL Background Thread 3 ] DEBUG Engine               - isClickFeedbackEnabled: false
15:28:50.122 [FXGL Background Thread 3 ] DEBUG Engine               - isCloseConfirmation: false
15:28:50.122 [FXGL Background Thread 3 ] DEBUG Engine               - isDesktop: true
15:28:50.122 [FXGL Background Thread 3 ] DEBUG Engine               - isDeveloperMenuEnabled: true
15:28:50.122 [FXGL Background Thread 3 ] DEBUG Engine               - isEntityPreloadEnabled: true
15:28:50.123 [FXGL Background Thread 3 ] DEBUG Engine               - isExperimentalTiledLargeMap: false
15:28:50.123 [FXGL Background Thread 3 ] DEBUG Engine               - isFileSystemWriteAllowed: true
15:28:50.123 [FXGL Background Thread 3 ] DEBUG Engine               - isFullScreenAllowed: false
15:28:50.123 [FXGL Background Thread 3 ] DEBUG Engine               - isFullScreenFromStart: false
15:28:50.124 [FXGL Background Thread 3 ] DEBUG Engine               - isGameMenuEnabled: true
15:28:50.124 [FXGL Background Thread 3 ] DEBUG Engine               - isIOS: false
15:28:50.124 [FXGL Background Thread 3 ] DEBUG Engine               - isIntroEnabled: false
15:28:50.124 [FXGL Background Thread 3 ] DEBUG Engine               - isLinux: false
15:28:50.124 [FXGL Background Thread 3 ] DEBUG Engine               - isMac: false
15:28:50.124 [FXGL Background Thread 3 ] DEBUG Engine               - isMainMenuEnabled: false
15:28:50.124 [FXGL Background Thread 3 ] DEBUG Engine               - isManualResizeEnabled: false
15:28:50.124 [FXGL Background Thread 3 ] DEBUG Engine               - isMobile: false
15:28:50.125 [FXGL Background Thread 3 ] DEBUG Engine               - isNative: false
15:28:50.125 [FXGL Background Thread 3 ] DEBUG Engine               - isPauseMusicWhenMinimized: true
15:28:50.125 [FXGL Background Thread 3 ] DEBUG Engine               - isPreserveResizeRatio: false
15:28:50.125 [FXGL Background Thread 3 ] DEBUG Engine               - isProfilingEnabled: false
15:28:50.125 [FXGL Background Thread 3 ] DEBUG Engine               - isScaleAffectedOnResize: true
15:28:50.125 [FXGL Background Thread 3 ] DEBUG Engine               - isSingleStep: false
15:28:50.126 [FXGL Background Thread 3 ] DEBUG Engine               - isUserProfileEnabled: false
15:28:50.126 [FXGL Background Thread 3 ] DEBUG Engine               - isWindows: true
15:28:50.126 [FXGL Background Thread 3 ] DEBUG Engine               - language: ObjectProperty [value: ENGLISH]
15:28:50.126 [FXGL Background Thread 3 ] DEBUG Engine               - menuKey: ESCAPE
15:28:50.126 [FXGL Background Thread 3 ] DEBUG Engine               - mouseSensitivity: 0.2
15:28:50.126 [FXGL Background Thread 3 ] DEBUG Engine               - notificationViewClass: class com.almasb.fxgl.notification.view.XboxNotificationView
15:28:50.126 [FXGL Background Thread 3 ] DEBUG Engine               - pixelsPerMeter: 50.0
15:28:50.126 [FXGL Background Thread 3 ] DEBUG Engine               - platform: WINDOWS
15:28:50.127 [FXGL Background Thread 3 ] DEBUG Engine               - prefHeightProperty: ReadOnlyDoubleProperty [value: 720.0]
15:28:50.127 [FXGL Background Thread 3 ] DEBUG Engine               - prefWidthProperty: ReadOnlyDoubleProperty [value: 1080.0]
15:28:50.127 [FXGL Background Thread 3 ] DEBUG Engine               - profileDir: profiles/
15:28:50.127 [FXGL Background Thread 3 ] DEBUG Engine               - profileName: StringProperty [value: DEFAULT]
15:28:50.127 [FXGL Background Thread 3 ] DEBUG Engine               - randomSeed: -1
15:28:50.127 [FXGL Background Thread 3 ] DEBUG Engine               - runtimeInfo: RuntimeInfo(platform=WINDOWS, version=11.17, build=16.07.2021 15.46)
15:28:50.128 [FXGL Background Thread 3 ] DEBUG Engine               - saveFileExt: sav
15:28:50.129 [FXGL Background Thread 3 ] DEBUG Engine               - scaledHeightProp$fxgl: DoubleProperty [bound, value: 720.0]
15:28:50.129 [FXGL Background Thread 3 ] DEBUG Engine               - scaledWidthProp$fxgl: DoubleProperty [bound, value: 1080.0]
15:28:50.129 [FXGL Background Thread 3 ] DEBUG Engine               - sceneFactory: com.almasb.fxgl.app.scene.SceneFactory@69a8198a
15:28:50.130 [FXGL Background Thread 3 ] DEBUG Engine               - secondsIn24h: 60
15:28:50.130 [FXGL Background Thread 3 ] DEBUG Engine               - soundMenuBack: menu/back.wav
15:28:50.130 [FXGL Background Thread 3 ] DEBUG Engine               - soundMenuPress: menu/press.wav
15:28:50.130 [FXGL Background Thread 3 ] DEBUG Engine               - soundMenuSelect: menu/select.wav
15:28:50.130 [FXGL Background Thread 3 ] DEBUG Engine               - soundNotification: core/notification.wav
15:28:50.131 [FXGL Background Thread 3 ] DEBUG Engine               - stageStyle: DECORATED
15:28:50.131 [FXGL Background Thread 3 ] DEBUG Engine               - supportedLanguages: [ENGLISH, FRENCH, GERMAN, HUNGARIAN, RUSSIAN]
15:28:50.131 [FXGL Background Thread 3 ] DEBUG Engine               - ticksPerSecond: -1
15:28:50.131 [FXGL Background Thread 3 ] DEBUG Engine               - title: demo
15:28:50.131 [FXGL Background Thread 3 ] DEBUG Engine               - urlGithub: https://github.com/AlmasB/FXGL
15:28:50.131 [FXGL Background Thread 3 ] DEBUG Engine               - urlLeaderboard: http://fxgl-top.herokuapp.com/
15:28:50.131 [FXGL Background Thread 3 ] DEBUG Engine               - urlPOM: https://raw.githubusercontent.com/AlmasB/FXGL/release/README.md
15:28:50.131 [FXGL Background Thread 3 ] DEBUG Engine               - userAppClass: class com.dam.wonder.GameApp
15:28:50.132 [FXGL Background Thread 3 ] DEBUG Engine               - version: 0.0
15:28:50.132 [FXGL Background Thread 3 ] DEBUG Engine               - versionCheckDays: 7
15:28:50.132 [FXGL Background Thread 3 ] DEBUG Engine               - width: 1080
15:28:50.132 [FXGL Background Thread 3 ] DEBUG Engine               - Logging services
15:28:50.132 [FXGL Background Thread 3 ] DEBUG Engine               - class com.almasb.fxgl.app.services.FXGLAssetLoaderService
15:28:50.132 [FXGL Background Thread 3 ] DEBUG Engine               - class com.almasb.fxgl.app.FXGLApplication$GameApplicationService
15:28:50.132 [FXGL Background Thread 3 ] DEBUG Engine               - class com.almasb.fxgl.app.services.FXGLDialogService
15:28:50.133 [FXGL Background Thread 3 ] DEBUG Engine               - class com.almasb.fxgl.app.services.IOTaskExecutorService
15:28:50.133 [FXGL Background Thread 3 ] DEBUG Engine               - class com.almasb.fxgl.io.FileSystemService
15:28:50.133 [FXGL Background Thread 3 ] DEBUG Engine               - class com.almasb.fxgl.localization.LocalizationService
15:28:50.133 [FXGL Background Thread 3 ] DEBUG Engine               - class com.almasb.fxgl.app.services.SystemBundleService
15:28:50.133 [FXGL Background Thread 3 ] DEBUG Engine               - class com.almasb.fxgl.profile.SaveLoadService
15:28:50.133 [FXGL Background Thread 3 ] DEBUG Engine               - class com.almasb.fxgl.ui.FXGLUIFactoryServiceProvider
15:28:50.133 [FXGL Background Thread 3 ] DEBUG Engine               - class com.almasb.fxgl.ui.FXGLDialogFactoryServiceProvider
15:28:50.133 [FXGL Background Thread 3 ] DEBUG Engine               - class com.almasb.fxgl.audio.AudioPlayer
15:28:50.133 [FXGL Background Thread 3 ] DEBUG Engine               - class com.almasb.fxgl.notification.impl.NotificationServiceProvider
15:28:50.134 [FXGL Background Thread 3 ] DEBUG Engine               - class com.almasb.fxgl.achievement.AchievementService
15:28:50.134 [FXGL Background Thread 3 ] DEBUG Engine               - class com.almasb.fxgl.cutscene.CutsceneService
15:28:50.134 [FXGL Background Thread 3 ] DEBUG Engine               - class com.almasb.fxgl.minigames.MiniGameService
15:28:50.134 [FXGL Background Thread 3 ] DEBUG Engine               - class com.almasb.fxgl.net.NetService
15:28:50.134 [FXGL Background Thread 3 ] DEBUG Engine               - class com.almasb.fxgl.app.services.UpdaterService
15:28:50.134 [FXGL Background Thread 3 ] DEBUG Engine               - class com.almasb.fxgl.dev.DevService
15:29:00.375 [JavaFX Application Thread] DEBUG LoopRunner           - Pausing loop
15:48:45.176 [JavaFX Application Thread] DEBUG LoopRunner           - Resuming loop
15:49:25.425 [JavaFX Application Thread] DEBUG FXGLApplication      - Exiting FXGL
15:49:25.426 [JavaFX Application Thread] DEBUG LoopRunner           - Stopping loop
15:49:25.426 [JavaFX Application Thread] DEBUG SystemBundleService  - Saving FXGL system data
15:49:25.432 [JavaFX Application Thread] DEBUG FileSystemAccess     - Writing to: C:\project\wonderfulStory\system\fxgl.bundle
15:49:25.433 [JavaFX Application Thread] DEBUG Async                - Shutting down background threads
15:49:25.434 [JavaFX Application Thread] DEBUG PrimaryStageWindow   - Closing main window
15:49:25.455 [JavaFX Application Thread] DEBUG Logger               - Closing Logger
