17:54:58.300 [main                     ] DEBUG Logger               - Configured Logger
17:54:58.318 [main                     ] DEBUG GameApplication      - Logging settings
Title: FXGL RTS Game
Version: 0.0
Width: 1280
Height: 720
Fullscreen: false
Intro: false
Profiling: false
Single step:false
App Mode: DEVELOPER
Menu Key: ESCAPE
Stage Style: DECORATED
Scene Factory: class com.almasb.fxgl.app.scene.SceneFactory

17:54:58.924 [JavaFX Application Thread] DEBUG FXGLApplication      - Initializing FXGL
17:54:58.930 [JavaFX Application Thread] INFO  Engine               - FXGL-11.16 (25.05.2021 08.16) on WINDOWS (J:16.0.1 FX:16)
17:54:58.930 [JavaFX Application Thread] DEBUG Engine               - JRE Vendor Name: Oracle Corporation
17:54:58.930 [JavaFX Application Thread] DEBUG Engine               - Running on OS: Windows 10 version 10.0
17:54:58.930 [JavaFX Application Thread] DEBUG Engine               - Architecture: amd64
17:54:58.931 [JavaFX Application Thread] INFO  Engine               - Source code and latest versions at: https://github.com/AlmasB/FXGL
17:54:58.931 [JavaFX Application Thread] INFO  Engine               -              Join the FXGL chat at: https://gitter.im/AlmasB/FXGL
17:54:59.188 [JavaFX Application Thread] DEBUG PrimaryStageWindow   - Creating a JavaFX scene
17:54:59.291 [JavaFX Application Thread] DEBUG PrimaryStageWindow   - Target settings size: 1280.0 x 720.0
17:54:59.292 [JavaFX Application Thread] DEBUG PrimaryStageWindow   - Scaled scene size:    1280.0 x 720.0
17:54:59.292 [JavaFX Application Thread] DEBUG PrimaryStageWindow   - Scaled ratio: (1.0, 1.0)
17:54:59.294 [JavaFX Application Thread] DEBUG PrimaryStageWindow   - Set initial scene to FXGLStartupScene
17:54:59.312 [JavaFX Application Thread] DEBUG PrimaryStageWindow   - Opening main window
17:54:59.509 [JavaFX Application Thread] DEBUG PrimaryStageWindow   - Window border size: (14.4000244140625, 37.5999755859375)
17:54:59.510 [JavaFX Application Thread] DEBUG PrimaryStageWindow   - Scaled size: 1280.0 x 720.0
17:54:59.510 [JavaFX Application Thread] DEBUG PrimaryStageWindow   - Scaled ratio: (1.0, 1.0)
17:54:59.510 [JavaFX Application Thread] DEBUG PrimaryStageWindow   - Scene size: 1280.0 x 720.0
17:54:59.511 [JavaFX Application Thread] DEBUG PrimaryStageWindow   - Stage size: 1294.4000244140625 x 757.5999755859375
17:54:59.526 [FXGL Background Thread 1 ] DEBUG Engine               - Initializing environment variables
17:54:59.584 [FXGL Background Thread 1 ] DEBUG FXGLAssetLoaderServi - User app class for loading assets: class com.dam.wonder.view.rts.RTSApp
17:54:59.585 [FXGL Background Thread 1 ] DEBUG GameApplicationServi - Applying CSS: fxgl_dark.css
17:54:59.586 [FXGL Background Thread 1 ] DEBUG FXGLAssetLoaderServi - Loading from file system: jar:file:/C:/Users/24771/.m2/repository/com/github/almasb/fxgl/11.16/fxgl-11.16.jar!/fxglassets/ui/css/fxgl_dark.css
17:54:59.649 [FXGL Background Thread 1 ] DEBUG GameApplicationServi - Initializing application scenes
17:54:59.734 [FXGL Background Thread 1 ] DEBUG GameWorld            - Game world initialized
17:54:59.808 [FXGL Background Thread 1 ] DEBUG PhysicsWorld         - Physics world initialized: appHeight=720, physics.ppm=50.0
17:54:59.810 [FXGL Background Thread 1 ] DEBUG PhysicsWorld         - Using strategy: BRUTE_FORCE
17:54:59.816 [FXGL Background Thread 1 ] DEBUG GameScene            - Game scene initialized: 1280x720
17:54:59.829 [FXGL Background Thread 1 ] DEBUG FXGL.DefaultMenu     - createMenuBodyGameMenu()
17:54:59.847 [FXGL Background Thread 1 ] DEBUG FXGL.DefaultMenu     - createOptionsMenu()
17:54:59.857 [FXGL Background Thread 1 ] DEBUG FXGLAssetLoaderServi - Loading from file system: jar:file:/C:/Users/24771/.m2/repository/com/github/almasb/fxgl/11.16/fxgl-11.16.jar!/fxglassets/textures/particles/smoke.png
17:54:59.985 [FXGL Background Thread 1 ] DEBUG FXGLAssetLoaderServi - Loading from file system: jar:file:/C:/Users/24771/.m2/repository/com/github/almasb/fxgl/11.16/fxgl-11.16.jar!/fxglassets/textures/particles/trace_horizontal.png
17:55:00.009 [FXGL Background Thread 1 ] DEBUG GameApplicationServi - Application scenes initialized
17:55:00.032 [FXGL Background Thread 1 ] DEBUG SystemBundleService  - Loading FXGL system data
17:55:00.038 [FXGL Background Thread 1 ] DEBUG FileSystemAccess     - Reading from: C:\project\wonderfulStory\system\fxgl.bundle
17:55:00.046 [FXGL Background Thread 1 ] DEBUG SystemBundleService  - Bundle FXGL: {}
17:55:00.046 [FXGL Background Thread 1 ] DEBUG UpdaterService       - Checking for updates
17:55:00.052 [FXGL Background Thread 4 ] DEBUG FXGLApplication      - Loading fonts
17:55:00.052 [FXGL Background Thread 1 ] DEBUG FXGLApplication      - Loading default localization
17:55:00.052 [FXGL Background Thread 4 ] DEBUG FXGLAssetLoaderServi - Loading from file system: jar:file:/C:/Users/24771/.m2/repository/com/github/almasb/fxgl/11.16/fxgl-11.16.jar!/fxglassets/ui/fonts/VarelaRound-Regular.ttf
17:55:00.053 [FXGL Background Thread 1 ] DEBUG FXGLAssetLoaderServi - Loading from file system: jar:file:/C:/Users/24771/.m2/repository/com/github/almasb/fxgl/11.16/fxgl-11.16.jar!/fxglassets/languages/english.lang
17:55:00.078 [FXGL Background Thread 1 ] INFO  FXGLApplication      - FXGL initialization took: 0.550 sec
17:55:00.085 [JavaFX Application Thread] DEBUG Input                - Registered new binding: action0 - LMB
17:55:00.086 [JavaFX Application Thread] DEBUG FXGLAssetLoaderServi - Loading from file system: jar:file:/C:/Users/24771/.m2/repository/com/github/almasb/fxgl/11.16/fxgl-11.16.jar!/fxglassets/textures/fxgl_icon.png
17:55:00.112 [JavaFX Application Thread] DEBUG FXGLAssetLoaderServi - Loading from file system: jar:file:/C:/Users/24771/.m2/repository/com/github/almasb/fxgl/11.16/fxgl-11.16.jar!/fxglassets/textures/fxgl_default_cursor.png
17:55:00.124 [JavaFX Application Thread] DEBUG Input                - Registered new binding: Screenshot - CTRL+8
17:55:00.125 [JavaFX Application Thread] DEBUG Input                - Registered new binding: System info dump - CTRL+9
17:55:00.126 [JavaFX Application Thread] DEBUG Input                - Registered new binding: Restart - CTRL+R
17:55:00.127 [JavaFX Application Thread] DEBUG Input                - Registered new binding: Toggle Debug Camera - CTRL+C
17:55:00.132 [JavaFX Application Thread] DEBUG LoopRunner           - Starting loop
17:55:00.132 [JavaFX Application Thread] DEBUG LoopRunner           - Initializing JavaFX AnimationTimerLoop
17:55:00.135 [JavaFX Application Thread] DEBUG GameApplicationServi - Starting new game
17:55:00.136 [JavaFX Application Thread] DEBUG Input                - Clearing active input actions
17:55:00.154 [JavaFX Application Thread] DEBUG GameApplicationServi - Removing overlay from FXGLStartupScene and adding to FXGLLoadingScene
17:55:00.155 [JavaFX Application Thread] DEBUG PrimaryStageWindow   - FXGLStartupScene -> FXGLLoadingScene
17:55:00.155 [JavaFX Application Thread] DEBUG GameApplicationServi - Clearing previous game
17:55:00.156 [JavaFX Application Thread] DEBUG GameScene            - Clearing game scene
17:55:00.156 [JavaFX Application Thread] DEBUG GameWorld            - Clearing game world
17:55:00.156 [JavaFX Application Thread] DEBUG PhysicsWorld         - Clearing physics world
17:55:00.158 [FXGL Background Thread 1 ] DEBUG FXGLApplication      - Initializing game
17:55:00.170 [FXGL Background Thread 1 ] DEBUG FXGLAssetLoaderServi - Loading from file system: file:/C:/project/wonderfulStory/wonder/target/classes/assets/textures/tree.png
17:55:00.174 [FXGL Background Thread 4 ] DEBUG FXGLAssetLoaderServi - Loading from file system: jar:file:/C:/Users/24771/.m2/repository/com/github/almasb/fxgl/11.16/fxgl-11.16.jar!/fxglassets/ui/fonts/Abel-Regular.ttf
17:55:00.190 [FXGL Background Thread 4 ] DEBUG FXGLAssetLoaderServi - Loading from file system: jar:file:/C:/Users/24771/.m2/repository/com/github/almasb/fxgl/11.16/fxgl-11.16.jar!/fxglassets/ui/fonts/lucida_console.ttf
17:55:00.204 [FXGL Background Thread 1 ] DEBUG FXGLAssetLoaderServi - Loading from file system: file:/C:/project/wonderfulStory/wonder/target/classes/assets/textures/stone.png
17:55:00.209 [FXGL Background Thread 4 ] DEBUG FXGLAssetLoaderServi - Loading from file system: jar:file:/C:/Users/24771/.m2/repository/com/github/almasb/fxgl/11.16/fxgl-11.16.jar!/fxglassets/ui/fonts/Courier-Prime.ttf
17:55:00.232 [JavaFX Application Thread] DEBUG FXGLApplication      - Registering font factories with UI factory
17:55:00.248 [FXGL Background Thread 1 ] INFO  FXGLApplication      - Game initialization took: 0.089 sec
17:55:00.348 [JavaFX Application Thread] DEBUG Input                - Clearing active input actions
17:55:00.360 [JavaFX Application Thread] DEBUG GameApplicationServi - Removing overlay from FXGLLoadingScene and adding to GameScene
17:55:00.361 [JavaFX Application Thread] DEBUG PrimaryStageWindow   - FXGLLoadingScene -> GameScene
17:55:00.360 [FXGL Background Thread 2 ] WARN  UpdaterService       - Failed to find updates: java.net.UnknownHostException: raw.githubusercontent.com
17:55:03.050 [FXGL Background Thread 3 ] DEBUG Engine               - Logging environment variables
17:55:03.050 [FXGL Background Thread 3 ] DEBUG Engine               - achievements: []
17:55:03.051 [FXGL Background Thread 3 ] DEBUG Engine               - actualHeight: 720.0
17:55:03.052 [FXGL Background Thread 3 ] DEBUG Engine               - actualHeightProperty: ReadOnlyDoubleProperty [value: 720.0]
17:55:03.052 [FXGL Background Thread 3 ] DEBUG Engine               - actualWidth: 1280.0
17:55:03.053 [FXGL Background Thread 3 ] DEBUG Engine               - actualWidthProperty: ReadOnlyDoubleProperty [value: 1280.0]
17:55:03.053 [FXGL Background Thread 3 ] DEBUG Engine               - appIcon: fxgl_icon.png
17:55:03.053 [FXGL Background Thread 3 ] DEBUG Engine               - applicationMode: DEVELOPER
17:55:03.053 [FXGL Background Thread 3 ] DEBUG Engine               - cSSList: [fxgl_dark.css]
17:55:03.053 [FXGL Background Thread 3 ] DEBUG Engine               - collisionDetectionStrategy: BRUTE_FORCE
17:55:03.053 [FXGL Background Thread 3 ] DEBUG Engine               - configClass: Optional.empty
17:55:03.053 [FXGL Background Thread 3 ] DEBUG Engine               - credits: []
17:55:03.053 [FXGL Background Thread 3 ] DEBUG Engine               - defaultCursor: CursorInfo(imageName=fxgl_default_cursor.png, hotspotX=7.0, hotspotY=6.0)
17:55:03.054 [FXGL Background Thread 3 ] DEBUG Engine               - devBBoxColorProperty: ObjectProperty [value: 0xff0000ff]
17:55:03.054 [FXGL Background Thread 3 ] DEBUG Engine               - devEnableDebugCameraProperty: BooleanProperty [value: false]
17:55:03.054 [FXGL Background Thread 3 ] DEBUG Engine               - devSensorColorProperty: ObjectProperty [value: 0xffff00ff]
17:55:03.055 [FXGL Background Thread 3 ] DEBUG Engine               - devShowBBoxProperty: BooleanProperty [value: false]
17:55:03.055 [FXGL Background Thread 3 ] DEBUG Engine               - devShowPositionProperty: BooleanProperty [value: false]
17:55:03.055 [FXGL Background Thread 3 ] DEBUG Engine               - enabledMenuItems: []
17:55:03.056 [FXGL Background Thread 3 ] DEBUG Engine               - engineServices: [class com.almasb.fxgl.app.services.FXGLAssetLoaderService, class com.almasb.fxgl.app.FXGLApplication$GameApplicationService, class com.almasb.fxgl.app.services.FXGLDialogService, class com.almasb.fxgl.app.services.IOTaskExecutorService, class com.almasb.fxgl.io.FileSystemService, class com.almasb.fxgl.localization.LocalizationService, class com.almasb.fxgl.app.services.SystemBundleService, class com.almasb.fxgl.profile.SaveLoadService, class com.almasb.fxgl.ui.FXGLUIFactoryServiceProvider, class com.almasb.fxgl.ui.FXGLDialogFactoryServiceProvider, class com.almasb.fxgl.audio.AudioPlayer, class com.almasb.fxgl.notification.impl.NotificationServiceProvider, class com.almasb.fxgl.achievement.AchievementService, class com.almasb.fxgl.cutscene.CutsceneService, class com.almasb.fxgl.minigames.MiniGameService, class com.almasb.fxgl.net.NetService, class com.almasb.fxgl.app.services.UpdaterService, class com.almasb.fxgl.dev.DevService]
17:55:03.056 [FXGL Background Thread 3 ] DEBUG Engine               - fontGame: Abel-Regular.ttf
17:55:03.056 [FXGL Background Thread 3 ] DEBUG Engine               - fontMono: lucida_console.ttf
17:55:03.056 [FXGL Background Thread 3 ] DEBUG Engine               - fontText: Courier-Prime.ttf
17:55:03.057 [FXGL Background Thread 3 ] DEBUG Engine               - fontUI: VarelaRound-Regular.ttf
17:55:03.057 [FXGL Background Thread 3 ] DEBUG Engine               - fullScreen: BooleanProperty [value: false]
17:55:03.057 [FXGL Background Thread 3 ] DEBUG Engine               - gameDifficulty: MEDIUM
17:55:03.057 [FXGL Background Thread 3 ] DEBUG Engine               - gameDifficultyProperty: ObjectProperty [value: MEDIUM]
17:55:03.058 [FXGL Background Thread 3 ] DEBUG Engine               - globalMusicVolume: 0.5
17:55:03.058 [FXGL Background Thread 3 ] DEBUG Engine               - globalMusicVolumeProperty: DoubleProperty [value: 0.5]
17:55:03.058 [FXGL Background Thread 3 ] DEBUG Engine               - globalSoundVolume: 0.5
17:55:03.059 [FXGL Background Thread 3 ] DEBUG Engine               - globalSoundVolumeProperty: DoubleProperty [value: 0.5]
17:55:03.059 [FXGL Background Thread 3 ] DEBUG Engine               - height: 720
17:55:03.059 [FXGL Background Thread 3 ] DEBUG Engine               - is3D: false
17:55:03.060 [FXGL Background Thread 3 ] DEBUG Engine               - isAndroid: false
17:55:03.060 [FXGL Background Thread 3 ] DEBUG Engine               - isBrowser: false
17:55:03.060 [FXGL Background Thread 3 ] DEBUG Engine               - isClickFeedbackEnabled: false
17:55:03.061 [FXGL Background Thread 3 ] DEBUG Engine               - isCloseConfirmation: false
17:55:03.061 [FXGL Background Thread 3 ] DEBUG Engine               - isDesktop: true
17:55:03.062 [FXGL Background Thread 3 ] DEBUG Engine               - isDeveloperMenuEnabled: false
17:55:03.062 [FXGL Background Thread 3 ] DEBUG Engine               - isEntityPreloadEnabled: true
17:55:03.062 [FXGL Background Thread 3 ] DEBUG Engine               - isExperimentalTiledLargeMap: false
17:55:03.063 [FXGL Background Thread 3 ] DEBUG Engine               - isFileSystemWriteAllowed: true
17:55:03.063 [FXGL Background Thread 3 ] DEBUG Engine               - isFullScreenAllowed: false
17:55:03.063 [FXGL Background Thread 3 ] DEBUG Engine               - isFullScreenFromStart: false
17:55:03.063 [FXGL Background Thread 3 ] DEBUG Engine               - isGameMenuEnabled: true
17:55:03.064 [FXGL Background Thread 3 ] DEBUG Engine               - isIOS: false
17:55:03.064 [FXGL Background Thread 3 ] DEBUG Engine               - isIntroEnabled: false
17:55:03.064 [FXGL Background Thread 3 ] DEBUG Engine               - isLinux: false
17:55:03.064 [FXGL Background Thread 3 ] DEBUG Engine               - isMac: false
17:55:03.064 [FXGL Background Thread 3 ] DEBUG Engine               - isMainMenuEnabled: false
17:55:03.064 [FXGL Background Thread 3 ] DEBUG Engine               - isManualResizeEnabled: false
17:55:03.065 [FXGL Background Thread 3 ] DEBUG Engine               - isMobile: false
17:55:03.065 [FXGL Background Thread 3 ] DEBUG Engine               - isNative: false
17:55:03.065 [FXGL Background Thread 3 ] DEBUG Engine               - isPreserveResizeRatio: false
17:55:03.065 [FXGL Background Thread 3 ] DEBUG Engine               - isProfilingEnabled: false
17:55:03.065 [FXGL Background Thread 3 ] DEBUG Engine               - isScaleAffectedOnResize: true
17:55:03.065 [FXGL Background Thread 3 ] DEBUG Engine               - isSingleStep: false
17:55:03.065 [FXGL Background Thread 3 ] DEBUG Engine               - isUserProfileEnabled: false
17:55:03.067 [FXGL Background Thread 3 ] DEBUG Engine               - isWindows: true
17:55:03.067 [FXGL Background Thread 3 ] DEBUG Engine               - language: ObjectProperty [value: ENGLISH]
17:55:03.067 [FXGL Background Thread 3 ] DEBUG Engine               - menuKey: ESCAPE
17:55:03.068 [FXGL Background Thread 3 ] DEBUG Engine               - mouseSensitivity: 0.2
17:55:03.068 [FXGL Background Thread 3 ] DEBUG Engine               - notificationViewClass: class com.almasb.fxgl.notification.view.XboxNotificationView
17:55:03.068 [FXGL Background Thread 3 ] DEBUG Engine               - pixelsPerMeter: 50.0
17:55:03.068 [FXGL Background Thread 3 ] DEBUG Engine               - platform: WINDOWS
17:55:03.069 [FXGL Background Thread 3 ] DEBUG Engine               - prefHeightProperty: ReadOnlyDoubleProperty [value: 720.0]
17:55:03.069 [FXGL Background Thread 3 ] DEBUG Engine               - prefWidthProperty: ReadOnlyDoubleProperty [value: 1280.0]
17:55:03.069 [FXGL Background Thread 3 ] DEBUG Engine               - profileDir: profiles/
17:55:03.069 [FXGL Background Thread 3 ] DEBUG Engine               - profileName: StringProperty [value: DEFAULT]
17:55:03.070 [FXGL Background Thread 3 ] DEBUG Engine               - randomSeed: -1
17:55:03.070 [FXGL Background Thread 3 ] DEBUG Engine               - runtimeInfo: RuntimeInfo(platform=WINDOWS, version=11.16, build=25.05.2021 08.16)
17:55:03.070 [FXGL Background Thread 3 ] DEBUG Engine               - saveFileExt: sav
17:55:03.070 [FXGL Background Thread 3 ] DEBUG Engine               - scaledHeightProp$fxgl: DoubleProperty [bound, value: 720.0]
17:55:03.071 [FXGL Background Thread 3 ] DEBUG Engine               - scaledWidthProp$fxgl: DoubleProperty [bound, value: 1280.0]
17:55:03.071 [FXGL Background Thread 3 ] DEBUG Engine               - sceneFactory: com.almasb.fxgl.app.scene.SceneFactory@24aa9989
17:55:03.071 [FXGL Background Thread 3 ] DEBUG Engine               - secondsIn24h: 60
17:55:03.071 [FXGL Background Thread 3 ] DEBUG Engine               - soundMenuBack: menu/back.wav
17:55:03.072 [FXGL Background Thread 3 ] DEBUG Engine               - soundMenuPress: menu/press.wav
17:55:03.072 [FXGL Background Thread 3 ] DEBUG Engine               - soundMenuSelect: menu/select.wav
17:55:03.072 [FXGL Background Thread 3 ] DEBUG Engine               - soundNotification: core/notification.wav
17:55:03.072 [FXGL Background Thread 3 ] DEBUG Engine               - stageStyle: DECORATED
17:55:03.072 [FXGL Background Thread 3 ] DEBUG Engine               - supportedLanguages: [ENGLISH, FRENCH, GERMAN, HUNGARIAN, RUSSIAN]
17:55:03.072 [FXGL Background Thread 3 ] DEBUG Engine               - ticksPerSecond: -1
17:55:03.072 [FXGL Background Thread 3 ] DEBUG Engine               - title: FXGL RTS Game
17:55:03.072 [FXGL Background Thread 3 ] DEBUG Engine               - urlGithub: https://github.com/AlmasB/FXGL
17:55:03.072 [FXGL Background Thread 3 ] DEBUG Engine               - urlLeaderboard: http://fxgl-top.herokuapp.com/
17:55:03.073 [FXGL Background Thread 3 ] DEBUG Engine               - urlPOM: https://raw.githubusercontent.com/AlmasB/FXGL/release/README.md
17:55:03.073 [FXGL Background Thread 3 ] DEBUG Engine               - userAppClass: class com.dam.wonder.view.rts.RTSApp
17:55:03.073 [FXGL Background Thread 3 ] DEBUG Engine               - version: 0.0
17:55:03.073 [FXGL Background Thread 3 ] DEBUG Engine               - versionCheckDays: 7
17:55:03.073 [FXGL Background Thread 3 ] DEBUG Engine               - width: 1280
17:55:03.074 [FXGL Background Thread 3 ] DEBUG Engine               - Logging services
17:55:03.074 [FXGL Background Thread 3 ] DEBUG Engine               - class com.almasb.fxgl.app.services.FXGLAssetLoaderService
17:55:03.074 [FXGL Background Thread 3 ] DEBUG Engine               - class com.almasb.fxgl.app.FXGLApplication$GameApplicationService
17:55:03.074 [FXGL Background Thread 3 ] DEBUG Engine               - class com.almasb.fxgl.app.services.FXGLDialogService
17:55:03.074 [FXGL Background Thread 3 ] DEBUG Engine               - class com.almasb.fxgl.app.services.IOTaskExecutorService
17:55:03.074 [FXGL Background Thread 3 ] DEBUG Engine               - class com.almasb.fxgl.io.FileSystemService
17:55:03.074 [FXGL Background Thread 3 ] DEBUG Engine               - class com.almasb.fxgl.localization.LocalizationService
17:55:03.074 [FXGL Background Thread 3 ] DEBUG Engine               - class com.almasb.fxgl.app.services.SystemBundleService
17:55:03.075 [FXGL Background Thread 3 ] DEBUG Engine               - class com.almasb.fxgl.profile.SaveLoadService
17:55:03.075 [FXGL Background Thread 3 ] DEBUG Engine               - class com.almasb.fxgl.ui.FXGLUIFactoryServiceProvider
17:55:03.075 [FXGL Background Thread 3 ] DEBUG Engine               - class com.almasb.fxgl.ui.FXGLDialogFactoryServiceProvider
17:55:03.075 [FXGL Background Thread 3 ] DEBUG Engine               - class com.almasb.fxgl.audio.AudioPlayer
17:55:03.075 [FXGL Background Thread 3 ] DEBUG Engine               - class com.almasb.fxgl.notification.impl.NotificationServiceProvider
17:55:03.075 [FXGL Background Thread 3 ] DEBUG Engine               - class com.almasb.fxgl.achievement.AchievementService
17:55:03.075 [FXGL Background Thread 3 ] DEBUG Engine               - class com.almasb.fxgl.cutscene.CutsceneService
17:55:03.076 [FXGL Background Thread 3 ] DEBUG Engine               - class com.almasb.fxgl.minigames.MiniGameService
17:55:03.076 [FXGL Background Thread 3 ] DEBUG Engine               - class com.almasb.fxgl.net.NetService
17:55:03.076 [FXGL Background Thread 3 ] DEBUG Engine               - class com.almasb.fxgl.app.services.UpdaterService
17:55:03.077 [FXGL Background Thread 3 ] DEBUG Engine               - class com.almasb.fxgl.dev.DevService
17:55:04.351 [JavaFX Application Thread] DEBUG FXGLApplication      - Exiting FXGL
17:55:04.351 [JavaFX Application Thread] DEBUG LoopRunner           - Stopping loop
17:55:04.352 [JavaFX Application Thread] DEBUG SystemBundleService  - Saving FXGL system data
17:55:04.354 [JavaFX Application Thread] DEBUG FileSystemAccess     - Writing to: C:\project\wonderfulStory\system\fxgl.bundle
17:55:04.356 [JavaFX Application Thread] DEBUG Async                - Shutting down background threads
17:55:04.356 [JavaFX Application Thread] DEBUG PrimaryStageWindow   - Closing main window
17:55:04.380 [JavaFX Application Thread] DEBUG Logger               - Closing Logger
