15:53:11.374 [main                     ] DEBUG Logger               - Configured Logger
15:53:11.407 [main                     ] DEBUG GameApplication      - Logging settings
Title: demo
Version: 0.0
Width: 1080
Height: 720
Fullscreen: false
Intro: false
Profiling: false
Single step:false
App Mode: DEVELOPER
Menu Key: ESCAPE
Stage Style: DECORATED
Scene Factory: class com.almasb.fxgl.app.scene.SceneFactory

15:53:11.970 [JavaFX Application Thread] DEBUG FXGLApplication      - Initializing FXGL
15:53:11.973 [JavaFX Application Thread] INFO  Engine               - FXGL-11.17 (16.07.2021 15.46) on WINDOWS (J:16.0.1 FX:16)
15:53:11.973 [JavaFX Application Thread] DEBUG Engine               - JRE Vendor Name: Oracle Corporation
15:53:11.973 [JavaFX Application Thread] DEBUG Engine               - Running on OS: Windows 10 version 10.0
15:53:11.973 [JavaFX Application Thread] DEBUG Engine               - Architecture: amd64
15:53:11.974 [JavaFX Application Thread] INFO  Engine               - Source code and latest versions at: https://github.com/AlmasB/FXGL
15:53:11.974 [JavaFX Application Thread] INFO  Engine               -              Join the FXGL chat at: https://gitter.im/AlmasB/FXGL
15:53:12.149 [JavaFX Application Thread] DEBUG PrimaryStageWindow   - Creating a JavaFX scene
15:53:12.215 [JavaFX Application Thread] DEBUG PrimaryStageWindow   - Target settings size: 1080.0 x 720.0
15:53:12.216 [JavaFX Application Thread] DEBUG PrimaryStageWindow   - Scaled scene size:    1080.0 x 720.0
15:53:12.216 [JavaFX Application Thread] DEBUG PrimaryStageWindow   - Scaled ratio: (1.0, 1.0)
15:53:12.217 [JavaFX Application Thread] DEBUG PrimaryStageWindow   - Set initial scene to FXGLStartupScene
15:53:12.230 [JavaFX Application Thread] DEBUG PrimaryStageWindow   - Opening main window
15:53:12.394 [JavaFX Application Thread] DEBUG PrimaryStageWindow   - Window border size: (14.4000244140625, 37.5999755859375)
15:53:12.394 [JavaFX Application Thread] DEBUG PrimaryStageWindow   - Scaled size: 1080.0 x 720.0
15:53:12.395 [JavaFX Application Thread] DEBUG PrimaryStageWindow   - Scaled ratio: (1.0, 1.0)
15:53:12.396 [JavaFX Application Thread] DEBUG PrimaryStageWindow   - Scene size: 1080.0 x 720.0
15:53:12.396 [JavaFX Application Thread] DEBUG PrimaryStageWindow   - Stage size: 1094.4000244140625 x 757.5999755859375
15:53:12.407 [FXGL Background Thread 1 ] DEBUG Engine               - Initializing environment variables
15:53:12.491 [FXGL Background Thread 1 ] DEBUG FXGLAssetLoaderServi - User app class for loading assets: class com.dam.wonder.GameApp
15:53:12.492 [FXGL Background Thread 1 ] DEBUG GameApplicationServi - Applying CSS: fxgl_dark.css
15:53:12.493 [FXGL Background Thread 1 ] DEBUG FXGLAssetLoaderServi - Loading from file system: jar:file:/C:/Users/24771/.m2/repository/com/github/almasb/fxgl/11.17/fxgl-11.17.jar!/fxglassets/ui/css/fxgl_dark.css
15:53:12.562 [FXGL Background Thread 1 ] DEBUG GameApplicationServi - Initializing application scenes
15:53:12.671 [FXGL Background Thread 1 ] DEBUG GameWorld            - Game world initialized
15:53:12.766 [FXGL Background Thread 1 ] DEBUG PhysicsWorld         - Physics world initialized: appHeight=720, physics.ppm=50.0
15:53:12.766 [FXGL Background Thread 1 ] DEBUG PhysicsWorld         - Using strategy: BRUTE_FORCE
15:53:12.771 [FXGL Background Thread 1 ] DEBUG GameScene            - Game scene initialized: 1080x720
15:53:12.797 [FXGL Background Thread 1 ] DEBUG FXGL.DefaultMenu     - createMenuBodyGameMenu()
15:53:12.832 [FXGL Background Thread 1 ] DEBUG FXGL.DefaultMenu     - createOptionsMenu()
15:53:12.856 [FXGL Background Thread 1 ] DEBUG FXGLAssetLoaderServi - Loading from file system: jar:file:/C:/Users/24771/.m2/repository/com/github/almasb/fxgl/11.17/fxgl-11.17.jar!/fxglassets/textures/particles/smoke.png
15:53:13.060 [FXGL Background Thread 1 ] DEBUG FXGLAssetLoaderServi - Loading from file system: jar:file:/C:/Users/24771/.m2/repository/com/github/almasb/fxgl/11.17/fxgl-11.17.jar!/fxglassets/textures/particles/trace_horizontal.png
15:53:13.115 [FXGL Background Thread 1 ] DEBUG GameApplicationServi - Application scenes initialized
15:53:13.137 [FXGL Background Thread 1 ] DEBUG SystemBundleService  - Loading FXGL system data
15:53:13.145 [FXGL Background Thread 1 ] DEBUG FileSystemAccess     - Reading from: C:\project\wonderfulStory\system\fxgl.bundle
15:53:13.155 [FXGL Background Thread 1 ] DEBUG SystemBundleService  - Bundle FXGL: {}
15:53:13.155 [FXGL Background Thread 1 ] DEBUG UpdaterService       - Checking for updates
15:53:13.164 [FXGL Background Thread 4 ] DEBUG FXGLApplication      - Loading fonts
15:53:13.165 [FXGL Background Thread 1 ] DEBUG FXGLApplication      - Loading default localization
15:53:13.165 [FXGL Background Thread 4 ] DEBUG FXGLAssetLoaderServi - Loading from file system: jar:file:/C:/Users/24771/.m2/repository/com/github/almasb/fxgl/11.17/fxgl-11.17.jar!/fxglassets/ui/fonts/VarelaRound-Regular.ttf
15:53:13.166 [FXGL Background Thread 1 ] DEBUG FXGLAssetLoaderServi - Loading from file system: jar:file:/C:/Users/24771/.m2/repository/com/github/almasb/fxgl/11.17/fxgl-11.17.jar!/fxglassets/languages/english.lang
15:53:13.200 [FXGL Background Thread 1 ] INFO  FXGLApplication      - FXGL initialization took: 0.792 sec
15:53:13.203 [JavaFX Application Thread] DEBUG FXGLAssetLoaderServi - Loading from file system: jar:file:/C:/Users/24771/.m2/repository/com/github/almasb/fxgl/11.17/fxgl-11.17.jar!/fxglassets/textures/fxgl_icon.png
15:53:13.266 [JavaFX Application Thread] DEBUG FXGLAssetLoaderServi - Loading from file system: jar:file:/C:/Users/24771/.m2/repository/com/github/almasb/fxgl/11.17/fxgl-11.17.jar!/fxglassets/textures/fxgl_default_cursor.png
15:53:13.291 [JavaFX Application Thread] DEBUG Input                - Registered new binding: Screenshot - CTRL+8
15:53:13.293 [JavaFX Application Thread] DEBUG Input                - Registered new binding: System info dump - CTRL+9
15:53:13.294 [JavaFX Application Thread] DEBUG Input                - Registered new binding: Restart - CTRL+R
15:53:13.296 [JavaFX Application Thread] DEBUG Input                - Registered new binding: Toggle Debug Camera - CTRL+C
15:53:13.302 [JavaFX Application Thread] DEBUG LoopRunner           - Starting loop
15:53:13.302 [JavaFX Application Thread] DEBUG LoopRunner           - Initializing JavaFX AnimationTimerLoop
15:53:13.306 [JavaFX Application Thread] DEBUG GameApplicationServi - Starting new game
15:53:13.308 [JavaFX Application Thread] DEBUG Input                - Clearing active input actions
15:53:13.336 [JavaFX Application Thread] DEBUG GameApplicationServi - Removing overlay from FXGLStartupScene and adding to FXGLLoadingScene
15:53:13.337 [JavaFX Application Thread] DEBUG PrimaryStageWindow   - FXGLStartupScene -> FXGLLoadingScene
15:53:13.337 [JavaFX Application Thread] DEBUG GameApplicationServi - Clearing previous game
15:53:13.338 [JavaFX Application Thread] DEBUG GameScene            - Clearing game scene
15:53:13.338 [JavaFX Application Thread] DEBUG GameWorld            - Clearing game world
15:53:13.340 [JavaFX Application Thread] DEBUG PhysicsWorld         - Clearing physics world
15:53:13.343 [FXGL Background Thread 1 ] DEBUG FXGLApplication      - Initializing game
15:53:13.351 [FXGL Background Thread 1 ] DEBUG FXGLAssetLoaderServi - Loading from file system: file:/C:/project/wonderfulStory/wonder/target/classes/assets/textures/player.png
15:53:13.593 [FXGL Background Thread 1 ] DEBUG Input                - Registered new binding: up - W
15:53:13.594 [FXGL Background Thread 1 ] DEBUG Input                - Registered new binding: down - S
15:53:13.594 [FXGL Background Thread 1 ] DEBUG Input                - Registered new binding: left - A
15:53:13.595 [FXGL Background Thread 1 ] DEBUG Input                - Registered new binding: right - D
15:53:13.596 [FXGL Background Thread 1 ] DEBUG Input                - Registered new binding: show talk - T
15:53:13.598 [FXGL Background Thread 1 ] INFO  FXGLApplication      - Game initialization took: 0.254 sec
15:53:13.685 [JavaFX Application Thread] DEBUG Input                - Clearing active input actions
15:53:13.707 [JavaFX Application Thread] DEBUG GameApplicationServi - Removing overlay from FXGLLoadingScene and adding to GameScene
15:53:13.708 [JavaFX Application Thread] DEBUG PrimaryStageWindow   - FXGLLoadingScene -> GameScene
15:53:13.833 [FXGL Background Thread 4 ] DEBUG FXGLAssetLoaderServi - Loading from file system: jar:file:/C:/Users/24771/.m2/repository/com/github/almasb/fxgl/11.17/fxgl-11.17.jar!/fxglassets/ui/fonts/Abel-Regular.ttf
15:53:13.857 [FXGL Background Thread 4 ] DEBUG FXGLAssetLoaderServi - Loading from file system: jar:file:/C:/Users/24771/.m2/repository/com/github/almasb/fxgl/11.17/fxgl-11.17.jar!/fxglassets/ui/fonts/lucida_console.ttf
15:53:13.887 [FXGL Background Thread 4 ] DEBUG FXGLAssetLoaderServi - Loading from file system: jar:file:/C:/Users/24771/.m2/repository/com/github/almasb/fxgl/11.17/fxgl-11.17.jar!/fxglassets/ui/fonts/Courier-Prime.ttf
15:53:13.920 [JavaFX Application Thread] DEBUG FXGLApplication      - Registering font factories with UI factory
15:53:13.923 [FXGL Background Thread 2 ] WARN  UpdaterService       - Failed to find updates: java.net.UnknownHostException: raw.githubusercontent.com
15:53:14.807 [JavaFX Application Thread] DEBUG FXGLAssetLoaderServi - Loading from file system: file:/C:/project/wonderfulStory/wonder/target/classes/assets/ui/fonts/chinese.ttf
15:53:14.856 [JavaFX Application Thread] DEBUG Input                - Registered new binding: remove - LMB
15:53:14.856 [JavaFX Application Thread] DEBUG PrimaryStageWindow   - Push state: TalkScene
15:53:14.857 [JavaFX Application Thread] DEBUG Input                - Clearing active input actions
15:53:14.857 [JavaFX Application Thread] DEBUG GameApplicationServi - Removing overlay from GameScene and adding to TalkScene
15:53:14.858 [JavaFX Application Thread] DEBUG PrimaryStageWindow   - GameScene -> TalkScene
15:53:16.161 [FXGL Background Thread 3 ] DEBUG Engine               - Logging environment variables
15:53:16.161 [FXGL Background Thread 3 ] DEBUG Engine               - achievements: []
15:53:16.161 [FXGL Background Thread 3 ] DEBUG Engine               - actualHeight: 720.0
15:53:16.162 [FXGL Background Thread 3 ] DEBUG Engine               - actualHeightProperty: ReadOnlyDoubleProperty [value: 720.0]
15:53:16.162 [FXGL Background Thread 3 ] DEBUG Engine               - actualWidth: 1080.0
15:53:16.162 [FXGL Background Thread 3 ] DEBUG Engine               - actualWidthProperty: ReadOnlyDoubleProperty [value: 1080.0]
15:53:16.162 [FXGL Background Thread 3 ] DEBUG Engine               - appIcon: fxgl_icon.png
15:53:16.162 [FXGL Background Thread 3 ] DEBUG Engine               - applicationMode: DEVELOPER
15:53:16.162 [FXGL Background Thread 3 ] DEBUG Engine               - cSSList: [fxgl_dark.css]
15:53:16.162 [FXGL Background Thread 3 ] DEBUG Engine               - collisionDetectionStrategy: BRUTE_FORCE
15:53:16.163 [FXGL Background Thread 3 ] DEBUG Engine               - configClass: Optional.empty
15:53:16.163 [FXGL Background Thread 3 ] DEBUG Engine               - credits: []
15:53:16.163 [FXGL Background Thread 3 ] DEBUG Engine               - defaultCursor: CursorInfo(imageName=fxgl_default_cursor.png, hotspotX=7.0, hotspotY=6.0)
15:53:16.163 [FXGL Background Thread 3 ] DEBUG Engine               - devBBoxColorProperty: ObjectProperty [value: 0xff0000ff]
15:53:16.163 [FXGL Background Thread 3 ] DEBUG Engine               - devEnableDebugCameraProperty: BooleanProperty [value: false]
15:53:16.163 [FXGL Background Thread 3 ] DEBUG Engine               - devSensorColorProperty: ObjectProperty [value: 0xffff00ff]
15:53:16.164 [FXGL Background Thread 3 ] DEBUG Engine               - devShowBBoxProperty: BooleanProperty [value: false]
15:53:16.164 [FXGL Background Thread 3 ] DEBUG Engine               - devShowPositionProperty: BooleanProperty [value: false]
15:53:16.164 [FXGL Background Thread 3 ] DEBUG Engine               - enabledMenuItems: []
15:53:16.164 [FXGL Background Thread 3 ] DEBUG Engine               - engineServices: [class com.almasb.fxgl.app.services.FXGLAssetLoaderService, class com.almasb.fxgl.app.FXGLApplication$GameApplicationService, class com.almasb.fxgl.app.services.FXGLDialogService, class com.almasb.fxgl.app.services.IOTaskExecutorService, class com.almasb.fxgl.io.FileSystemService, class com.almasb.fxgl.localization.LocalizationService, class com.almasb.fxgl.app.services.SystemBundleService, class com.almasb.fxgl.profile.SaveLoadService, class com.almasb.fxgl.ui.FXGLUIFactoryServiceProvider, class com.almasb.fxgl.ui.FXGLDialogFactoryServiceProvider, class com.almasb.fxgl.audio.AudioPlayer, class com.almasb.fxgl.notification.impl.NotificationServiceProvider, class com.almasb.fxgl.achievement.AchievementService, class com.almasb.fxgl.cutscene.CutsceneService, class com.almasb.fxgl.minigames.MiniGameService, class com.almasb.fxgl.net.NetService, class com.almasb.fxgl.app.services.UpdaterService, class com.almasb.fxgl.dev.DevService]
15:53:16.165 [FXGL Background Thread 3 ] DEBUG Engine               - fontGame: Abel-Regular.ttf
15:53:16.165 [FXGL Background Thread 3 ] DEBUG Engine               - fontMono: lucida_console.ttf
15:53:16.165 [FXGL Background Thread 3 ] DEBUG Engine               - fontText: Courier-Prime.ttf
15:53:16.165 [FXGL Background Thread 3 ] DEBUG Engine               - fontUI: VarelaRound-Regular.ttf
15:53:16.165 [FXGL Background Thread 3 ] DEBUG Engine               - fullScreen: BooleanProperty [value: false]
15:53:16.165 [FXGL Background Thread 3 ] DEBUG Engine               - gameDifficulty: MEDIUM
15:53:16.166 [FXGL Background Thread 3 ] DEBUG Engine               - gameDifficultyProperty: ObjectProperty [value: MEDIUM]
15:53:16.166 [FXGL Background Thread 3 ] DEBUG Engine               - globalMusicVolume: 0.5
15:53:16.166 [FXGL Background Thread 3 ] DEBUG Engine               - globalMusicVolumeProperty: DoubleProperty [value: 0.5]
15:53:16.166 [FXGL Background Thread 3 ] DEBUG Engine               - globalSoundVolume: 0.5
15:53:16.166 [FXGL Background Thread 3 ] DEBUG Engine               - globalSoundVolumeProperty: DoubleProperty [value: 0.5]
15:53:16.167 [FXGL Background Thread 3 ] DEBUG Engine               - height: 720
15:53:16.167 [FXGL Background Thread 3 ] DEBUG Engine               - is3D: false
15:53:16.167 [FXGL Background Thread 3 ] DEBUG Engine               - isAndroid: false
15:53:16.167 [FXGL Background Thread 3 ] DEBUG Engine               - isBrowser: false
15:53:16.167 [FXGL Background Thread 3 ] DEBUG Engine               - isClickFeedbackEnabled: false
15:53:16.168 [FXGL Background Thread 3 ] DEBUG Engine               - isCloseConfirmation: false
15:53:16.168 [FXGL Background Thread 3 ] DEBUG Engine               - isDesktop: true
15:53:16.168 [FXGL Background Thread 3 ] DEBUG Engine               - isDeveloperMenuEnabled: false
15:53:16.168 [FXGL Background Thread 3 ] DEBUG Engine               - isEntityPreloadEnabled: true
15:53:16.169 [FXGL Background Thread 3 ] DEBUG Engine               - isExperimentalTiledLargeMap: false
15:53:16.169 [FXGL Background Thread 3 ] DEBUG Engine               - isFileSystemWriteAllowed: true
15:53:16.169 [FXGL Background Thread 3 ] DEBUG Engine               - isFullScreenAllowed: false
15:53:16.169 [FXGL Background Thread 3 ] DEBUG Engine               - isFullScreenFromStart: false
15:53:16.169 [FXGL Background Thread 3 ] DEBUG Engine               - isGameMenuEnabled: true
15:53:16.169 [FXGL Background Thread 3 ] DEBUG Engine               - isIOS: false
15:53:16.169 [FXGL Background Thread 3 ] DEBUG Engine               - isIntroEnabled: false
15:53:16.169 [FXGL Background Thread 3 ] DEBUG Engine               - isLinux: false
15:53:16.169 [FXGL Background Thread 3 ] DEBUG Engine               - isMac: false
15:53:16.169 [FXGL Background Thread 3 ] DEBUG Engine               - isMainMenuEnabled: false
15:53:16.169 [FXGL Background Thread 3 ] DEBUG Engine               - isManualResizeEnabled: false
15:53:16.170 [FXGL Background Thread 3 ] DEBUG Engine               - isMobile: false
15:53:16.170 [FXGL Background Thread 3 ] DEBUG Engine               - isNative: false
15:53:16.170 [FXGL Background Thread 3 ] DEBUG Engine               - isPauseMusicWhenMinimized: true
15:53:16.170 [FXGL Background Thread 3 ] DEBUG Engine               - isPreserveResizeRatio: false
15:53:16.170 [FXGL Background Thread 3 ] DEBUG Engine               - isProfilingEnabled: false
15:53:16.170 [FXGL Background Thread 3 ] DEBUG Engine               - isScaleAffectedOnResize: true
15:53:16.170 [FXGL Background Thread 3 ] DEBUG Engine               - isSingleStep: false
15:53:16.170 [FXGL Background Thread 3 ] DEBUG Engine               - isUserProfileEnabled: false
15:53:16.170 [FXGL Background Thread 3 ] DEBUG Engine               - isWindows: true
15:53:16.170 [FXGL Background Thread 3 ] DEBUG Engine               - language: ObjectProperty [value: ENGLISH]
15:53:16.171 [FXGL Background Thread 3 ] DEBUG Engine               - menuKey: ESCAPE
15:53:16.171 [FXGL Background Thread 3 ] DEBUG Engine               - mouseSensitivity: 0.2
15:53:16.171 [FXGL Background Thread 3 ] DEBUG Engine               - notificationViewClass: class com.almasb.fxgl.notification.view.XboxNotificationView
15:53:16.171 [FXGL Background Thread 3 ] DEBUG Engine               - pixelsPerMeter: 50.0
15:53:16.171 [FXGL Background Thread 3 ] DEBUG Engine               - platform: WINDOWS
15:53:16.171 [FXGL Background Thread 3 ] DEBUG Engine               - prefHeightProperty: ReadOnlyDoubleProperty [value: 720.0]
15:53:16.171 [FXGL Background Thread 3 ] DEBUG Engine               - prefWidthProperty: ReadOnlyDoubleProperty [value: 1080.0]
15:53:16.171 [FXGL Background Thread 3 ] DEBUG Engine               - profileDir: profiles/
15:53:16.172 [FXGL Background Thread 3 ] DEBUG Engine               - profileName: StringProperty [value: DEFAULT]
15:53:16.172 [FXGL Background Thread 3 ] DEBUG Engine               - randomSeed: -1
15:53:16.172 [FXGL Background Thread 3 ] DEBUG Engine               - runtimeInfo: RuntimeInfo(platform=WINDOWS, version=11.17, build=16.07.2021 15.46)
15:53:16.172 [FXGL Background Thread 3 ] DEBUG Engine               - saveFileExt: sav
15:53:16.172 [FXGL Background Thread 3 ] DEBUG Engine               - scaledHeightProp$fxgl: DoubleProperty [bound, value: 720.0]
15:53:16.172 [FXGL Background Thread 3 ] DEBUG Engine               - scaledWidthProp$fxgl: DoubleProperty [bound, value: 1080.0]
15:53:16.172 [FXGL Background Thread 3 ] DEBUG Engine               - sceneFactory: com.almasb.fxgl.app.scene.SceneFactory@71cfb974
15:53:16.172 [FXGL Background Thread 3 ] DEBUG Engine               - secondsIn24h: 60
15:53:16.172 [FXGL Background Thread 3 ] DEBUG Engine               - soundMenuBack: menu/back.wav
15:53:16.173 [FXGL Background Thread 3 ] DEBUG Engine               - soundMenuPress: menu/press.wav
15:53:16.173 [FXGL Background Thread 3 ] DEBUG Engine               - soundMenuSelect: menu/select.wav
15:53:16.173 [FXGL Background Thread 3 ] DEBUG Engine               - soundNotification: core/notification.wav
15:53:16.173 [FXGL Background Thread 3 ] DEBUG Engine               - stageStyle: DECORATED
15:53:16.173 [FXGL Background Thread 3 ] DEBUG Engine               - supportedLanguages: [ENGLISH, FRENCH, GERMAN, HUNGARIAN, RUSSIAN]
15:53:16.173 [FXGL Background Thread 3 ] DEBUG Engine               - ticksPerSecond: -1
15:53:16.173 [FXGL Background Thread 3 ] DEBUG Engine               - title: demo
15:53:16.174 [FXGL Background Thread 3 ] DEBUG Engine               - urlGithub: https://github.com/AlmasB/FXGL
15:53:16.174 [FXGL Background Thread 3 ] DEBUG Engine               - urlLeaderboard: http://fxgl-top.herokuapp.com/
15:53:16.174 [FXGL Background Thread 3 ] DEBUG Engine               - urlPOM: https://raw.githubusercontent.com/AlmasB/FXGL/release/README.md
15:53:16.174 [FXGL Background Thread 3 ] DEBUG Engine               - userAppClass: class com.dam.wonder.GameApp
15:53:16.174 [FXGL Background Thread 3 ] DEBUG Engine               - version: 0.0
15:53:16.174 [FXGL Background Thread 3 ] DEBUG Engine               - versionCheckDays: 7
15:53:16.174 [FXGL Background Thread 3 ] DEBUG Engine               - width: 1080
15:53:16.174 [FXGL Background Thread 3 ] DEBUG Engine               - Logging services
15:53:16.174 [FXGL Background Thread 3 ] DEBUG Engine               - class com.almasb.fxgl.app.services.FXGLAssetLoaderService
15:53:16.175 [FXGL Background Thread 3 ] DEBUG Engine               - class com.almasb.fxgl.app.FXGLApplication$GameApplicationService
15:53:16.176 [FXGL Background Thread 3 ] DEBUG Engine               - class com.almasb.fxgl.app.services.FXGLDialogService
15:53:16.176 [FXGL Background Thread 3 ] DEBUG Engine               - class com.almasb.fxgl.app.services.IOTaskExecutorService
15:53:16.176 [FXGL Background Thread 3 ] DEBUG Engine               - class com.almasb.fxgl.io.FileSystemService
15:53:16.176 [FXGL Background Thread 3 ] DEBUG Engine               - class com.almasb.fxgl.localization.LocalizationService
15:53:16.176 [FXGL Background Thread 3 ] DEBUG Engine               - class com.almasb.fxgl.app.services.SystemBundleService
15:53:16.176 [FXGL Background Thread 3 ] DEBUG Engine               - class com.almasb.fxgl.profile.SaveLoadService
15:53:16.176 [FXGL Background Thread 3 ] DEBUG Engine               - class com.almasb.fxgl.ui.FXGLUIFactoryServiceProvider
15:53:16.176 [FXGL Background Thread 3 ] DEBUG Engine               - class com.almasb.fxgl.ui.FXGLDialogFactoryServiceProvider
15:53:16.176 [FXGL Background Thread 3 ] DEBUG Engine               - class com.almasb.fxgl.audio.AudioPlayer
15:53:16.177 [FXGL Background Thread 3 ] DEBUG Engine               - class com.almasb.fxgl.notification.impl.NotificationServiceProvider
15:53:16.177 [FXGL Background Thread 3 ] DEBUG Engine               - class com.almasb.fxgl.achievement.AchievementService
15:53:16.177 [FXGL Background Thread 3 ] DEBUG Engine               - class com.almasb.fxgl.cutscene.CutsceneService
15:53:16.177 [FXGL Background Thread 3 ] DEBUG Engine               - class com.almasb.fxgl.minigames.MiniGameService
15:53:16.177 [FXGL Background Thread 3 ] DEBUG Engine               - class com.almasb.fxgl.net.NetService
15:53:16.177 [FXGL Background Thread 3 ] DEBUG Engine               - class com.almasb.fxgl.app.services.UpdaterService
15:53:16.177 [FXGL Background Thread 3 ] DEBUG Engine               - class com.almasb.fxgl.dev.DevService
15:53:16.506 [JavaFX Application Thread] DEBUG PrimaryStageWindow   - Pop state: TalkScene
15:53:16.506 [JavaFX Application Thread] DEBUG Input                - Clearing active input actions
15:53:16.506 [JavaFX Application Thread] DEBUG GameApplicationServi - Removing overlay from TalkScene and adding to GameScene
15:53:16.506 [JavaFX Application Thread] DEBUG PrimaryStageWindow   - GameScene <- TalkScene
15:53:16.920 [JavaFX Application Thread] DEBUG PrimaryStageWindow   - Push state: TalkScene
15:53:16.920 [JavaFX Application Thread] DEBUG Input                - Clearing active input actions
15:53:16.920 [JavaFX Application Thread] DEBUG GameApplicationServi - Removing overlay from GameScene and adding to TalkScene
15:53:16.921 [JavaFX Application Thread] DEBUG PrimaryStageWindow   - GameScene -> TalkScene
15:53:17.761 [JavaFX Application Thread] DEBUG PrimaryStageWindow   - Pop state: TalkScene
15:53:17.761 [JavaFX Application Thread] DEBUG Input                - Clearing active input actions
15:53:17.762 [JavaFX Application Thread] DEBUG GameApplicationServi - Removing overlay from TalkScene and adding to GameScene
15:53:17.762 [JavaFX Application Thread] DEBUG PrimaryStageWindow   - GameScene <- TalkScene
15:53:17.962 [JavaFX Application Thread] DEBUG PrimaryStageWindow   - Push state: TalkScene
15:53:17.962 [JavaFX Application Thread] DEBUG Input                - Clearing active input actions
15:53:17.963 [JavaFX Application Thread] DEBUG GameApplicationServi - Removing overlay from GameScene and adding to TalkScene
15:53:17.963 [JavaFX Application Thread] DEBUG PrimaryStageWindow   - GameScene -> TalkScene
15:53:18.290 [JavaFX Application Thread] DEBUG PrimaryStageWindow   - Pop state: TalkScene
15:53:18.290 [JavaFX Application Thread] DEBUG Input                - Clearing active input actions
15:53:18.291 [JavaFX Application Thread] DEBUG GameApplicationServi - Removing overlay from TalkScene and adding to GameScene
15:53:18.291 [JavaFX Application Thread] DEBUG PrimaryStageWindow   - GameScene <- TalkScene
15:53:18.522 [JavaFX Application Thread] DEBUG PrimaryStageWindow   - Push state: TalkScene
15:53:18.522 [JavaFX Application Thread] DEBUG Input                - Clearing active input actions
15:53:18.522 [JavaFX Application Thread] DEBUG GameApplicationServi - Removing overlay from GameScene and adding to TalkScene
15:53:18.523 [JavaFX Application Thread] DEBUG PrimaryStageWindow   - GameScene -> TalkScene
15:53:19.223 [JavaFX Application Thread] DEBUG PrimaryStageWindow   - Pop state: TalkScene
15:53:19.223 [JavaFX Application Thread] DEBUG Input                - Clearing active input actions
15:53:19.223 [JavaFX Application Thread] DEBUG GameApplicationServi - Removing overlay from TalkScene and adding to GameScene
15:53:19.223 [JavaFX Application Thread] DEBUG PrimaryStageWindow   - GameScene <- TalkScene
15:53:19.373 [JavaFX Application Thread] DEBUG PrimaryStageWindow   - Push state: TalkScene
15:53:19.374 [JavaFX Application Thread] DEBUG Input                - Clearing active input actions
15:53:19.374 [JavaFX Application Thread] DEBUG GameApplicationServi - Removing overlay from GameScene and adding to TalkScene
15:53:19.374 [JavaFX Application Thread] DEBUG PrimaryStageWindow   - GameScene -> TalkScene
15:53:19.572 [JavaFX Application Thread] DEBUG PrimaryStageWindow   - Pop state: TalkScene
15:53:19.572 [JavaFX Application Thread] DEBUG Input                - Clearing active input actions
15:53:19.573 [JavaFX Application Thread] DEBUG GameApplicationServi - Removing overlay from TalkScene and adding to GameScene
15:53:19.573 [JavaFX Application Thread] DEBUG PrimaryStageWindow   - GameScene <- TalkScene
15:53:19.812 [JavaFX Application Thread] DEBUG PrimaryStageWindow   - Push state: TalkScene
15:53:19.812 [JavaFX Application Thread] DEBUG Input                - Clearing active input actions
15:53:19.812 [JavaFX Application Thread] DEBUG GameApplicationServi - Removing overlay from GameScene and adding to TalkScene
15:53:19.813 [JavaFX Application Thread] DEBUG PrimaryStageWindow   - GameScene -> TalkScene
15:53:20.031 [JavaFX Application Thread] DEBUG PrimaryStageWindow   - Pop state: TalkScene
15:53:20.031 [JavaFX Application Thread] DEBUG Input                - Clearing active input actions
15:53:20.032 [JavaFX Application Thread] DEBUG GameApplicationServi - Removing overlay from TalkScene and adding to GameScene
15:53:20.032 [JavaFX Application Thread] DEBUG PrimaryStageWindow   - GameScene <- TalkScene
15:53:20.228 [JavaFX Application Thread] DEBUG PrimaryStageWindow   - Push state: TalkScene
15:53:20.229 [JavaFX Application Thread] DEBUG Input                - Clearing active input actions
15:53:20.229 [JavaFX Application Thread] DEBUG GameApplicationServi - Removing overlay from GameScene and adding to TalkScene
15:53:20.229 [JavaFX Application Thread] DEBUG PrimaryStageWindow   - GameScene -> TalkScene
15:53:20.401 [JavaFX Application Thread] DEBUG PrimaryStageWindow   - Pop state: TalkScene
15:53:20.401 [JavaFX Application Thread] DEBUG Input                - Clearing active input actions
15:53:20.401 [JavaFX Application Thread] DEBUG GameApplicationServi - Removing overlay from TalkScene and adding to GameScene
15:53:20.401 [JavaFX Application Thread] DEBUG PrimaryStageWindow   - GameScene <- TalkScene
15:53:20.568 [JavaFX Application Thread] DEBUG PrimaryStageWindow   - Push state: TalkScene
15:53:20.568 [JavaFX Application Thread] DEBUG Input                - Clearing active input actions
15:53:20.569 [JavaFX Application Thread] DEBUG GameApplicationServi - Removing overlay from GameScene and adding to TalkScene
15:53:20.569 [JavaFX Application Thread] DEBUG PrimaryStageWindow   - GameScene -> TalkScene
15:53:20.792 [JavaFX Application Thread] DEBUG PrimaryStageWindow   - Pop state: TalkScene
15:53:20.792 [JavaFX Application Thread] DEBUG Input                - Clearing active input actions
15:53:20.792 [JavaFX Application Thread] DEBUG GameApplicationServi - Removing overlay from TalkScene and adding to GameScene
15:53:20.793 [JavaFX Application Thread] DEBUG PrimaryStageWindow   - GameScene <- TalkScene
15:53:20.970 [JavaFX Application Thread] DEBUG PrimaryStageWindow   - Push state: TalkScene
15:53:20.971 [JavaFX Application Thread] DEBUG Input                - Clearing active input actions
15:53:20.971 [JavaFX Application Thread] DEBUG GameApplicationServi - Removing overlay from GameScene and adding to TalkScene
15:53:20.972 [JavaFX Application Thread] DEBUG PrimaryStageWindow   - GameScene -> TalkScene
15:53:21.154 [JavaFX Application Thread] DEBUG PrimaryStageWindow   - Pop state: TalkScene
15:53:21.154 [JavaFX Application Thread] DEBUG Input                - Clearing active input actions
15:53:21.155 [JavaFX Application Thread] DEBUG GameApplicationServi - Removing overlay from TalkScene and adding to GameScene
15:53:21.156 [JavaFX Application Thread] DEBUG PrimaryStageWindow   - GameScene <- TalkScene
15:53:21.310 [JavaFX Application Thread] DEBUG PrimaryStageWindow   - Push state: TalkScene
15:53:21.311 [JavaFX Application Thread] DEBUG Input                - Clearing active input actions
15:53:21.311 [JavaFX Application Thread] DEBUG GameApplicationServi - Removing overlay from GameScene and adding to TalkScene
15:53:21.311 [JavaFX Application Thread] DEBUG PrimaryStageWindow   - GameScene -> TalkScene
15:53:21.535 [JavaFX Application Thread] DEBUG PrimaryStageWindow   - Pop state: TalkScene
15:53:21.536 [JavaFX Application Thread] DEBUG Input                - Clearing active input actions
15:53:21.536 [JavaFX Application Thread] DEBUG GameApplicationServi - Removing overlay from TalkScene and adding to GameScene
15:53:21.536 [JavaFX Application Thread] DEBUG PrimaryStageWindow   - GameScene <- TalkScene
15:53:21.740 [JavaFX Application Thread] DEBUG PrimaryStageWindow   - Push state: TalkScene
15:53:21.741 [JavaFX Application Thread] DEBUG Input                - Clearing active input actions
15:53:21.741 [JavaFX Application Thread] DEBUG GameApplicationServi - Removing overlay from GameScene and adding to TalkScene
15:53:21.742 [JavaFX Application Thread] DEBUG PrimaryStageWindow   - GameScene -> TalkScene
15:53:22.089 [JavaFX Application Thread] DEBUG PrimaryStageWindow   - Pop state: TalkScene
15:53:22.089 [JavaFX Application Thread] DEBUG Input                - Clearing active input actions
15:53:22.091 [JavaFX Application Thread] DEBUG GameApplicationServi - Removing overlay from TalkScene and adding to GameScene
15:53:22.092 [JavaFX Application Thread] DEBUG PrimaryStageWindow   - GameScene <- TalkScene
15:53:22.252 [JavaFX Application Thread] DEBUG PrimaryStageWindow   - Push state: TalkScene
15:53:22.253 [JavaFX Application Thread] DEBUG Input                - Clearing active input actions
15:53:22.253 [JavaFX Application Thread] DEBUG GameApplicationServi - Removing overlay from GameScene and adding to TalkScene
15:53:22.253 [JavaFX Application Thread] DEBUG PrimaryStageWindow   - GameScene -> TalkScene
15:53:22.473 [JavaFX Application Thread] DEBUG PrimaryStageWindow   - Pop state: TalkScene
15:53:22.473 [JavaFX Application Thread] DEBUG Input                - Clearing active input actions
15:53:22.474 [JavaFX Application Thread] DEBUG GameApplicationServi - Removing overlay from TalkScene and adding to GameScene
15:53:22.474 [JavaFX Application Thread] DEBUG PrimaryStageWindow   - GameScene <- TalkScene
15:53:22.657 [JavaFX Application Thread] DEBUG PrimaryStageWindow   - Push state: TalkScene
15:53:22.657 [JavaFX Application Thread] DEBUG Input                - Clearing active input actions
15:53:22.658 [JavaFX Application Thread] DEBUG GameApplicationServi - Removing overlay from GameScene and adding to TalkScene
15:53:22.658 [JavaFX Application Thread] DEBUG PrimaryStageWindow   - GameScene -> TalkScene
15:53:22.879 [JavaFX Application Thread] DEBUG PrimaryStageWindow   - Pop state: TalkScene
15:53:22.879 [JavaFX Application Thread] DEBUG Input                - Clearing active input actions
15:53:22.880 [JavaFX Application Thread] DEBUG GameApplicationServi - Removing overlay from TalkScene and adding to GameScene
15:53:22.880 [JavaFX Application Thread] DEBUG PrimaryStageWindow   - GameScene <- TalkScene
15:53:23.084 [JavaFX Application Thread] DEBUG PrimaryStageWindow   - Push state: TalkScene
15:53:23.084 [JavaFX Application Thread] DEBUG Input                - Clearing active input actions
15:53:23.085 [JavaFX Application Thread] DEBUG GameApplicationServi - Removing overlay from GameScene and adding to TalkScene
15:53:23.085 [JavaFX Application Thread] DEBUG PrimaryStageWindow   - GameScene -> TalkScene
15:53:23.344 [JavaFX Application Thread] DEBUG PrimaryStageWindow   - Pop state: TalkScene
15:53:23.344 [JavaFX Application Thread] DEBUG Input                - Clearing active input actions
15:53:23.344 [JavaFX Application Thread] DEBUG GameApplicationServi - Removing overlay from TalkScene and adding to GameScene
15:53:23.344 [JavaFX Application Thread] DEBUG PrimaryStageWindow   - GameScene <- TalkScene
15:53:23.578 [JavaFX Application Thread] DEBUG PrimaryStageWindow   - Push state: TalkScene
15:53:23.578 [JavaFX Application Thread] DEBUG Input                - Clearing active input actions
15:53:23.578 [JavaFX Application Thread] DEBUG GameApplicationServi - Removing overlay from GameScene and adding to TalkScene
15:53:23.579 [JavaFX Application Thread] DEBUG PrimaryStageWindow   - GameScene -> TalkScene
15:53:23.815 [JavaFX Application Thread] DEBUG PrimaryStageWindow   - Pop state: TalkScene
15:53:23.815 [JavaFX Application Thread] DEBUG Input                - Clearing active input actions
15:53:23.816 [JavaFX Application Thread] DEBUG GameApplicationServi - Removing overlay from TalkScene and adding to GameScene
15:53:23.816 [JavaFX Application Thread] DEBUG PrimaryStageWindow   - GameScene <- TalkScene
15:53:24.173 [JavaFX Application Thread] DEBUG PrimaryStageWindow   - Push state: TalkScene
15:53:24.173 [JavaFX Application Thread] DEBUG Input                - Clearing active input actions
15:53:24.174 [JavaFX Application Thread] DEBUG GameApplicationServi - Removing overlay from GameScene and adding to TalkScene
15:53:24.174 [JavaFX Application Thread] DEBUG PrimaryStageWindow   - GameScene -> TalkScene
15:53:24.566 [JavaFX Application Thread] DEBUG PrimaryStageWindow   - Pop state: TalkScene
15:53:24.566 [JavaFX Application Thread] DEBUG Input                - Clearing active input actions
15:53:24.566 [JavaFX Application Thread] DEBUG GameApplicationServi - Removing overlay from TalkScene and adding to GameScene
15:53:24.567 [JavaFX Application Thread] DEBUG PrimaryStageWindow   - GameScene <- TalkScene
15:53:24.899 [JavaFX Application Thread] DEBUG PrimaryStageWindow   - Push state: TalkScene
15:53:24.899 [JavaFX Application Thread] DEBUG Input                - Clearing active input actions
15:53:24.900 [JavaFX Application Thread] DEBUG GameApplicationServi - Removing overlay from GameScene and adding to TalkScene
15:53:24.900 [JavaFX Application Thread] DEBUG PrimaryStageWindow   - GameScene -> TalkScene
15:53:25.169 [JavaFX Application Thread] DEBUG PrimaryStageWindow   - Pop state: TalkScene
15:53:25.169 [JavaFX Application Thread] DEBUG Input                - Clearing active input actions
15:53:25.169 [JavaFX Application Thread] DEBUG GameApplicationServi - Removing overlay from TalkScene and adding to GameScene
15:53:25.170 [JavaFX Application Thread] DEBUG PrimaryStageWindow   - GameScene <- TalkScene
15:53:27.628 [JavaFX Application Thread] DEBUG PrimaryStageWindow   - Push state: TalkScene
15:53:27.628 [JavaFX Application Thread] DEBUG Input                - Clearing active input actions
15:53:27.629 [JavaFX Application Thread] DEBUG GameApplicationServi - Removing overlay from GameScene and adding to TalkScene
15:53:27.629 [JavaFX Application Thread] DEBUG PrimaryStageWindow   - GameScene -> TalkScene
15:53:28.142 [JavaFX Application Thread] DEBUG PrimaryStageWindow   - Pop state: TalkScene
15:53:28.142 [JavaFX Application Thread] DEBUG Input                - Clearing active input actions
15:53:28.142 [JavaFX Application Thread] DEBUG GameApplicationServi - Removing overlay from TalkScene and adding to GameScene
15:53:28.143 [JavaFX Application Thread] DEBUG PrimaryStageWindow   - GameScene <- TalkScene
15:53:29.179 [JavaFX Application Thread] DEBUG PrimaryStageWindow   - Push state: TalkScene
15:53:29.179 [JavaFX Application Thread] DEBUG Input                - Clearing active input actions
15:53:29.179 [JavaFX Application Thread] DEBUG GameApplicationServi - Removing overlay from GameScene and adding to TalkScene
15:53:29.180 [JavaFX Application Thread] DEBUG PrimaryStageWindow   - GameScene -> TalkScene
15:53:31.553 [JavaFX Application Thread] DEBUG PrimaryStageWindow   - Pop state: TalkScene
15:53:31.553 [JavaFX Application Thread] DEBUG Input                - Clearing active input actions
15:53:31.554 [JavaFX Application Thread] DEBUG GameApplicationServi - Removing overlay from TalkScene and adding to GameScene
15:53:31.554 [JavaFX Application Thread] DEBUG PrimaryStageWindow   - GameScene <- TalkScene
15:53:32.781 [JavaFX Application Thread] DEBUG PrimaryStageWindow   - Push state: TalkScene
15:53:32.782 [JavaFX Application Thread] DEBUG Input                - Clearing active input actions
15:53:32.782 [JavaFX Application Thread] DEBUG GameApplicationServi - Removing overlay from GameScene and adding to TalkScene
15:53:32.782 [JavaFX Application Thread] DEBUG PrimaryStageWindow   - GameScene -> TalkScene
15:53:33.094 [JavaFX Application Thread] DEBUG PrimaryStageWindow   - Pop state: TalkScene
15:53:33.094 [JavaFX Application Thread] DEBUG Input                - Clearing active input actions
15:53:33.094 [JavaFX Application Thread] DEBUG GameApplicationServi - Removing overlay from TalkScene and adding to GameScene
15:53:33.095 [JavaFX Application Thread] DEBUG PrimaryStageWindow   - GameScene <- TalkScene
15:53:34.328 [JavaFX Application Thread] DEBUG PrimaryStageWindow   - Push state: TalkScene
15:53:34.328 [JavaFX Application Thread] DEBUG Input                - Clearing active input actions
15:53:34.328 [JavaFX Application Thread] DEBUG GameApplicationServi - Removing overlay from GameScene and adding to TalkScene
15:53:34.328 [JavaFX Application Thread] DEBUG PrimaryStageWindow   - GameScene -> TalkScene
15:53:34.673 [JavaFX Application Thread] DEBUG PrimaryStageWindow   - Pop state: TalkScene
15:53:34.673 [JavaFX Application Thread] DEBUG Input                - Clearing active input actions
15:53:34.673 [JavaFX Application Thread] DEBUG GameApplicationServi - Removing overlay from TalkScene and adding to GameScene
15:53:34.674 [JavaFX Application Thread] DEBUG PrimaryStageWindow   - GameScene <- TalkScene
15:53:36.650 [JavaFX Application Thread] DEBUG PrimaryStageWindow   - Push state: TalkScene
15:53:36.650 [JavaFX Application Thread] DEBUG Input                - Clearing active input actions
15:53:36.651 [JavaFX Application Thread] DEBUG GameApplicationServi - Removing overlay from GameScene and adding to TalkScene
15:53:36.651 [JavaFX Application Thread] DEBUG PrimaryStageWindow   - GameScene -> TalkScene
15:53:37.516 [JavaFX Application Thread] DEBUG PrimaryStageWindow   - Pop state: TalkScene
15:53:37.516 [JavaFX Application Thread] DEBUG Input                - Clearing active input actions
15:53:37.518 [JavaFX Application Thread] DEBUG GameApplicationServi - Removing overlay from TalkScene and adding to GameScene
15:53:37.518 [JavaFX Application Thread] DEBUG PrimaryStageWindow   - GameScene <- TalkScene
15:53:37.752 [JavaFX Application Thread] DEBUG PrimaryStageWindow   - Push state: TalkScene
15:53:37.752 [JavaFX Application Thread] DEBUG Input                - Clearing active input actions
15:53:37.752 [JavaFX Application Thread] DEBUG GameApplicationServi - Removing overlay from GameScene and adding to TalkScene
15:53:37.753 [JavaFX Application Thread] DEBUG PrimaryStageWindow   - GameScene -> TalkScene
15:53:38.068 [JavaFX Application Thread] DEBUG PrimaryStageWindow   - Pop state: TalkScene
15:53:38.069 [JavaFX Application Thread] DEBUG Input                - Clearing active input actions
15:53:38.069 [JavaFX Application Thread] DEBUG GameApplicationServi - Removing overlay from TalkScene and adding to GameScene
15:53:38.069 [JavaFX Application Thread] DEBUG PrimaryStageWindow   - GameScene <- TalkScene
15:53:38.256 [JavaFX Application Thread] DEBUG PrimaryStageWindow   - Push state: TalkScene
15:53:38.256 [JavaFX Application Thread] DEBUG Input                - Clearing active input actions
15:53:38.256 [JavaFX Application Thread] DEBUG GameApplicationServi - Removing overlay from GameScene and adding to TalkScene
15:53:38.256 [JavaFX Application Thread] DEBUG PrimaryStageWindow   - GameScene -> TalkScene
15:53:38.489 [JavaFX Application Thread] DEBUG PrimaryStageWindow   - Pop state: TalkScene
15:53:38.489 [JavaFX Application Thread] DEBUG Input                - Clearing active input actions
15:53:38.490 [JavaFX Application Thread] DEBUG GameApplicationServi - Removing overlay from TalkScene and adding to GameScene
15:53:38.490 [JavaFX Application Thread] DEBUG PrimaryStageWindow   - GameScene <- TalkScene
15:53:38.691 [JavaFX Application Thread] DEBUG PrimaryStageWindow   - Push state: TalkScene
15:53:38.691 [JavaFX Application Thread] DEBUG Input                - Clearing active input actions
15:53:38.692 [JavaFX Application Thread] DEBUG GameApplicationServi - Removing overlay from GameScene and adding to TalkScene
15:53:38.692 [JavaFX Application Thread] DEBUG PrimaryStageWindow   - GameScene -> TalkScene
15:54:10.069 [JavaFX Application Thread] DEBUG PrimaryStageWindow   - Pop state: TalkScene
15:54:10.069 [JavaFX Application Thread] DEBUG Input                - Clearing active input actions
15:54:10.070 [JavaFX Application Thread] DEBUG GameApplicationServi - Removing overlay from TalkScene and adding to GameScene
15:54:10.071 [JavaFX Application Thread] DEBUG PrimaryStageWindow   - GameScene <- TalkScene
15:54:11.443 [JavaFX Application Thread] DEBUG FXGLApplication      - Exiting FXGL
15:54:11.444 [JavaFX Application Thread] DEBUG LoopRunner           - Stopping loop
15:54:11.444 [JavaFX Application Thread] DEBUG SystemBundleService  - Saving FXGL system data
15:54:11.474 [JavaFX Application Thread] DEBUG FileSystemAccess     - Writing to: C:\project\wonderfulStory\system\fxgl.bundle
15:54:11.476 [JavaFX Application Thread] DEBUG Async                - Shutting down background threads
15:54:11.477 [JavaFX Application Thread] DEBUG PrimaryStageWindow   - Closing main window
15:54:11.498 [JavaFX Application Thread] DEBUG Logger               - Closing Logger
