16:20:29.735 [main                     ] DEBUG Logger               - Configured Logger
16:20:29.742 [main                     ] DEBUG GameApplication      - Logging settings
Title: demo
Version: 0.0
Width: 1080
Height: 720
Fullscreen: false
Intro: false
Profiling: false
Single step:false
App Mode: DEVELOPER
Menu Key: ESCAPE
Stage Style: DECORATED
Scene Factory: class com.almasb.fxgl.app.scene.SceneFactory

16:20:30.469 [JavaFX Application Thread] DEBUG FXGLApplication      - Initializing FXGL
16:20:30.475 [JavaFX Application Thread] INFO  Engine               - FXGL-11.17 (16.07.2021 15.46) on WINDOWS (J:16.0.1 FX:16)
16:20:30.476 [JavaFX Application Thread] DEBUG Engine               - JRE Vendor Name: Oracle Corporation
16:20:30.476 [JavaFX Application Thread] DEBUG Engine               - Running on OS: Windows 10 version 10.0
16:20:30.477 [JavaFX Application Thread] DEBUG Engine               - Architecture: amd64
16:20:30.477 [JavaFX Application Thread] INFO  Engine               - Source code and latest versions at: https://github.com/AlmasB/FXGL
16:20:30.477 [JavaFX Application Thread] INFO  Engine               -              Join the FXGL chat at: https://gitter.im/AlmasB/FXGL
16:20:30.846 [JavaFX Application Thread] DEBUG PrimaryStageWindow   - Creating a JavaFX scene
16:20:30.982 [JavaFX Application Thread] DEBUG PrimaryStageWindow   - Target settings size: 1080.0 x 720.0
16:20:30.982 [JavaFX Application Thread] DEBUG PrimaryStageWindow   - Scaled scene size:    1080.0 x 720.0
16:20:30.984 [JavaFX Application Thread] DEBUG PrimaryStageWindow   - Scaled ratio: (1.0, 1.0)
16:20:30.987 [JavaFX Application Thread] DEBUG PrimaryStageWindow   - Set initial scene to FXGLStartupScene
16:20:31.005 [JavaFX Application Thread] DEBUG PrimaryStageWindow   - Opening main window
16:20:31.404 [JavaFX Application Thread] DEBUG PrimaryStageWindow   - Window border size: (14.4000244140625, 37.5999755859375)
16:20:31.404 [JavaFX Application Thread] DEBUG PrimaryStageWindow   - Scaled size: 1080.0 x 720.0
16:20:31.405 [JavaFX Application Thread] DEBUG PrimaryStageWindow   - Scaled ratio: (1.0, 1.0)
16:20:31.405 [JavaFX Application Thread] DEBUG PrimaryStageWindow   - Scene size: 1080.0 x 720.0
16:20:31.405 [JavaFX Application Thread] DEBUG PrimaryStageWindow   - Stage size: 1094.4000244140625 x 757.5999755859375
16:20:31.430 [FXGL Background Thread 1 ] DEBUG Engine               - Initializing environment variables
16:20:31.588 [FXGL Background Thread 1 ] DEBUG FXGLAssetLoaderServi - User app class for loading assets: class com.dam.wonder.GameApp
16:20:31.588 [FXGL Background Thread 1 ] DEBUG GameApplicationServi - Applying CSS: fxgl_dark.css
16:20:31.591 [FXGL Background Thread 1 ] DEBUG FXGLAssetLoaderServi - Loading from file system: jar:file:/C:/Users/24771/.m2/repository/com/github/almasb/fxgl/11.17/fxgl-11.17.jar!/fxglassets/ui/css/fxgl_dark.css
16:20:31.697 [FXGL Background Thread 1 ] DEBUG GameApplicationServi - Initializing application scenes
16:20:31.849 [FXGL Background Thread 1 ] DEBUG GameWorld            - Game world initialized
16:20:31.964 [FXGL Background Thread 1 ] DEBUG PhysicsWorld         - Physics world initialized: appHeight=720, physics.ppm=50.0
16:20:31.966 [FXGL Background Thread 1 ] DEBUG PhysicsWorld         - Using strategy: BRUTE_FORCE
16:20:31.971 [FXGL Background Thread 1 ] DEBUG GameScene            - Game scene initialized: 1080x720
16:20:32.001 [FXGL Background Thread 1 ] DEBUG FXGL.DefaultMenu     - createMenuBodyGameMenu()
16:20:32.032 [FXGL Background Thread 1 ] DEBUG FXGL.DefaultMenu     - createOptionsMenu()
16:20:32.054 [FXGL Background Thread 1 ] DEBUG FXGLAssetLoaderServi - Loading from file system: jar:file:/C:/Users/24771/.m2/repository/com/github/almasb/fxgl/11.17/fxgl-11.17.jar!/fxglassets/textures/particles/smoke.png
16:20:32.231 [FXGL Background Thread 1 ] DEBUG FXGLAssetLoaderServi - Loading from file system: jar:file:/C:/Users/24771/.m2/repository/com/github/almasb/fxgl/11.17/fxgl-11.17.jar!/fxglassets/textures/particles/trace_horizontal.png
16:20:32.282 [FXGL Background Thread 1 ] DEBUG GameApplicationServi - Application scenes initialized
16:20:32.300 [FXGL Background Thread 1 ] DEBUG SystemBundleService  - Loading FXGL system data
16:20:32.308 [FXGL Background Thread 1 ] DEBUG FileSystemAccess     - Reading from: C:\project\wonderfulStory\system\fxgl.bundle
16:20:32.317 [FXGL Background Thread 1 ] DEBUG SystemBundleService  - Bundle FXGL: {}
16:20:32.317 [FXGL Background Thread 1 ] DEBUG UpdaterService       - Checking for updates
16:20:32.371 [FXGL Background Thread 4 ] DEBUG FXGLApplication      - Loading fonts
16:20:32.371 [FXGL Background Thread 1 ] DEBUG FXGLApplication      - Loading default localization
16:20:32.373 [FXGL Background Thread 1 ] DEBUG FXGLAssetLoaderServi - Loading from file system: jar:file:/C:/Users/24771/.m2/repository/com/github/almasb/fxgl/11.17/fxgl-11.17.jar!/fxglassets/languages/english.lang
16:20:32.403 [FXGL Background Thread 1 ] INFO  FXGLApplication      - FXGL initialization took: 0.972 sec
16:20:32.426 [JavaFX Application Thread] DEBUG Input                - Registered new binding: up - W
16:20:32.427 [JavaFX Application Thread] DEBUG Input                - Registered new binding: down - S
16:20:32.429 [JavaFX Application Thread] DEBUG Input                - Registered new binding: left - A
16:20:32.429 [JavaFX Application Thread] DEBUG Input                - Registered new binding: right - D
16:20:32.433 [JavaFX Application Thread] DEBUG Input                - Registered new binding: show talk - LMB
16:20:32.434 [JavaFX Application Thread] DEBUG FXGLAssetLoaderServi - Loading from file system: jar:file:/C:/Users/24771/.m2/repository/com/github/almasb/fxgl/11.17/fxgl-11.17.jar!/fxglassets/textures/fxgl_icon.png
16:20:32.479 [JavaFX Application Thread] DEBUG FXGLAssetLoaderServi - Loading from file system: jar:file:/C:/Users/24771/.m2/repository/com/github/almasb/fxgl/11.17/fxgl-11.17.jar!/fxglassets/textures/fxgl_default_cursor.png
16:20:32.484 [JavaFX Application Thread] DEBUG Input                - Registered new binding: Screenshot - CTRL+8
16:20:32.485 [JavaFX Application Thread] DEBUG Input                - Registered new binding: Dev Options - 1
16:20:32.487 [JavaFX Application Thread] DEBUG Input                - Registered new binding: Dev Console - 2
16:20:32.489 [JavaFX Application Thread] DEBUG Input                - Registered new binding: System info dump - CTRL+9
16:20:32.490 [JavaFX Application Thread] DEBUG Input                - Registered new binding: Restart - CTRL+R
16:20:32.492 [JavaFX Application Thread] DEBUG Input                - Registered new binding: Toggle Debug Camera - CTRL+C
16:20:32.500 [JavaFX Application Thread] DEBUG LoopRunner           - Starting loop
16:20:32.542 [JavaFX Application Thread] DEBUG LoopRunner           - Initializing JavaFX AnimationTimerLoop
16:20:32.547 [JavaFX Application Thread] DEBUG GameApplicationServi - Starting new game
16:20:32.549 [JavaFX Application Thread] DEBUG Input                - Clearing active input actions
16:20:32.576 [JavaFX Application Thread] DEBUG GameApplicationServi - Removing overlay from FXGLStartupScene and adding to FXGLLoadingScene
16:20:32.587 [JavaFX Application Thread] DEBUG PrimaryStageWindow   - FXGLStartupScene -> FXGLLoadingScene
16:20:32.587 [JavaFX Application Thread] DEBUG GameApplicationServi - Clearing previous game
16:20:32.588 [JavaFX Application Thread] DEBUG GameScene            - Clearing game scene
16:20:32.589 [JavaFX Application Thread] DEBUG GameWorld            - Clearing game world
16:20:32.590 [JavaFX Application Thread] DEBUG PhysicsWorld         - Clearing physics world
16:20:32.593 [FXGL Background Thread 1 ] DEBUG FXGLApplication      - Initializing game
16:20:32.680 [FXGL Background Thread 1 ] WARN  TMXLevelLoader       - TiledMap generated from 1.7.1. Supported version: 1.2.3. Some features may not be parsed fully.
16:20:32.709 [FXGL Background Thread 1 ] DEBUG TMXLevelLoader       - Parsed TiledMap: file:/C:/project/wonderfulStory/wonder/target/classes/assets/levels/tmx/new_home.tmx
16:20:32.711 [FXGL Background Thread 1 ] DEBUG TMXLevelLoader       - Creating tile layer entities
16:20:32.713 [FXGL Background Thread 1 ] DEBUG TilesetLoader        - Loading view for layer nowone
16:20:32.754 [FXGL Background Thread 1 ] DEBUG TilesetLoader        - Created buffer with size 3200.0x3200.0
16:20:32.902 [FXGL Background Thread 1 ] DEBUG TMXLevelLoader       - Creating object layer entities
16:20:32.905 [FXGL Background Thread 1 ] DEBUG GameWorld            - Clearing removable entities
16:20:32.907 [FXGL Background Thread 1 ] DEBUG GameWorld            - Setting level: com.almasb.fxgl.entity.level.Level@26de0e0e
16:20:32.924 [FXGL Background Thread 1 ] DEBUG FXGLAssetLoaderServi - Loading from file system: file:/C:/project/wonderfulStory/wonder/target/classes/assets/textures/player.png
16:20:32.948 [FXGL Background Thread 4 ] DEBUG FXGLAssetLoaderServi - Loading from file system: jar:file:/C:/Users/24771/.m2/repository/com/github/almasb/fxgl/11.17/fxgl-11.17.jar!/fxglassets/ui/fonts/Abel-Regular.ttf
16:20:32.968 [FXGL Background Thread 4 ] DEBUG FXGLAssetLoaderServi - Loading from file system: jar:file:/C:/Users/24771/.m2/repository/com/github/almasb/fxgl/11.17/fxgl-11.17.jar!/fxglassets/ui/fonts/lucida_console.ttf
16:20:32.982 [FXGL Background Thread 1 ] INFO  FXGLApplication      - Game initialization took: 0.389 sec
16:20:33.009 [FXGL Background Thread 4 ] DEBUG FXGLAssetLoaderServi - Loading from file system: jar:file:/C:/Users/24771/.m2/repository/com/github/almasb/fxgl/11.17/fxgl-11.17.jar!/fxglassets/ui/fonts/Courier-Prime.ttf
16:20:33.077 [FXGL Background Thread 2 ] WARN  UpdaterService       - Failed to find updates: java.net.UnknownHostException: raw.githubusercontent.com
16:20:33.167 [JavaFX Application Thread] DEBUG Input                - Clearing active input actions
16:20:33.190 [JavaFX Application Thread] DEBUG GameApplicationServi - Removing overlay from FXGLLoadingScene and adding to GameScene
16:20:33.201 [JavaFX Application Thread] DEBUG PrimaryStageWindow   - FXGLLoadingScene -> GameScene
16:20:33.203 [JavaFX Application Thread] DEBUG FXGLApplication      - Registering font factories with UI factory
16:20:34.565 [JavaFX Application Thread] DEBUG FXGLAssetLoaderServi - Loading from file system: file:/C:/project/wonderfulStory/wonder/target/classes/assets/ui/fonts/chinese.ttf
16:20:34.584 [JavaFX Application Thread] DEBUG Input                - Registered new binding: remove - LMB
16:20:34.585 [JavaFX Application Thread] DEBUG PrimaryStageWindow   - Push state: TalkScene
16:20:34.585 [JavaFX Application Thread] DEBUG Input                - Clearing active input actions
16:20:34.585 [JavaFX Application Thread] DEBUG GameApplicationServi - Removing overlay from GameScene and adding to TalkScene
16:20:34.587 [JavaFX Application Thread] DEBUG PrimaryStageWindow   - GameScene -> TalkScene
16:20:35.241 [JavaFX Application Thread] DEBUG PrimaryStageWindow   - Pop state: TalkScene
16:20:35.241 [JavaFX Application Thread] DEBUG Input                - Clearing active input actions
16:20:35.242 [JavaFX Application Thread] DEBUG GameApplicationServi - Removing overlay from TalkScene and adding to GameScene
16:20:35.243 [JavaFX Application Thread] DEBUG PrimaryStageWindow   - GameScene <- TalkScene
16:20:35.368 [FXGL Background Thread 3 ] DEBUG Engine               - Logging environment variables
16:20:35.368 [FXGL Background Thread 3 ] DEBUG Engine               - achievements: []
16:20:35.368 [FXGL Background Thread 3 ] DEBUG Engine               - actualHeight: 720.0
16:20:35.369 [FXGL Background Thread 3 ] DEBUG Engine               - actualHeightProperty: ReadOnlyDoubleProperty [value: 720.0]
16:20:35.369 [FXGL Background Thread 3 ] DEBUG Engine               - actualWidth: 1080.0
16:20:35.369 [FXGL Background Thread 3 ] DEBUG Engine               - actualWidthProperty: ReadOnlyDoubleProperty [value: 1080.0]
16:20:35.369 [FXGL Background Thread 3 ] DEBUG Engine               - appIcon: fxgl_icon.png
16:20:35.369 [FXGL Background Thread 3 ] DEBUG Engine               - applicationMode: DEVELOPER
16:20:35.369 [FXGL Background Thread 3 ] DEBUG Engine               - cSSList: [fxgl_dark.css]
16:20:35.369 [FXGL Background Thread 3 ] DEBUG Engine               - collisionDetectionStrategy: BRUTE_FORCE
16:20:35.370 [FXGL Background Thread 3 ] DEBUG Engine               - configClass: Optional.empty
16:20:35.370 [FXGL Background Thread 3 ] DEBUG Engine               - credits: []
16:20:35.370 [FXGL Background Thread 3 ] DEBUG Engine               - defaultCursor: CursorInfo(imageName=fxgl_default_cursor.png, hotspotX=7.0, hotspotY=6.0)
16:20:35.370 [FXGL Background Thread 3 ] DEBUG Engine               - devBBoxColorProperty: ObjectProperty [value: 0xff0000ff]
16:20:35.370 [FXGL Background Thread 3 ] DEBUG Engine               - devEnableDebugCameraProperty: BooleanProperty [value: false]
16:20:35.371 [FXGL Background Thread 3 ] DEBUG Engine               - devSensorColorProperty: ObjectProperty [value: 0xffff00ff]
16:20:35.372 [FXGL Background Thread 3 ] DEBUG Engine               - devShowBBoxProperty: BooleanProperty [value: false]
16:20:35.372 [FXGL Background Thread 3 ] DEBUG Engine               - devShowPositionProperty: BooleanProperty [value: false]
16:20:35.373 [FXGL Background Thread 3 ] DEBUG Engine               - enabledMenuItems: []
16:20:35.373 [FXGL Background Thread 3 ] DEBUG Engine               - engineServices: [class com.almasb.fxgl.app.services.FXGLAssetLoaderService, class com.almasb.fxgl.app.FXGLApplication$GameApplicationService, class com.almasb.fxgl.app.services.FXGLDialogService, class com.almasb.fxgl.app.services.IOTaskExecutorService, class com.almasb.fxgl.io.FileSystemService, class com.almasb.fxgl.localization.LocalizationService, class com.almasb.fxgl.app.services.SystemBundleService, class com.almasb.fxgl.profile.SaveLoadService, class com.almasb.fxgl.ui.FXGLUIFactoryServiceProvider, class com.almasb.fxgl.ui.FXGLDialogFactoryServiceProvider, class com.almasb.fxgl.audio.AudioPlayer, class com.almasb.fxgl.notification.impl.NotificationServiceProvider, class com.almasb.fxgl.achievement.AchievementService, class com.almasb.fxgl.cutscene.CutsceneService, class com.almasb.fxgl.minigames.MiniGameService, class com.almasb.fxgl.net.NetService, class com.almasb.fxgl.app.services.UpdaterService, class com.almasb.fxgl.dev.DevService]
16:20:35.373 [FXGL Background Thread 3 ] DEBUG Engine               - fontGame: Abel-Regular.ttf
16:20:35.373 [FXGL Background Thread 3 ] DEBUG Engine               - fontMono: lucida_console.ttf
16:20:35.373 [FXGL Background Thread 3 ] DEBUG Engine               - fontText: Courier-Prime.ttf
16:20:35.373 [FXGL Background Thread 3 ] DEBUG Engine               - fontUI: VarelaRound-Regular.ttf
16:20:35.373 [FXGL Background Thread 3 ] DEBUG Engine               - fullScreen: BooleanProperty [value: false]
16:20:35.373 [FXGL Background Thread 3 ] DEBUG Engine               - gameDifficulty: MEDIUM
16:20:35.373 [FXGL Background Thread 3 ] DEBUG Engine               - gameDifficultyProperty: ObjectProperty [value: MEDIUM]
16:20:35.374 [FXGL Background Thread 3 ] DEBUG Engine               - globalMusicVolume: 0.5
16:20:35.374 [FXGL Background Thread 3 ] DEBUG Engine               - globalMusicVolumeProperty: DoubleProperty [value: 0.5]
16:20:35.374 [FXGL Background Thread 3 ] DEBUG Engine               - globalSoundVolume: 0.5
16:20:35.374 [FXGL Background Thread 3 ] DEBUG Engine               - globalSoundVolumeProperty: DoubleProperty [value: 0.5]
16:20:35.374 [FXGL Background Thread 3 ] DEBUG Engine               - height: 720
16:20:35.375 [FXGL Background Thread 3 ] DEBUG Engine               - is3D: false
16:20:35.375 [FXGL Background Thread 3 ] DEBUG Engine               - isAndroid: false
16:20:35.375 [FXGL Background Thread 3 ] DEBUG Engine               - isBrowser: false
16:20:35.375 [FXGL Background Thread 3 ] DEBUG Engine               - isClickFeedbackEnabled: false
16:20:35.375 [FXGL Background Thread 3 ] DEBUG Engine               - isCloseConfirmation: false
16:20:35.375 [FXGL Background Thread 3 ] DEBUG Engine               - isDesktop: true
16:20:35.376 [FXGL Background Thread 3 ] DEBUG Engine               - isDeveloperMenuEnabled: true
16:20:35.376 [FXGL Background Thread 3 ] DEBUG Engine               - isEntityPreloadEnabled: true
16:20:35.376 [FXGL Background Thread 3 ] DEBUG Engine               - isExperimentalTiledLargeMap: false
16:20:35.376 [FXGL Background Thread 3 ] DEBUG Engine               - isFileSystemWriteAllowed: true
16:20:35.376 [FXGL Background Thread 3 ] DEBUG Engine               - isFullScreenAllowed: false
16:20:35.376 [FXGL Background Thread 3 ] DEBUG Engine               - isFullScreenFromStart: false
16:20:35.376 [FXGL Background Thread 3 ] DEBUG Engine               - isGameMenuEnabled: true
16:20:35.376 [FXGL Background Thread 3 ] DEBUG Engine               - isIOS: false
16:20:35.377 [FXGL Background Thread 3 ] DEBUG Engine               - isIntroEnabled: false
16:20:35.377 [FXGL Background Thread 3 ] DEBUG Engine               - isLinux: false
16:20:35.377 [FXGL Background Thread 3 ] DEBUG Engine               - isMac: false
16:20:35.377 [FXGL Background Thread 3 ] DEBUG Engine               - isMainMenuEnabled: false
16:20:35.377 [FXGL Background Thread 3 ] DEBUG Engine               - isManualResizeEnabled: false
16:20:35.378 [FXGL Background Thread 3 ] DEBUG Engine               - isMobile: false
16:20:35.378 [FXGL Background Thread 3 ] DEBUG Engine               - isNative: false
16:20:35.378 [FXGL Background Thread 3 ] DEBUG Engine               - isPauseMusicWhenMinimized: true
16:20:35.378 [FXGL Background Thread 3 ] DEBUG Engine               - isPreserveResizeRatio: false
16:20:35.378 [FXGL Background Thread 3 ] DEBUG Engine               - isProfilingEnabled: false
16:20:35.378 [FXGL Background Thread 3 ] DEBUG Engine               - isScaleAffectedOnResize: true
16:20:35.378 [FXGL Background Thread 3 ] DEBUG Engine               - isSingleStep: false
16:20:35.379 [FXGL Background Thread 3 ] DEBUG Engine               - isUserProfileEnabled: false
16:20:35.379 [FXGL Background Thread 3 ] DEBUG Engine               - isWindows: true
16:20:35.379 [FXGL Background Thread 3 ] DEBUG Engine               - language: ObjectProperty [value: ENGLISH]
16:20:35.379 [FXGL Background Thread 3 ] DEBUG Engine               - menuKey: ESCAPE
16:20:35.380 [FXGL Background Thread 3 ] DEBUG Engine               - mouseSensitivity: 0.2
16:20:35.380 [FXGL Background Thread 3 ] DEBUG Engine               - notificationViewClass: class com.almasb.fxgl.notification.view.XboxNotificationView
16:20:35.380 [FXGL Background Thread 3 ] DEBUG Engine               - pixelsPerMeter: 50.0
16:20:35.380 [FXGL Background Thread 3 ] DEBUG Engine               - platform: WINDOWS
16:20:35.380 [FXGL Background Thread 3 ] DEBUG Engine               - prefHeightProperty: ReadOnlyDoubleProperty [value: 720.0]
16:20:35.380 [FXGL Background Thread 3 ] DEBUG Engine               - prefWidthProperty: ReadOnlyDoubleProperty [value: 1080.0]
16:20:35.381 [FXGL Background Thread 3 ] DEBUG Engine               - profileDir: profiles/
16:20:35.381 [FXGL Background Thread 3 ] DEBUG Engine               - profileName: StringProperty [value: DEFAULT]
16:20:35.381 [FXGL Background Thread 3 ] DEBUG Engine               - randomSeed: -1
16:20:35.381 [FXGL Background Thread 3 ] DEBUG Engine               - runtimeInfo: RuntimeInfo(platform=WINDOWS, version=11.17, build=16.07.2021 15.46)
16:20:35.381 [FXGL Background Thread 3 ] DEBUG Engine               - saveFileExt: sav
16:20:35.381 [FXGL Background Thread 3 ] DEBUG Engine               - scaledHeightProp$fxgl: DoubleProperty [bound, value: 720.0]
16:20:35.381 [FXGL Background Thread 3 ] DEBUG Engine               - scaledWidthProp$fxgl: DoubleProperty [bound, value: 1080.0]
16:20:35.381 [FXGL Background Thread 3 ] DEBUG Engine               - sceneFactory: com.almasb.fxgl.app.scene.SceneFactory@53d8cd72
16:20:35.382 [FXGL Background Thread 3 ] DEBUG Engine               - secondsIn24h: 60
16:20:35.383 [FXGL Background Thread 3 ] DEBUG Engine               - soundMenuBack: menu/back.wav
16:20:35.383 [FXGL Background Thread 3 ] DEBUG Engine               - soundMenuPress: menu/press.wav
16:20:35.383 [FXGL Background Thread 3 ] DEBUG Engine               - soundMenuSelect: menu/select.wav
16:20:35.383 [FXGL Background Thread 3 ] DEBUG Engine               - soundNotification: core/notification.wav
16:20:35.383 [FXGL Background Thread 3 ] DEBUG Engine               - stageStyle: DECORATED
16:20:35.383 [FXGL Background Thread 3 ] DEBUG Engine               - supportedLanguages: [ENGLISH, FRENCH, GERMAN, HUNGARIAN, RUSSIAN]
16:20:35.383 [FXGL Background Thread 3 ] DEBUG Engine               - ticksPerSecond: -1
16:20:35.383 [FXGL Background Thread 3 ] DEBUG Engine               - title: demo
16:20:35.384 [FXGL Background Thread 3 ] DEBUG Engine               - urlGithub: https://github.com/AlmasB/FXGL
16:20:35.384 [FXGL Background Thread 3 ] DEBUG Engine               - urlLeaderboard: http://fxgl-top.herokuapp.com/
16:20:35.384 [FXGL Background Thread 3 ] DEBUG Engine               - urlPOM: https://raw.githubusercontent.com/AlmasB/FXGL/release/README.md
16:20:35.384 [FXGL Background Thread 3 ] DEBUG Engine               - userAppClass: class com.dam.wonder.GameApp
16:20:35.384 [FXGL Background Thread 3 ] DEBUG Engine               - version: 0.0
16:20:35.384 [FXGL Background Thread 3 ] DEBUG Engine               - versionCheckDays: 7
16:20:35.384 [FXGL Background Thread 3 ] DEBUG Engine               - width: 1080
16:20:35.385 [FXGL Background Thread 3 ] DEBUG Engine               - Logging services
16:20:35.385 [FXGL Background Thread 3 ] DEBUG Engine               - class com.almasb.fxgl.app.services.FXGLAssetLoaderService
16:20:35.385 [FXGL Background Thread 3 ] DEBUG Engine               - class com.almasb.fxgl.app.FXGLApplication$GameApplicationService
16:20:35.385 [FXGL Background Thread 3 ] DEBUG Engine               - class com.almasb.fxgl.app.services.FXGLDialogService
16:20:35.385 [FXGL Background Thread 3 ] DEBUG Engine               - class com.almasb.fxgl.app.services.IOTaskExecutorService
16:20:35.385 [FXGL Background Thread 3 ] DEBUG Engine               - class com.almasb.fxgl.io.FileSystemService
16:20:35.385 [FXGL Background Thread 3 ] DEBUG Engine               - class com.almasb.fxgl.localization.LocalizationService
16:20:35.385 [FXGL Background Thread 3 ] DEBUG Engine               - class com.almasb.fxgl.app.services.SystemBundleService
16:20:35.386 [FXGL Background Thread 3 ] DEBUG Engine               - class com.almasb.fxgl.profile.SaveLoadService
16:20:35.386 [FXGL Background Thread 3 ] DEBUG Engine               - class com.almasb.fxgl.ui.FXGLUIFactoryServiceProvider
16:20:35.386 [FXGL Background Thread 3 ] DEBUG Engine               - class com.almasb.fxgl.ui.FXGLDialogFactoryServiceProvider
16:20:35.386 [FXGL Background Thread 3 ] DEBUG Engine               - class com.almasb.fxgl.audio.AudioPlayer
16:20:35.386 [FXGL Background Thread 3 ] DEBUG Engine               - class com.almasb.fxgl.notification.impl.NotificationServiceProvider
16:20:35.386 [FXGL Background Thread 3 ] DEBUG Engine               - class com.almasb.fxgl.achievement.AchievementService
16:20:35.386 [FXGL Background Thread 3 ] DEBUG Engine               - class com.almasb.fxgl.cutscene.CutsceneService
16:20:35.386 [FXGL Background Thread 3 ] DEBUG Engine               - class com.almasb.fxgl.minigames.MiniGameService
16:20:35.387 [FXGL Background Thread 3 ] DEBUG Engine               - class com.almasb.fxgl.net.NetService
16:20:35.387 [FXGL Background Thread 3 ] DEBUG Engine               - class com.almasb.fxgl.app.services.UpdaterService
16:20:35.387 [FXGL Background Thread 3 ] DEBUG Engine               - class com.almasb.fxgl.dev.DevService
16:20:39.199 [JavaFX Application Thread] DEBUG FXGLApplication      - Exiting FXGL
16:20:39.199 [JavaFX Application Thread] DEBUG LoopRunner           - Stopping loop
16:20:39.199 [JavaFX Application Thread] DEBUG SystemBundleService  - Saving FXGL system data
16:20:39.203 [JavaFX Application Thread] DEBUG FileSystemAccess     - Writing to: C:\project\wonderfulStory\system\fxgl.bundle
16:20:39.204 [JavaFX Application Thread] DEBUG Async                - Shutting down background threads
16:20:39.205 [JavaFX Application Thread] DEBUG PrimaryStageWindow   - Closing main window
16:20:39.234 [JavaFX Application Thread] DEBUG Logger               - Closing Logger
