17:12:33.135 [main                     ] DEBUG Logger               - Configured Logger
17:12:33.146 [main                     ] DEBUG GameApplication      - Logging settings
Title: demo
Version: 0.0
Width: 1080
Height: 720
Fullscreen: false
Intro: false
Profiling: false
Single step:false
App Mode: DEVELOPER
Menu Key: ESCAPE
Stage Style: DECORATED
Scene Factory: class com.almasb.fxgl.app.scene.SceneFactory

17:12:33.927 [JavaFX Application Thread] DEBUG FXGLApplication      - Initializing FXGL
17:12:33.933 [JavaFX Application Thread] INFO  Engine               - FXGL-11.17 (16.07.2021 15.46) on WINDOWS (J:16.0.2 FX:16)
17:12:33.934 [JavaFX Application Thread] DEBUG Engine               - JRE Vendor Name: Oracle Corporation
17:12:33.934 [JavaFX Application Thread] DEBUG Engine               - Running on OS: Windows 10 version 10.0
17:12:33.935 [JavaFX Application Thread] DEBUG Engine               - Architecture: amd64
17:12:33.935 [JavaFX Application Thread] INFO  Engine               - Source code and latest versions at: https://github.com/AlmasB/FXGL
17:12:33.935 [JavaFX Application Thread] INFO  Engine               -              Join the FXGL chat at: https://gitter.im/AlmasB/FXGL
17:12:34.256 [JavaFX Application Thread] DEBUG PrimaryStageWindow   - Creating a JavaFX scene
17:12:34.365 [JavaFX Application Thread] DEBUG PrimaryStageWindow   - Target settings size: 1080.0 x 720.0
17:12:34.366 [JavaFX Application Thread] DEBUG PrimaryStageWindow   - Scaled scene size:    1080.0 x 720.0
17:12:34.366 [JavaFX Application Thread] DEBUG PrimaryStageWindow   - Scaled ratio: (1.0, 1.0)
17:12:34.369 [JavaFX Application Thread] DEBUG PrimaryStageWindow   - Set initial scene to FXGLStartupScene
17:12:34.390 [JavaFX Application Thread] DEBUG PrimaryStageWindow   - Opening main window
17:12:34.707 [JavaFX Application Thread] DEBUG PrimaryStageWindow   - Window border size: (14.4000244140625, 37.5999755859375)
17:12:34.708 [JavaFX Application Thread] DEBUG PrimaryStageWindow   - Scaled size: 1080.0 x 720.0
17:12:34.708 [JavaFX Application Thread] DEBUG PrimaryStageWindow   - Scaled ratio: (1.0, 1.0)
17:12:34.709 [JavaFX Application Thread] DEBUG PrimaryStageWindow   - Scene size: 1080.0 x 720.0
17:12:34.709 [JavaFX Application Thread] DEBUG PrimaryStageWindow   - Stage size: 1094.4000244140625 x 757.5999755859375
17:12:34.728 [FXGL Background Thread 1 ] DEBUG Engine               - Initializing environment variables
17:12:34.857 [FXGL Background Thread 1 ] DEBUG FXGLAssetLoaderServi - User app class for loading assets: class com.dam.wonder.GameApp
17:12:34.857 [FXGL Background Thread 1 ] DEBUG GameApplicationServi - Applying CSS: fxgl_dark.css
17:12:34.859 [FXGL Background Thread 1 ] DEBUG FXGLAssetLoaderServi - Loading from file system: jar:file:/C:/Users/24771/.m2/repository/com/github/almasb/fxgl/11.17/fxgl-11.17.jar!/fxglassets/ui/css/fxgl_dark.css
17:12:34.961 [FXGL Background Thread 1 ] DEBUG GameApplicationServi - Initializing application scenes
17:12:35.108 [FXGL Background Thread 1 ] DEBUG GameWorld            - Game world initialized
17:12:35.199 [FXGL Background Thread 1 ] DEBUG PhysicsWorld         - Physics world initialized: appHeight=720, physics.ppm=50.0
17:12:35.199 [FXGL Background Thread 1 ] DEBUG PhysicsWorld         - Using strategy: BRUTE_FORCE
17:12:35.205 [FXGL Background Thread 1 ] DEBUG GameScene            - Game scene initialized: 1080x720
17:12:35.228 [FXGL Background Thread 1 ] DEBUG FXGL.DefaultMenu     - createMenuBodyGameMenu()
17:12:35.258 [FXGL Background Thread 1 ] DEBUG FXGL.DefaultMenu     - createOptionsMenu()
17:12:35.274 [FXGL Background Thread 1 ] DEBUG FXGLAssetLoaderServi - Loading from file system: jar:file:/C:/Users/24771/.m2/repository/com/github/almasb/fxgl/11.17/fxgl-11.17.jar!/fxglassets/textures/particles/smoke.png
17:12:35.466 [FXGL Background Thread 1 ] DEBUG FXGLAssetLoaderServi - Loading from file system: jar:file:/C:/Users/24771/.m2/repository/com/github/almasb/fxgl/11.17/fxgl-11.17.jar!/fxglassets/textures/particles/trace_horizontal.png
17:12:35.579 [FXGL Background Thread 1 ] DEBUG GameApplicationServi - Application scenes initialized
17:12:35.603 [FXGL Background Thread 1 ] DEBUG SystemBundleService  - Loading FXGL system data
17:12:35.611 [FXGL Background Thread 1 ] DEBUG FileSystemAccess     - Reading from: C:\project\wonderfulStory\system\fxgl.bundle
17:12:35.622 [FXGL Background Thread 1 ] DEBUG SystemBundleService  - Bundle FXGL: {}
17:12:35.622 [FXGL Background Thread 1 ] DEBUG UpdaterService       - Checking for updates
17:12:35.689 [FXGL Background Thread 1 ] DEBUG FXGLApplication      - Loading default localization
17:12:35.691 [FXGL Background Thread 1 ] DEBUG FXGLAssetLoaderServi - Loading from file system: jar:file:/C:/Users/24771/.m2/repository/com/github/almasb/fxgl/11.17/fxgl-11.17.jar!/fxglassets/languages/english.lang
17:12:35.694 [FXGL Background Thread 4 ] DEBUG FXGLApplication      - Loading fonts
17:12:35.700 [FXGL Background Thread 4 ] DEBUG FXGLAssetLoaderServi - Loading from file system: jar:file:/C:/Users/24771/.m2/repository/com/github/almasb/fxgl/11.17/fxgl-11.17.jar!/fxglassets/ui/fonts/VarelaRound-Regular.ttf
17:12:35.727 [FXGL Background Thread 1 ] INFO  FXGLApplication      - FXGL initialization took: 0.998 sec
17:12:35.754 [JavaFX Application Thread] DEBUG Input                - Registered new binding: up - W
17:12:35.755 [JavaFX Application Thread] DEBUG Input                - Registered new binding: down - S
17:12:35.755 [JavaFX Application Thread] DEBUG Input                - Registered new binding: left - A
17:12:35.756 [JavaFX Application Thread] DEBUG Input                - Registered new binding: right - D
17:12:35.757 [JavaFX Application Thread] DEBUG Input                - Registered new binding: show talk - P
17:12:35.758 [JavaFX Application Thread] DEBUG FXGLAssetLoaderServi - Loading from file system: jar:file:/C:/Users/24771/.m2/repository/com/github/almasb/fxgl/11.17/fxgl-11.17.jar!/fxglassets/textures/fxgl_icon.png
17:12:35.822 [JavaFX Application Thread] DEBUG FXGLAssetLoaderServi - Loading from file system: jar:file:/C:/Users/24771/.m2/repository/com/github/almasb/fxgl/11.17/fxgl-11.17.jar!/fxglassets/textures/fxgl_default_cursor.png
17:12:35.830 [JavaFX Application Thread] DEBUG Input                - Registered new binding: Screenshot - CTRL+8
17:12:35.832 [JavaFX Application Thread] DEBUG Input                - Registered new binding: Dev Options - 1
17:12:35.833 [JavaFX Application Thread] DEBUG Input                - Registered new binding: Dev Console - 2
17:12:35.835 [JavaFX Application Thread] DEBUG Input                - Registered new binding: System info dump - CTRL+9
17:12:35.836 [JavaFX Application Thread] DEBUG Input                - Registered new binding: Restart - CTRL+R
17:12:35.839 [JavaFX Application Thread] DEBUG Input                - Registered new binding: Toggle Debug Camera - CTRL+C
17:12:35.848 [JavaFX Application Thread] DEBUG LoopRunner           - Starting loop
17:12:35.897 [JavaFX Application Thread] DEBUG LoopRunner           - Initializing JavaFX AnimationTimerLoop
17:12:35.902 [JavaFX Application Thread] DEBUG GameApplicationServi - Starting new game
17:12:35.903 [JavaFX Application Thread] DEBUG Input                - Clearing active input actions
17:12:35.932 [JavaFX Application Thread] DEBUG GameApplicationServi - Removing overlay from FXGLStartupScene and adding to FXGLLoadingScene
17:12:35.943 [JavaFX Application Thread] DEBUG PrimaryStageWindow   - FXGLStartupScene -> FXGLLoadingScene
17:12:35.943 [JavaFX Application Thread] DEBUG GameApplicationServi - Clearing previous game
17:12:35.944 [JavaFX Application Thread] DEBUG GameScene            - Clearing game scene
17:12:35.945 [JavaFX Application Thread] DEBUG GameWorld            - Clearing game world
17:12:35.945 [JavaFX Application Thread] DEBUG PhysicsWorld         - Clearing physics world
17:12:35.949 [FXGL Background Thread 1 ] DEBUG FXGLApplication      - Initializing game
17:12:36.062 [FXGL Background Thread 1 ] WARN  TMXLevelLoader       - TiledMap generated from 1.7.1. Supported version: 1.2.3. Some features may not be parsed fully.
17:12:36.125 [FXGL Background Thread 1 ] DEBUG TMXLevelLoader       - Parsed TiledMap: file:/C:/project/wonderfulStory/wonder/target/classes/assets/levels/tmx/obj_test.tmx
17:12:36.128 [FXGL Background Thread 1 ] DEBUG TMXLevelLoader       - Creating tile layer entities
17:12:36.130 [FXGL Background Thread 1 ] DEBUG TilesetLoader        - Loading view for layer ground
17:12:36.173 [FXGL Background Thread 1 ] DEBUG TilesetLoader        - Created buffer with size 3200.0x3200.0
17:12:36.207 [FXGL Background Thread 4 ] DEBUG FXGLAssetLoaderServi - Loading from file system: jar:file:/C:/Users/24771/.m2/repository/com/github/almasb/fxgl/11.17/fxgl-11.17.jar!/fxglassets/ui/fonts/Abel-Regular.ttf
17:12:36.237 [FXGL Background Thread 4 ] DEBUG FXGLAssetLoaderServi - Loading from file system: jar:file:/C:/Users/24771/.m2/repository/com/github/almasb/fxgl/11.17/fxgl-11.17.jar!/fxglassets/ui/fonts/lucida_console.ttf
17:12:36.294 [FXGL Background Thread 2 ] WARN  UpdaterService       - Failed to find updates: java.net.UnknownHostException: raw.githubusercontent.com
17:12:36.346 [FXGL Background Thread 1 ] DEBUG TilesetLoader        - Loading view for layer items
17:12:36.390 [FXGL Background Thread 1 ] DEBUG TilesetLoader        - Created buffer with size 3200.0x3200.0
17:12:36.397 [FXGL Background Thread 4 ] DEBUG FXGLAssetLoaderServi - Loading from file system: jar:file:/C:/Users/24771/.m2/repository/com/github/almasb/fxgl/11.17/fxgl-11.17.jar!/fxglassets/ui/fonts/Courier-Prime.ttf
17:12:36.444 [FXGL Background Thread 1 ] DEBUG TMXLevelLoader       - Creating object layer entities
17:12:36.492 [FXGL Background Thread 1 ] DEBUG GameWorld            - Clearing removable entities
17:12:36.493 [FXGL Background Thread 1 ] DEBUG GameWorld            - Setting level: com.almasb.fxgl.entity.level.Level@6ad59dc0
17:12:36.557 [FXGL Background Thread 1 ] INFO  FXGLApplication      - Game initialization took: 0.608 sec
17:12:36.565 [JavaFX Application Thread] DEBUG FXGLApplication      - Registering font factories with UI factory
17:12:36.775 [JavaFX Application Thread] DEBUG Input                - Clearing active input actions
17:12:36.799 [JavaFX Application Thread] DEBUG GameApplicationServi - Removing overlay from FXGLLoadingScene and adding to GameScene
17:12:36.808 [JavaFX Application Thread] DEBUG PrimaryStageWindow   - FXGLLoadingScene -> GameScene
17:12:38.685 [FXGL Background Thread 3 ] DEBUG Engine               - Logging environment variables
17:12:38.685 [FXGL Background Thread 3 ] DEBUG Engine               - achievements: []
17:12:38.685 [FXGL Background Thread 3 ] DEBUG Engine               - actualHeight: 720.0
17:12:38.686 [FXGL Background Thread 3 ] DEBUG Engine               - actualHeightProperty: ReadOnlyDoubleProperty [value: 720.0]
17:12:38.686 [FXGL Background Thread 3 ] DEBUG Engine               - actualWidth: 1080.0
17:12:38.686 [FXGL Background Thread 3 ] DEBUG Engine               - actualWidthProperty: ReadOnlyDoubleProperty [value: 1080.0]
17:12:38.686 [FXGL Background Thread 3 ] DEBUG Engine               - appIcon: fxgl_icon.png
17:12:38.686 [FXGL Background Thread 3 ] DEBUG Engine               - applicationMode: DEVELOPER
17:12:38.686 [FXGL Background Thread 3 ] DEBUG Engine               - cSSList: [fxgl_dark.css]
17:12:38.686 [FXGL Background Thread 3 ] DEBUG Engine               - collisionDetectionStrategy: BRUTE_FORCE
17:12:38.687 [FXGL Background Thread 3 ] DEBUG Engine               - configClass: Optional.empty
17:12:38.687 [FXGL Background Thread 3 ] DEBUG Engine               - credits: []
17:12:38.687 [FXGL Background Thread 3 ] DEBUG Engine               - defaultCursor: CursorInfo(imageName=fxgl_default_cursor.png, hotspotX=7.0, hotspotY=6.0)
17:12:38.687 [FXGL Background Thread 3 ] DEBUG Engine               - devBBoxColorProperty: ObjectProperty [value: 0xff0000ff]
17:12:38.688 [FXGL Background Thread 3 ] DEBUG Engine               - devEnableDebugCameraProperty: BooleanProperty [value: false]
17:12:38.688 [FXGL Background Thread 3 ] DEBUG Engine               - devSensorColorProperty: ObjectProperty [value: 0xffff00ff]
17:12:38.688 [FXGL Background Thread 3 ] DEBUG Engine               - devShowBBoxProperty: BooleanProperty [value: false]
17:12:38.688 [FXGL Background Thread 3 ] DEBUG Engine               - devShowPositionProperty: BooleanProperty [value: false]
17:12:38.688 [FXGL Background Thread 3 ] DEBUG Engine               - enabledMenuItems: []
17:12:38.689 [FXGL Background Thread 3 ] DEBUG Engine               - engineServices: [class com.almasb.fxgl.app.services.FXGLAssetLoaderService, class com.almasb.fxgl.app.FXGLApplication$GameApplicationService, class com.almasb.fxgl.app.services.FXGLDialogService, class com.almasb.fxgl.app.services.IOTaskExecutorService, class com.almasb.fxgl.io.FileSystemService, class com.almasb.fxgl.localization.LocalizationService, class com.almasb.fxgl.app.services.SystemBundleService, class com.almasb.fxgl.profile.SaveLoadService, class com.almasb.fxgl.ui.FXGLUIFactoryServiceProvider, class com.almasb.fxgl.ui.FXGLDialogFactoryServiceProvider, class com.almasb.fxgl.audio.AudioPlayer, class com.almasb.fxgl.notification.impl.NotificationServiceProvider, class com.almasb.fxgl.achievement.AchievementService, class com.almasb.fxgl.cutscene.CutsceneService, class com.almasb.fxgl.minigames.MiniGameService, class com.almasb.fxgl.net.NetService, class com.almasb.fxgl.app.services.UpdaterService, class com.almasb.fxgl.dev.DevService]
17:12:38.689 [FXGL Background Thread 3 ] DEBUG Engine               - fontGame: Abel-Regular.ttf
17:12:38.689 [FXGL Background Thread 3 ] DEBUG Engine               - fontMono: lucida_console.ttf
17:12:38.689 [FXGL Background Thread 3 ] DEBUG Engine               - fontText: Courier-Prime.ttf
17:12:38.689 [FXGL Background Thread 3 ] DEBUG Engine               - fontUI: VarelaRound-Regular.ttf
17:12:38.689 [FXGL Background Thread 3 ] DEBUG Engine               - fullScreen: BooleanProperty [value: false]
17:12:38.689 [FXGL Background Thread 3 ] DEBUG Engine               - gameDifficulty: MEDIUM
17:12:38.690 [FXGL Background Thread 3 ] DEBUG Engine               - gameDifficultyProperty: ObjectProperty [value: MEDIUM]
17:12:38.690 [FXGL Background Thread 3 ] DEBUG Engine               - globalMusicVolume: 0.5
17:12:38.690 [FXGL Background Thread 3 ] DEBUG Engine               - globalMusicVolumeProperty: DoubleProperty [value: 0.5]
17:12:38.690 [FXGL Background Thread 3 ] DEBUG Engine               - globalSoundVolume: 0.5
17:12:38.691 [FXGL Background Thread 3 ] DEBUG Engine               - globalSoundVolumeProperty: DoubleProperty [value: 0.5]
17:12:38.691 [FXGL Background Thread 3 ] DEBUG Engine               - height: 720
17:12:38.691 [FXGL Background Thread 3 ] DEBUG Engine               - is3D: false
17:12:38.691 [FXGL Background Thread 3 ] DEBUG Engine               - isAndroid: false
17:12:38.691 [FXGL Background Thread 3 ] DEBUG Engine               - isBrowser: false
17:12:38.691 [FXGL Background Thread 3 ] DEBUG Engine               - isClickFeedbackEnabled: false
17:12:38.691 [FXGL Background Thread 3 ] DEBUG Engine               - isCloseConfirmation: false
17:12:38.691 [FXGL Background Thread 3 ] DEBUG Engine               - isDesktop: true
17:12:38.692 [FXGL Background Thread 3 ] DEBUG Engine               - isDeveloperMenuEnabled: true
17:12:38.692 [FXGL Background Thread 3 ] DEBUG Engine               - isEntityPreloadEnabled: true
17:12:38.692 [FXGL Background Thread 3 ] DEBUG Engine               - isExperimentalTiledLargeMap: false
17:12:38.692 [FXGL Background Thread 3 ] DEBUG Engine               - isFileSystemWriteAllowed: true
17:12:38.692 [FXGL Background Thread 3 ] DEBUG Engine               - isFullScreenAllowed: false
17:12:38.692 [FXGL Background Thread 3 ] DEBUG Engine               - isFullScreenFromStart: false
17:12:38.692 [FXGL Background Thread 3 ] DEBUG Engine               - isGameMenuEnabled: true
17:12:38.693 [FXGL Background Thread 3 ] DEBUG Engine               - isIOS: false
17:12:38.693 [FXGL Background Thread 3 ] DEBUG Engine               - isIntroEnabled: false
17:12:38.693 [FXGL Background Thread 3 ] DEBUG Engine               - isLinux: false
17:12:38.693 [FXGL Background Thread 3 ] DEBUG Engine               - isMac: false
17:12:38.693 [FXGL Background Thread 3 ] DEBUG Engine               - isMainMenuEnabled: false
17:12:38.693 [FXGL Background Thread 3 ] DEBUG Engine               - isManualResizeEnabled: false
17:12:38.693 [FXGL Background Thread 3 ] DEBUG Engine               - isMobile: false
17:12:38.693 [FXGL Background Thread 3 ] DEBUG Engine               - isNative: false
17:12:38.694 [FXGL Background Thread 3 ] DEBUG Engine               - isPauseMusicWhenMinimized: true
17:12:38.694 [FXGL Background Thread 3 ] DEBUG Engine               - isPreserveResizeRatio: false
17:12:38.694 [FXGL Background Thread 3 ] DEBUG Engine               - isProfilingEnabled: false
17:12:38.694 [FXGL Background Thread 3 ] DEBUG Engine               - isScaleAffectedOnResize: true
17:12:38.694 [FXGL Background Thread 3 ] DEBUG Engine               - isSingleStep: false
17:12:38.694 [FXGL Background Thread 3 ] DEBUG Engine               - isUserProfileEnabled: false
17:12:38.694 [FXGL Background Thread 3 ] DEBUG Engine               - isWindows: true
17:12:38.695 [FXGL Background Thread 3 ] DEBUG Engine               - language: ObjectProperty [value: ENGLISH]
17:12:38.695 [FXGL Background Thread 3 ] DEBUG Engine               - menuKey: ESCAPE
17:12:38.695 [FXGL Background Thread 3 ] DEBUG Engine               - mouseSensitivity: 0.2
17:12:38.695 [FXGL Background Thread 3 ] DEBUG Engine               - notificationViewClass: class com.almasb.fxgl.notification.view.XboxNotificationView
17:12:38.695 [FXGL Background Thread 3 ] DEBUG Engine               - pixelsPerMeter: 50.0
17:12:38.695 [FXGL Background Thread 3 ] DEBUG Engine               - platform: WINDOWS
17:12:38.696 [FXGL Background Thread 3 ] DEBUG Engine               - prefHeightProperty: ReadOnlyDoubleProperty [value: 720.0]
17:12:38.696 [FXGL Background Thread 3 ] DEBUG Engine               - prefWidthProperty: ReadOnlyDoubleProperty [value: 1080.0]
17:12:38.696 [FXGL Background Thread 3 ] DEBUG Engine               - profileDir: profiles/
17:12:38.697 [FXGL Background Thread 3 ] DEBUG Engine               - profileName: StringProperty [value: DEFAULT]
17:12:38.697 [FXGL Background Thread 3 ] DEBUG Engine               - randomSeed: -1
17:12:38.697 [FXGL Background Thread 3 ] DEBUG Engine               - runtimeInfo: RuntimeInfo(platform=WINDOWS, version=11.17, build=16.07.2021 15.46)
17:12:38.697 [FXGL Background Thread 3 ] DEBUG Engine               - saveFileExt: sav
17:12:38.697 [FXGL Background Thread 3 ] DEBUG Engine               - scaledHeightProp$fxgl: DoubleProperty [bound, value: 720.0]
17:12:38.697 [FXGL Background Thread 3 ] DEBUG Engine               - scaledWidthProp$fxgl: DoubleProperty [bound, value: 1080.0]
17:12:38.698 [FXGL Background Thread 3 ] DEBUG Engine               - sceneFactory: com.almasb.fxgl.app.scene.SceneFactory@46443d4c
17:12:38.698 [FXGL Background Thread 3 ] DEBUG Engine               - secondsIn24h: 60
17:12:38.699 [FXGL Background Thread 3 ] DEBUG Engine               - soundMenuBack: menu/back.wav
17:12:38.699 [FXGL Background Thread 3 ] DEBUG Engine               - soundMenuPress: menu/press.wav
17:12:38.699 [FXGL Background Thread 3 ] DEBUG Engine               - soundMenuSelect: menu/select.wav
17:12:38.699 [FXGL Background Thread 3 ] DEBUG Engine               - soundNotification: core/notification.wav
17:12:38.699 [FXGL Background Thread 3 ] DEBUG Engine               - stageStyle: DECORATED
17:12:38.699 [FXGL Background Thread 3 ] DEBUG Engine               - supportedLanguages: [ENGLISH, FRENCH, GERMAN, HUNGARIAN, RUSSIAN]
17:12:38.699 [FXGL Background Thread 3 ] DEBUG Engine               - ticksPerSecond: -1
17:12:38.699 [FXGL Background Thread 3 ] DEBUG Engine               - title: demo
17:12:38.700 [FXGL Background Thread 3 ] DEBUG Engine               - urlGithub: https://github.com/AlmasB/FXGL
17:12:38.700 [FXGL Background Thread 3 ] DEBUG Engine               - urlLeaderboard: http://fxgl-top.herokuapp.com/
17:12:38.700 [FXGL Background Thread 3 ] DEBUG Engine               - urlPOM: https://raw.githubusercontent.com/AlmasB/FXGL/release/README.md
17:12:38.700 [FXGL Background Thread 3 ] DEBUG Engine               - userAppClass: class com.dam.wonder.GameApp
17:12:38.700 [FXGL Background Thread 3 ] DEBUG Engine               - version: 0.0
17:12:38.701 [FXGL Background Thread 3 ] DEBUG Engine               - versionCheckDays: 7
17:12:38.701 [FXGL Background Thread 3 ] DEBUG Engine               - width: 1080
17:12:38.701 [FXGL Background Thread 3 ] DEBUG Engine               - Logging services
17:12:38.702 [FXGL Background Thread 3 ] DEBUG Engine               - class com.almasb.fxgl.app.services.FXGLAssetLoaderService
17:12:38.702 [FXGL Background Thread 3 ] DEBUG Engine               - class com.almasb.fxgl.app.FXGLApplication$GameApplicationService
17:12:38.702 [FXGL Background Thread 3 ] DEBUG Engine               - class com.almasb.fxgl.app.services.FXGLDialogService
17:12:38.703 [FXGL Background Thread 3 ] DEBUG Engine               - class com.almasb.fxgl.app.services.IOTaskExecutorService
17:12:38.703 [FXGL Background Thread 3 ] DEBUG Engine               - class com.almasb.fxgl.io.FileSystemService
17:12:38.703 [FXGL Background Thread 3 ] DEBUG Engine               - class com.almasb.fxgl.localization.LocalizationService
17:12:38.703 [FXGL Background Thread 3 ] DEBUG Engine               - class com.almasb.fxgl.app.services.SystemBundleService
17:12:38.703 [FXGL Background Thread 3 ] DEBUG Engine               - class com.almasb.fxgl.profile.SaveLoadService
17:12:38.703 [FXGL Background Thread 3 ] DEBUG Engine               - class com.almasb.fxgl.ui.FXGLUIFactoryServiceProvider
17:12:38.703 [FXGL Background Thread 3 ] DEBUG Engine               - class com.almasb.fxgl.ui.FXGLDialogFactoryServiceProvider
17:12:38.704 [FXGL Background Thread 3 ] DEBUG Engine               - class com.almasb.fxgl.audio.AudioPlayer
17:12:38.704 [FXGL Background Thread 3 ] DEBUG Engine               - class com.almasb.fxgl.notification.impl.NotificationServiceProvider
17:12:38.704 [FXGL Background Thread 3 ] DEBUG Engine               - class com.almasb.fxgl.achievement.AchievementService
17:12:38.704 [FXGL Background Thread 3 ] DEBUG Engine               - class com.almasb.fxgl.cutscene.CutsceneService
17:12:38.704 [FXGL Background Thread 3 ] DEBUG Engine               - class com.almasb.fxgl.minigames.MiniGameService
17:12:38.704 [FXGL Background Thread 3 ] DEBUG Engine               - class com.almasb.fxgl.net.NetService
17:12:38.705 [FXGL Background Thread 3 ] DEBUG Engine               - class com.almasb.fxgl.app.services.UpdaterService
17:12:38.705 [FXGL Background Thread 3 ] DEBUG Engine               - class com.almasb.fxgl.dev.DevService
17:12:40.467 [JavaFX Application Thread] DEBUG Input                - Mocking key press: P
17:12:40.478 [JavaFX Application Thread] DEBUG Input                - Registered new binding: remove - LMB
17:12:40.479 [JavaFX Application Thread] DEBUG PrimaryStageWindow   - Push state: TalkScene
17:12:40.479 [JavaFX Application Thread] DEBUG Input                - Clearing active input actions
17:12:40.480 [JavaFX Application Thread] DEBUG GameApplicationServi - Removing overlay from GameScene and adding to TalkScene
17:12:40.482 [JavaFX Application Thread] DEBUG PrimaryStageWindow   - GameScene -> TalkScene
17:12:41.787 [JavaFX Application Thread] DEBUG Input                - Clearing active input actions
17:12:41.787 [JavaFX Application Thread] DEBUG PrimaryStageWindow   - Pop state: TalkScene
17:12:41.787 [JavaFX Application Thread] DEBUG Input                - Clearing active input actions
17:12:41.788 [JavaFX Application Thread] DEBUG GameApplicationServi - Removing overlay from TalkScene and adding to GameScene
17:12:41.790 [JavaFX Application Thread] DEBUG PrimaryStageWindow   - GameScene <- TalkScene
17:12:43.971 [JavaFX Application Thread] DEBUG Input                - Mocking key press: P
17:12:43.971 [JavaFX Application Thread] DEBUG PrimaryStageWindow   - Push state: TalkScene
17:12:43.971 [JavaFX Application Thread] DEBUG Input                - Clearing active input actions
17:12:43.972 [JavaFX Application Thread] DEBUG GameApplicationServi - Removing overlay from GameScene and adding to TalkScene
17:12:43.973 [JavaFX Application Thread] DEBUG PrimaryStageWindow   - GameScene -> TalkScene
17:12:45.162 [JavaFX Application Thread] DEBUG Input                - Clearing active input actions
17:12:45.163 [JavaFX Application Thread] DEBUG PrimaryStageWindow   - Pop state: TalkScene
17:12:45.163 [JavaFX Application Thread] DEBUG Input                - Clearing active input actions
17:12:45.163 [JavaFX Application Thread] DEBUG GameApplicationServi - Removing overlay from TalkScene and adding to GameScene
17:12:45.165 [JavaFX Application Thread] DEBUG PrimaryStageWindow   - GameScene <- TalkScene
17:12:56.132 [JavaFX Application Thread] DEBUG Input                - Mocking key press: P
17:12:56.132 [JavaFX Application Thread] DEBUG PrimaryStageWindow   - Push state: TalkScene
17:12:56.132 [JavaFX Application Thread] DEBUG Input                - Clearing active input actions
17:12:56.132 [JavaFX Application Thread] DEBUG GameApplicationServi - Removing overlay from GameScene and adding to TalkScene
17:12:56.133 [JavaFX Application Thread] DEBUG PrimaryStageWindow   - GameScene -> TalkScene
17:12:57.361 [JavaFX Application Thread] DEBUG Input                - Clearing active input actions
17:12:57.361 [JavaFX Application Thread] DEBUG PrimaryStageWindow   - Pop state: TalkScene
17:12:57.362 [JavaFX Application Thread] DEBUG Input                - Clearing active input actions
17:12:57.363 [JavaFX Application Thread] DEBUG GameApplicationServi - Removing overlay from TalkScene and adding to GameScene
17:12:57.363 [JavaFX Application Thread] DEBUG PrimaryStageWindow   - GameScene <- TalkScene
17:12:59.778 [JavaFX Application Thread] DEBUG Input                - Mocking key press: P
17:12:59.778 [JavaFX Application Thread] DEBUG PrimaryStageWindow   - Push state: TalkScene
17:12:59.778 [JavaFX Application Thread] DEBUG Input                - Clearing active input actions
17:12:59.779 [JavaFX Application Thread] DEBUG GameApplicationServi - Removing overlay from GameScene and adding to TalkScene
17:12:59.780 [JavaFX Application Thread] DEBUG PrimaryStageWindow   - GameScene -> TalkScene
17:13:00.644 [JavaFX Application Thread] DEBUG Input                - Clearing active input actions
17:13:00.645 [JavaFX Application Thread] DEBUG PrimaryStageWindow   - Pop state: TalkScene
17:13:00.645 [JavaFX Application Thread] DEBUG Input                - Clearing active input actions
17:13:00.645 [JavaFX Application Thread] DEBUG GameApplicationServi - Removing overlay from TalkScene and adding to GameScene
17:13:00.646 [JavaFX Application Thread] DEBUG PrimaryStageWindow   - GameScene <- TalkScene
17:13:03.763 [JavaFX Application Thread] DEBUG Input                - Mocking key press: P
17:13:03.763 [JavaFX Application Thread] DEBUG PrimaryStageWindow   - Push state: TalkScene
17:13:03.763 [JavaFX Application Thread] DEBUG Input                - Clearing active input actions
17:13:03.763 [JavaFX Application Thread] DEBUG GameApplicationServi - Removing overlay from GameScene and adding to TalkScene
17:13:03.764 [JavaFX Application Thread] DEBUG PrimaryStageWindow   - GameScene -> TalkScene
17:13:09.104 [JavaFX Application Thread] DEBUG FXGLApplication      - Exiting FXGL
17:13:09.105 [JavaFX Application Thread] DEBUG LoopRunner           - Stopping loop
17:13:09.105 [JavaFX Application Thread] DEBUG SystemBundleService  - Saving FXGL system data
17:13:09.107 [JavaFX Application Thread] DEBUG FileSystemAccess     - Writing to: C:\project\wonderfulStory\system\fxgl.bundle
17:13:09.109 [JavaFX Application Thread] DEBUG Async                - Shutting down background threads
17:13:09.109 [JavaFX Application Thread] DEBUG PrimaryStageWindow   - Closing main window
17:13:09.134 [JavaFX Application Thread] DEBUG Logger               - Closing Logger
