11:50:17.878 [main                     ] DEBUG Logger               - Configured Logger
11:50:17.905 [main                     ] DEBUG GameApplication      - Logging settings
Title: demo
Version: 0.0
Width: 1080
Height: 720
Fullscreen: false
Intro: false
Profiling: false
Single step:false
App Mode: DEVELOPER
Menu Key: ESCAPE
Stage Style: DECORATED
Scene Factory: class com.almasb.fxgl.app.scene.SceneFactory

11:50:19.203 [JavaFX Application Thread] DEBUG FXGLApplication      - Initializing FXGL
11:50:19.208 [JavaFX Application Thread] INFO  Engine               - FXGL-11.17 (16.07.2021 15.46) on WINDOWS (J:16.0.1 FX:16)
11:50:19.209 [JavaFX Application Thread] DEBUG Engine               - JRE Vendor Name: Oracle Corporation
11:50:19.209 [JavaFX Application Thread] DEBUG Engine               - Running on OS: Windows 10 version 10.0
11:50:19.210 [JavaFX Application Thread] DEBUG Engine               - Architecture: amd64
11:50:19.210 [JavaFX Application Thread] INFO  Engine               - Source code and latest versions at: https://github.com/AlmasB/FXGL
11:50:19.211 [JavaFX Application Thread] INFO  Engine               -              Join the FXGL chat at: https://gitter.im/AlmasB/FXGL
11:50:19.742 [JavaFX Application Thread] DEBUG PrimaryStageWindow   - Creating a JavaFX scene
11:50:19.956 [JavaFX Application Thread] DEBUG PrimaryStageWindow   - Target settings size: 1080.0 x 720.0
11:50:19.956 [JavaFX Application Thread] DEBUG PrimaryStageWindow   - Scaled scene size:    1080.0 x 720.0
11:50:19.957 [JavaFX Application Thread] DEBUG PrimaryStageWindow   - Scaled ratio: (1.0, 1.0)
11:50:19.960 [JavaFX Application Thread] DEBUG PrimaryStageWindow   - Set initial scene to FXGLStartupScene
11:50:19.988 [JavaFX Application Thread] DEBUG PrimaryStageWindow   - Opening main window
11:50:20.441 [JavaFX Application Thread] DEBUG PrimaryStageWindow   - Window border size: (14.4000244140625, 37.5999755859375)
11:50:20.441 [JavaFX Application Thread] DEBUG PrimaryStageWindow   - Scaled size: 1080.0 x 720.0
11:50:20.442 [JavaFX Application Thread] DEBUG PrimaryStageWindow   - Scaled ratio: (1.0, 1.0)
11:50:20.442 [JavaFX Application Thread] DEBUG PrimaryStageWindow   - Scene size: 1080.0 x 720.0
11:50:20.443 [JavaFX Application Thread] DEBUG PrimaryStageWindow   - Stage size: 1094.4000244140625 x 757.5999755859375
11:50:20.466 [FXGL Background Thread 1 ] DEBUG Engine               - Initializing environment variables
11:50:20.596 [FXGL Background Thread 1 ] DEBUG FXGLAssetLoaderServi - User app class for loading assets: class com.dam.wonder.GameApp
11:50:20.596 [FXGL Background Thread 1 ] DEBUG GameApplicationServi - Applying CSS: fxgl_dark.css
11:50:20.598 [FXGL Background Thread 1 ] DEBUG FXGLAssetLoaderServi - Loading from file system: jar:file:/C:/Users/24771/.m2/repository/com/github/almasb/fxgl/11.17/fxgl-11.17.jar!/fxglassets/ui/css/fxgl_dark.css
11:50:20.713 [FXGL Background Thread 1 ] DEBUG GameApplicationServi - Initializing application scenes
11:50:20.902 [FXGL Background Thread 1 ] DEBUG GameWorld            - Game world initialized
11:50:21.045 [FXGL Background Thread 1 ] DEBUG PhysicsWorld         - Physics world initialized: appHeight=720, physics.ppm=50.0
11:50:21.045 [FXGL Background Thread 1 ] DEBUG PhysicsWorld         - Using strategy: BRUTE_FORCE
11:50:21.050 [FXGL Background Thread 1 ] DEBUG GameScene            - Game scene initialized: 1080x720
11:50:21.078 [FXGL Background Thread 1 ] DEBUG FXGL.DefaultMenu     - createMenuBodyGameMenu()
11:50:21.116 [FXGL Background Thread 1 ] DEBUG FXGL.DefaultMenu     - createOptionsMenu()
11:50:21.145 [FXGL Background Thread 1 ] DEBUG FXGLAssetLoaderServi - Loading from file system: jar:file:/C:/Users/24771/.m2/repository/com/github/almasb/fxgl/11.17/fxgl-11.17.jar!/fxglassets/textures/particles/smoke.png
11:50:21.431 [FXGL Background Thread 1 ] DEBUG FXGLAssetLoaderServi - Loading from file system: jar:file:/C:/Users/24771/.m2/repository/com/github/almasb/fxgl/11.17/fxgl-11.17.jar!/fxglassets/textures/particles/trace_horizontal.png
11:50:21.526 [FXGL Background Thread 1 ] DEBUG GameApplicationServi - Application scenes initialized
11:50:21.556 [FXGL Background Thread 1 ] DEBUG SystemBundleService  - Loading FXGL system data
11:50:21.566 [FXGL Background Thread 1 ] DEBUG FileSystemAccess     - Reading from: C:\project\wonderfulStory\system\fxgl.bundle
11:50:21.581 [FXGL Background Thread 1 ] DEBUG SystemBundleService  - Bundle FXGL: {}
11:50:21.582 [FXGL Background Thread 1 ] DEBUG UpdaterService       - Checking for updates
11:50:21.662 [FXGL Background Thread 4 ] DEBUG FXGLApplication      - Loading fonts
11:50:21.664 [FXGL Background Thread 4 ] DEBUG FXGLAssetLoaderServi - Loading from file system: jar:file:/C:/Users/24771/.m2/repository/com/github/almasb/fxgl/11.17/fxgl-11.17.jar!/fxglassets/ui/fonts/VarelaRound-Regular.ttf
11:50:21.664 [FXGL Background Thread 1 ] DEBUG FXGLApplication      - Loading default localization
11:50:21.665 [FXGL Background Thread 1 ] DEBUG FXGLAssetLoaderServi - Loading from file system: jar:file:/C:/Users/24771/.m2/repository/com/github/almasb/fxgl/11.17/fxgl-11.17.jar!/fxglassets/languages/english.lang
11:50:21.704 [FXGL Background Thread 1 ] INFO  FXGLApplication      - FXGL initialization took: 1.238 sec
11:50:21.733 [JavaFX Application Thread] DEBUG Input                - Registered new binding: up - W
11:50:21.734 [JavaFX Application Thread] DEBUG Input                - Registered new binding: down - S
11:50:21.735 [JavaFX Application Thread] DEBUG Input                - Registered new binding: left - A
11:50:21.736 [JavaFX Application Thread] DEBUG Input                - Registered new binding: right - D
11:50:21.736 [JavaFX Application Thread] DEBUG Input                - Registered new binding: show talk - P
11:50:21.738 [JavaFX Application Thread] DEBUG FXGLAssetLoaderServi - Loading from file system: jar:file:/C:/Users/24771/.m2/repository/com/github/almasb/fxgl/11.17/fxgl-11.17.jar!/fxglassets/textures/fxgl_icon.png
11:50:21.782 [JavaFX Application Thread] DEBUG FXGLAssetLoaderServi - Loading from file system: jar:file:/C:/Users/24771/.m2/repository/com/github/almasb/fxgl/11.17/fxgl-11.17.jar!/fxglassets/textures/fxgl_default_cursor.png
11:50:21.788 [JavaFX Application Thread] DEBUG Input                - Registered new binding: Screenshot - CTRL+8
11:50:21.790 [JavaFX Application Thread] DEBUG Input                - Registered new binding: Dev Options - 1
11:50:21.792 [JavaFX Application Thread] DEBUG Input                - Registered new binding: Dev Console - 2
11:50:21.794 [JavaFX Application Thread] DEBUG Input                - Registered new binding: System info dump - CTRL+9
11:50:21.796 [JavaFX Application Thread] DEBUG Input                - Registered new binding: Restart - CTRL+R
11:50:21.798 [JavaFX Application Thread] DEBUG Input                - Registered new binding: Toggle Debug Camera - CTRL+C
11:50:21.805 [JavaFX Application Thread] DEBUG LoopRunner           - Starting loop
11:50:21.854 [JavaFX Application Thread] DEBUG LoopRunner           - Initializing JavaFX AnimationTimerLoop
11:50:21.859 [JavaFX Application Thread] DEBUG GameApplicationServi - Starting new game
11:50:21.861 [JavaFX Application Thread] DEBUG Input                - Clearing active input actions
11:50:21.897 [JavaFX Application Thread] DEBUG GameApplicationServi - Removing overlay from FXGLStartupScene and adding to FXGLLoadingScene
11:50:21.908 [JavaFX Application Thread] DEBUG PrimaryStageWindow   - FXGLStartupScene -> FXGLLoadingScene
11:50:21.909 [JavaFX Application Thread] DEBUG GameApplicationServi - Clearing previous game
11:50:21.909 [JavaFX Application Thread] DEBUG GameScene            - Clearing game scene
11:50:21.911 [JavaFX Application Thread] DEBUG GameWorld            - Clearing game world
11:50:21.911 [JavaFX Application Thread] DEBUG PhysicsWorld         - Clearing physics world
11:50:21.915 [FXGL Background Thread 1 ] DEBUG FXGLApplication      - Initializing game
11:50:22.042 [FXGL Background Thread 1 ] WARN  TMXLevelLoader       - TiledMap generated from 1.7.1. Supported version: 1.2.3. Some features may not be parsed fully.
11:50:22.123 [FXGL Background Thread 1 ] DEBUG TMXLevelLoader       - Parsed TiledMap: file:/C:/project/wonderfulStory/wonder/target/classes/assets/levels/tmx/obj_test.tmx
11:50:22.126 [FXGL Background Thread 1 ] DEBUG TMXLevelLoader       - Creating tile layer entities
11:50:22.131 [FXGL Background Thread 1 ] DEBUG TilesetLoader        - Loading view for layer ground
11:50:22.198 [FXGL Background Thread 1 ] DEBUG TilesetLoader        - Created buffer with size 3200.0x3200.0
11:50:22.202 [FXGL Background Thread 4 ] DEBUG FXGLAssetLoaderServi - Loading from file system: jar:file:/C:/Users/24771/.m2/repository/com/github/almasb/fxgl/11.17/fxgl-11.17.jar!/fxglassets/ui/fonts/Abel-Regular.ttf
11:50:22.228 [FXGL Background Thread 4 ] DEBUG FXGLAssetLoaderServi - Loading from file system: jar:file:/C:/Users/24771/.m2/repository/com/github/almasb/fxgl/11.17/fxgl-11.17.jar!/fxglassets/ui/fonts/lucida_console.ttf
11:50:22.258 [FXGL Background Thread 4 ] DEBUG FXGLAssetLoaderServi - Loading from file system: jar:file:/C:/Users/24771/.m2/repository/com/github/almasb/fxgl/11.17/fxgl-11.17.jar!/fxglassets/ui/fonts/Courier-Prime.ttf
11:50:22.340 [FXGL Background Thread 2 ] WARN  UpdaterService       - Failed to find updates: java.net.UnknownHostException: raw.githubusercontent.com
11:50:22.512 [FXGL Background Thread 1 ] DEBUG TilesetLoader        - Loading view for layer items
11:50:22.572 [FXGL Background Thread 1 ] DEBUG TilesetLoader        - Created buffer with size 3200.0x3200.0
11:50:22.578 [FXGL Background Thread 1 ] DEBUG TMXLevelLoader       - Creating object layer entities
11:50:22.637 [FXGL Background Thread 1 ] DEBUG GameWorld            - Clearing removable entities
11:50:22.639 [FXGL Background Thread 1 ] DEBUG GameWorld            - Setting level: com.almasb.fxgl.entity.level.Level@20d7a3f2
11:50:22.668 [FXGL Background Thread 1 ] INFO  FXGLApplication      - Game initialization took: 0.752 sec
11:50:22.760 [JavaFX Application Thread] DEBUG FXGLApplication      - Registering font factories with UI factory
11:50:22.789 [JavaFX Application Thread] DEBUG Input                - Clearing active input actions
11:50:22.814 [JavaFX Application Thread] DEBUG GameApplicationServi - Removing overlay from FXGLLoadingScene and adding to GameScene
11:50:22.825 [JavaFX Application Thread] DEBUG PrimaryStageWindow   - FXGLLoadingScene -> GameScene
11:50:24.658 [FXGL Background Thread 3 ] DEBUG Engine               - Logging environment variables
11:50:24.659 [FXGL Background Thread 3 ] DEBUG Engine               - achievements: []
11:50:24.659 [FXGL Background Thread 3 ] DEBUG Engine               - actualHeight: 720.0
11:50:24.659 [FXGL Background Thread 3 ] DEBUG Engine               - actualHeightProperty: ReadOnlyDoubleProperty [value: 720.0]
11:50:24.660 [FXGL Background Thread 3 ] DEBUG Engine               - actualWidth: 1080.0
11:50:24.660 [FXGL Background Thread 3 ] DEBUG Engine               - actualWidthProperty: ReadOnlyDoubleProperty [value: 1080.0]
11:50:24.660 [FXGL Background Thread 3 ] DEBUG Engine               - appIcon: fxgl_icon.png
11:50:24.661 [FXGL Background Thread 3 ] DEBUG Engine               - applicationMode: DEVELOPER
11:50:24.661 [FXGL Background Thread 3 ] DEBUG Engine               - cSSList: [fxgl_dark.css]
11:50:24.662 [FXGL Background Thread 3 ] DEBUG Engine               - collisionDetectionStrategy: BRUTE_FORCE
11:50:24.662 [FXGL Background Thread 3 ] DEBUG Engine               - configClass: Optional.empty
11:50:24.663 [FXGL Background Thread 3 ] DEBUG Engine               - credits: []
11:50:24.663 [FXGL Background Thread 3 ] DEBUG Engine               - defaultCursor: CursorInfo(imageName=fxgl_default_cursor.png, hotspotX=7.0, hotspotY=6.0)
11:50:24.664 [FXGL Background Thread 3 ] DEBUG Engine               - devBBoxColorProperty: ObjectProperty [value: 0xff0000ff]
11:50:24.664 [FXGL Background Thread 3 ] DEBUG Engine               - devEnableDebugCameraProperty: BooleanProperty [value: false]
11:50:24.665 [FXGL Background Thread 3 ] DEBUG Engine               - devSensorColorProperty: ObjectProperty [value: 0xffff00ff]
11:50:24.665 [FXGL Background Thread 3 ] DEBUG Engine               - devShowBBoxProperty: BooleanProperty [value: false]
11:50:24.665 [FXGL Background Thread 3 ] DEBUG Engine               - devShowPositionProperty: BooleanProperty [value: false]
11:50:24.666 [FXGL Background Thread 3 ] DEBUG Engine               - enabledMenuItems: []
11:50:24.666 [FXGL Background Thread 3 ] DEBUG Engine               - engineServices: [class com.almasb.fxgl.app.services.FXGLAssetLoaderService, class com.almasb.fxgl.app.FXGLApplication$GameApplicationService, class com.almasb.fxgl.app.services.FXGLDialogService, class com.almasb.fxgl.app.services.IOTaskExecutorService, class com.almasb.fxgl.io.FileSystemService, class com.almasb.fxgl.localization.LocalizationService, class com.almasb.fxgl.app.services.SystemBundleService, class com.almasb.fxgl.profile.SaveLoadService, class com.almasb.fxgl.ui.FXGLUIFactoryServiceProvider, class com.almasb.fxgl.ui.FXGLDialogFactoryServiceProvider, class com.almasb.fxgl.audio.AudioPlayer, class com.almasb.fxgl.notification.impl.NotificationServiceProvider, class com.almasb.fxgl.achievement.AchievementService, class com.almasb.fxgl.cutscene.CutsceneService, class com.almasb.fxgl.minigames.MiniGameService, class com.almasb.fxgl.net.NetService, class com.almasb.fxgl.app.services.UpdaterService, class com.almasb.fxgl.dev.DevService]
11:50:24.667 [FXGL Background Thread 3 ] DEBUG Engine               - fontGame: Abel-Regular.ttf
11:50:24.667 [FXGL Background Thread 3 ] DEBUG Engine               - fontMono: lucida_console.ttf
11:50:24.667 [FXGL Background Thread 3 ] DEBUG Engine               - fontText: Courier-Prime.ttf
11:50:24.668 [FXGL Background Thread 3 ] DEBUG Engine               - fontUI: VarelaRound-Regular.ttf
11:50:24.668 [FXGL Background Thread 3 ] DEBUG Engine               - fullScreen: BooleanProperty [value: false]
11:50:24.668 [FXGL Background Thread 3 ] DEBUG Engine               - gameDifficulty: MEDIUM
11:50:24.668 [FXGL Background Thread 3 ] DEBUG Engine               - gameDifficultyProperty: ObjectProperty [value: MEDIUM]
11:50:24.669 [FXGL Background Thread 3 ] DEBUG Engine               - globalMusicVolume: 0.5
11:50:24.669 [FXGL Background Thread 3 ] DEBUG Engine               - globalMusicVolumeProperty: DoubleProperty [value: 0.5]
11:50:24.669 [FXGL Background Thread 3 ] DEBUG Engine               - globalSoundVolume: 0.5
11:50:24.669 [FXGL Background Thread 3 ] DEBUG Engine               - globalSoundVolumeProperty: DoubleProperty [value: 0.5]
11:50:24.669 [FXGL Background Thread 3 ] DEBUG Engine               - height: 720
11:50:24.670 [FXGL Background Thread 3 ] DEBUG Engine               - is3D: false
11:50:24.670 [FXGL Background Thread 3 ] DEBUG Engine               - isAndroid: false
11:50:24.670 [FXGL Background Thread 3 ] DEBUG Engine               - isBrowser: false
11:50:24.670 [FXGL Background Thread 3 ] DEBUG Engine               - isClickFeedbackEnabled: false
11:50:24.670 [FXGL Background Thread 3 ] DEBUG Engine               - isCloseConfirmation: false
11:50:24.671 [FXGL Background Thread 3 ] DEBUG Engine               - isDesktop: true
11:50:24.671 [FXGL Background Thread 3 ] DEBUG Engine               - isDeveloperMenuEnabled: true
11:50:24.671 [FXGL Background Thread 3 ] DEBUG Engine               - isEntityPreloadEnabled: true
11:50:24.672 [FXGL Background Thread 3 ] DEBUG Engine               - isExperimentalTiledLargeMap: false
11:50:24.672 [FXGL Background Thread 3 ] DEBUG Engine               - isFileSystemWriteAllowed: true
11:50:24.673 [FXGL Background Thread 3 ] DEBUG Engine               - isFullScreenAllowed: false
11:50:24.673 [FXGL Background Thread 3 ] DEBUG Engine               - isFullScreenFromStart: false
11:50:24.673 [FXGL Background Thread 3 ] DEBUG Engine               - isGameMenuEnabled: true
11:50:24.673 [FXGL Background Thread 3 ] DEBUG Engine               - isIOS: false
11:50:24.674 [FXGL Background Thread 3 ] DEBUG Engine               - isIntroEnabled: false
11:50:24.674 [FXGL Background Thread 3 ] DEBUG Engine               - isLinux: false
11:50:24.674 [FXGL Background Thread 3 ] DEBUG Engine               - isMac: false
11:50:24.675 [FXGL Background Thread 3 ] DEBUG Engine               - isMainMenuEnabled: false
11:50:24.675 [FXGL Background Thread 3 ] DEBUG Engine               - isManualResizeEnabled: false
11:50:24.675 [FXGL Background Thread 3 ] DEBUG Engine               - isMobile: false
11:50:24.676 [FXGL Background Thread 3 ] DEBUG Engine               - isNative: false
11:50:24.676 [FXGL Background Thread 3 ] DEBUG Engine               - isPauseMusicWhenMinimized: true
11:50:24.676 [FXGL Background Thread 3 ] DEBUG Engine               - isPreserveResizeRatio: false
11:50:24.677 [FXGL Background Thread 3 ] DEBUG Engine               - isProfilingEnabled: false
11:50:24.678 [FXGL Background Thread 3 ] DEBUG Engine               - isScaleAffectedOnResize: true
11:50:24.679 [FXGL Background Thread 3 ] DEBUG Engine               - isSingleStep: false
11:50:24.679 [FXGL Background Thread 3 ] DEBUG Engine               - isUserProfileEnabled: false
11:50:24.679 [FXGL Background Thread 3 ] DEBUG Engine               - isWindows: true
11:50:24.680 [FXGL Background Thread 3 ] DEBUG Engine               - language: ObjectProperty [value: ENGLISH]
11:50:24.680 [FXGL Background Thread 3 ] DEBUG Engine               - menuKey: ESCAPE
11:50:24.680 [FXGL Background Thread 3 ] DEBUG Engine               - mouseSensitivity: 0.2
11:50:24.681 [FXGL Background Thread 3 ] DEBUG Engine               - notificationViewClass: class com.almasb.fxgl.notification.view.XboxNotificationView
11:50:24.681 [FXGL Background Thread 3 ] DEBUG Engine               - pixelsPerMeter: 50.0
11:50:24.682 [FXGL Background Thread 3 ] DEBUG Engine               - platform: WINDOWS
11:50:24.682 [FXGL Background Thread 3 ] DEBUG Engine               - prefHeightProperty: ReadOnlyDoubleProperty [value: 720.0]
11:50:24.682 [FXGL Background Thread 3 ] DEBUG Engine               - prefWidthProperty: ReadOnlyDoubleProperty [value: 1080.0]
11:50:24.683 [FXGL Background Thread 3 ] DEBUG Engine               - profileDir: profiles/
11:50:24.683 [FXGL Background Thread 3 ] DEBUG Engine               - profileName: StringProperty [value: DEFAULT]
11:50:24.684 [FXGL Background Thread 3 ] DEBUG Engine               - randomSeed: -1
11:50:24.684 [FXGL Background Thread 3 ] DEBUG Engine               - runtimeInfo: RuntimeInfo(platform=WINDOWS, version=11.17, build=16.07.2021 15.46)
11:50:24.684 [FXGL Background Thread 3 ] DEBUG Engine               - saveFileExt: sav
11:50:24.684 [FXGL Background Thread 3 ] DEBUG Engine               - scaledHeightProp$fxgl: DoubleProperty [bound, value: 720.0]
11:50:24.684 [FXGL Background Thread 3 ] DEBUG Engine               - scaledWidthProp$fxgl: DoubleProperty [bound, value: 1080.0]
11:50:24.685 [FXGL Background Thread 3 ] DEBUG Engine               - sceneFactory: com.almasb.fxgl.app.scene.SceneFactory@370caf80
11:50:24.685 [FXGL Background Thread 3 ] DEBUG Engine               - secondsIn24h: 60
11:50:24.685 [FXGL Background Thread 3 ] DEBUG Engine               - soundMenuBack: menu/back.wav
11:50:24.686 [FXGL Background Thread 3 ] DEBUG Engine               - soundMenuPress: menu/press.wav
11:50:24.686 [FXGL Background Thread 3 ] DEBUG Engine               - soundMenuSelect: menu/select.wav
11:50:24.686 [FXGL Background Thread 3 ] DEBUG Engine               - soundNotification: core/notification.wav
11:50:24.686 [FXGL Background Thread 3 ] DEBUG Engine               - stageStyle: DECORATED
11:50:24.687 [FXGL Background Thread 3 ] DEBUG Engine               - supportedLanguages: [ENGLISH, FRENCH, GERMAN, HUNGARIAN, RUSSIAN]
11:50:24.687 [FXGL Background Thread 3 ] DEBUG Engine               - ticksPerSecond: -1
11:50:24.687 [FXGL Background Thread 3 ] DEBUG Engine               - title: demo
11:50:24.688 [FXGL Background Thread 3 ] DEBUG Engine               - urlGithub: https://github.com/AlmasB/FXGL
11:50:24.689 [FXGL Background Thread 3 ] DEBUG Engine               - urlLeaderboard: http://fxgl-top.herokuapp.com/
11:50:24.689 [FXGL Background Thread 3 ] DEBUG Engine               - urlPOM: https://raw.githubusercontent.com/AlmasB/FXGL/release/README.md
11:50:24.689 [FXGL Background Thread 3 ] DEBUG Engine               - userAppClass: class com.dam.wonder.GameApp
11:50:24.689 [FXGL Background Thread 3 ] DEBUG Engine               - version: 0.0
11:50:24.689 [FXGL Background Thread 3 ] DEBUG Engine               - versionCheckDays: 7
11:50:24.689 [FXGL Background Thread 3 ] DEBUG Engine               - width: 1080
11:50:24.689 [FXGL Background Thread 3 ] DEBUG Engine               - Logging services
11:50:24.690 [FXGL Background Thread 3 ] DEBUG Engine               - class com.almasb.fxgl.app.services.FXGLAssetLoaderService
11:50:24.690 [FXGL Background Thread 3 ] DEBUG Engine               - class com.almasb.fxgl.app.FXGLApplication$GameApplicationService
11:50:24.690 [FXGL Background Thread 3 ] DEBUG Engine               - class com.almasb.fxgl.app.services.FXGLDialogService
11:50:24.691 [FXGL Background Thread 3 ] DEBUG Engine               - class com.almasb.fxgl.app.services.IOTaskExecutorService
11:50:24.691 [FXGL Background Thread 3 ] DEBUG Engine               - class com.almasb.fxgl.io.FileSystemService
11:50:24.691 [FXGL Background Thread 3 ] DEBUG Engine               - class com.almasb.fxgl.localization.LocalizationService
11:50:24.692 [FXGL Background Thread 3 ] DEBUG Engine               - class com.almasb.fxgl.app.services.SystemBundleService
11:50:24.692 [FXGL Background Thread 3 ] DEBUG Engine               - class com.almasb.fxgl.profile.SaveLoadService
11:50:24.693 [FXGL Background Thread 3 ] DEBUG Engine               - class com.almasb.fxgl.ui.FXGLUIFactoryServiceProvider
11:50:24.693 [FXGL Background Thread 3 ] DEBUG Engine               - class com.almasb.fxgl.ui.FXGLDialogFactoryServiceProvider
11:50:24.693 [FXGL Background Thread 3 ] DEBUG Engine               - class com.almasb.fxgl.audio.AudioPlayer
11:50:24.693 [FXGL Background Thread 3 ] DEBUG Engine               - class com.almasb.fxgl.notification.impl.NotificationServiceProvider
11:50:24.694 [FXGL Background Thread 3 ] DEBUG Engine               - class com.almasb.fxgl.achievement.AchievementService
11:50:24.694 [FXGL Background Thread 3 ] DEBUG Engine               - class com.almasb.fxgl.cutscene.CutsceneService
11:50:24.694 [FXGL Background Thread 3 ] DEBUG Engine               - class com.almasb.fxgl.minigames.MiniGameService
11:50:24.694 [FXGL Background Thread 3 ] DEBUG Engine               - class com.almasb.fxgl.net.NetService
11:50:24.694 [FXGL Background Thread 3 ] DEBUG Engine               - class com.almasb.fxgl.app.services.UpdaterService
11:50:24.694 [FXGL Background Thread 3 ] DEBUG Engine               - class com.almasb.fxgl.dev.DevService
11:50:31.495 [JavaFX Application Thread] DEBUG FXGLApplication      - Exiting FXGL
11:50:31.497 [JavaFX Application Thread] DEBUG LoopRunner           - Stopping loop
11:50:31.497 [JavaFX Application Thread] DEBUG SystemBundleService  - Saving FXGL system data
11:50:31.499 [JavaFX Application Thread] DEBUG FileSystemAccess     - Writing to: C:\project\wonderfulStory\system\fxgl.bundle
11:50:31.503 [JavaFX Application Thread] DEBUG Async                - Shutting down background threads
11:50:31.503 [JavaFX Application Thread] DEBUG PrimaryStageWindow   - Closing main window
11:50:31.543 [JavaFX Application Thread] DEBUG Logger               - Closing Logger
