10:31:42.203 [main                     ] DEBUG Logger               - Configured Logger
10:31:42.213 [main                     ] DEBUG GameApplication      - Logging settings
Title: demo
Version: 0.0
Width: 1080
Height: 720
Fullscreen: false
Intro: false
Profiling: false
Single step:false
App Mode: DEVELOPER
Menu Key: ESCAPE
Stage Style: DECORATED
Scene Factory: class com.almasb.fxgl.app.scene.SceneFactory

10:31:42.790 [JavaFX Application Thread] DEBUG FXGLApplication      - Initializing FXGL
10:31:42.794 [JavaFX Application Thread] INFO  Engine               - FXGL-11.17 (16.07.2021 15.46) on WINDOWS (J:16.0.1 FX:16)
10:31:42.795 [JavaFX Application Thread] DEBUG Engine               - JRE Vendor Name: Oracle Corporation
10:31:42.795 [JavaFX Application Thread] DEBUG Engine               - Running on OS: Windows 10 version 10.0
10:31:42.795 [JavaFX Application Thread] DEBUG Engine               - Architecture: amd64
10:31:42.795 [JavaFX Application Thread] INFO  Engine               - Source code and latest versions at: https://github.com/AlmasB/FXGL
10:31:42.796 [JavaFX Application Thread] INFO  Engine               -              Join the FXGL chat at: https://gitter.im/AlmasB/FXGL
10:31:43.001 [JavaFX Application Thread] DEBUG PrimaryStageWindow   - Creating a JavaFX scene
10:31:43.067 [JavaFX Application Thread] DEBUG PrimaryStageWindow   - Target settings size: 1080.0 x 720.0
10:31:43.068 [JavaFX Application Thread] DEBUG PrimaryStageWindow   - Scaled scene size:    1080.0 x 720.0
10:31:43.068 [JavaFX Application Thread] DEBUG PrimaryStageWindow   - Scaled ratio: (1.0, 1.0)
10:31:43.069 [JavaFX Application Thread] DEBUG PrimaryStageWindow   - Set initial scene to FXGLStartupScene
10:31:43.081 [JavaFX Application Thread] DEBUG PrimaryStageWindow   - Opening main window
10:31:43.244 [JavaFX Application Thread] DEBUG PrimaryStageWindow   - Window border size: (14.4000244140625, 37.5999755859375)
10:31:43.245 [JavaFX Application Thread] DEBUG PrimaryStageWindow   - Scaled size: 1080.0 x 720.0
10:31:43.245 [JavaFX Application Thread] DEBUG PrimaryStageWindow   - Scaled ratio: (1.0, 1.0)
10:31:43.245 [JavaFX Application Thread] DEBUG PrimaryStageWindow   - Scene size: 1080.0 x 720.0
10:31:43.246 [JavaFX Application Thread] DEBUG PrimaryStageWindow   - Stage size: 1094.4000244140625 x 757.5999755859375
10:31:43.258 [FXGL Background Thread 1 ] DEBUG Engine               - Initializing environment variables
10:31:43.323 [FXGL Background Thread 1 ] DEBUG FXGLAssetLoaderServi - User app class for loading assets: class com.dam.wonder.GameApp
10:31:43.324 [FXGL Background Thread 1 ] DEBUG GameApplicationServi - Applying CSS: fxgl_dark.css
10:31:43.324 [FXGL Background Thread 1 ] DEBUG FXGLAssetLoaderServi - Loading from file system: jar:file:/C:/Users/24771/.m2/repository/com/github/almasb/fxgl/11.17/fxgl-11.17.jar!/fxglassets/ui/css/fxgl_dark.css
10:31:43.377 [FXGL Background Thread 1 ] DEBUG GameApplicationServi - Initializing application scenes
10:31:43.462 [FXGL Background Thread 1 ] DEBUG GameWorld            - Game world initialized
10:31:43.528 [FXGL Background Thread 1 ] DEBUG PhysicsWorld         - Physics world initialized: appHeight=720, physics.ppm=50.0
10:31:43.529 [FXGL Background Thread 1 ] DEBUG PhysicsWorld         - Using strategy: BRUTE_FORCE
10:31:43.533 [FXGL Background Thread 1 ] DEBUG GameScene            - Game scene initialized: 1080x720
10:31:43.553 [FXGL Background Thread 1 ] DEBUG FXGL.DefaultMenu     - createMenuBodyGameMenu()
10:31:43.573 [FXGL Background Thread 1 ] DEBUG FXGL.DefaultMenu     - createOptionsMenu()
10:31:43.586 [FXGL Background Thread 1 ] DEBUG FXGLAssetLoaderServi - Loading from file system: jar:file:/C:/Users/24771/.m2/repository/com/github/almasb/fxgl/11.17/fxgl-11.17.jar!/fxglassets/textures/particles/smoke.png
10:31:43.700 [FXGL Background Thread 1 ] DEBUG FXGLAssetLoaderServi - Loading from file system: jar:file:/C:/Users/24771/.m2/repository/com/github/almasb/fxgl/11.17/fxgl-11.17.jar!/fxglassets/textures/particles/trace_horizontal.png
10:31:43.740 [FXGL Background Thread 1 ] DEBUG GameApplicationServi - Application scenes initialized
10:31:43.752 [FXGL Background Thread 1 ] DEBUG SystemBundleService  - Loading FXGL system data
10:31:43.757 [FXGL Background Thread 1 ] DEBUG FileSystemAccess     - Reading from: C:\project\wonderfulStory\system\fxgl.bundle
10:31:43.763 [FXGL Background Thread 1 ] DEBUG SystemBundleService  - Bundle FXGL: {}
10:31:43.763 [FXGL Background Thread 1 ] DEBUG UpdaterService       - Checking for updates
10:31:43.798 [FXGL Background Thread 4 ] DEBUG FXGLApplication      - Loading fonts
10:31:43.800 [FXGL Background Thread 4 ] DEBUG FXGLAssetLoaderServi - Loading from file system: jar:file:/C:/Users/24771/.m2/repository/com/github/almasb/fxgl/11.17/fxgl-11.17.jar!/fxglassets/ui/fonts/VarelaRound-Regular.ttf
10:31:43.800 [FXGL Background Thread 1 ] DEBUG FXGLApplication      - Loading default localization
10:31:43.801 [FXGL Background Thread 1 ] DEBUG FXGLAssetLoaderServi - Loading from file system: jar:file:/C:/Users/24771/.m2/repository/com/github/almasb/fxgl/11.17/fxgl-11.17.jar!/fxglassets/languages/english.lang
10:31:43.821 [FXGL Background Thread 1 ] INFO  FXGLApplication      - FXGL initialization took: 0.563 sec
10:31:43.836 [JavaFX Application Thread] DEBUG Input                - Registered new binding: up - W
10:31:43.836 [JavaFX Application Thread] DEBUG Input                - Registered new binding: down - S
10:31:43.837 [JavaFX Application Thread] DEBUG Input                - Registered new binding: left - A
10:31:43.837 [JavaFX Application Thread] DEBUG Input                - Registered new binding: right - D
10:31:43.838 [JavaFX Application Thread] DEBUG Input                - Registered new binding: show talk - P
10:31:43.838 [JavaFX Application Thread] DEBUG FXGLAssetLoaderServi - Loading from file system: jar:file:/C:/Users/24771/.m2/repository/com/github/almasb/fxgl/11.17/fxgl-11.17.jar!/fxglassets/textures/fxgl_icon.png
10:31:43.868 [JavaFX Application Thread] DEBUG FXGLAssetLoaderServi - Loading from file system: jar:file:/C:/Users/24771/.m2/repository/com/github/almasb/fxgl/11.17/fxgl-11.17.jar!/fxglassets/textures/fxgl_default_cursor.png
10:31:43.872 [JavaFX Application Thread] DEBUG Input                - Registered new binding: Screenshot - CTRL+8
10:31:43.873 [JavaFX Application Thread] DEBUG Input                - Registered new binding: Dev Options - 1
10:31:43.874 [JavaFX Application Thread] DEBUG Input                - Registered new binding: Dev Console - 2
10:31:43.875 [JavaFX Application Thread] DEBUG Input                - Registered new binding: System info dump - CTRL+9
10:31:43.876 [JavaFX Application Thread] DEBUG Input                - Registered new binding: Restart - CTRL+R
10:31:43.878 [JavaFX Application Thread] DEBUG Input                - Registered new binding: Toggle Debug Camera - CTRL+C
10:31:43.884 [JavaFX Application Thread] DEBUG LoopRunner           - Starting loop
10:31:43.916 [FXGL Background Thread 4 ] DEBUG FXGLAssetLoaderServi - Loading from file system: jar:file:/C:/Users/24771/.m2/repository/com/github/almasb/fxgl/11.17/fxgl-11.17.jar!/fxglassets/ui/fonts/Abel-Regular.ttf
10:31:43.926 [JavaFX Application Thread] DEBUG LoopRunner           - Initializing JavaFX AnimationTimerLoop
10:31:43.929 [JavaFX Application Thread] DEBUG GameApplicationServi - Starting new game
10:31:43.930 [JavaFX Application Thread] DEBUG Input                - Clearing active input actions
10:31:43.938 [FXGL Background Thread 4 ] DEBUG FXGLAssetLoaderServi - Loading from file system: jar:file:/C:/Users/24771/.m2/repository/com/github/almasb/fxgl/11.17/fxgl-11.17.jar!/fxglassets/ui/fonts/lucida_console.ttf
10:31:43.948 [JavaFX Application Thread] DEBUG GameApplicationServi - Removing overlay from FXGLStartupScene and adding to FXGLLoadingScene
10:31:43.959 [FXGL Background Thread 4 ] DEBUG FXGLAssetLoaderServi - Loading from file system: jar:file:/C:/Users/24771/.m2/repository/com/github/almasb/fxgl/11.17/fxgl-11.17.jar!/fxglassets/ui/fonts/Courier-Prime.ttf
10:31:43.961 [JavaFX Application Thread] DEBUG PrimaryStageWindow   - FXGLStartupScene -> FXGLLoadingScene
10:31:43.961 [JavaFX Application Thread] DEBUG GameApplicationServi - Clearing previous game
10:31:43.962 [JavaFX Application Thread] DEBUG GameScene            - Clearing game scene
10:31:43.963 [JavaFX Application Thread] DEBUG GameWorld            - Clearing game world
10:31:43.963 [JavaFX Application Thread] DEBUG PhysicsWorld         - Clearing physics world
10:31:43.966 [FXGL Background Thread 1 ] DEBUG FXGLApplication      - Initializing game
10:31:44.013 [FXGL Background Thread 1 ] WARN  TMXLevelLoader       - TiledMap generated from 1.7.1. Supported version: 1.2.3. Some features may not be parsed fully.
10:31:44.032 [FXGL Background Thread 2 ] WARN  UpdaterService       - Failed to find updates: java.net.UnknownHostException: raw.githubusercontent.com
10:31:44.033 [FXGL Background Thread 1 ] DEBUG TMXLevelLoader       - Parsed TiledMap: file:/C:/project/wonderfulStory/wonder/target/classes/assets/levels/tmx/new_home.tmx
10:31:44.034 [FXGL Background Thread 1 ] DEBUG TMXLevelLoader       - Creating tile layer entities
10:31:44.036 [FXGL Background Thread 1 ] DEBUG TilesetLoader        - Loading view for layer nowone
10:31:44.060 [FXGL Background Thread 1 ] DEBUG TilesetLoader        - Created buffer with size 3200.0x3200.0
10:31:44.142 [FXGL Background Thread 1 ] DEBUG TMXLevelLoader       - Creating object layer entities
10:31:44.144 [FXGL Background Thread 1 ] DEBUG GameWorld            - Clearing removable entities
10:31:44.145 [FXGL Background Thread 1 ] DEBUG GameWorld            - Setting level: com.almasb.fxgl.entity.level.Level@652ed50a
10:31:44.189 [FXGL Background Thread 1 ] INFO  FXGLApplication      - Game initialization took: 0.223 sec
10:31:44.331 [JavaFX Application Thread] DEBUG FXGLApplication      - Registering font factories with UI factory
10:31:44.346 [JavaFX Application Thread] DEBUG Input                - Clearing active input actions
10:31:44.361 [JavaFX Application Thread] DEBUG GameApplicationServi - Removing overlay from FXGLLoadingScene and adding to GameScene
10:31:44.381 [JavaFX Application Thread] DEBUG PrimaryStageWindow   - FXGLLoadingScene -> GameScene
10:31:46.797 [FXGL Background Thread 3 ] DEBUG Engine               - Logging environment variables
10:31:46.797 [FXGL Background Thread 3 ] DEBUG Engine               - achievements: []
10:31:46.797 [FXGL Background Thread 3 ] DEBUG Engine               - actualHeight: 720.0
10:31:46.798 [FXGL Background Thread 3 ] DEBUG Engine               - actualHeightProperty: ReadOnlyDoubleProperty [value: 720.0]
10:31:46.798 [FXGL Background Thread 3 ] DEBUG Engine               - actualWidth: 1080.0
10:31:46.799 [FXGL Background Thread 3 ] DEBUG Engine               - actualWidthProperty: ReadOnlyDoubleProperty [value: 1080.0]
10:31:46.799 [FXGL Background Thread 3 ] DEBUG Engine               - appIcon: fxgl_icon.png
10:31:46.799 [FXGL Background Thread 3 ] DEBUG Engine               - applicationMode: DEVELOPER
10:31:46.800 [FXGL Background Thread 3 ] DEBUG Engine               - cSSList: [fxgl_dark.css]
10:31:46.801 [FXGL Background Thread 3 ] DEBUG Engine               - collisionDetectionStrategy: BRUTE_FORCE
10:31:46.801 [FXGL Background Thread 3 ] DEBUG Engine               - configClass: Optional.empty
10:31:46.801 [FXGL Background Thread 3 ] DEBUG Engine               - credits: []
10:31:46.801 [FXGL Background Thread 3 ] DEBUG Engine               - defaultCursor: CursorInfo(imageName=fxgl_default_cursor.png, hotspotX=7.0, hotspotY=6.0)
10:31:46.802 [FXGL Background Thread 3 ] DEBUG Engine               - devBBoxColorProperty: ObjectProperty [value: 0xff0000ff]
10:31:46.802 [FXGL Background Thread 3 ] DEBUG Engine               - devEnableDebugCameraProperty: BooleanProperty [value: false]
10:31:46.802 [FXGL Background Thread 3 ] DEBUG Engine               - devSensorColorProperty: ObjectProperty [value: 0xffff00ff]
10:31:46.802 [FXGL Background Thread 3 ] DEBUG Engine               - devShowBBoxProperty: BooleanProperty [value: false]
10:31:46.802 [FXGL Background Thread 3 ] DEBUG Engine               - devShowPositionProperty: BooleanProperty [value: false]
10:31:46.803 [FXGL Background Thread 3 ] DEBUG Engine               - enabledMenuItems: []
10:31:46.803 [FXGL Background Thread 3 ] DEBUG Engine               - engineServices: [class com.almasb.fxgl.app.services.FXGLAssetLoaderService, class com.almasb.fxgl.app.FXGLApplication$GameApplicationService, class com.almasb.fxgl.app.services.FXGLDialogService, class com.almasb.fxgl.app.services.IOTaskExecutorService, class com.almasb.fxgl.io.FileSystemService, class com.almasb.fxgl.localization.LocalizationService, class com.almasb.fxgl.app.services.SystemBundleService, class com.almasb.fxgl.profile.SaveLoadService, class com.almasb.fxgl.ui.FXGLUIFactoryServiceProvider, class com.almasb.fxgl.ui.FXGLDialogFactoryServiceProvider, class com.almasb.fxgl.audio.AudioPlayer, class com.almasb.fxgl.notification.impl.NotificationServiceProvider, class com.almasb.fxgl.achievement.AchievementService, class com.almasb.fxgl.cutscene.CutsceneService, class com.almasb.fxgl.minigames.MiniGameService, class com.almasb.fxgl.net.NetService, class com.almasb.fxgl.app.services.UpdaterService, class com.almasb.fxgl.dev.DevService]
10:31:46.803 [FXGL Background Thread 3 ] DEBUG Engine               - fontGame: Abel-Regular.ttf
10:31:46.803 [FXGL Background Thread 3 ] DEBUG Engine               - fontMono: lucida_console.ttf
10:31:46.803 [FXGL Background Thread 3 ] DEBUG Engine               - fontText: Courier-Prime.ttf
10:31:46.804 [FXGL Background Thread 3 ] DEBUG Engine               - fontUI: VarelaRound-Regular.ttf
10:31:46.804 [FXGL Background Thread 3 ] DEBUG Engine               - fullScreen: BooleanProperty [value: false]
10:31:46.804 [FXGL Background Thread 3 ] DEBUG Engine               - gameDifficulty: MEDIUM
10:31:46.805 [FXGL Background Thread 3 ] DEBUG Engine               - gameDifficultyProperty: ObjectProperty [value: MEDIUM]
10:31:46.805 [FXGL Background Thread 3 ] DEBUG Engine               - globalMusicVolume: 0.5
10:31:46.805 [FXGL Background Thread 3 ] DEBUG Engine               - globalMusicVolumeProperty: DoubleProperty [value: 0.5]
10:31:46.805 [FXGL Background Thread 3 ] DEBUG Engine               - globalSoundVolume: 0.5
10:31:46.805 [FXGL Background Thread 3 ] DEBUG Engine               - globalSoundVolumeProperty: DoubleProperty [value: 0.5]
10:31:46.805 [FXGL Background Thread 3 ] DEBUG Engine               - height: 720
10:31:46.805 [FXGL Background Thread 3 ] DEBUG Engine               - is3D: false
10:31:46.805 [FXGL Background Thread 3 ] DEBUG Engine               - isAndroid: false
10:31:46.806 [FXGL Background Thread 3 ] DEBUG Engine               - isBrowser: false
10:31:46.806 [FXGL Background Thread 3 ] DEBUG Engine               - isClickFeedbackEnabled: false
10:31:46.806 [FXGL Background Thread 3 ] DEBUG Engine               - isCloseConfirmation: false
10:31:46.806 [FXGL Background Thread 3 ] DEBUG Engine               - isDesktop: true
10:31:46.806 [FXGL Background Thread 3 ] DEBUG Engine               - isDeveloperMenuEnabled: true
10:31:46.806 [FXGL Background Thread 3 ] DEBUG Engine               - isEntityPreloadEnabled: true
10:31:46.806 [FXGL Background Thread 3 ] DEBUG Engine               - isExperimentalTiledLargeMap: false
10:31:46.806 [FXGL Background Thread 3 ] DEBUG Engine               - isFileSystemWriteAllowed: true
10:31:46.807 [FXGL Background Thread 3 ] DEBUG Engine               - isFullScreenAllowed: false
10:31:46.807 [FXGL Background Thread 3 ] DEBUG Engine               - isFullScreenFromStart: false
10:31:46.807 [FXGL Background Thread 3 ] DEBUG Engine               - isGameMenuEnabled: true
10:31:46.807 [FXGL Background Thread 3 ] DEBUG Engine               - isIOS: false
10:31:46.807 [FXGL Background Thread 3 ] DEBUG Engine               - isIntroEnabled: false
10:31:46.807 [FXGL Background Thread 3 ] DEBUG Engine               - isLinux: false
10:31:46.808 [FXGL Background Thread 3 ] DEBUG Engine               - isMac: false
10:31:46.808 [FXGL Background Thread 3 ] DEBUG Engine               - isMainMenuEnabled: false
10:31:46.808 [FXGL Background Thread 3 ] DEBUG Engine               - isManualResizeEnabled: false
10:31:46.808 [FXGL Background Thread 3 ] DEBUG Engine               - isMobile: false
10:31:46.808 [FXGL Background Thread 3 ] DEBUG Engine               - isNative: false
10:31:46.808 [FXGL Background Thread 3 ] DEBUG Engine               - isPauseMusicWhenMinimized: true
10:31:46.808 [FXGL Background Thread 3 ] DEBUG Engine               - isPreserveResizeRatio: false
10:31:46.808 [FXGL Background Thread 3 ] DEBUG Engine               - isProfilingEnabled: false
10:31:46.809 [FXGL Background Thread 3 ] DEBUG Engine               - isScaleAffectedOnResize: true
10:31:46.809 [FXGL Background Thread 3 ] DEBUG Engine               - isSingleStep: false
10:31:46.809 [FXGL Background Thread 3 ] DEBUG Engine               - isUserProfileEnabled: false
10:31:46.809 [FXGL Background Thread 3 ] DEBUG Engine               - isWindows: true
10:31:46.809 [FXGL Background Thread 3 ] DEBUG Engine               - language: ObjectProperty [value: ENGLISH]
10:31:46.809 [FXGL Background Thread 3 ] DEBUG Engine               - menuKey: ESCAPE
10:31:46.809 [FXGL Background Thread 3 ] DEBUG Engine               - mouseSensitivity: 0.2
10:31:46.809 [FXGL Background Thread 3 ] DEBUG Engine               - notificationViewClass: class com.almasb.fxgl.notification.view.XboxNotificationView
10:31:46.810 [FXGL Background Thread 3 ] DEBUG Engine               - pixelsPerMeter: 50.0
10:31:46.810 [FXGL Background Thread 3 ] DEBUG Engine               - platform: WINDOWS
10:31:46.810 [FXGL Background Thread 3 ] DEBUG Engine               - prefHeightProperty: ReadOnlyDoubleProperty [value: 720.0]
10:31:46.810 [FXGL Background Thread 3 ] DEBUG Engine               - prefWidthProperty: ReadOnlyDoubleProperty [value: 1080.0]
10:31:46.810 [FXGL Background Thread 3 ] DEBUG Engine               - profileDir: profiles/
10:31:46.810 [FXGL Background Thread 3 ] DEBUG Engine               - profileName: StringProperty [value: DEFAULT]
10:31:46.810 [FXGL Background Thread 3 ] DEBUG Engine               - randomSeed: -1
10:31:46.811 [FXGL Background Thread 3 ] DEBUG Engine               - runtimeInfo: RuntimeInfo(platform=WINDOWS, version=11.17, build=16.07.2021 15.46)
10:31:46.811 [FXGL Background Thread 3 ] DEBUG Engine               - saveFileExt: sav
10:31:46.811 [FXGL Background Thread 3 ] DEBUG Engine               - scaledHeightProp$fxgl: DoubleProperty [bound, value: 720.0]
10:31:46.811 [FXGL Background Thread 3 ] DEBUG Engine               - scaledWidthProp$fxgl: DoubleProperty [bound, value: 1080.0]
10:31:46.811 [FXGL Background Thread 3 ] DEBUG Engine               - sceneFactory: com.almasb.fxgl.app.scene.SceneFactory@2f050aab
10:31:46.811 [FXGL Background Thread 3 ] DEBUG Engine               - secondsIn24h: 60
10:31:46.811 [FXGL Background Thread 3 ] DEBUG Engine               - soundMenuBack: menu/back.wav
10:31:46.811 [FXGL Background Thread 3 ] DEBUG Engine               - soundMenuPress: menu/press.wav
10:31:46.812 [FXGL Background Thread 3 ] DEBUG Engine               - soundMenuSelect: menu/select.wav
10:31:46.812 [FXGL Background Thread 3 ] DEBUG Engine               - soundNotification: core/notification.wav
10:31:46.812 [FXGL Background Thread 3 ] DEBUG Engine               - stageStyle: DECORATED
10:31:46.812 [FXGL Background Thread 3 ] DEBUG Engine               - supportedLanguages: [ENGLISH, FRENCH, GERMAN, HUNGARIAN, RUSSIAN]
10:31:46.812 [FXGL Background Thread 3 ] DEBUG Engine               - ticksPerSecond: -1
10:31:46.812 [FXGL Background Thread 3 ] DEBUG Engine               - title: demo
10:31:46.813 [FXGL Background Thread 3 ] DEBUG Engine               - urlGithub: https://github.com/AlmasB/FXGL
10:31:46.813 [FXGL Background Thread 3 ] DEBUG Engine               - urlLeaderboard: http://fxgl-top.herokuapp.com/
10:31:46.813 [FXGL Background Thread 3 ] DEBUG Engine               - urlPOM: https://raw.githubusercontent.com/AlmasB/FXGL/release/README.md
10:31:46.813 [FXGL Background Thread 3 ] DEBUG Engine               - userAppClass: class com.dam.wonder.GameApp
10:31:46.813 [FXGL Background Thread 3 ] DEBUG Engine               - version: 0.0
10:31:46.814 [FXGL Background Thread 3 ] DEBUG Engine               - versionCheckDays: 7
10:31:46.814 [FXGL Background Thread 3 ] DEBUG Engine               - width: 1080
10:31:46.814 [FXGL Background Thread 3 ] DEBUG Engine               - Logging services
10:31:46.815 [FXGL Background Thread 3 ] DEBUG Engine               - class com.almasb.fxgl.app.services.FXGLAssetLoaderService
10:31:46.815 [FXGL Background Thread 3 ] DEBUG Engine               - class com.almasb.fxgl.app.FXGLApplication$GameApplicationService
10:31:46.815 [FXGL Background Thread 3 ] DEBUG Engine               - class com.almasb.fxgl.app.services.FXGLDialogService
10:31:46.816 [FXGL Background Thread 3 ] DEBUG Engine               - class com.almasb.fxgl.app.services.IOTaskExecutorService
10:31:46.816 [FXGL Background Thread 3 ] DEBUG Engine               - class com.almasb.fxgl.io.FileSystemService
10:31:46.816 [FXGL Background Thread 3 ] DEBUG Engine               - class com.almasb.fxgl.localization.LocalizationService
10:31:46.816 [FXGL Background Thread 3 ] DEBUG Engine               - class com.almasb.fxgl.app.services.SystemBundleService
10:31:46.816 [FXGL Background Thread 3 ] DEBUG Engine               - class com.almasb.fxgl.profile.SaveLoadService
10:31:46.816 [FXGL Background Thread 3 ] DEBUG Engine               - class com.almasb.fxgl.ui.FXGLUIFactoryServiceProvider
10:31:46.817 [FXGL Background Thread 3 ] DEBUG Engine               - class com.almasb.fxgl.ui.FXGLDialogFactoryServiceProvider
10:31:46.817 [FXGL Background Thread 3 ] DEBUG Engine               - class com.almasb.fxgl.audio.AudioPlayer
10:31:46.817 [FXGL Background Thread 3 ] DEBUG Engine               - class com.almasb.fxgl.notification.impl.NotificationServiceProvider
10:31:46.817 [FXGL Background Thread 3 ] DEBUG Engine               - class com.almasb.fxgl.achievement.AchievementService
10:31:46.817 [FXGL Background Thread 3 ] DEBUG Engine               - class com.almasb.fxgl.cutscene.CutsceneService
10:31:46.818 [FXGL Background Thread 3 ] DEBUG Engine               - class com.almasb.fxgl.minigames.MiniGameService
10:31:46.818 [FXGL Background Thread 3 ] DEBUG Engine               - class com.almasb.fxgl.net.NetService
10:31:46.818 [FXGL Background Thread 3 ] DEBUG Engine               - class com.almasb.fxgl.app.services.UpdaterService
10:31:46.818 [FXGL Background Thread 3 ] DEBUG Engine               - class com.almasb.fxgl.dev.DevService
10:31:53.143 [JavaFX Application Thread] DEBUG FXGLApplication      - Exiting FXGL
10:31:53.143 [JavaFX Application Thread] DEBUG LoopRunner           - Stopping loop
10:31:53.144 [JavaFX Application Thread] DEBUG SystemBundleService  - Saving FXGL system data
10:31:53.146 [JavaFX Application Thread] DEBUG FileSystemAccess     - Writing to: C:\project\wonderfulStory\system\fxgl.bundle
10:31:53.147 [JavaFX Application Thread] DEBUG Async                - Shutting down background threads
10:31:53.148 [JavaFX Application Thread] DEBUG PrimaryStageWindow   - Closing main window
10:31:53.174 [JavaFX Application Thread] DEBUG Logger               - Closing Logger
